[ 2022-12-05 23:40:59,488 ] 22 root - INFO - Exporting collection data as pandas dataframe
[ 2022-12-05 23:40:59,488 ] 12 root - INFO - Reading data from database: aps and collection: sensor
[ 2022-12-05 23:41:02,770 ] 15 root - INFO - Dropping column: _id 
[ 2022-12-05 23:41:02,990 ] 17 root - INFO - Row and columns in df: (36188, 171)
[ 2022-12-05 23:41:03,514 ] 26 root - INFO - Create feature store folder if not available
[ 2022-12-05 23:41:03,515 ] 29 root - INFO - Saving df to feature store dir
[ 2022-12-05 23:41:05,899 ] 32 root - INFO - split data into train and test data
[ 2022-12-05 23:41:06,509 ] 35 root - INFO - create dataset directory folder if not available
[ 2022-12-05 23:41:08,870 ] 46 root - INFO - Data ingestion artifact: DataIngestionArtifact(feature_store_path='/config/workspace/artifact/12052022__23401670263859/artifact/feature_store/sensor.csv', train_file_path='/config/workspace/artifact/12052022__23401670263859/artifact/dataset/train.csv', test_file_path='/config/workspace/artifact/12052022__23401670263859/artifact/dataset/test.csv')
[ 2022-12-05 23:41:09,251 ] 22 root - INFO - Exporting collection data as pandas dataframe
[ 2022-12-05 23:41:09,251 ] 12 root - INFO - Reading data from database: aps and collection: sensor
[ 2022-12-05 23:41:12,609 ] 15 root - INFO - Dropping column: _id 
[ 2022-12-05 23:41:12,811 ] 17 root - INFO - Row and columns in df: (36188, 171)
[ 2022-12-05 23:41:13,357 ] 26 root - INFO - Create feature store folder if not available
[ 2022-12-05 23:41:13,358 ] 29 root - INFO - Saving df to feature store dir
[ 2022-12-05 23:41:15,878 ] 32 root - INFO - split data into train and test data
[ 2022-12-05 23:41:16,481 ] 35 root - INFO - create dataset directory folder if not available
[ 2022-12-05 23:41:18,780 ] 46 root - INFO - Data ingestion artifact: DataIngestionArtifact(feature_store_path='/config/workspace/artifact/12052022__23401670263859/artifact/feature_store/sensor.csv', train_file_path='/config/workspace/artifact/12052022__23401670263859/artifact/dataset/train.csv', test_file_path='/config/workspace/artifact/12052022__23401670263859/artifact/dataset/test.csv')
[ 2022-12-05 23:41:19,169 ] 15 root - INFO - >>>>>>>>>>>>>>>>>>>>>>>>>>>>>>>>>>>>>>>>Data Validation <<<<<<<<<<<<<<<<<<<<<<<<<<<<<<<<<<<<<<<<
[ 2022-12-05 23:41:19,170 ] 84 root - INFO - Reading base file
[ 2022-12-05 23:41:20,769 ] 86 root - INFO - Replacing na values with Nan values
[ 2022-12-05 23:41:22,031 ] 88 root - INFO - Drop missing values in base df
[ 2022-12-05 23:41:22,917 ] 26 root - INFO - selecting column name which contains null above to 0.2
[ 2022-12-05 23:41:23,034 ] 92 root - INFO - Reading train and test data files
[ 2022-12-05 23:41:23,522 ] 96 root - INFO - Dropping missing values in training and testing files
[ 2022-12-05 23:41:23,533 ] 26 root - INFO - selecting column name which contains null above to 0.2
[ 2022-12-05 23:41:23,546 ] 26 root - INFO - selecting column name which contains null above to 0.2
[ 2022-12-05 23:41:29,321 ] 64 root - INFO - Hypothesis class: object, object 
[ 2022-12-05 23:41:29,453 ] 64 root - INFO - Hypothesis aa_000: float64, float64 
[ 2022-12-05 23:41:29,496 ] 64 root - INFO - Hypothesis ac_000: float64, float64 
[ 2022-12-05 23:41:29,504 ] 64 root - INFO - Hypothesis ae_000: float64, float64 
[ 2022-12-05 23:41:29,539 ] 64 root - INFO - Hypothesis af_000: float64, float64 
[ 2022-12-05 23:41:29,575 ] 64 root - INFO - Hypothesis ag_000: float64, float64 
[ 2022-12-05 23:41:29,611 ] 64 root - INFO - Hypothesis ag_001: float64, float64 
[ 2022-12-05 23:41:29,647 ] 64 root - INFO - Hypothesis ag_002: float64, float64 
[ 2022-12-05 23:41:29,683 ] 64 root - INFO - Hypothesis ag_003: float64, float64 
[ 2022-12-05 23:41:29,721 ] 64 root - INFO - Hypothesis ag_004: float64, float64 
[ 2022-12-05 23:41:29,731 ] 64 root - INFO - Hypothesis ag_005: float64, float64 
[ 2022-12-05 23:41:29,742 ] 64 root - INFO - Hypothesis ag_006: float64, float64 
[ 2022-12-05 23:41:29,785 ] 64 root - INFO - Hypothesis ag_007: float64, float64 
[ 2022-12-05 23:41:29,826 ] 64 root - INFO - Hypothesis ag_008: float64, float64 
[ 2022-12-05 23:41:29,866 ] 64 root - INFO - Hypothesis ag_009: float64, float64 
[ 2022-12-05 23:41:29,906 ] 64 root - INFO - Hypothesis ah_000: float64, float64 
[ 2022-12-05 23:41:29,949 ] 64 root - INFO - Hypothesis ai_000: float64, float64 
[ 2022-12-05 23:41:29,986 ] 64 root - INFO - Hypothesis aj_000: float64, float64 
[ 2022-12-05 23:41:30,024 ] 64 root - INFO - Hypothesis ak_000: float64, float64 
[ 2022-12-05 23:41:30,061 ] 64 root - INFO - Hypothesis al_000: float64, float64 
[ 2022-12-05 23:41:30,100 ] 64 root - INFO - Hypothesis am_0: float64, float64 
[ 2022-12-05 23:41:30,140 ] 64 root - INFO - Hypothesis an_000: float64, float64 
[ 2022-12-05 23:41:30,188 ] 64 root - INFO - Hypothesis ao_000: float64, float64 
[ 2022-12-05 23:41:30,232 ] 64 root - INFO - Hypothesis ap_000: float64, float64 
[ 2022-12-05 23:41:30,275 ] 64 root - INFO - Hypothesis aq_000: float64, float64 
[ 2022-12-05 23:41:30,317 ] 64 root - INFO - Hypothesis ar_000: float64, float64 
[ 2022-12-05 23:41:30,354 ] 64 root - INFO - Hypothesis as_000: float64, float64 
[ 2022-12-05 23:41:30,389 ] 64 root - INFO - Hypothesis at_000: float64, float64 
[ 2022-12-05 23:41:30,426 ] 64 root - INFO - Hypothesis au_000: float64, float64 
[ 2022-12-05 23:41:30,462 ] 64 root - INFO - Hypothesis av_000: float64, float64 
[ 2022-12-05 23:41:30,503 ] 64 root - INFO - Hypothesis ax_000: float64, float64 
[ 2022-12-05 23:41:30,511 ] 64 root - INFO - Hypothesis ay_000: float64, float64 
[ 2022-12-05 23:41:30,548 ] 64 root - INFO - Hypothesis ay_001: float64, float64 
[ 2022-12-05 23:41:30,584 ] 64 root - INFO - Hypothesis ay_002: float64, float64 
[ 2022-12-05 23:41:30,621 ] 64 root - INFO - Hypothesis ay_003: float64, float64 
[ 2022-12-05 23:41:30,656 ] 64 root - INFO - Hypothesis ay_004: float64, float64 
[ 2022-12-05 23:41:30,693 ] 64 root - INFO - Hypothesis ay_005: float64, float64 
[ 2022-12-05 23:41:30,701 ] 64 root - INFO - Hypothesis ay_006: float64, float64 
[ 2022-12-05 23:41:30,741 ] 64 root - INFO - Hypothesis ay_007: float64, float64 
[ 2022-12-05 23:41:30,782 ] 64 root - INFO - Hypothesis ay_008: float64, float64 
[ 2022-12-05 23:41:30,824 ] 64 root - INFO - Hypothesis ay_009: float64, float64 
[ 2022-12-05 23:41:30,862 ] 64 root - INFO - Hypothesis az_000: float64, float64 
[ 2022-12-05 23:41:30,903 ] 64 root - INFO - Hypothesis az_001: float64, float64 
[ 2022-12-05 23:41:30,912 ] 64 root - INFO - Hypothesis az_002: float64, float64 
[ 2022-12-05 23:41:30,954 ] 64 root - INFO - Hypothesis az_003: float64, float64 
[ 2022-12-05 23:41:30,996 ] 64 root - INFO - Hypothesis az_004: float64, float64 
[ 2022-12-05 23:41:31,007 ] 64 root - INFO - Hypothesis az_005: float64, float64 
[ 2022-12-05 23:41:31,049 ] 64 root - INFO - Hypothesis az_006: float64, float64 
[ 2022-12-05 23:41:31,091 ] 64 root - INFO - Hypothesis az_007: float64, float64 
[ 2022-12-05 23:41:31,128 ] 64 root - INFO - Hypothesis az_008: float64, float64 
[ 2022-12-05 23:41:31,165 ] 64 root - INFO - Hypothesis az_009: float64, float64 
[ 2022-12-05 23:41:31,202 ] 64 root - INFO - Hypothesis ba_000: float64, float64 
[ 2022-12-05 23:41:31,245 ] 64 root - INFO - Hypothesis ba_001: float64, float64 
[ 2022-12-05 23:41:31,288 ] 64 root - INFO - Hypothesis ba_002: float64, float64 
[ 2022-12-05 23:41:31,332 ] 64 root - INFO - Hypothesis ba_003: float64, float64 
[ 2022-12-05 23:41:31,375 ] 64 root - INFO - Hypothesis ba_004: float64, float64 
[ 2022-12-05 23:41:31,417 ] 64 root - INFO - Hypothesis ba_005: float64, float64 
[ 2022-12-05 23:41:31,427 ] 64 root - INFO - Hypothesis ba_006: float64, float64 
[ 2022-12-05 23:41:31,469 ] 64 root - INFO - Hypothesis ba_007: float64, float64 
[ 2022-12-05 23:41:31,479 ] 64 root - INFO - Hypothesis ba_008: float64, float64 
[ 2022-12-05 23:41:31,520 ] 64 root - INFO - Hypothesis ba_009: float64, float64 
[ 2022-12-05 23:41:31,558 ] 64 root - INFO - Hypothesis bb_000: float64, float64 
[ 2022-12-05 23:41:31,599 ] 64 root - INFO - Hypothesis bc_000: float64, float64 
[ 2022-12-05 23:41:31,639 ] 64 root - INFO - Hypothesis bd_000: float64, float64 
[ 2022-12-05 23:41:31,679 ] 64 root - INFO - Hypothesis be_000: float64, float64 
[ 2022-12-05 23:41:31,688 ] 64 root - INFO - Hypothesis bf_000: float64, float64 
[ 2022-12-05 23:41:31,728 ] 64 root - INFO - Hypothesis bg_000: float64, float64 
[ 2022-12-05 23:41:31,770 ] 64 root - INFO - Hypothesis bh_000: float64, float64 
[ 2022-12-05 23:41:31,813 ] 64 root - INFO - Hypothesis bi_000: float64, float64 
[ 2022-12-05 23:41:31,856 ] 64 root - INFO - Hypothesis bj_000: float64, float64 
[ 2022-12-05 23:41:31,902 ] 64 root - INFO - Hypothesis bs_000: float64, float64 
[ 2022-12-05 23:41:31,945 ] 64 root - INFO - Hypothesis bt_000: float64, float64 
[ 2022-12-05 23:41:31,988 ] 64 root - INFO - Hypothesis bu_000: float64, float64 
[ 2022-12-05 23:41:32,030 ] 64 root - INFO - Hypothesis bv_000: float64, float64 
[ 2022-12-05 23:41:32,072 ] 64 root - INFO - Hypothesis bx_000: float64, float64 
[ 2022-12-05 23:41:32,114 ] 64 root - INFO - Hypothesis by_000: float64, float64 
[ 2022-12-05 23:41:32,157 ] 64 root - INFO - Hypothesis bz_000: float64, float64 
[ 2022-12-05 23:41:32,198 ] 64 root - INFO - Hypothesis ca_000: float64, float64 
[ 2022-12-05 23:41:32,208 ] 64 root - INFO - Hypothesis cb_000: float64, float64 
[ 2022-12-05 23:41:32,250 ] 64 root - INFO - Hypothesis cc_000: float64, float64 
[ 2022-12-05 23:41:32,292 ] 64 root - INFO - Hypothesis cd_000: float64, float64 
[ 2022-12-05 23:41:32,329 ] 64 root - INFO - Hypothesis ce_000: float64, float64 
[ 2022-12-05 23:41:32,370 ] 64 root - INFO - Hypothesis ci_000: float64, float64 
[ 2022-12-05 23:41:32,412 ] 64 root - INFO - Hypothesis cj_000: float64, float64 
[ 2022-12-05 23:41:32,449 ] 64 root - INFO - Hypothesis ck_000: float64, float64 
[ 2022-12-05 23:41:32,492 ] 64 root - INFO - Hypothesis cl_000: float64, float64 
[ 2022-12-05 23:41:32,530 ] 64 root - INFO - Hypothesis cm_000: float64, float64 
[ 2022-12-05 23:41:32,568 ] 64 root - INFO - Hypothesis cn_000: float64, float64 
[ 2022-12-05 23:41:32,605 ] 64 root - INFO - Hypothesis cn_001: float64, float64 
[ 2022-12-05 23:41:32,642 ] 64 root - INFO - Hypothesis cn_002: float64, float64 
[ 2022-12-05 23:41:32,683 ] 64 root - INFO - Hypothesis cn_003: float64, float64 
[ 2022-12-05 23:41:32,724 ] 64 root - INFO - Hypothesis cn_004: float64, float64 
[ 2022-12-05 23:41:32,735 ] 64 root - INFO - Hypothesis cn_005: float64, float64 
[ 2022-12-05 23:41:32,779 ] 64 root - INFO - Hypothesis cn_006: float64, float64 
[ 2022-12-05 23:41:32,821 ] 64 root - INFO - Hypothesis cn_007: float64, float64 
[ 2022-12-05 23:41:32,863 ] 64 root - INFO - Hypothesis cn_008: float64, float64 
[ 2022-12-05 23:41:32,908 ] 64 root - INFO - Hypothesis cn_009: float64, float64 
[ 2022-12-05 23:41:32,916 ] 64 root - INFO - Hypothesis cp_000: float64, float64 
[ 2022-12-05 23:41:32,956 ] 64 root - INFO - Hypothesis cq_000: float64, float64 
[ 2022-12-05 23:41:32,998 ] 64 root - INFO - Hypothesis cs_000: float64, float64 
[ 2022-12-05 23:41:33,009 ] 64 root - INFO - Hypothesis cs_001: float64, float64 
[ 2022-12-05 23:41:33,049 ] 64 root - INFO - Hypothesis cs_002: float64, float64 
[ 2022-12-05 23:41:33,092 ] 64 root - INFO - Hypothesis cs_003: float64, float64 
[ 2022-12-05 23:41:33,134 ] 64 root - INFO - Hypothesis cs_004: float64, float64 
[ 2022-12-05 23:41:33,145 ] 64 root - INFO - Hypothesis cs_005: float64, float64 
[ 2022-12-05 23:41:33,187 ] 64 root - INFO - Hypothesis cs_006: float64, float64 
[ 2022-12-05 23:41:33,230 ] 64 root - INFO - Hypothesis cs_007: float64, float64 
[ 2022-12-05 23:41:33,240 ] 64 root - INFO - Hypothesis cs_008: float64, float64 
[ 2022-12-05 23:41:33,247 ] 64 root - INFO - Hypothesis cs_009: float64, float64 
[ 2022-12-05 23:41:33,284 ] 64 root - INFO - Hypothesis dd_000: float64, float64 
[ 2022-12-05 23:41:33,325 ] 64 root - INFO - Hypothesis de_000: float64, float64 
[ 2022-12-05 23:41:33,334 ] 64 root - INFO - Hypothesis df_000: float64, float64 
[ 2022-12-05 23:41:33,370 ] 64 root - INFO - Hypothesis dg_000: float64, float64 
[ 2022-12-05 23:41:33,407 ] 64 root - INFO - Hypothesis dh_000: float64, float64 
[ 2022-12-05 23:41:33,444 ] 64 root - INFO - Hypothesis di_000: float64, float64 
[ 2022-12-05 23:41:33,482 ] 64 root - INFO - Hypothesis dj_000: float64, float64 
[ 2022-12-05 23:41:33,518 ] 64 root - INFO - Hypothesis dk_000: float64, float64 
[ 2022-12-05 23:41:33,553 ] 64 root - INFO - Hypothesis dl_000: float64, float64 
[ 2022-12-05 23:41:33,590 ] 64 root - INFO - Hypothesis dm_000: float64, float64 
[ 2022-12-05 23:41:33,627 ] 64 root - INFO - Hypothesis dn_000: float64, float64 
[ 2022-12-05 23:41:33,668 ] 64 root - INFO - Hypothesis do_000: float64, float64 
[ 2022-12-05 23:41:33,677 ] 64 root - INFO - Hypothesis dp_000: float64, float64 
[ 2022-12-05 23:41:33,719 ] 64 root - INFO - Hypothesis dq_000: float64, float64 
[ 2022-12-05 23:41:33,758 ] 64 root - INFO - Hypothesis dr_000: float64, float64 
[ 2022-12-05 23:41:33,796 ] 64 root - INFO - Hypothesis ds_000: float64, float64 
[ 2022-12-05 23:41:33,840 ] 64 root - INFO - Hypothesis dt_000: float64, float64 
[ 2022-12-05 23:41:33,882 ] 64 root - INFO - Hypothesis du_000: float64, float64 
[ 2022-12-05 23:41:33,925 ] 64 root - INFO - Hypothesis dv_000: float64, float64 
[ 2022-12-05 23:41:33,968 ] 64 root - INFO - Hypothesis dx_000: float64, float64 
[ 2022-12-05 23:41:33,975 ] 64 root - INFO - Hypothesis dy_000: float64, float64 
[ 2022-12-05 23:41:33,981 ] 64 root - INFO - Hypothesis dz_000: float64, float64 
[ 2022-12-05 23:41:34,018 ] 64 root - INFO - Hypothesis ea_000: float64, float64 
[ 2022-12-05 23:41:34,057 ] 64 root - INFO - Hypothesis eb_000: float64, float64 
[ 2022-12-05 23:41:34,099 ] 64 root - INFO - Hypothesis ec_00: float64, float64 
[ 2022-12-05 23:41:34,140 ] 64 root - INFO - Hypothesis ed_000: float64, float64 
[ 2022-12-05 23:41:34,181 ] 64 root - INFO - Hypothesis ee_000: float64, float64 
[ 2022-12-05 23:41:34,224 ] 64 root - INFO - Hypothesis ee_001: float64, float64 
[ 2022-12-05 23:41:34,268 ] 64 root - INFO - Hypothesis ee_002: float64, float64 
[ 2022-12-05 23:41:34,310 ] 64 root - INFO - Hypothesis ee_003: float64, float64 
[ 2022-12-05 23:41:34,352 ] 64 root - INFO - Hypothesis ee_004: float64, float64 
[ 2022-12-05 23:41:34,363 ] 64 root - INFO - Hypothesis ee_005: float64, float64 
[ 2022-12-05 23:41:34,405 ] 64 root - INFO - Hypothesis ee_006: float64, float64 
[ 2022-12-05 23:41:34,446 ] 64 root - INFO - Hypothesis ee_007: float64, float64 
[ 2022-12-05 23:41:34,487 ] 64 root - INFO - Hypothesis ee_008: float64, float64 
[ 2022-12-05 23:41:34,529 ] 64 root - INFO - Hypothesis ee_009: float64, float64 
[ 2022-12-05 23:41:34,537 ] 64 root - INFO - Hypothesis ef_000: float64, float64 
[ 2022-12-05 23:41:34,574 ] 64 root - INFO - Hypothesis eg_000: float64, float64 
[ 2022-12-05 23:41:34,611 ] 64 root - INFO - Hypothesis class: object, object 
[ 2022-12-05 23:41:34,688 ] 64 root - INFO - Hypothesis aa_000: float64, float64 
[ 2022-12-05 23:41:34,695 ] 64 root - INFO - Hypothesis ac_000: float64, float64 
[ 2022-12-05 23:41:34,700 ] 64 root - INFO - Hypothesis ae_000: float64, float64 
[ 2022-12-05 23:41:34,716 ] 64 root - INFO - Hypothesis af_000: float64, float64 
[ 2022-12-05 23:41:34,732 ] 64 root - INFO - Hypothesis ag_000: float64, float64 
[ 2022-12-05 23:41:34,747 ] 64 root - INFO - Hypothesis ag_001: float64, float64 
[ 2022-12-05 23:41:34,762 ] 64 root - INFO - Hypothesis ag_002: float64, float64 
[ 2022-12-05 23:41:34,777 ] 64 root - INFO - Hypothesis ag_003: float64, float64 
[ 2022-12-05 23:41:34,795 ] 64 root - INFO - Hypothesis ag_004: float64, float64 
[ 2022-12-05 23:41:34,802 ] 64 root - INFO - Hypothesis ag_005: float64, float64 
[ 2022-12-05 23:41:34,809 ] 64 root - INFO - Hypothesis ag_006: float64, float64 
[ 2022-12-05 23:41:34,816 ] 64 root - INFO - Hypothesis ag_007: float64, float64 
[ 2022-12-05 23:41:34,822 ] 64 root - INFO - Hypothesis ag_008: float64, float64 
[ 2022-12-05 23:41:34,828 ] 64 root - INFO - Hypothesis ag_009: float64, float64 
[ 2022-12-05 23:41:34,833 ] 64 root - INFO - Hypothesis ah_000: float64, float64 
[ 2022-12-05 23:41:34,840 ] 64 root - INFO - Hypothesis ai_000: float64, float64 
[ 2022-12-05 23:41:34,844 ] 64 root - INFO - Hypothesis aj_000: float64, float64 
[ 2022-12-05 23:41:34,848 ] 64 root - INFO - Hypothesis ak_000: float64, float64 
[ 2022-12-05 23:41:34,865 ] 64 root - INFO - Hypothesis al_000: float64, float64 
[ 2022-12-05 23:41:34,871 ] 64 root - INFO - Hypothesis am_0: float64, float64 
[ 2022-12-05 23:41:34,876 ] 64 root - INFO - Hypothesis an_000: float64, float64 
[ 2022-12-05 23:41:34,883 ] 64 root - INFO - Hypothesis ao_000: float64, float64 
[ 2022-12-05 23:41:34,890 ] 64 root - INFO - Hypothesis ap_000: float64, float64 
[ 2022-12-05 23:41:34,898 ] 64 root - INFO - Hypothesis aq_000: float64, float64 
[ 2022-12-05 23:41:34,905 ] 64 root - INFO - Hypothesis ar_000: float64, float64 
[ 2022-12-05 23:41:34,921 ] 64 root - INFO - Hypothesis as_000: float64, float64 
[ 2022-12-05 23:41:34,936 ] 64 root - INFO - Hypothesis at_000: float64, float64 
[ 2022-12-05 23:41:34,952 ] 64 root - INFO - Hypothesis au_000: float64, float64 
[ 2022-12-05 23:41:34,967 ] 64 root - INFO - Hypothesis av_000: float64, float64 
[ 2022-12-05 23:41:34,972 ] 64 root - INFO - Hypothesis ax_000: float64, float64 
[ 2022-12-05 23:41:34,978 ] 64 root - INFO - Hypothesis ay_000: float64, float64 
[ 2022-12-05 23:41:34,993 ] 64 root - INFO - Hypothesis ay_001: float64, float64 
[ 2022-12-05 23:41:35,008 ] 64 root - INFO - Hypothesis ay_002: float64, float64 
[ 2022-12-05 23:41:35,023 ] 64 root - INFO - Hypothesis ay_003: float64, float64 
[ 2022-12-05 23:41:35,038 ] 64 root - INFO - Hypothesis ay_004: float64, float64 
[ 2022-12-05 23:41:35,053 ] 64 root - INFO - Hypothesis ay_005: float64, float64 
[ 2022-12-05 23:41:35,059 ] 64 root - INFO - Hypothesis ay_006: float64, float64 
[ 2022-12-05 23:41:35,065 ] 64 root - INFO - Hypothesis ay_007: float64, float64 
[ 2022-12-05 23:41:35,071 ] 64 root - INFO - Hypothesis ay_008: float64, float64 
[ 2022-12-05 23:41:35,078 ] 64 root - INFO - Hypothesis ay_009: float64, float64 
[ 2022-12-05 23:41:35,092 ] 64 root - INFO - Hypothesis az_000: float64, float64 
[ 2022-12-05 23:41:35,099 ] 64 root - INFO - Hypothesis az_001: float64, float64 
[ 2022-12-05 23:41:35,105 ] 64 root - INFO - Hypothesis az_002: float64, float64 
[ 2022-12-05 23:41:35,112 ] 64 root - INFO - Hypothesis az_003: float64, float64 
[ 2022-12-05 23:41:35,118 ] 64 root - INFO - Hypothesis az_004: float64, float64 
[ 2022-12-05 23:41:35,125 ] 64 root - INFO - Hypothesis az_005: float64, float64 
[ 2022-12-05 23:41:35,132 ] 64 root - INFO - Hypothesis az_006: float64, float64 
[ 2022-12-05 23:41:35,138 ] 64 root - INFO - Hypothesis az_007: float64, float64 
[ 2022-12-05 23:41:35,142 ] 64 root - INFO - Hypothesis az_008: float64, float64 
[ 2022-12-05 23:41:35,146 ] 64 root - INFO - Hypothesis az_009: float64, float64 
[ 2022-12-05 23:41:35,149 ] 64 root - INFO - Hypothesis ba_000: float64, float64 
[ 2022-12-05 23:41:35,156 ] 64 root - INFO - Hypothesis ba_001: float64, float64 
[ 2022-12-05 23:41:35,163 ] 64 root - INFO - Hypothesis ba_002: float64, float64 
[ 2022-12-05 23:41:35,170 ] 64 root - INFO - Hypothesis ba_003: float64, float64 
[ 2022-12-05 23:41:35,176 ] 64 root - INFO - Hypothesis ba_004: float64, float64 
[ 2022-12-05 23:41:35,183 ] 64 root - INFO - Hypothesis ba_005: float64, float64 
[ 2022-12-05 23:41:35,190 ] 64 root - INFO - Hypothesis ba_006: float64, float64 
[ 2022-12-05 23:41:35,197 ] 64 root - INFO - Hypothesis ba_007: float64, float64 
[ 2022-12-05 23:41:35,203 ] 64 root - INFO - Hypothesis ba_008: float64, float64 
[ 2022-12-05 23:41:35,208 ] 64 root - INFO - Hypothesis ba_009: float64, float64 
[ 2022-12-05 23:41:35,213 ] 64 root - INFO - Hypothesis bb_000: float64, float64 
[ 2022-12-05 23:41:35,220 ] 64 root - INFO - Hypothesis bc_000: float64, float64 
[ 2022-12-05 23:41:35,225 ] 64 root - INFO - Hypothesis bd_000: float64, float64 
[ 2022-12-05 23:41:35,231 ] 64 root - INFO - Hypothesis be_000: float64, float64 
[ 2022-12-05 23:41:35,236 ] 64 root - INFO - Hypothesis bf_000: float64, float64 
[ 2022-12-05 23:41:35,241 ] 64 root - INFO - Hypothesis bg_000: float64, float64 
[ 2022-12-05 23:41:35,248 ] 64 root - INFO - Hypothesis bh_000: float64, float64 
[ 2022-12-05 23:41:35,255 ] 64 root - INFO - Hypothesis bi_000: float64, float64 
[ 2022-12-05 23:41:35,262 ] 64 root - INFO - Hypothesis bj_000: float64, float64 
[ 2022-12-05 23:41:35,269 ] 64 root - INFO - Hypothesis bs_000: float64, float64 
[ 2022-12-05 23:41:35,276 ] 64 root - INFO - Hypothesis bt_000: float64, float64 
[ 2022-12-05 23:41:35,283 ] 64 root - INFO - Hypothesis bu_000: float64, float64 
[ 2022-12-05 23:41:35,290 ] 64 root - INFO - Hypothesis bv_000: float64, float64 
[ 2022-12-05 23:41:35,297 ] 64 root - INFO - Hypothesis bx_000: float64, float64 
[ 2022-12-05 23:41:35,304 ] 64 root - INFO - Hypothesis by_000: float64, float64 
[ 2022-12-05 23:41:35,311 ] 64 root - INFO - Hypothesis bz_000: float64, float64 
[ 2022-12-05 23:41:35,317 ] 64 root - INFO - Hypothesis ca_000: float64, float64 
[ 2022-12-05 23:41:35,323 ] 64 root - INFO - Hypothesis cb_000: float64, float64 
[ 2022-12-05 23:41:35,331 ] 64 root - INFO - Hypothesis cc_000: float64, float64 
[ 2022-12-05 23:41:35,349 ] 64 root - INFO - Hypothesis cd_000: float64, float64 
[ 2022-12-05 23:41:35,365 ] 64 root - INFO - Hypothesis ce_000: float64, float64 
[ 2022-12-05 23:41:35,371 ] 64 root - INFO - Hypothesis ci_000: float64, float64 
[ 2022-12-05 23:41:35,378 ] 64 root - INFO - Hypothesis cj_000: float64, float64 
[ 2022-12-05 23:41:35,382 ] 64 root - INFO - Hypothesis ck_000: float64, float64 
[ 2022-12-05 23:41:35,389 ] 64 root - INFO - Hypothesis cl_000: float64, float64 
[ 2022-12-05 23:41:35,405 ] 64 root - INFO - Hypothesis cm_000: float64, float64 
[ 2022-12-05 23:41:35,410 ] 64 root - INFO - Hypothesis cn_000: float64, float64 
[ 2022-12-05 23:41:35,425 ] 64 root - INFO - Hypothesis cn_001: float64, float64 
[ 2022-12-05 23:41:35,441 ] 64 root - INFO - Hypothesis cn_002: float64, float64 
[ 2022-12-05 23:41:35,447 ] 64 root - INFO - Hypothesis cn_003: float64, float64 
[ 2022-12-05 23:41:35,454 ] 64 root - INFO - Hypothesis cn_004: float64, float64 
[ 2022-12-05 23:41:35,461 ] 64 root - INFO - Hypothesis cn_005: float64, float64 
[ 2022-12-05 23:41:35,468 ] 64 root - INFO - Hypothesis cn_006: float64, float64 
[ 2022-12-05 23:41:35,487 ] 64 root - INFO - Hypothesis cn_007: float64, float64 
[ 2022-12-05 23:41:35,494 ] 64 root - INFO - Hypothesis cn_008: float64, float64 
[ 2022-12-05 23:41:35,500 ] 64 root - INFO - Hypothesis cn_009: float64, float64 
[ 2022-12-05 23:41:35,505 ] 64 root - INFO - Hypothesis cp_000: float64, float64 
[ 2022-12-05 23:41:35,510 ] 64 root - INFO - Hypothesis cq_000: float64, float64 
[ 2022-12-05 23:41:35,517 ] 64 root - INFO - Hypothesis cs_000: float64, float64 
[ 2022-12-05 23:41:35,524 ] 64 root - INFO - Hypothesis cs_001: float64, float64 
[ 2022-12-05 23:41:35,529 ] 64 root - INFO - Hypothesis cs_002: float64, float64 
[ 2022-12-05 23:41:35,536 ] 64 root - INFO - Hypothesis cs_003: float64, float64 
[ 2022-12-05 23:41:35,543 ] 64 root - INFO - Hypothesis cs_004: float64, float64 
[ 2022-12-05 23:41:35,550 ] 64 root - INFO - Hypothesis cs_005: float64, float64 
[ 2022-12-05 23:41:35,557 ] 64 root - INFO - Hypothesis cs_006: float64, float64 
[ 2022-12-05 23:41:35,564 ] 64 root - INFO - Hypothesis cs_007: float64, float64 
[ 2022-12-05 23:41:35,571 ] 64 root - INFO - Hypothesis cs_008: float64, float64 
[ 2022-12-05 23:41:35,576 ] 64 root - INFO - Hypothesis cs_009: float64, float64 
[ 2022-12-05 23:41:35,580 ] 64 root - INFO - Hypothesis dd_000: float64, float64 
[ 2022-12-05 23:41:35,586 ] 64 root - INFO - Hypothesis de_000: float64, float64 
[ 2022-12-05 23:41:35,592 ] 64 root - INFO - Hypothesis df_000: float64, float64 
[ 2022-12-05 23:41:35,607 ] 64 root - INFO - Hypothesis dg_000: float64, float64 
[ 2022-12-05 23:41:35,623 ] 64 root - INFO - Hypothesis dh_000: float64, float64 
[ 2022-12-05 23:41:35,627 ] 64 root - INFO - Hypothesis di_000: float64, float64 
[ 2022-12-05 23:41:35,632 ] 64 root - INFO - Hypothesis dj_000: float64, float64 
[ 2022-12-05 23:41:35,648 ] 64 root - INFO - Hypothesis dk_000: float64, float64 
[ 2022-12-05 23:41:35,663 ] 64 root - INFO - Hypothesis dl_000: float64, float64 
[ 2022-12-05 23:41:35,679 ] 64 root - INFO - Hypothesis dm_000: float64, float64 
[ 2022-12-05 23:41:35,694 ] 64 root - INFO - Hypothesis dn_000: float64, float64 
[ 2022-12-05 23:41:35,701 ] 64 root - INFO - Hypothesis do_000: float64, float64 
[ 2022-12-05 23:41:35,707 ] 64 root - INFO - Hypothesis dp_000: float64, float64 
[ 2022-12-05 23:41:35,713 ] 64 root - INFO - Hypothesis dq_000: float64, float64 
[ 2022-12-05 23:41:35,718 ] 64 root - INFO - Hypothesis dr_000: float64, float64 
[ 2022-12-05 23:41:35,722 ] 64 root - INFO - Hypothesis ds_000: float64, float64 
[ 2022-12-05 23:41:35,729 ] 64 root - INFO - Hypothesis dt_000: float64, float64 
[ 2022-12-05 23:41:35,736 ] 64 root - INFO - Hypothesis du_000: float64, float64 
[ 2022-12-05 23:41:35,743 ] 64 root - INFO - Hypothesis dv_000: float64, float64 
[ 2022-12-05 23:41:35,750 ] 64 root - INFO - Hypothesis dx_000: float64, float64 
[ 2022-12-05 23:41:35,754 ] 64 root - INFO - Hypothesis dy_000: float64, float64 
[ 2022-12-05 23:41:35,759 ] 64 root - INFO - Hypothesis dz_000: float64, float64 
[ 2022-12-05 23:41:35,775 ] 64 root - INFO - Hypothesis ea_000: float64, float64 
[ 2022-12-05 23:41:35,791 ] 64 root - INFO - Hypothesis eb_000: float64, float64 
[ 2022-12-05 23:41:35,798 ] 64 root - INFO - Hypothesis ec_00: float64, float64 
[ 2022-12-05 23:41:35,805 ] 64 root - INFO - Hypothesis ed_000: float64, float64 
[ 2022-12-05 23:41:35,811 ] 64 root - INFO - Hypothesis ee_000: float64, float64 
[ 2022-12-05 23:41:35,818 ] 64 root - INFO - Hypothesis ee_001: float64, float64 
[ 2022-12-05 23:41:35,825 ] 64 root - INFO - Hypothesis ee_002: float64, float64 
[ 2022-12-05 23:41:35,832 ] 64 root - INFO - Hypothesis ee_003: float64, float64 
[ 2022-12-05 23:41:35,839 ] 64 root - INFO - Hypothesis ee_004: float64, float64 
[ 2022-12-05 23:41:35,846 ] 64 root - INFO - Hypothesis ee_005: float64, float64 
[ 2022-12-05 23:41:35,853 ] 64 root - INFO - Hypothesis ee_006: float64, float64 
[ 2022-12-05 23:41:35,859 ] 64 root - INFO - Hypothesis ee_007: float64, float64 
[ 2022-12-05 23:41:35,866 ] 64 root - INFO - Hypothesis ee_008: float64, float64 
[ 2022-12-05 23:41:35,872 ] 64 root - INFO - Hypothesis ee_009: float64, float64 
[ 2022-12-05 23:41:35,877 ] 64 root - INFO - Hypothesis ef_000: float64, float64 
[ 2022-12-05 23:41:35,892 ] 64 root - INFO - Hypothesis eg_000: float64, float64 
