[ 2022-12-05 23:59:06,960 ] 22 root - INFO - Exporting collection data as pandas dataframe
[ 2022-12-05 23:59:06,960 ] 12 root - INFO - Reading data from database: aps and collection: sensor
[ 2022-12-05 23:59:10,677 ] 15 root - INFO - Dropping column: _id 
[ 2022-12-05 23:59:10,915 ] 17 root - INFO - Row and columns in df: (36188, 171)
[ 2022-12-05 23:59:11,736 ] 26 root - INFO - Create feature store folder if not available
[ 2022-12-05 23:59:11,737 ] 29 root - INFO - Saving df to feature store dir
[ 2022-12-05 23:59:15,149 ] 32 root - INFO - split data into train and test data
[ 2022-12-05 23:59:16,385 ] 35 root - INFO - create dataset directory folder if not available
[ 2022-12-05 23:59:18,667 ] 46 root - INFO - Data ingestion artifact: DataIngestionArtifact(feature_store_path='/config/workspace/artifact/12052022__23591670264946/artifact/feature_store/sensor.csv', train_file_path='/config/workspace/artifact/12052022__23591670264946/artifact/dataset/train.csv', test_file_path='/config/workspace/artifact/12052022__23591670264946/artifact/dataset/test.csv')
[ 2022-12-05 23:59:19,092 ] 22 root - INFO - Exporting collection data as pandas dataframe
[ 2022-12-05 23:59:19,092 ] 12 root - INFO - Reading data from database: aps and collection: sensor
[ 2022-12-05 23:59:22,843 ] 15 root - INFO - Dropping column: _id 
[ 2022-12-05 23:59:23,043 ] 17 root - INFO - Row and columns in df: (36188, 171)
[ 2022-12-05 23:59:23,586 ] 26 root - INFO - Create feature store folder if not available
[ 2022-12-05 23:59:23,586 ] 29 root - INFO - Saving df to feature store dir
[ 2022-12-05 23:59:26,699 ] 32 root - INFO - split data into train and test data
[ 2022-12-05 23:59:27,280 ] 35 root - INFO - create dataset directory folder if not available
[ 2022-12-05 23:59:29,620 ] 46 root - INFO - Data ingestion artifact: DataIngestionArtifact(feature_store_path='/config/workspace/artifact/12052022__23591670264946/artifact/feature_store/sensor.csv', train_file_path='/config/workspace/artifact/12052022__23591670264946/artifact/dataset/train.csv', test_file_path='/config/workspace/artifact/12052022__23591670264946/artifact/dataset/test.csv')
[ 2022-12-05 23:59:30,020 ] 15 root - INFO - >>>>>>>>>>>>>>>>>>>>>>>>>>>>>>>>>>>>>>>>Data Validation <<<<<<<<<<<<<<<<<<<<<<<<<<<<<<<<<<<<<<<<
[ 2022-12-05 23:59:30,020 ] 84 root - INFO - Reading base file
[ 2022-12-05 23:59:31,754 ] 86 root - INFO - Replacing na values with Nan values
[ 2022-12-05 23:59:33,073 ] 88 root - INFO - Drop missing values in base df
[ 2022-12-05 23:59:33,998 ] 26 root - INFO - selecting column name which contains null above to 0.2
[ 2022-12-05 23:59:34,082 ] 92 root - INFO - Reading train and test data files
[ 2022-12-05 23:59:34,626 ] 96 root - INFO - Dropping missing values in training and testing files
[ 2022-12-05 23:59:34,640 ] 26 root - INFO - selecting column name which contains null above to 0.2
[ 2022-12-05 23:59:34,657 ] 26 root - INFO - selecting column name which contains null above to 0.2
[ 2022-12-05 23:59:41,041 ] 64 root - INFO - Hypothesis class: object, object 
[ 2022-12-05 23:59:41,183 ] 64 root - INFO - Hypothesis aa_000: float64, float64 
[ 2022-12-05 23:59:41,195 ] 64 root - INFO - Hypothesis ac_000: float64, float64 
[ 2022-12-05 23:59:41,242 ] 64 root - INFO - Hypothesis ae_000: float64, float64 
[ 2022-12-05 23:59:41,285 ] 64 root - INFO - Hypothesis af_000: float64, float64 
[ 2022-12-05 23:59:41,330 ] 64 root - INFO - Hypothesis ag_000: float64, float64 
[ 2022-12-05 23:59:41,372 ] 64 root - INFO - Hypothesis ag_001: float64, float64 
[ 2022-12-05 23:59:41,416 ] 64 root - INFO - Hypothesis ag_002: float64, float64 
[ 2022-12-05 23:59:41,461 ] 64 root - INFO - Hypothesis ag_003: float64, float64 
[ 2022-12-05 23:59:41,507 ] 64 root - INFO - Hypothesis ag_004: float64, float64 
[ 2022-12-05 23:59:41,518 ] 64 root - INFO - Hypothesis ag_005: float64, float64 
[ 2022-12-05 23:59:41,530 ] 64 root - INFO - Hypothesis ag_006: float64, float64 
[ 2022-12-05 23:59:41,541 ] 64 root - INFO - Hypothesis ag_007: float64, float64 
[ 2022-12-05 23:59:41,551 ] 64 root - INFO - Hypothesis ag_008: float64, float64 
[ 2022-12-05 23:59:41,598 ] 64 root - INFO - Hypothesis ag_009: float64, float64 
[ 2022-12-05 23:59:41,644 ] 64 root - INFO - Hypothesis ah_000: float64, float64 
[ 2022-12-05 23:59:41,693 ] 64 root - INFO - Hypothesis ai_000: float64, float64 
[ 2022-12-05 23:59:41,740 ] 64 root - INFO - Hypothesis aj_000: float64, float64 
[ 2022-12-05 23:59:41,787 ] 64 root - INFO - Hypothesis ak_000: float64, float64 
[ 2022-12-05 23:59:41,832 ] 64 root - INFO - Hypothesis al_000: float64, float64 
[ 2022-12-05 23:59:41,880 ] 64 root - INFO - Hypothesis am_0: float64, float64 
[ 2022-12-05 23:59:41,929 ] 64 root - INFO - Hypothesis an_000: float64, float64 
[ 2022-12-05 23:59:41,981 ] 64 root - INFO - Hypothesis ao_000: float64, float64 
[ 2022-12-05 23:59:42,032 ] 64 root - INFO - Hypothesis ap_000: float64, float64 
[ 2022-12-05 23:59:42,044 ] 64 root - INFO - Hypothesis aq_000: float64, float64 
[ 2022-12-05 23:59:42,096 ] 64 root - INFO - Hypothesis ar_000: float64, float64 
[ 2022-12-05 23:59:42,140 ] 64 root - INFO - Hypothesis as_000: float64, float64 
[ 2022-12-05 23:59:42,183 ] 64 root - INFO - Hypothesis at_000: float64, float64 
[ 2022-12-05 23:59:42,227 ] 64 root - INFO - Hypothesis au_000: float64, float64 
[ 2022-12-05 23:59:42,269 ] 64 root - INFO - Hypothesis av_000: float64, float64 
[ 2022-12-05 23:59:42,318 ] 64 root - INFO - Hypothesis ax_000: float64, float64 
[ 2022-12-05 23:59:42,366 ] 64 root - INFO - Hypothesis ay_000: float64, float64 
[ 2022-12-05 23:59:42,409 ] 64 root - INFO - Hypothesis ay_001: float64, float64 
[ 2022-12-05 23:59:42,453 ] 64 root - INFO - Hypothesis ay_002: float64, float64 
[ 2022-12-05 23:59:42,495 ] 64 root - INFO - Hypothesis ay_003: float64, float64 
[ 2022-12-05 23:59:42,538 ] 64 root - INFO - Hypothesis ay_004: float64, float64 
[ 2022-12-05 23:59:42,581 ] 64 root - INFO - Hypothesis ay_005: float64, float64 
[ 2022-12-05 23:59:42,590 ] 64 root - INFO - Hypothesis ay_006: float64, float64 
[ 2022-12-05 23:59:42,601 ] 64 root - INFO - Hypothesis ay_007: float64, float64 
[ 2022-12-05 23:59:42,649 ] 64 root - INFO - Hypothesis ay_008: float64, float64 
[ 2022-12-05 23:59:42,661 ] 64 root - INFO - Hypothesis ay_009: float64, float64 
[ 2022-12-05 23:59:42,704 ] 64 root - INFO - Hypothesis az_000: float64, float64 
[ 2022-12-05 23:59:42,753 ] 64 root - INFO - Hypothesis az_001: float64, float64 
[ 2022-12-05 23:59:42,801 ] 64 root - INFO - Hypothesis az_002: float64, float64 
[ 2022-12-05 23:59:42,852 ] 64 root - INFO - Hypothesis az_003: float64, float64 
[ 2022-12-05 23:59:42,909 ] 64 root - INFO - Hypothesis az_004: float64, float64 
[ 2022-12-05 23:59:42,964 ] 64 root - INFO - Hypothesis az_005: float64, float64 
[ 2022-12-05 23:59:42,976 ] 64 root - INFO - Hypothesis az_006: float64, float64 
[ 2022-12-05 23:59:43,025 ] 64 root - INFO - Hypothesis az_007: float64, float64 
[ 2022-12-05 23:59:43,072 ] 64 root - INFO - Hypothesis az_008: float64, float64 
[ 2022-12-05 23:59:43,115 ] 64 root - INFO - Hypothesis az_009: float64, float64 
[ 2022-12-05 23:59:43,159 ] 64 root - INFO - Hypothesis ba_000: float64, float64 
[ 2022-12-05 23:59:43,209 ] 64 root - INFO - Hypothesis ba_001: float64, float64 
[ 2022-12-05 23:59:43,221 ] 64 root - INFO - Hypothesis ba_002: float64, float64 
[ 2022-12-05 23:59:43,233 ] 64 root - INFO - Hypothesis ba_003: float64, float64 
[ 2022-12-05 23:59:43,244 ] 64 root - INFO - Hypothesis ba_004: float64, float64 
[ 2022-12-05 23:59:43,255 ] 64 root - INFO - Hypothesis ba_005: float64, float64 
[ 2022-12-05 23:59:43,304 ] 64 root - INFO - Hypothesis ba_006: float64, float64 
[ 2022-12-05 23:59:43,354 ] 64 root - INFO - Hypothesis ba_007: float64, float64 
[ 2022-12-05 23:59:43,364 ] 64 root - INFO - Hypothesis ba_008: float64, float64 
[ 2022-12-05 23:59:43,373 ] 64 root - INFO - Hypothesis ba_009: float64, float64 
[ 2022-12-05 23:59:43,381 ] 64 root - INFO - Hypothesis bb_000: float64, float64 
[ 2022-12-05 23:59:43,432 ] 64 root - INFO - Hypothesis bc_000: float64, float64 
[ 2022-12-05 23:59:43,479 ] 64 root - INFO - Hypothesis bd_000: float64, float64 
[ 2022-12-05 23:59:43,527 ] 64 root - INFO - Hypothesis be_000: float64, float64 
[ 2022-12-05 23:59:43,577 ] 64 root - INFO - Hypothesis bf_000: float64, float64 
[ 2022-12-05 23:59:43,585 ] 64 root - INFO - Hypothesis bg_000: float64, float64 
[ 2022-12-05 23:59:43,636 ] 64 root - INFO - Hypothesis bh_000: float64, float64 
[ 2022-12-05 23:59:43,687 ] 64 root - INFO - Hypothesis bi_000: float64, float64 
[ 2022-12-05 23:59:43,699 ] 64 root - INFO - Hypothesis bj_000: float64, float64 
[ 2022-12-05 23:59:43,712 ] 64 root - INFO - Hypothesis bs_000: float64, float64 
[ 2022-12-05 23:59:43,764 ] 64 root - INFO - Hypothesis bt_000: float64, float64 
[ 2022-12-05 23:59:43,775 ] 64 root - INFO - Hypothesis bu_000: float64, float64 
[ 2022-12-05 23:59:43,830 ] 64 root - INFO - Hypothesis bv_000: float64, float64 
[ 2022-12-05 23:59:43,883 ] 64 root - INFO - Hypothesis bx_000: float64, float64 
[ 2022-12-05 23:59:43,933 ] 64 root - INFO - Hypothesis by_000: float64, float64 
[ 2022-12-05 23:59:43,983 ] 64 root - INFO - Hypothesis bz_000: float64, float64 
[ 2022-12-05 23:59:44,032 ] 64 root - INFO - Hypothesis ca_000: float64, float64 
[ 2022-12-05 23:59:44,082 ] 64 root - INFO - Hypothesis cb_000: float64, float64 
[ 2022-12-05 23:59:44,133 ] 64 root - INFO - Hypothesis cc_000: float64, float64 
[ 2022-12-05 23:59:44,183 ] 64 root - INFO - Hypothesis cd_000: float64, float64 
[ 2022-12-05 23:59:44,226 ] 64 root - INFO - Hypothesis ce_000: float64, float64 
[ 2022-12-05 23:59:44,275 ] 64 root - INFO - Hypothesis ci_000: float64, float64 
[ 2022-12-05 23:59:44,287 ] 64 root - INFO - Hypothesis cj_000: float64, float64 
[ 2022-12-05 23:59:44,332 ] 64 root - INFO - Hypothesis ck_000: float64, float64 
[ 2022-12-05 23:59:44,384 ] 64 root - INFO - Hypothesis cl_000: float64, float64 
[ 2022-12-05 23:59:44,433 ] 64 root - INFO - Hypothesis cm_000: float64, float64 
[ 2022-12-05 23:59:44,441 ] 64 root - INFO - Hypothesis cn_000: float64, float64 
[ 2022-12-05 23:59:44,485 ] 64 root - INFO - Hypothesis cn_001: float64, float64 
[ 2022-12-05 23:59:44,530 ] 64 root - INFO - Hypothesis cn_002: float64, float64 
[ 2022-12-05 23:59:44,579 ] 64 root - INFO - Hypothesis cn_003: float64, float64 
[ 2022-12-05 23:59:44,591 ] 64 root - INFO - Hypothesis cn_004: float64, float64 
[ 2022-12-05 23:59:44,602 ] 64 root - INFO - Hypothesis cn_005: float64, float64 
[ 2022-12-05 23:59:44,614 ] 64 root - INFO - Hypothesis cn_006: float64, float64 
[ 2022-12-05 23:59:44,663 ] 64 root - INFO - Hypothesis cn_007: float64, float64 
[ 2022-12-05 23:59:44,674 ] 64 root - INFO - Hypothesis cn_008: float64, float64 
[ 2022-12-05 23:59:44,684 ] 64 root - INFO - Hypothesis cn_009: float64, float64 
[ 2022-12-05 23:59:44,733 ] 64 root - INFO - Hypothesis cp_000: float64, float64 
[ 2022-12-05 23:59:44,783 ] 64 root - INFO - Hypothesis cq_000: float64, float64 
[ 2022-12-05 23:59:44,833 ] 64 root - INFO - Hypothesis cs_000: float64, float64 
[ 2022-12-05 23:59:44,886 ] 64 root - INFO - Hypothesis cs_001: float64, float64 
[ 2022-12-05 23:59:44,934 ] 64 root - INFO - Hypothesis cs_002: float64, float64 
[ 2022-12-05 23:59:44,946 ] 64 root - INFO - Hypothesis cs_003: float64, float64 
[ 2022-12-05 23:59:44,995 ] 64 root - INFO - Hypothesis cs_004: float64, float64 
[ 2022-12-05 23:59:45,045 ] 64 root - INFO - Hypothesis cs_005: float64, float64 
[ 2022-12-05 23:59:45,057 ] 64 root - INFO - Hypothesis cs_006: float64, float64 
[ 2022-12-05 23:59:45,069 ] 64 root - INFO - Hypothesis cs_007: float64, float64 
[ 2022-12-05 23:59:45,080 ] 64 root - INFO - Hypothesis cs_008: float64, float64 
[ 2022-12-05 23:59:45,089 ] 64 root - INFO - Hypothesis cs_009: float64, float64 
[ 2022-12-05 23:59:45,133 ] 64 root - INFO - Hypothesis dd_000: float64, float64 
[ 2022-12-05 23:59:45,144 ] 64 root - INFO - Hypothesis de_000: float64, float64 
[ 2022-12-05 23:59:45,153 ] 64 root - INFO - Hypothesis df_000: float64, float64 
[ 2022-12-05 23:59:45,196 ] 64 root - INFO - Hypothesis dg_000: float64, float64 
[ 2022-12-05 23:59:45,240 ] 64 root - INFO - Hypothesis dh_000: float64, float64 
[ 2022-12-05 23:59:45,284 ] 64 root - INFO - Hypothesis di_000: float64, float64 
[ 2022-12-05 23:59:45,329 ] 64 root - INFO - Hypothesis dj_000: float64, float64 
[ 2022-12-05 23:59:45,372 ] 64 root - INFO - Hypothesis dk_000: float64, float64 
[ 2022-12-05 23:59:45,415 ] 64 root - INFO - Hypothesis dl_000: float64, float64 
[ 2022-12-05 23:59:45,458 ] 64 root - INFO - Hypothesis dm_000: float64, float64 
[ 2022-12-05 23:59:45,501 ] 64 root - INFO - Hypothesis dn_000: float64, float64 
[ 2022-12-05 23:59:45,551 ] 64 root - INFO - Hypothesis do_000: float64, float64 
[ 2022-12-05 23:59:45,561 ] 64 root - INFO - Hypothesis dp_000: float64, float64 
[ 2022-12-05 23:59:45,571 ] 64 root - INFO - Hypothesis dq_000: float64, float64 
[ 2022-12-05 23:59:45,616 ] 64 root - INFO - Hypothesis dr_000: float64, float64 
[ 2022-12-05 23:59:45,662 ] 64 root - INFO - Hypothesis ds_000: float64, float64 
[ 2022-12-05 23:59:45,674 ] 64 root - INFO - Hypothesis dt_000: float64, float64 
[ 2022-12-05 23:59:45,685 ] 64 root - INFO - Hypothesis du_000: float64, float64 
[ 2022-12-05 23:59:45,734 ] 64 root - INFO - Hypothesis dv_000: float64, float64 
[ 2022-12-05 23:59:45,784 ] 64 root - INFO - Hypothesis dx_000: float64, float64 
[ 2022-12-05 23:59:45,792 ] 64 root - INFO - Hypothesis dy_000: float64, float64 
[ 2022-12-05 23:59:45,800 ] 64 root - INFO - Hypothesis dz_000: float64, float64 
[ 2022-12-05 23:59:45,847 ] 64 root - INFO - Hypothesis ea_000: float64, float64 
[ 2022-12-05 23:59:45,891 ] 64 root - INFO - Hypothesis eb_000: float64, float64 
[ 2022-12-05 23:59:45,941 ] 64 root - INFO - Hypothesis ec_00: float64, float64 
[ 2022-12-05 23:59:45,991 ] 64 root - INFO - Hypothesis ed_000: float64, float64 
[ 2022-12-05 23:59:46,038 ] 64 root - INFO - Hypothesis ee_000: float64, float64 
[ 2022-12-05 23:59:46,050 ] 64 root - INFO - Hypothesis ee_001: float64, float64 
[ 2022-12-05 23:59:46,101 ] 64 root - INFO - Hypothesis ee_002: float64, float64 
[ 2022-12-05 23:59:46,112 ] 64 root - INFO - Hypothesis ee_003: float64, float64 
[ 2022-12-05 23:59:46,123 ] 64 root - INFO - Hypothesis ee_004: float64, float64 
[ 2022-12-05 23:59:46,135 ] 64 root - INFO - Hypothesis ee_005: float64, float64 
[ 2022-12-05 23:59:46,147 ] 64 root - INFO - Hypothesis ee_006: float64, float64 
[ 2022-12-05 23:59:46,198 ] 64 root - INFO - Hypothesis ee_007: float64, float64 
[ 2022-12-05 23:59:46,248 ] 64 root - INFO - Hypothesis ee_008: float64, float64 
[ 2022-12-05 23:59:46,296 ] 64 root - INFO - Hypothesis ee_009: float64, float64 
[ 2022-12-05 23:59:46,343 ] 64 root - INFO - Hypothesis ef_000: float64, float64 
[ 2022-12-05 23:59:46,387 ] 64 root - INFO - Hypothesis eg_000: float64, float64 
[ 2022-12-05 23:59:46,430 ] 64 root - INFO - Hypothesis class: object, object 
[ 2022-12-05 23:59:46,510 ] 64 root - INFO - Hypothesis aa_000: float64, float64 
[ 2022-12-05 23:59:46,518 ] 64 root - INFO - Hypothesis ac_000: float64, float64 
[ 2022-12-05 23:59:46,524 ] 64 root - INFO - Hypothesis ae_000: float64, float64 
[ 2022-12-05 23:59:46,542 ] 64 root - INFO - Hypothesis af_000: float64, float64 
[ 2022-12-05 23:59:46,561 ] 64 root - INFO - Hypothesis ag_000: float64, float64 
[ 2022-12-05 23:59:46,579 ] 64 root - INFO - Hypothesis ag_001: float64, float64 
[ 2022-12-05 23:59:46,597 ] 64 root - INFO - Hypothesis ag_002: float64, float64 
[ 2022-12-05 23:59:46,617 ] 64 root - INFO - Hypothesis ag_003: float64, float64 
[ 2022-12-05 23:59:46,637 ] 64 root - INFO - Hypothesis ag_004: float64, float64 
[ 2022-12-05 23:59:46,645 ] 64 root - INFO - Hypothesis ag_005: float64, float64 
[ 2022-12-05 23:59:46,653 ] 64 root - INFO - Hypothesis ag_006: float64, float64 
[ 2022-12-05 23:59:46,661 ] 64 root - INFO - Hypothesis ag_007: float64, float64 
[ 2022-12-05 23:59:46,668 ] 64 root - INFO - Hypothesis ag_008: float64, float64 
[ 2022-12-05 23:59:46,675 ] 64 root - INFO - Hypothesis ag_009: float64, float64 
[ 2022-12-05 23:59:46,695 ] 64 root - INFO - Hypothesis ah_000: float64, float64 
[ 2022-12-05 23:59:46,703 ] 64 root - INFO - Hypothesis ai_000: float64, float64 
[ 2022-12-05 23:59:46,707 ] 64 root - INFO - Hypothesis aj_000: float64, float64 
[ 2022-12-05 23:59:46,712 ] 64 root - INFO - Hypothesis ak_000: float64, float64 
[ 2022-12-05 23:59:46,731 ] 64 root - INFO - Hypothesis al_000: float64, float64 
[ 2022-12-05 23:59:46,737 ] 64 root - INFO - Hypothesis am_0: float64, float64 
[ 2022-12-05 23:59:46,743 ] 64 root - INFO - Hypothesis an_000: float64, float64 
[ 2022-12-05 23:59:46,751 ] 64 root - INFO - Hypothesis ao_000: float64, float64 
[ 2022-12-05 23:59:46,760 ] 64 root - INFO - Hypothesis ap_000: float64, float64 
[ 2022-12-05 23:59:46,768 ] 64 root - INFO - Hypothesis aq_000: float64, float64 
[ 2022-12-05 23:59:46,778 ] 64 root - INFO - Hypothesis ar_000: float64, float64 
[ 2022-12-05 23:59:46,797 ] 64 root - INFO - Hypothesis as_000: float64, float64 
[ 2022-12-05 23:59:46,816 ] 64 root - INFO - Hypothesis at_000: float64, float64 
[ 2022-12-05 23:59:46,820 ] 64 root - INFO - Hypothesis au_000: float64, float64 
[ 2022-12-05 23:59:46,839 ] 64 root - INFO - Hypothesis av_000: float64, float64 
[ 2022-12-05 23:59:46,845 ] 64 root - INFO - Hypothesis ax_000: float64, float64 
[ 2022-12-05 23:59:46,851 ] 64 root - INFO - Hypothesis ay_000: float64, float64 
[ 2022-12-05 23:59:46,870 ] 64 root - INFO - Hypothesis ay_001: float64, float64 
[ 2022-12-05 23:59:46,894 ] 64 root - INFO - Hypothesis ay_002: float64, float64 
[ 2022-12-05 23:59:46,913 ] 64 root - INFO - Hypothesis ay_003: float64, float64 
[ 2022-12-05 23:59:46,932 ] 64 root - INFO - Hypothesis ay_004: float64, float64 
[ 2022-12-05 23:59:46,951 ] 64 root - INFO - Hypothesis ay_005: float64, float64 
[ 2022-12-05 23:59:46,958 ] 64 root - INFO - Hypothesis ay_006: float64, float64 
[ 2022-12-05 23:59:46,965 ] 64 root - INFO - Hypothesis ay_007: float64, float64 
[ 2022-12-05 23:59:46,973 ] 64 root - INFO - Hypothesis ay_008: float64, float64 
[ 2022-12-05 23:59:46,981 ] 64 root - INFO - Hypothesis ay_009: float64, float64 
[ 2022-12-05 23:59:46,999 ] 64 root - INFO - Hypothesis az_000: float64, float64 
[ 2022-12-05 23:59:47,007 ] 64 root - INFO - Hypothesis az_001: float64, float64 
[ 2022-12-05 23:59:47,014 ] 64 root - INFO - Hypothesis az_002: float64, float64 
[ 2022-12-05 23:59:47,021 ] 64 root - INFO - Hypothesis az_003: float64, float64 
[ 2022-12-05 23:59:47,029 ] 64 root - INFO - Hypothesis az_004: float64, float64 
[ 2022-12-05 23:59:47,037 ] 64 root - INFO - Hypothesis az_005: float64, float64 
[ 2022-12-05 23:59:47,044 ] 64 root - INFO - Hypothesis az_006: float64, float64 
[ 2022-12-05 23:59:47,051 ] 64 root - INFO - Hypothesis az_007: float64, float64 
[ 2022-12-05 23:59:47,071 ] 64 root - INFO - Hypothesis az_008: float64, float64 
[ 2022-12-05 23:59:47,089 ] 64 root - INFO - Hypothesis az_009: float64, float64 
[ 2022-12-05 23:59:47,108 ] 64 root - INFO - Hypothesis ba_000: float64, float64 
[ 2022-12-05 23:59:47,116 ] 64 root - INFO - Hypothesis ba_001: float64, float64 
[ 2022-12-05 23:59:47,124 ] 64 root - INFO - Hypothesis ba_002: float64, float64 
[ 2022-12-05 23:59:47,131 ] 64 root - INFO - Hypothesis ba_003: float64, float64 
[ 2022-12-05 23:59:47,139 ] 64 root - INFO - Hypothesis ba_004: float64, float64 
[ 2022-12-05 23:59:47,147 ] 64 root - INFO - Hypothesis ba_005: float64, float64 
[ 2022-12-05 23:59:47,154 ] 64 root - INFO - Hypothesis ba_006: float64, float64 
[ 2022-12-05 23:59:47,162 ] 64 root - INFO - Hypothesis ba_007: float64, float64 
[ 2022-12-05 23:59:47,169 ] 64 root - INFO - Hypothesis ba_008: float64, float64 
[ 2022-12-05 23:59:47,175 ] 64 root - INFO - Hypothesis ba_009: float64, float64 
[ 2022-12-05 23:59:47,181 ] 64 root - INFO - Hypothesis bb_000: float64, float64 
[ 2022-12-05 23:59:47,189 ] 64 root - INFO - Hypothesis bc_000: float64, float64 
[ 2022-12-05 23:59:47,195 ] 64 root - INFO - Hypothesis bd_000: float64, float64 
[ 2022-12-05 23:59:47,202 ] 64 root - INFO - Hypothesis be_000: float64, float64 
[ 2022-12-05 23:59:47,208 ] 64 root - INFO - Hypothesis bf_000: float64, float64 
[ 2022-12-05 23:59:47,214 ] 64 root - INFO - Hypothesis bg_000: float64, float64 
[ 2022-12-05 23:59:47,222 ] 64 root - INFO - Hypothesis bh_000: float64, float64 
[ 2022-12-05 23:59:47,231 ] 64 root - INFO - Hypothesis bi_000: float64, float64 
[ 2022-12-05 23:59:47,240 ] 64 root - INFO - Hypothesis bj_000: float64, float64 
[ 2022-12-05 23:59:47,248 ] 64 root - INFO - Hypothesis bs_000: float64, float64 
[ 2022-12-05 23:59:47,257 ] 64 root - INFO - Hypothesis bt_000: float64, float64 
[ 2022-12-05 23:59:47,265 ] 64 root - INFO - Hypothesis bu_000: float64, float64 
[ 2022-12-05 23:59:47,273 ] 64 root - INFO - Hypothesis bv_000: float64, float64 
[ 2022-12-05 23:59:47,281 ] 64 root - INFO - Hypothesis bx_000: float64, float64 
[ 2022-12-05 23:59:47,289 ] 64 root - INFO - Hypothesis by_000: float64, float64 
[ 2022-12-05 23:59:47,297 ] 64 root - INFO - Hypothesis bz_000: float64, float64 
[ 2022-12-05 23:59:47,304 ] 64 root - INFO - Hypothesis ca_000: float64, float64 
[ 2022-12-05 23:59:47,312 ] 64 root - INFO - Hypothesis cb_000: float64, float64 
[ 2022-12-05 23:59:47,320 ] 64 root - INFO - Hypothesis cc_000: float64, float64 
[ 2022-12-05 23:59:47,327 ] 64 root - INFO - Hypothesis cd_000: float64, float64 
[ 2022-12-05 23:59:47,346 ] 64 root - INFO - Hypothesis ce_000: float64, float64 
[ 2022-12-05 23:59:47,354 ] 64 root - INFO - Hypothesis ci_000: float64, float64 
[ 2022-12-05 23:59:47,362 ] 64 root - INFO - Hypothesis cj_000: float64, float64 
[ 2022-12-05 23:59:47,366 ] 64 root - INFO - Hypothesis ck_000: float64, float64 
[ 2022-12-05 23:59:47,374 ] 64 root - INFO - Hypothesis cl_000: float64, float64 
[ 2022-12-05 23:59:47,379 ] 64 root - INFO - Hypothesis cm_000: float64, float64 
[ 2022-12-05 23:59:47,385 ] 64 root - INFO - Hypothesis cn_000: float64, float64 
[ 2022-12-05 23:59:47,404 ] 64 root - INFO - Hypothesis cn_001: float64, float64 
[ 2022-12-05 23:59:47,423 ] 64 root - INFO - Hypothesis cn_002: float64, float64 
[ 2022-12-05 23:59:47,429 ] 64 root - INFO - Hypothesis cn_003: float64, float64 
[ 2022-12-05 23:59:47,437 ] 64 root - INFO - Hypothesis cn_004: float64, float64 
[ 2022-12-05 23:59:47,445 ] 64 root - INFO - Hypothesis cn_005: float64, float64 
[ 2022-12-05 23:59:47,453 ] 64 root - INFO - Hypothesis cn_006: float64, float64 
[ 2022-12-05 23:59:47,460 ] 64 root - INFO - Hypothesis cn_007: float64, float64 
[ 2022-12-05 23:59:47,467 ] 64 root - INFO - Hypothesis cn_008: float64, float64 
[ 2022-12-05 23:59:47,474 ] 64 root - INFO - Hypothesis cn_009: float64, float64 
[ 2022-12-05 23:59:47,480 ] 64 root - INFO - Hypothesis cp_000: float64, float64 
[ 2022-12-05 23:59:47,486 ] 64 root - INFO - Hypothesis cq_000: float64, float64 
[ 2022-12-05 23:59:47,494 ] 64 root - INFO - Hypothesis cs_000: float64, float64 
[ 2022-12-05 23:59:47,501 ] 64 root - INFO - Hypothesis cs_001: float64, float64 
[ 2022-12-05 23:59:47,508 ] 64 root - INFO - Hypothesis cs_002: float64, float64 
[ 2022-12-05 23:59:47,516 ] 64 root - INFO - Hypothesis cs_003: float64, float64 
[ 2022-12-05 23:59:47,523 ] 64 root - INFO - Hypothesis cs_004: float64, float64 
[ 2022-12-05 23:59:47,531 ] 64 root - INFO - Hypothesis cs_005: float64, float64 
[ 2022-12-05 23:59:47,539 ] 64 root - INFO - Hypothesis cs_006: float64, float64 
[ 2022-12-05 23:59:47,547 ] 64 root - INFO - Hypothesis cs_007: float64, float64 
[ 2022-12-05 23:59:47,555 ] 64 root - INFO - Hypothesis cs_008: float64, float64 
[ 2022-12-05 23:59:47,561 ] 64 root - INFO - Hypothesis cs_009: float64, float64 
[ 2022-12-05 23:59:47,579 ] 64 root - INFO - Hypothesis dd_000: float64, float64 
[ 2022-12-05 23:59:47,586 ] 64 root - INFO - Hypothesis de_000: float64, float64 
[ 2022-12-05 23:59:47,593 ] 64 root - INFO - Hypothesis df_000: float64, float64 
[ 2022-12-05 23:59:47,611 ] 64 root - INFO - Hypothesis dg_000: float64, float64 
[ 2022-12-05 23:59:47,632 ] 64 root - INFO - Hypothesis dh_000: float64, float64 
[ 2022-12-05 23:59:47,652 ] 64 root - INFO - Hypothesis di_000: float64, float64 
[ 2022-12-05 23:59:47,672 ] 64 root - INFO - Hypothesis dj_000: float64, float64 
[ 2022-12-05 23:59:47,690 ] 64 root - INFO - Hypothesis dk_000: float64, float64 
[ 2022-12-05 23:59:47,710 ] 64 root - INFO - Hypothesis dl_000: float64, float64 
[ 2022-12-05 23:59:47,729 ] 64 root - INFO - Hypothesis dm_000: float64, float64 
[ 2022-12-05 23:59:47,748 ] 64 root - INFO - Hypothesis dn_000: float64, float64 
[ 2022-12-05 23:59:47,756 ] 64 root - INFO - Hypothesis do_000: float64, float64 
[ 2022-12-05 23:59:47,763 ] 64 root - INFO - Hypothesis dp_000: float64, float64 
[ 2022-12-05 23:59:47,771 ] 64 root - INFO - Hypothesis dq_000: float64, float64 
[ 2022-12-05 23:59:47,778 ] 64 root - INFO - Hypothesis dr_000: float64, float64 
[ 2022-12-05 23:59:47,784 ] 64 root - INFO - Hypothesis ds_000: float64, float64 
[ 2022-12-05 23:59:47,794 ] 64 root - INFO - Hypothesis dt_000: float64, float64 
[ 2022-12-05 23:59:47,802 ] 64 root - INFO - Hypothesis du_000: float64, float64 
[ 2022-12-05 23:59:47,812 ] 64 root - INFO - Hypothesis dv_000: float64, float64 
[ 2022-12-05 23:59:47,820 ] 64 root - INFO - Hypothesis dx_000: float64, float64 
[ 2022-12-05 23:59:47,826 ] 64 root - INFO - Hypothesis dy_000: float64, float64 
[ 2022-12-05 23:59:47,831 ] 64 root - INFO - Hypothesis dz_000: float64, float64 
[ 2022-12-05 23:59:47,850 ] 64 root - INFO - Hypothesis ea_000: float64, float64 
[ 2022-12-05 23:59:47,869 ] 64 root - INFO - Hypothesis eb_000: float64, float64 
[ 2022-12-05 23:59:47,875 ] 64 root - INFO - Hypothesis ec_00: float64, float64 
[ 2022-12-05 23:59:47,883 ] 64 root - INFO - Hypothesis ed_000: float64, float64 
[ 2022-12-05 23:59:47,889 ] 64 root - INFO - Hypothesis ee_000: float64, float64 
[ 2022-12-05 23:59:47,897 ] 64 root - INFO - Hypothesis ee_001: float64, float64 
[ 2022-12-05 23:59:47,905 ] 64 root - INFO - Hypothesis ee_002: float64, float64 
[ 2022-12-05 23:59:47,913 ] 64 root - INFO - Hypothesis ee_003: float64, float64 
[ 2022-12-05 23:59:47,921 ] 64 root - INFO - Hypothesis ee_004: float64, float64 
[ 2022-12-05 23:59:47,928 ] 64 root - INFO - Hypothesis ee_005: float64, float64 
[ 2022-12-05 23:59:47,936 ] 64 root - INFO - Hypothesis ee_006: float64, float64 
[ 2022-12-05 23:59:47,943 ] 64 root - INFO - Hypothesis ee_007: float64, float64 
[ 2022-12-05 23:59:47,951 ] 64 root - INFO - Hypothesis ee_008: float64, float64 
[ 2022-12-05 23:59:47,958 ] 64 root - INFO - Hypothesis ee_009: float64, float64 
[ 2022-12-05 23:59:47,964 ] 64 root - INFO - Hypothesis ef_000: float64, float64 
[ 2022-12-05 23:59:47,982 ] 64 root - INFO - Hypothesis eg_000: float64, float64 
