[ 2022-12-05 23:34:48,248 ] 22 root - INFO - Exporting collection data as pandas dataframe
[ 2022-12-05 23:34:48,248 ] 11 root - INFO - Reading data from database: aps and collection: sensor
[ 2022-12-05 23:34:51,788 ] 14 root - INFO - Dropping column: _id 
[ 2022-12-05 23:34:51,986 ] 16 root - INFO - Row and columns in df: (36188, 171)
[ 2022-12-05 23:34:52,519 ] 26 root - INFO - Create feature store folder if not available
[ 2022-12-05 23:34:52,519 ] 29 root - INFO - Saving df to feature store dir
[ 2022-12-05 23:34:54,894 ] 32 root - INFO - split data into train and test data
[ 2022-12-05 23:34:55,475 ] 35 root - INFO - create dataset directory folder if not available
[ 2022-12-05 23:34:57,738 ] 46 root - INFO - Data ingestion artifact: DataIngestionArtifact(feature_store_path='/config/workspace/artifact/12052022__23341670263488/artifact/feature_store/sensor.csv', train_file_path='/config/workspace/artifact/12052022__23341670263488/artifact/dataset/train.csv', test_file_path='/config/workspace/artifact/12052022__23341670263488/artifact/dataset/test.csv')
[ 2022-12-05 23:34:58,211 ] 22 root - INFO - Exporting collection data as pandas dataframe
[ 2022-12-05 23:34:58,212 ] 11 root - INFO - Reading data from database: aps and collection: sensor
[ 2022-12-05 23:35:01,705 ] 14 root - INFO - Dropping column: _id 
[ 2022-12-05 23:35:01,907 ] 16 root - INFO - Row and columns in df: (36188, 171)
[ 2022-12-05 23:35:02,471 ] 26 root - INFO - Create feature store folder if not available
[ 2022-12-05 23:35:02,471 ] 29 root - INFO - Saving df to feature store dir
[ 2022-12-05 23:35:04,959 ] 32 root - INFO - split data into train and test data
[ 2022-12-05 23:35:05,527 ] 35 root - INFO - create dataset directory folder if not available
[ 2022-12-05 23:35:07,777 ] 46 root - INFO - Data ingestion artifact: DataIngestionArtifact(feature_store_path='/config/workspace/artifact/12052022__23341670263488/artifact/feature_store/sensor.csv', train_file_path='/config/workspace/artifact/12052022__23341670263488/artifact/dataset/train.csv', test_file_path='/config/workspace/artifact/12052022__23341670263488/artifact/dataset/test.csv')
[ 2022-12-05 23:35:08,221 ] 15 root - INFO - >>>>>>>>>>>>>>>>>>>>>>>>>>>>>>>>>>>>>>>>Data Validation <<<<<<<<<<<<<<<<<<<<<<<<<<<<<<<<<<<<<<<<
[ 2022-12-05 23:35:08,222 ] 84 root - INFO - Reading base file
[ 2022-12-05 23:35:09,831 ] 86 root - INFO - Replacing na values with Nan values
[ 2022-12-05 23:35:11,127 ] 88 root - INFO - Drop missing values in base df
[ 2022-12-05 23:35:12,010 ] 26 root - INFO - selecting column name which contains null above to 0.2
[ 2022-12-05 23:35:12,100 ] 92 root - INFO - Reading train and test data files
[ 2022-12-05 23:35:12,589 ] 96 root - INFO - Dropping missing values in training and testing files
[ 2022-12-05 23:35:12,601 ] 26 root - INFO - selecting column name which contains null above to 0.2
[ 2022-12-05 23:35:12,617 ] 26 root - INFO - selecting column name which contains null above to 0.2
[ 2022-12-05 23:35:18,643 ] 64 root - INFO - Hypothesis class: object, object 
[ 2022-12-05 23:35:18,775 ] 64 root - INFO - Hypothesis aa_000: float64, float64 
[ 2022-12-05 23:35:18,817 ] 64 root - INFO - Hypothesis ac_000: float64, float64 
[ 2022-12-05 23:35:18,826 ] 64 root - INFO - Hypothesis ae_000: float64, float64 
[ 2022-12-05 23:35:18,862 ] 64 root - INFO - Hypothesis af_000: float64, float64 
[ 2022-12-05 23:35:18,903 ] 64 root - INFO - Hypothesis ag_000: float64, float64 
[ 2022-12-05 23:35:18,946 ] 64 root - INFO - Hypothesis ag_001: float64, float64 
[ 2022-12-05 23:35:18,981 ] 64 root - INFO - Hypothesis ag_002: float64, float64 
[ 2022-12-05 23:35:19,017 ] 64 root - INFO - Hypothesis ag_003: float64, float64 
[ 2022-12-05 23:35:19,054 ] 64 root - INFO - Hypothesis ag_004: float64, float64 
[ 2022-12-05 23:35:19,065 ] 64 root - INFO - Hypothesis ag_005: float64, float64 
[ 2022-12-05 23:35:19,107 ] 64 root - INFO - Hypothesis ag_006: float64, float64 
[ 2022-12-05 23:35:19,149 ] 64 root - INFO - Hypothesis ag_007: float64, float64 
[ 2022-12-05 23:35:19,190 ] 64 root - INFO - Hypothesis ag_008: float64, float64 
[ 2022-12-05 23:35:19,198 ] 64 root - INFO - Hypothesis ag_009: float64, float64 
[ 2022-12-05 23:35:19,205 ] 64 root - INFO - Hypothesis ah_000: float64, float64 
[ 2022-12-05 23:35:19,247 ] 64 root - INFO - Hypothesis ai_000: float64, float64 
[ 2022-12-05 23:35:19,283 ] 64 root - INFO - Hypothesis aj_000: float64, float64 
[ 2022-12-05 23:35:19,320 ] 64 root - INFO - Hypothesis ak_000: float64, float64 
[ 2022-12-05 23:35:19,357 ] 64 root - INFO - Hypothesis al_000: float64, float64 
[ 2022-12-05 23:35:19,395 ] 64 root - INFO - Hypothesis am_0: float64, float64 
[ 2022-12-05 23:35:19,437 ] 64 root - INFO - Hypothesis an_000: float64, float64 
[ 2022-12-05 23:35:19,480 ] 64 root - INFO - Hypothesis ao_000: float64, float64 
[ 2022-12-05 23:35:19,490 ] 64 root - INFO - Hypothesis ap_000: float64, float64 
[ 2022-12-05 23:35:19,531 ] 64 root - INFO - Hypothesis aq_000: float64, float64 
[ 2022-12-05 23:35:19,573 ] 64 root - INFO - Hypothesis ar_000: float64, float64 
[ 2022-12-05 23:35:19,608 ] 64 root - INFO - Hypothesis as_000: float64, float64 
[ 2022-12-05 23:35:19,643 ] 64 root - INFO - Hypothesis at_000: float64, float64 
[ 2022-12-05 23:35:19,648 ] 64 root - INFO - Hypothesis au_000: float64, float64 
[ 2022-12-05 23:35:19,683 ] 64 root - INFO - Hypothesis av_000: float64, float64 
[ 2022-12-05 23:35:19,691 ] 64 root - INFO - Hypothesis ax_000: float64, float64 
[ 2022-12-05 23:35:19,731 ] 64 root - INFO - Hypothesis ay_000: float64, float64 
[ 2022-12-05 23:35:19,766 ] 64 root - INFO - Hypothesis ay_001: float64, float64 
[ 2022-12-05 23:35:19,802 ] 64 root - INFO - Hypothesis ay_002: float64, float64 
[ 2022-12-05 23:35:19,841 ] 64 root - INFO - Hypothesis ay_003: float64, float64 
[ 2022-12-05 23:35:19,876 ] 64 root - INFO - Hypothesis ay_004: float64, float64 
[ 2022-12-05 23:35:19,912 ] 64 root - INFO - Hypothesis ay_005: float64, float64 
[ 2022-12-05 23:35:19,952 ] 64 root - INFO - Hypothesis ay_006: float64, float64 
[ 2022-12-05 23:35:19,994 ] 64 root - INFO - Hypothesis ay_007: float64, float64 
[ 2022-12-05 23:35:20,005 ] 64 root - INFO - Hypothesis ay_008: float64, float64 
[ 2022-12-05 23:35:20,049 ] 64 root - INFO - Hypothesis ay_009: float64, float64 
[ 2022-12-05 23:35:20,086 ] 64 root - INFO - Hypothesis az_000: float64, float64 
[ 2022-12-05 23:35:20,096 ] 64 root - INFO - Hypothesis az_001: float64, float64 
[ 2022-12-05 23:35:20,137 ] 64 root - INFO - Hypothesis az_002: float64, float64 
[ 2022-12-05 23:35:20,147 ] 64 root - INFO - Hypothesis az_003: float64, float64 
[ 2022-12-05 23:35:20,189 ] 64 root - INFO - Hypothesis az_004: float64, float64 
[ 2022-12-05 23:35:20,200 ] 64 root - INFO - Hypothesis az_005: float64, float64 
[ 2022-12-05 23:35:20,242 ] 64 root - INFO - Hypothesis az_006: float64, float64 
[ 2022-12-05 23:35:20,252 ] 64 root - INFO - Hypothesis az_007: float64, float64 
[ 2022-12-05 23:35:20,290 ] 64 root - INFO - Hypothesis az_008: float64, float64 
[ 2022-12-05 23:35:20,326 ] 64 root - INFO - Hypothesis az_009: float64, float64 
[ 2022-12-05 23:35:20,362 ] 64 root - INFO - Hypothesis ba_000: float64, float64 
[ 2022-12-05 23:35:20,405 ] 64 root - INFO - Hypothesis ba_001: float64, float64 
[ 2022-12-05 23:35:20,450 ] 64 root - INFO - Hypothesis ba_002: float64, float64 
[ 2022-12-05 23:35:20,493 ] 64 root - INFO - Hypothesis ba_003: float64, float64 
[ 2022-12-05 23:35:20,535 ] 64 root - INFO - Hypothesis ba_004: float64, float64 
[ 2022-12-05 23:35:20,576 ] 64 root - INFO - Hypothesis ba_005: float64, float64 
[ 2022-12-05 23:35:20,619 ] 64 root - INFO - Hypothesis ba_006: float64, float64 
[ 2022-12-05 23:35:20,629 ] 64 root - INFO - Hypothesis ba_007: float64, float64 
[ 2022-12-05 23:35:20,670 ] 64 root - INFO - Hypothesis ba_008: float64, float64 
[ 2022-12-05 23:35:20,679 ] 64 root - INFO - Hypothesis ba_009: float64, float64 
[ 2022-12-05 23:35:20,718 ] 64 root - INFO - Hypothesis bb_000: float64, float64 
[ 2022-12-05 23:35:20,761 ] 64 root - INFO - Hypothesis bc_000: float64, float64 
[ 2022-12-05 23:35:20,801 ] 64 root - INFO - Hypothesis bd_000: float64, float64 
[ 2022-12-05 23:35:20,810 ] 64 root - INFO - Hypothesis be_000: float64, float64 
[ 2022-12-05 23:35:20,819 ] 64 root - INFO - Hypothesis bf_000: float64, float64 
[ 2022-12-05 23:35:20,828 ] 64 root - INFO - Hypothesis bg_000: float64, float64 
[ 2022-12-05 23:35:20,879 ] 64 root - INFO - Hypothesis bh_000: float64, float64 
[ 2022-12-05 23:35:20,920 ] 64 root - INFO - Hypothesis bi_000: float64, float64 
[ 2022-12-05 23:35:20,963 ] 64 root - INFO - Hypothesis bj_000: float64, float64 
[ 2022-12-05 23:35:21,005 ] 64 root - INFO - Hypothesis bs_000: float64, float64 
[ 2022-12-05 23:35:21,016 ] 64 root - INFO - Hypothesis bt_000: float64, float64 
[ 2022-12-05 23:35:21,058 ] 64 root - INFO - Hypothesis bu_000: float64, float64 
[ 2022-12-05 23:35:21,100 ] 64 root - INFO - Hypothesis bv_000: float64, float64 
[ 2022-12-05 23:35:21,142 ] 64 root - INFO - Hypothesis bx_000: float64, float64 
[ 2022-12-05 23:35:21,184 ] 64 root - INFO - Hypothesis by_000: float64, float64 
[ 2022-12-05 23:35:21,225 ] 64 root - INFO - Hypothesis bz_000: float64, float64 
[ 2022-12-05 23:35:21,236 ] 64 root - INFO - Hypothesis ca_000: float64, float64 
[ 2022-12-05 23:35:21,247 ] 64 root - INFO - Hypothesis cb_000: float64, float64 
[ 2022-12-05 23:35:21,290 ] 64 root - INFO - Hypothesis cc_000: float64, float64 
[ 2022-12-05 23:35:21,332 ] 64 root - INFO - Hypothesis cd_000: float64, float64 
[ 2022-12-05 23:35:21,367 ] 64 root - INFO - Hypothesis ce_000: float64, float64 
[ 2022-12-05 23:35:21,409 ] 64 root - INFO - Hypothesis ci_000: float64, float64 
[ 2022-12-05 23:35:21,451 ] 64 root - INFO - Hypothesis cj_000: float64, float64 
[ 2022-12-05 23:35:21,457 ] 64 root - INFO - Hypothesis ck_000: float64, float64 
[ 2022-12-05 23:35:21,502 ] 64 root - INFO - Hypothesis cl_000: float64, float64 
[ 2022-12-05 23:35:21,539 ] 64 root - INFO - Hypothesis cm_000: float64, float64 
[ 2022-12-05 23:35:21,577 ] 64 root - INFO - Hypothesis cn_000: float64, float64 
[ 2022-12-05 23:35:21,614 ] 64 root - INFO - Hypothesis cn_001: float64, float64 
[ 2022-12-05 23:35:21,650 ] 64 root - INFO - Hypothesis cn_002: float64, float64 
[ 2022-12-05 23:35:21,658 ] 64 root - INFO - Hypothesis cn_003: float64, float64 
[ 2022-12-05 23:35:21,701 ] 64 root - INFO - Hypothesis cn_004: float64, float64 
[ 2022-12-05 23:35:21,743 ] 64 root - INFO - Hypothesis cn_005: float64, float64 
[ 2022-12-05 23:35:21,787 ] 64 root - INFO - Hypothesis cn_006: float64, float64 
[ 2022-12-05 23:35:21,798 ] 64 root - INFO - Hypothesis cn_007: float64, float64 
[ 2022-12-05 23:35:21,808 ] 64 root - INFO - Hypothesis cn_008: float64, float64 
[ 2022-12-05 23:35:21,848 ] 64 root - INFO - Hypothesis cn_009: float64, float64 
[ 2022-12-05 23:35:21,856 ] 64 root - INFO - Hypothesis cp_000: float64, float64 
[ 2022-12-05 23:35:21,899 ] 64 root - INFO - Hypothesis cq_000: float64, float64 
[ 2022-12-05 23:35:21,941 ] 64 root - INFO - Hypothesis cs_000: float64, float64 
[ 2022-12-05 23:35:21,951 ] 64 root - INFO - Hypothesis cs_001: float64, float64 
[ 2022-12-05 23:35:21,960 ] 64 root - INFO - Hypothesis cs_002: float64, float64 
[ 2022-12-05 23:35:22,001 ] 64 root - INFO - Hypothesis cs_003: float64, float64 
[ 2022-12-05 23:35:22,012 ] 64 root - INFO - Hypothesis cs_004: float64, float64 
[ 2022-12-05 23:35:22,054 ] 64 root - INFO - Hypothesis cs_005: float64, float64 
[ 2022-12-05 23:35:22,097 ] 64 root - INFO - Hypothesis cs_006: float64, float64 
[ 2022-12-05 23:35:22,139 ] 64 root - INFO - Hypothesis cs_007: float64, float64 
[ 2022-12-05 23:35:22,182 ] 64 root - INFO - Hypothesis cs_008: float64, float64 
[ 2022-12-05 23:35:22,190 ] 64 root - INFO - Hypothesis cs_009: float64, float64 
[ 2022-12-05 23:35:22,225 ] 64 root - INFO - Hypothesis dd_000: float64, float64 
[ 2022-12-05 23:35:22,266 ] 64 root - INFO - Hypothesis de_000: float64, float64 
[ 2022-12-05 23:35:22,307 ] 64 root - INFO - Hypothesis df_000: float64, float64 
[ 2022-12-05 23:35:22,342 ] 64 root - INFO - Hypothesis dg_000: float64, float64 
[ 2022-12-05 23:35:22,379 ] 64 root - INFO - Hypothesis dh_000: float64, float64 
[ 2022-12-05 23:35:22,416 ] 64 root - INFO - Hypothesis di_000: float64, float64 
[ 2022-12-05 23:35:22,455 ] 64 root - INFO - Hypothesis dj_000: float64, float64 
[ 2022-12-05 23:35:22,492 ] 64 root - INFO - Hypothesis dk_000: float64, float64 
[ 2022-12-05 23:35:22,528 ] 64 root - INFO - Hypothesis dl_000: float64, float64 
[ 2022-12-05 23:35:22,564 ] 64 root - INFO - Hypothesis dm_000: float64, float64 
[ 2022-12-05 23:35:22,599 ] 64 root - INFO - Hypothesis dn_000: float64, float64 
[ 2022-12-05 23:35:22,641 ] 64 root - INFO - Hypothesis do_000: float64, float64 
[ 2022-12-05 23:35:22,651 ] 64 root - INFO - Hypothesis dp_000: float64, float64 
[ 2022-12-05 23:35:22,661 ] 64 root - INFO - Hypothesis dq_000: float64, float64 
[ 2022-12-05 23:35:22,699 ] 64 root - INFO - Hypothesis dr_000: float64, float64 
[ 2022-12-05 23:35:22,736 ] 64 root - INFO - Hypothesis ds_000: float64, float64 
[ 2022-12-05 23:35:22,778 ] 64 root - INFO - Hypothesis dt_000: float64, float64 
[ 2022-12-05 23:35:22,823 ] 64 root - INFO - Hypothesis du_000: float64, float64 
[ 2022-12-05 23:35:22,833 ] 64 root - INFO - Hypothesis dv_000: float64, float64 
[ 2022-12-05 23:35:22,843 ] 64 root - INFO - Hypothesis dx_000: float64, float64 
[ 2022-12-05 23:35:22,881 ] 64 root - INFO - Hypothesis dy_000: float64, float64 
[ 2022-12-05 23:35:22,920 ] 64 root - INFO - Hypothesis dz_000: float64, float64 
[ 2022-12-05 23:35:22,955 ] 64 root - INFO - Hypothesis ea_000: float64, float64 
[ 2022-12-05 23:35:22,991 ] 64 root - INFO - Hypothesis eb_000: float64, float64 
[ 2022-12-05 23:35:23,000 ] 64 root - INFO - Hypothesis ec_00: float64, float64 
[ 2022-12-05 23:35:23,041 ] 64 root - INFO - Hypothesis ed_000: float64, float64 
[ 2022-12-05 23:35:23,082 ] 64 root - INFO - Hypothesis ee_000: float64, float64 
[ 2022-12-05 23:35:23,125 ] 64 root - INFO - Hypothesis ee_001: float64, float64 
[ 2022-12-05 23:35:23,168 ] 64 root - INFO - Hypothesis ee_002: float64, float64 
[ 2022-12-05 23:35:23,210 ] 64 root - INFO - Hypothesis ee_003: float64, float64 
[ 2022-12-05 23:35:23,251 ] 64 root - INFO - Hypothesis ee_004: float64, float64 
[ 2022-12-05 23:35:23,293 ] 64 root - INFO - Hypothesis ee_005: float64, float64 
[ 2022-12-05 23:35:23,336 ] 64 root - INFO - Hypothesis ee_006: float64, float64 
[ 2022-12-05 23:35:23,346 ] 64 root - INFO - Hypothesis ee_007: float64, float64 
[ 2022-12-05 23:35:23,389 ] 64 root - INFO - Hypothesis ee_008: float64, float64 
[ 2022-12-05 23:35:23,398 ] 64 root - INFO - Hypothesis ee_009: float64, float64 
[ 2022-12-05 23:35:23,405 ] 64 root - INFO - Hypothesis ef_000: float64, float64 
[ 2022-12-05 23:35:23,410 ] 64 root - INFO - Hypothesis eg_000: float64, float64 
[ 2022-12-05 23:35:23,445 ] 64 root - INFO - Hypothesis class: object, object 
[ 2022-12-05 23:35:23,521 ] 64 root - INFO - Hypothesis aa_000: float64, float64 
[ 2022-12-05 23:35:23,529 ] 64 root - INFO - Hypothesis ac_000: float64, float64 
[ 2022-12-05 23:35:23,535 ] 64 root - INFO - Hypothesis ae_000: float64, float64 
[ 2022-12-05 23:35:23,550 ] 64 root - INFO - Hypothesis af_000: float64, float64 
[ 2022-12-05 23:35:23,566 ] 64 root - INFO - Hypothesis ag_000: float64, float64 
[ 2022-12-05 23:35:23,581 ] 64 root - INFO - Hypothesis ag_001: float64, float64 
[ 2022-12-05 23:35:23,596 ] 64 root - INFO - Hypothesis ag_002: float64, float64 
[ 2022-12-05 23:35:23,611 ] 64 root - INFO - Hypothesis ag_003: float64, float64 
[ 2022-12-05 23:35:23,616 ] 64 root - INFO - Hypothesis ag_004: float64, float64 
[ 2022-12-05 23:35:23,622 ] 64 root - INFO - Hypothesis ag_005: float64, float64 
[ 2022-12-05 23:35:23,629 ] 64 root - INFO - Hypothesis ag_006: float64, float64 
[ 2022-12-05 23:35:23,636 ] 64 root - INFO - Hypothesis ag_007: float64, float64 
[ 2022-12-05 23:35:23,643 ] 64 root - INFO - Hypothesis ag_008: float64, float64 
[ 2022-12-05 23:35:23,648 ] 64 root - INFO - Hypothesis ag_009: float64, float64 
[ 2022-12-05 23:35:23,653 ] 64 root - INFO - Hypothesis ah_000: float64, float64 
[ 2022-12-05 23:35:23,660 ] 64 root - INFO - Hypothesis ai_000: float64, float64 
[ 2022-12-05 23:35:23,675 ] 64 root - INFO - Hypothesis aj_000: float64, float64 
[ 2022-12-05 23:35:23,679 ] 64 root - INFO - Hypothesis ak_000: float64, float64 
[ 2022-12-05 23:35:23,683 ] 64 root - INFO - Hypothesis al_000: float64, float64 
[ 2022-12-05 23:35:23,690 ] 64 root - INFO - Hypothesis am_0: float64, float64 
[ 2022-12-05 23:35:23,695 ] 64 root - INFO - Hypothesis an_000: float64, float64 
[ 2022-12-05 23:35:23,702 ] 64 root - INFO - Hypothesis ao_000: float64, float64 
[ 2022-12-05 23:35:23,709 ] 64 root - INFO - Hypothesis ap_000: float64, float64 
[ 2022-12-05 23:35:23,716 ] 64 root - INFO - Hypothesis aq_000: float64, float64 
[ 2022-12-05 23:35:23,723 ] 64 root - INFO - Hypothesis ar_000: float64, float64 
[ 2022-12-05 23:35:23,739 ] 64 root - INFO - Hypothesis as_000: float64, float64 
[ 2022-12-05 23:35:23,755 ] 64 root - INFO - Hypothesis at_000: float64, float64 
[ 2022-12-05 23:35:23,758 ] 64 root - INFO - Hypothesis au_000: float64, float64 
[ 2022-12-05 23:35:23,775 ] 64 root - INFO - Hypothesis av_000: float64, float64 
[ 2022-12-05 23:35:23,781 ] 64 root - INFO - Hypothesis ax_000: float64, float64 
[ 2022-12-05 23:35:23,786 ] 64 root - INFO - Hypothesis ay_000: float64, float64 
[ 2022-12-05 23:35:23,801 ] 64 root - INFO - Hypothesis ay_001: float64, float64 
[ 2022-12-05 23:35:23,816 ] 64 root - INFO - Hypothesis ay_002: float64, float64 
[ 2022-12-05 23:35:23,831 ] 64 root - INFO - Hypothesis ay_003: float64, float64 
[ 2022-12-05 23:35:23,846 ] 64 root - INFO - Hypothesis ay_004: float64, float64 
[ 2022-12-05 23:35:23,861 ] 64 root - INFO - Hypothesis ay_005: float64, float64 
[ 2022-12-05 23:35:23,867 ] 64 root - INFO - Hypothesis ay_006: float64, float64 
[ 2022-12-05 23:35:23,873 ] 64 root - INFO - Hypothesis ay_007: float64, float64 
[ 2022-12-05 23:35:23,880 ] 64 root - INFO - Hypothesis ay_008: float64, float64 
[ 2022-12-05 23:35:23,892 ] 64 root - INFO - Hypothesis ay_009: float64, float64 
[ 2022-12-05 23:35:23,907 ] 64 root - INFO - Hypothesis az_000: float64, float64 
[ 2022-12-05 23:35:23,914 ] 64 root - INFO - Hypothesis az_001: float64, float64 
[ 2022-12-05 23:35:23,921 ] 64 root - INFO - Hypothesis az_002: float64, float64 
[ 2022-12-05 23:35:23,928 ] 64 root - INFO - Hypothesis az_003: float64, float64 
[ 2022-12-05 23:35:23,935 ] 64 root - INFO - Hypothesis az_004: float64, float64 
[ 2022-12-05 23:35:23,942 ] 64 root - INFO - Hypothesis az_005: float64, float64 
[ 2022-12-05 23:35:23,949 ] 64 root - INFO - Hypothesis az_006: float64, float64 
[ 2022-12-05 23:35:23,955 ] 64 root - INFO - Hypothesis az_007: float64, float64 
[ 2022-12-05 23:35:23,959 ] 64 root - INFO - Hypothesis az_008: float64, float64 
[ 2022-12-05 23:35:23,963 ] 64 root - INFO - Hypothesis az_009: float64, float64 
[ 2022-12-05 23:35:23,978 ] 64 root - INFO - Hypothesis ba_000: float64, float64 
[ 2022-12-05 23:35:23,985 ] 64 root - INFO - Hypothesis ba_001: float64, float64 
[ 2022-12-05 23:35:23,992 ] 64 root - INFO - Hypothesis ba_002: float64, float64 
[ 2022-12-05 23:35:23,999 ] 64 root - INFO - Hypothesis ba_003: float64, float64 
[ 2022-12-05 23:35:24,006 ] 64 root - INFO - Hypothesis ba_004: float64, float64 
[ 2022-12-05 23:35:24,014 ] 64 root - INFO - Hypothesis ba_005: float64, float64 
[ 2022-12-05 23:35:24,021 ] 64 root - INFO - Hypothesis ba_006: float64, float64 
[ 2022-12-05 23:35:24,028 ] 64 root - INFO - Hypothesis ba_007: float64, float64 
[ 2022-12-05 23:35:24,035 ] 64 root - INFO - Hypothesis ba_008: float64, float64 
[ 2022-12-05 23:35:24,040 ] 64 root - INFO - Hypothesis ba_009: float64, float64 
[ 2022-12-05 23:35:24,045 ] 64 root - INFO - Hypothesis bb_000: float64, float64 
[ 2022-12-05 23:35:24,052 ] 64 root - INFO - Hypothesis bc_000: float64, float64 
[ 2022-12-05 23:35:24,057 ] 64 root - INFO - Hypothesis bd_000: float64, float64 
[ 2022-12-05 23:35:24,063 ] 64 root - INFO - Hypothesis be_000: float64, float64 
[ 2022-12-05 23:35:24,068 ] 64 root - INFO - Hypothesis bf_000: float64, float64 
[ 2022-12-05 23:35:24,073 ] 64 root - INFO - Hypothesis bg_000: float64, float64 
[ 2022-12-05 23:35:24,080 ] 64 root - INFO - Hypothesis bh_000: float64, float64 
[ 2022-12-05 23:35:24,087 ] 64 root - INFO - Hypothesis bi_000: float64, float64 
[ 2022-12-05 23:35:24,095 ] 64 root - INFO - Hypothesis bj_000: float64, float64 
[ 2022-12-05 23:35:24,102 ] 64 root - INFO - Hypothesis bs_000: float64, float64 
[ 2022-12-05 23:35:24,109 ] 64 root - INFO - Hypothesis bt_000: float64, float64 
[ 2022-12-05 23:35:24,116 ] 64 root - INFO - Hypothesis bu_000: float64, float64 
[ 2022-12-05 23:35:24,123 ] 64 root - INFO - Hypothesis bv_000: float64, float64 
[ 2022-12-05 23:35:24,130 ] 64 root - INFO - Hypothesis bx_000: float64, float64 
[ 2022-12-05 23:35:24,137 ] 64 root - INFO - Hypothesis by_000: float64, float64 
[ 2022-12-05 23:35:24,143 ] 64 root - INFO - Hypothesis bz_000: float64, float64 
[ 2022-12-05 23:35:24,150 ] 64 root - INFO - Hypothesis ca_000: float64, float64 
[ 2022-12-05 23:35:24,157 ] 64 root - INFO - Hypothesis cb_000: float64, float64 
[ 2022-12-05 23:35:24,164 ] 64 root - INFO - Hypothesis cc_000: float64, float64 
[ 2022-12-05 23:35:24,171 ] 64 root - INFO - Hypothesis cd_000: float64, float64 
[ 2022-12-05 23:35:24,186 ] 64 root - INFO - Hypothesis ce_000: float64, float64 
[ 2022-12-05 23:35:24,192 ] 64 root - INFO - Hypothesis ci_000: float64, float64 
[ 2022-12-05 23:35:24,199 ] 64 root - INFO - Hypothesis cj_000: float64, float64 
[ 2022-12-05 23:35:24,203 ] 64 root - INFO - Hypothesis ck_000: float64, float64 
[ 2022-12-05 23:35:24,210 ] 64 root - INFO - Hypothesis cl_000: float64, float64 
[ 2022-12-05 23:35:24,215 ] 64 root - INFO - Hypothesis cm_000: float64, float64 
[ 2022-12-05 23:35:24,219 ] 64 root - INFO - Hypothesis cn_000: float64, float64 
[ 2022-12-05 23:35:24,235 ] 64 root - INFO - Hypothesis cn_001: float64, float64 
[ 2022-12-05 23:35:24,251 ] 64 root - INFO - Hypothesis cn_002: float64, float64 
[ 2022-12-05 23:35:24,256 ] 64 root - INFO - Hypothesis cn_003: float64, float64 
[ 2022-12-05 23:35:24,263 ] 64 root - INFO - Hypothesis cn_004: float64, float64 
[ 2022-12-05 23:35:24,270 ] 64 root - INFO - Hypothesis cn_005: float64, float64 
[ 2022-12-05 23:35:24,277 ] 64 root - INFO - Hypothesis cn_006: float64, float64 
[ 2022-12-05 23:35:24,285 ] 64 root - INFO - Hypothesis cn_007: float64, float64 
[ 2022-12-05 23:35:24,292 ] 64 root - INFO - Hypothesis cn_008: float64, float64 
[ 2022-12-05 23:35:24,298 ] 64 root - INFO - Hypothesis cn_009: float64, float64 
[ 2022-12-05 23:35:24,303 ] 64 root - INFO - Hypothesis cp_000: float64, float64 
[ 2022-12-05 23:35:24,308 ] 64 root - INFO - Hypothesis cq_000: float64, float64 
[ 2022-12-05 23:35:24,315 ] 64 root - INFO - Hypothesis cs_000: float64, float64 
[ 2022-12-05 23:35:24,322 ] 64 root - INFO - Hypothesis cs_001: float64, float64 
[ 2022-12-05 23:35:24,328 ] 64 root - INFO - Hypothesis cs_002: float64, float64 
[ 2022-12-05 23:35:24,335 ] 64 root - INFO - Hypothesis cs_003: float64, float64 
[ 2022-12-05 23:35:24,342 ] 64 root - INFO - Hypothesis cs_004: float64, float64 
[ 2022-12-05 23:35:24,349 ] 64 root - INFO - Hypothesis cs_005: float64, float64 
[ 2022-12-05 23:35:24,356 ] 64 root - INFO - Hypothesis cs_006: float64, float64 
[ 2022-12-05 23:35:24,363 ] 64 root - INFO - Hypothesis cs_007: float64, float64 
[ 2022-12-05 23:35:24,370 ] 64 root - INFO - Hypothesis cs_008: float64, float64 
[ 2022-12-05 23:35:24,375 ] 64 root - INFO - Hypothesis cs_009: float64, float64 
[ 2022-12-05 23:35:24,390 ] 64 root - INFO - Hypothesis dd_000: float64, float64 
[ 2022-12-05 23:35:24,397 ] 64 root - INFO - Hypothesis de_000: float64, float64 
[ 2022-12-05 23:35:24,402 ] 64 root - INFO - Hypothesis df_000: float64, float64 
[ 2022-12-05 23:35:24,418 ] 64 root - INFO - Hypothesis dg_000: float64, float64 
[ 2022-12-05 23:35:24,434 ] 64 root - INFO - Hypothesis dh_000: float64, float64 
[ 2022-12-05 23:35:24,437 ] 64 root - INFO - Hypothesis di_000: float64, float64 
[ 2022-12-05 23:35:24,441 ] 64 root - INFO - Hypothesis dj_000: float64, float64 
[ 2022-12-05 23:35:24,456 ] 64 root - INFO - Hypothesis dk_000: float64, float64 
[ 2022-12-05 23:35:24,472 ] 64 root - INFO - Hypothesis dl_000: float64, float64 
[ 2022-12-05 23:35:24,487 ] 64 root - INFO - Hypothesis dm_000: float64, float64 
[ 2022-12-05 23:35:24,503 ] 64 root - INFO - Hypothesis dn_000: float64, float64 
[ 2022-12-05 23:35:24,510 ] 64 root - INFO - Hypothesis do_000: float64, float64 
[ 2022-12-05 23:35:24,516 ] 64 root - INFO - Hypothesis dp_000: float64, float64 
[ 2022-12-05 23:35:24,523 ] 64 root - INFO - Hypothesis dq_000: float64, float64 
[ 2022-12-05 23:35:24,527 ] 64 root - INFO - Hypothesis dr_000: float64, float64 
[ 2022-12-05 23:35:24,531 ] 64 root - INFO - Hypothesis ds_000: float64, float64 
[ 2022-12-05 23:35:24,538 ] 64 root - INFO - Hypothesis dt_000: float64, float64 
[ 2022-12-05 23:35:24,545 ] 64 root - INFO - Hypothesis du_000: float64, float64 
[ 2022-12-05 23:35:24,553 ] 64 root - INFO - Hypothesis dv_000: float64, float64 
[ 2022-12-05 23:35:24,561 ] 64 root - INFO - Hypothesis dx_000: float64, float64 
[ 2022-12-05 23:35:24,565 ] 64 root - INFO - Hypothesis dy_000: float64, float64 
[ 2022-12-05 23:35:24,583 ] 64 root - INFO - Hypothesis dz_000: float64, float64 
[ 2022-12-05 23:35:24,598 ] 64 root - INFO - Hypothesis ea_000: float64, float64 
[ 2022-12-05 23:35:24,614 ] 64 root - INFO - Hypothesis eb_000: float64, float64 
[ 2022-12-05 23:35:24,621 ] 64 root - INFO - Hypothesis ec_00: float64, float64 
[ 2022-12-05 23:35:24,628 ] 64 root - INFO - Hypothesis ed_000: float64, float64 
[ 2022-12-05 23:35:24,634 ] 64 root - INFO - Hypothesis ee_000: float64, float64 
[ 2022-12-05 23:35:24,642 ] 64 root - INFO - Hypothesis ee_001: float64, float64 
[ 2022-12-05 23:35:24,649 ] 64 root - INFO - Hypothesis ee_002: float64, float64 
[ 2022-12-05 23:35:24,657 ] 64 root - INFO - Hypothesis ee_003: float64, float64 
[ 2022-12-05 23:35:24,664 ] 64 root - INFO - Hypothesis ee_004: float64, float64 
[ 2022-12-05 23:35:24,671 ] 64 root - INFO - Hypothesis ee_005: float64, float64 
[ 2022-12-05 23:35:24,678 ] 64 root - INFO - Hypothesis ee_006: float64, float64 
[ 2022-12-05 23:35:24,685 ] 64 root - INFO - Hypothesis ee_007: float64, float64 
[ 2022-12-05 23:35:24,691 ] 64 root - INFO - Hypothesis ee_008: float64, float64 
[ 2022-12-05 23:35:24,697 ] 64 root - INFO - Hypothesis ee_009: float64, float64 
[ 2022-12-05 23:35:24,703 ] 64 root - INFO - Hypothesis ef_000: float64, float64 
[ 2022-12-05 23:35:24,718 ] 64 root - INFO - Hypothesis eg_000: float64, float64 
