[ 2022-12-05 22:40:55,425 ] 22 root - INFO - Exporting collection data as pandas dataframe
[ 2022-12-05 22:40:55,425 ] 11 root - INFO - Reading data from database: aps and collection: sensor
[ 2022-12-05 22:40:58,772 ] 14 root - INFO - Dropping column: _id 
[ 2022-12-05 22:40:58,991 ] 16 root - INFO - Row and columns in df: (36188, 171)
[ 2022-12-05 22:40:59,510 ] 26 root - INFO - Create feature store folder if not available
[ 2022-12-05 22:40:59,510 ] 29 root - INFO - Saving df to feature store dir
[ 2022-12-05 22:41:01,853 ] 32 root - INFO - split data into train and test data
[ 2022-12-05 22:41:02,369 ] 35 root - INFO - create dataset directory folder if not available
[ 2022-12-05 22:41:04,451 ] 46 root - INFO - Data ingestion artifact: DataIngestionArtifact(feature_store_path='/config/workspace/artifact/12052022__22401670260255/artifact/feature_store/sensor.csv', train_file_path='/config/workspace/artifact/12052022__22401670260255/artifact/dataset/train.csv', test_file_path='/config/workspace/artifact/12052022__22401670260255/artifact/dataset/test.csv')
[ 2022-12-05 22:41:04,812 ] 22 root - INFO - Exporting collection data as pandas dataframe
[ 2022-12-05 22:41:04,812 ] 11 root - INFO - Reading data from database: aps and collection: sensor
[ 2022-12-05 22:41:08,032 ] 14 root - INFO - Dropping column: _id 
[ 2022-12-05 22:41:08,229 ] 16 root - INFO - Row and columns in df: (36188, 171)
[ 2022-12-05 22:41:08,749 ] 26 root - INFO - Create feature store folder if not available
[ 2022-12-05 22:41:08,750 ] 29 root - INFO - Saving df to feature store dir
[ 2022-12-05 22:41:11,091 ] 32 root - INFO - split data into train and test data
[ 2022-12-05 22:41:11,592 ] 35 root - INFO - create dataset directory folder if not available
[ 2022-12-05 22:41:13,708 ] 46 root - INFO - Data ingestion artifact: DataIngestionArtifact(feature_store_path='/config/workspace/artifact/12052022__22401670260255/artifact/feature_store/sensor.csv', train_file_path='/config/workspace/artifact/12052022__22401670260255/artifact/dataset/train.csv', test_file_path='/config/workspace/artifact/12052022__22401670260255/artifact/dataset/test.csv')
[ 2022-12-05 22:41:14,116 ] 15 root - INFO - >>>>>>>>>>>>>>>>>>>>>>>>>>>>>>>>>>>>>>>>Data Validation <<<<<<<<<<<<<<<<<<<<<<<<<<<<<<<<<<<<<<<<
[ 2022-12-05 22:41:14,116 ] 84 root - INFO - Reading base file
[ 2022-12-05 22:41:15,669 ] 86 root - INFO - Replacing na values with Nan values
[ 2022-12-05 22:41:16,940 ] 88 root - INFO - Drop missing values in base df
[ 2022-12-05 22:41:17,885 ] 26 root - INFO - selecting column name which contains null above to 0.2
[ 2022-12-05 22:41:17,965 ] 92 root - INFO - Reading train and test data files
[ 2022-12-05 22:41:18,443 ] 96 root - INFO - Dropping missing values in training and testing files
[ 2022-12-05 22:41:18,454 ] 26 root - INFO - selecting column name which contains null above to 0.2
[ 2022-12-05 22:41:18,468 ] 26 root - INFO - selecting column name which contains null above to 0.2
[ 2022-12-05 22:41:24,491 ] 64 root - INFO - Hypothesis class: object, object 
[ 2022-12-05 22:41:24,620 ] 64 root - INFO - Hypothesis aa_000: float64, float64 
[ 2022-12-05 22:41:24,660 ] 64 root - INFO - Hypothesis ac_000: float64, float64 
[ 2022-12-05 22:41:24,699 ] 64 root - INFO - Hypothesis ae_000: float64, float64 
[ 2022-12-05 22:41:24,734 ] 64 root - INFO - Hypothesis af_000: float64, float64 
[ 2022-12-05 22:41:24,769 ] 64 root - INFO - Hypothesis ag_000: float64, float64 
[ 2022-12-05 22:41:24,803 ] 64 root - INFO - Hypothesis ag_001: float64, float64 
[ 2022-12-05 22:41:24,838 ] 64 root - INFO - Hypothesis ag_002: float64, float64 
[ 2022-12-05 22:41:24,874 ] 64 root - INFO - Hypothesis ag_003: float64, float64 
[ 2022-12-05 22:41:24,910 ] 64 root - INFO - Hypothesis ag_004: float64, float64 
[ 2022-12-05 22:41:24,951 ] 64 root - INFO - Hypothesis ag_005: float64, float64 
[ 2022-12-05 22:41:24,992 ] 64 root - INFO - Hypothesis ag_006: float64, float64 
[ 2022-12-05 22:41:25,034 ] 64 root - INFO - Hypothesis ag_007: float64, float64 
[ 2022-12-05 22:41:25,075 ] 64 root - INFO - Hypothesis ag_008: float64, float64 
[ 2022-12-05 22:41:25,116 ] 64 root - INFO - Hypothesis ag_009: float64, float64 
[ 2022-12-05 22:41:25,155 ] 64 root - INFO - Hypothesis ah_000: float64, float64 
[ 2022-12-05 22:41:25,197 ] 64 root - INFO - Hypothesis ai_000: float64, float64 
[ 2022-12-05 22:41:25,233 ] 64 root - INFO - Hypothesis aj_000: float64, float64 
[ 2022-12-05 22:41:25,269 ] 64 root - INFO - Hypothesis ak_000: float64, float64 
[ 2022-12-05 22:41:25,303 ] 64 root - INFO - Hypothesis al_000: float64, float64 
[ 2022-12-05 22:41:25,341 ] 64 root - INFO - Hypothesis am_0: float64, float64 
[ 2022-12-05 22:41:25,379 ] 64 root - INFO - Hypothesis an_000: float64, float64 
[ 2022-12-05 22:41:25,420 ] 64 root - INFO - Hypothesis ao_000: float64, float64 
[ 2022-12-05 22:41:25,462 ] 64 root - INFO - Hypothesis ap_000: float64, float64 
[ 2022-12-05 22:41:25,472 ] 64 root - INFO - Hypothesis aq_000: float64, float64 
[ 2022-12-05 22:41:25,513 ] 64 root - INFO - Hypothesis ar_000: float64, float64 
[ 2022-12-05 22:41:25,548 ] 64 root - INFO - Hypothesis as_000: float64, float64 
[ 2022-12-05 22:41:25,582 ] 64 root - INFO - Hypothesis at_000: float64, float64 
[ 2022-12-05 22:41:25,617 ] 64 root - INFO - Hypothesis au_000: float64, float64 
[ 2022-12-05 22:41:25,651 ] 64 root - INFO - Hypothesis av_000: float64, float64 
[ 2022-12-05 22:41:25,689 ] 64 root - INFO - Hypothesis ax_000: float64, float64 
[ 2022-12-05 22:41:25,727 ] 64 root - INFO - Hypothesis ay_000: float64, float64 
[ 2022-12-05 22:41:25,761 ] 64 root - INFO - Hypothesis ay_001: float64, float64 
[ 2022-12-05 22:41:25,795 ] 64 root - INFO - Hypothesis ay_002: float64, float64 
[ 2022-12-05 22:41:25,831 ] 64 root - INFO - Hypothesis ay_003: float64, float64 
[ 2022-12-05 22:41:25,865 ] 64 root - INFO - Hypothesis ay_004: float64, float64 
[ 2022-12-05 22:41:25,899 ] 64 root - INFO - Hypothesis ay_005: float64, float64 
[ 2022-12-05 22:41:25,938 ] 64 root - INFO - Hypothesis ay_006: float64, float64 
[ 2022-12-05 22:41:25,978 ] 64 root - INFO - Hypothesis ay_007: float64, float64 
[ 2022-12-05 22:41:25,988 ] 64 root - INFO - Hypothesis ay_008: float64, float64 
[ 2022-12-05 22:41:25,998 ] 64 root - INFO - Hypothesis ay_009: float64, float64 
[ 2022-12-05 22:41:26,033 ] 64 root - INFO - Hypothesis az_000: float64, float64 
[ 2022-12-05 22:41:26,076 ] 64 root - INFO - Hypothesis az_001: float64, float64 
[ 2022-12-05 22:41:26,118 ] 64 root - INFO - Hypothesis az_002: float64, float64 
[ 2022-12-05 22:41:26,160 ] 64 root - INFO - Hypothesis az_003: float64, float64 
[ 2022-12-05 22:41:26,171 ] 64 root - INFO - Hypothesis az_004: float64, float64 
[ 2022-12-05 22:41:26,213 ] 64 root - INFO - Hypothesis az_005: float64, float64 
[ 2022-12-05 22:41:26,255 ] 64 root - INFO - Hypothesis az_006: float64, float64 
[ 2022-12-05 22:41:26,265 ] 64 root - INFO - Hypothesis az_007: float64, float64 
[ 2022-12-05 22:41:26,302 ] 64 root - INFO - Hypothesis az_008: float64, float64 
[ 2022-12-05 22:41:26,337 ] 64 root - INFO - Hypothesis az_009: float64, float64 
[ 2022-12-05 22:41:26,372 ] 64 root - INFO - Hypothesis ba_000: float64, float64 
[ 2022-12-05 22:41:26,412 ] 64 root - INFO - Hypothesis ba_001: float64, float64 
[ 2022-12-05 22:41:26,452 ] 64 root - INFO - Hypothesis ba_002: float64, float64 
[ 2022-12-05 22:41:26,493 ] 64 root - INFO - Hypothesis ba_003: float64, float64 
[ 2022-12-05 22:41:26,539 ] 64 root - INFO - Hypothesis ba_004: float64, float64 
[ 2022-12-05 22:41:26,580 ] 64 root - INFO - Hypothesis ba_005: float64, float64 
[ 2022-12-05 22:41:26,621 ] 64 root - INFO - Hypothesis ba_006: float64, float64 
[ 2022-12-05 22:41:26,661 ] 64 root - INFO - Hypothesis ba_007: float64, float64 
[ 2022-12-05 22:41:26,700 ] 64 root - INFO - Hypothesis ba_008: float64, float64 
[ 2022-12-05 22:41:26,708 ] 64 root - INFO - Hypothesis ba_009: float64, float64 
[ 2022-12-05 22:41:26,715 ] 64 root - INFO - Hypothesis bb_000: float64, float64 
[ 2022-12-05 22:41:26,756 ] 64 root - INFO - Hypothesis bc_000: float64, float64 
[ 2022-12-05 22:41:26,793 ] 64 root - INFO - Hypothesis bd_000: float64, float64 
[ 2022-12-05 22:41:26,833 ] 64 root - INFO - Hypothesis be_000: float64, float64 
[ 2022-12-05 22:41:26,872 ] 64 root - INFO - Hypothesis bf_000: float64, float64 
[ 2022-12-05 22:41:26,879 ] 64 root - INFO - Hypothesis bg_000: float64, float64 
[ 2022-12-05 22:41:26,920 ] 64 root - INFO - Hypothesis bh_000: float64, float64 
[ 2022-12-05 22:41:26,962 ] 64 root - INFO - Hypothesis bi_000: float64, float64 
[ 2022-12-05 22:41:27,004 ] 64 root - INFO - Hypothesis bj_000: float64, float64 
[ 2022-12-05 22:41:27,015 ] 64 root - INFO - Hypothesis bs_000: float64, float64 
[ 2022-12-05 22:41:27,025 ] 64 root - INFO - Hypothesis bt_000: float64, float64 
[ 2022-12-05 22:41:27,066 ] 64 root - INFO - Hypothesis bu_000: float64, float64 
[ 2022-12-05 22:41:27,107 ] 64 root - INFO - Hypothesis bv_000: float64, float64 
[ 2022-12-05 22:41:27,148 ] 64 root - INFO - Hypothesis bx_000: float64, float64 
[ 2022-12-05 22:41:27,190 ] 64 root - INFO - Hypothesis by_000: float64, float64 
[ 2022-12-05 22:41:27,231 ] 64 root - INFO - Hypothesis bz_000: float64, float64 
[ 2022-12-05 22:41:27,271 ] 64 root - INFO - Hypothesis ca_000: float64, float64 
[ 2022-12-05 22:41:27,282 ] 64 root - INFO - Hypothesis cb_000: float64, float64 
[ 2022-12-05 22:41:27,293 ] 64 root - INFO - Hypothesis cc_000: float64, float64 
[ 2022-12-05 22:41:27,303 ] 64 root - INFO - Hypothesis cd_000: float64, float64 
[ 2022-12-05 22:41:27,338 ] 64 root - INFO - Hypothesis ce_000: float64, float64 
[ 2022-12-05 22:41:27,378 ] 64 root - INFO - Hypothesis ci_000: float64, float64 
[ 2022-12-05 22:41:27,418 ] 64 root - INFO - Hypothesis cj_000: float64, float64 
[ 2022-12-05 22:41:27,456 ] 64 root - INFO - Hypothesis ck_000: float64, float64 
[ 2022-12-05 22:41:27,496 ] 64 root - INFO - Hypothesis cl_000: float64, float64 
[ 2022-12-05 22:41:27,532 ] 64 root - INFO - Hypothesis cm_000: float64, float64 
[ 2022-12-05 22:41:27,570 ] 64 root - INFO - Hypothesis cn_000: float64, float64 
[ 2022-12-05 22:41:27,605 ] 64 root - INFO - Hypothesis cn_001: float64, float64 
[ 2022-12-05 22:41:27,641 ] 64 root - INFO - Hypothesis cn_002: float64, float64 
[ 2022-12-05 22:41:27,649 ] 64 root - INFO - Hypothesis cn_003: float64, float64 
[ 2022-12-05 22:41:27,659 ] 64 root - INFO - Hypothesis cn_004: float64, float64 
[ 2022-12-05 22:41:27,700 ] 64 root - INFO - Hypothesis cn_005: float64, float64 
[ 2022-12-05 22:41:27,711 ] 64 root - INFO - Hypothesis cn_006: float64, float64 
[ 2022-12-05 22:41:27,751 ] 64 root - INFO - Hypothesis cn_007: float64, float64 
[ 2022-12-05 22:41:27,791 ] 64 root - INFO - Hypothesis cn_008: float64, float64 
[ 2022-12-05 22:41:27,830 ] 64 root - INFO - Hypothesis cn_009: float64, float64 
[ 2022-12-05 22:41:27,868 ] 64 root - INFO - Hypothesis cp_000: float64, float64 
[ 2022-12-05 22:41:27,906 ] 64 root - INFO - Hypothesis cq_000: float64, float64 
[ 2022-12-05 22:41:27,948 ] 64 root - INFO - Hypothesis cs_000: float64, float64 
[ 2022-12-05 22:41:27,989 ] 64 root - INFO - Hypothesis cs_001: float64, float64 
[ 2022-12-05 22:41:28,029 ] 64 root - INFO - Hypothesis cs_002: float64, float64 
[ 2022-12-05 22:41:28,070 ] 64 root - INFO - Hypothesis cs_003: float64, float64 
[ 2022-12-05 22:41:28,112 ] 64 root - INFO - Hypothesis cs_004: float64, float64 
[ 2022-12-05 22:41:28,153 ] 64 root - INFO - Hypothesis cs_005: float64, float64 
[ 2022-12-05 22:41:28,193 ] 64 root - INFO - Hypothesis cs_006: float64, float64 
[ 2022-12-05 22:41:28,204 ] 64 root - INFO - Hypothesis cs_007: float64, float64 
[ 2022-12-05 22:41:28,245 ] 64 root - INFO - Hypothesis cs_008: float64, float64 
[ 2022-12-05 22:41:28,283 ] 64 root - INFO - Hypothesis cs_009: float64, float64 
[ 2022-12-05 22:41:28,319 ] 64 root - INFO - Hypothesis dd_000: float64, float64 
[ 2022-12-05 22:41:28,329 ] 64 root - INFO - Hypothesis de_000: float64, float64 
[ 2022-12-05 22:41:28,369 ] 64 root - INFO - Hypothesis df_000: float64, float64 
[ 2022-12-05 22:41:28,409 ] 64 root - INFO - Hypothesis dg_000: float64, float64 
[ 2022-12-05 22:41:28,444 ] 64 root - INFO - Hypothesis dh_000: float64, float64 
[ 2022-12-05 22:41:28,479 ] 64 root - INFO - Hypothesis di_000: float64, float64 
[ 2022-12-05 22:41:28,516 ] 64 root - INFO - Hypothesis dj_000: float64, float64 
[ 2022-12-05 22:41:28,552 ] 64 root - INFO - Hypothesis dk_000: float64, float64 
[ 2022-12-05 22:41:28,587 ] 64 root - INFO - Hypothesis dl_000: float64, float64 
[ 2022-12-05 22:41:28,623 ] 64 root - INFO - Hypothesis dm_000: float64, float64 
[ 2022-12-05 22:41:28,659 ] 64 root - INFO - Hypothesis dn_000: float64, float64 
[ 2022-12-05 22:41:28,700 ] 64 root - INFO - Hypothesis do_000: float64, float64 
[ 2022-12-05 22:41:28,709 ] 64 root - INFO - Hypothesis dp_000: float64, float64 
[ 2022-12-05 22:41:28,719 ] 64 root - INFO - Hypothesis dq_000: float64, float64 
[ 2022-12-05 22:41:28,755 ] 64 root - INFO - Hypothesis dr_000: float64, float64 
[ 2022-12-05 22:41:28,792 ] 64 root - INFO - Hypothesis ds_000: float64, float64 
[ 2022-12-05 22:41:28,802 ] 64 root - INFO - Hypothesis dt_000: float64, float64 
[ 2022-12-05 22:41:28,812 ] 64 root - INFO - Hypothesis du_000: float64, float64 
[ 2022-12-05 22:41:28,822 ] 64 root - INFO - Hypothesis dv_000: float64, float64 
[ 2022-12-05 22:41:28,832 ] 64 root - INFO - Hypothesis dx_000: float64, float64 
[ 2022-12-05 22:41:28,839 ] 64 root - INFO - Hypothesis dy_000: float64, float64 
[ 2022-12-05 22:41:28,846 ] 64 root - INFO - Hypothesis dz_000: float64, float64 
[ 2022-12-05 22:41:28,880 ] 64 root - INFO - Hypothesis ea_000: float64, float64 
[ 2022-12-05 22:41:28,916 ] 64 root - INFO - Hypothesis eb_000: float64, float64 
[ 2022-12-05 22:41:28,954 ] 64 root - INFO - Hypothesis ec_00: float64, float64 
[ 2022-12-05 22:41:28,964 ] 64 root - INFO - Hypothesis ed_000: float64, float64 
[ 2022-12-05 22:41:29,004 ] 64 root - INFO - Hypothesis ee_000: float64, float64 
[ 2022-12-05 22:41:29,045 ] 64 root - INFO - Hypothesis ee_001: float64, float64 
[ 2022-12-05 22:41:29,086 ] 64 root - INFO - Hypothesis ee_002: float64, float64 
[ 2022-12-05 22:41:29,127 ] 64 root - INFO - Hypothesis ee_003: float64, float64 
[ 2022-12-05 22:41:29,168 ] 64 root - INFO - Hypothesis ee_004: float64, float64 
[ 2022-12-05 22:41:29,208 ] 64 root - INFO - Hypothesis ee_005: float64, float64 
[ 2022-12-05 22:41:29,248 ] 64 root - INFO - Hypothesis ee_006: float64, float64 
[ 2022-12-05 22:41:29,258 ] 64 root - INFO - Hypothesis ee_007: float64, float64 
[ 2022-12-05 22:41:29,268 ] 64 root - INFO - Hypothesis ee_008: float64, float64 
[ 2022-12-05 22:41:29,307 ] 64 root - INFO - Hypothesis ee_009: float64, float64 
[ 2022-12-05 22:41:29,315 ] 64 root - INFO - Hypothesis ef_000: float64, float64 
[ 2022-12-05 22:41:29,350 ] 64 root - INFO - Hypothesis eg_000: float64, float64 
[ 2022-12-05 22:41:29,384 ] 64 root - INFO - Hypothesis class: object, object 
[ 2022-12-05 22:41:29,459 ] 64 root - INFO - Hypothesis aa_000: float64, float64 
[ 2022-12-05 22:41:29,466 ] 64 root - INFO - Hypothesis ac_000: float64, float64 
[ 2022-12-05 22:41:29,471 ] 64 root - INFO - Hypothesis ae_000: float64, float64 
[ 2022-12-05 22:41:29,475 ] 64 root - INFO - Hypothesis af_000: float64, float64 
[ 2022-12-05 22:41:29,491 ] 64 root - INFO - Hypothesis ag_000: float64, float64 
[ 2022-12-05 22:41:29,505 ] 64 root - INFO - Hypothesis ag_001: float64, float64 
[ 2022-12-05 22:41:29,520 ] 64 root - INFO - Hypothesis ag_002: float64, float64 
[ 2022-12-05 22:41:29,523 ] 64 root - INFO - Hypothesis ag_003: float64, float64 
[ 2022-12-05 22:41:29,527 ] 64 root - INFO - Hypothesis ag_004: float64, float64 
[ 2022-12-05 22:41:29,534 ] 64 root - INFO - Hypothesis ag_005: float64, float64 
[ 2022-12-05 22:41:29,541 ] 64 root - INFO - Hypothesis ag_006: float64, float64 
[ 2022-12-05 22:41:29,548 ] 64 root - INFO - Hypothesis ag_007: float64, float64 
[ 2022-12-05 22:41:29,554 ] 64 root - INFO - Hypothesis ag_008: float64, float64 
[ 2022-12-05 22:41:29,560 ] 64 root - INFO - Hypothesis ag_009: float64, float64 
[ 2022-12-05 22:41:29,564 ] 64 root - INFO - Hypothesis ah_000: float64, float64 
[ 2022-12-05 22:41:29,571 ] 64 root - INFO - Hypothesis ai_000: float64, float64 
[ 2022-12-05 22:41:29,586 ] 64 root - INFO - Hypothesis aj_000: float64, float64 
[ 2022-12-05 22:41:29,590 ] 64 root - INFO - Hypothesis ak_000: float64, float64 
[ 2022-12-05 22:41:29,605 ] 64 root - INFO - Hypothesis al_000: float64, float64 
[ 2022-12-05 22:41:29,610 ] 64 root - INFO - Hypothesis am_0: float64, float64 
[ 2022-12-05 22:41:29,615 ] 64 root - INFO - Hypothesis an_000: float64, float64 
[ 2022-12-05 22:41:29,622 ] 64 root - INFO - Hypothesis ao_000: float64, float64 
[ 2022-12-05 22:41:29,629 ] 64 root - INFO - Hypothesis ap_000: float64, float64 
[ 2022-12-05 22:41:29,637 ] 64 root - INFO - Hypothesis aq_000: float64, float64 
[ 2022-12-05 22:41:29,644 ] 64 root - INFO - Hypothesis ar_000: float64, float64 
[ 2022-12-05 22:41:29,658 ] 64 root - INFO - Hypothesis as_000: float64, float64 
[ 2022-12-05 22:41:29,673 ] 64 root - INFO - Hypothesis at_000: float64, float64 
[ 2022-12-05 22:41:29,688 ] 64 root - INFO - Hypothesis au_000: float64, float64 
[ 2022-12-05 22:41:29,702 ] 64 root - INFO - Hypothesis av_000: float64, float64 
[ 2022-12-05 22:41:29,708 ] 64 root - INFO - Hypothesis ax_000: float64, float64 
[ 2022-12-05 22:41:29,725 ] 64 root - INFO - Hypothesis ay_000: float64, float64 
[ 2022-12-05 22:41:29,739 ] 64 root - INFO - Hypothesis ay_001: float64, float64 
[ 2022-12-05 22:41:29,754 ] 64 root - INFO - Hypothesis ay_002: float64, float64 
[ 2022-12-05 22:41:29,768 ] 64 root - INFO - Hypothesis ay_003: float64, float64 
[ 2022-12-05 22:41:29,783 ] 64 root - INFO - Hypothesis ay_004: float64, float64 
[ 2022-12-05 22:41:29,797 ] 64 root - INFO - Hypothesis ay_005: float64, float64 
[ 2022-12-05 22:41:29,803 ] 64 root - INFO - Hypothesis ay_006: float64, float64 
[ 2022-12-05 22:41:29,809 ] 64 root - INFO - Hypothesis ay_007: float64, float64 
[ 2022-12-05 22:41:29,815 ] 64 root - INFO - Hypothesis ay_008: float64, float64 
[ 2022-12-05 22:41:29,822 ] 64 root - INFO - Hypothesis ay_009: float64, float64 
[ 2022-12-05 22:41:29,836 ] 64 root - INFO - Hypothesis az_000: float64, float64 
[ 2022-12-05 22:41:29,843 ] 64 root - INFO - Hypothesis az_001: float64, float64 
[ 2022-12-05 22:41:29,849 ] 64 root - INFO - Hypothesis az_002: float64, float64 
[ 2022-12-05 22:41:29,855 ] 64 root - INFO - Hypothesis az_003: float64, float64 
[ 2022-12-05 22:41:29,862 ] 64 root - INFO - Hypothesis az_004: float64, float64 
[ 2022-12-05 22:41:29,869 ] 64 root - INFO - Hypothesis az_005: float64, float64 
[ 2022-12-05 22:41:29,876 ] 64 root - INFO - Hypothesis az_006: float64, float64 
[ 2022-12-05 22:41:29,882 ] 64 root - INFO - Hypothesis az_007: float64, float64 
[ 2022-12-05 22:41:29,886 ] 64 root - INFO - Hypothesis az_008: float64, float64 
[ 2022-12-05 22:41:29,890 ] 64 root - INFO - Hypothesis az_009: float64, float64 
[ 2022-12-05 22:41:29,904 ] 64 root - INFO - Hypothesis ba_000: float64, float64 
[ 2022-12-05 22:41:29,911 ] 64 root - INFO - Hypothesis ba_001: float64, float64 
[ 2022-12-05 22:41:29,918 ] 64 root - INFO - Hypothesis ba_002: float64, float64 
[ 2022-12-05 22:41:29,925 ] 64 root - INFO - Hypothesis ba_003: float64, float64 
[ 2022-12-05 22:41:29,932 ] 64 root - INFO - Hypothesis ba_004: float64, float64 
[ 2022-12-05 22:41:29,939 ] 64 root - INFO - Hypothesis ba_005: float64, float64 
[ 2022-12-05 22:41:29,946 ] 64 root - INFO - Hypothesis ba_006: float64, float64 
[ 2022-12-05 22:41:29,954 ] 64 root - INFO - Hypothesis ba_007: float64, float64 
[ 2022-12-05 22:41:29,960 ] 64 root - INFO - Hypothesis ba_008: float64, float64 
[ 2022-12-05 22:41:29,966 ] 64 root - INFO - Hypothesis ba_009: float64, float64 
[ 2022-12-05 22:41:29,970 ] 64 root - INFO - Hypothesis bb_000: float64, float64 
[ 2022-12-05 22:41:29,977 ] 64 root - INFO - Hypothesis bc_000: float64, float64 
[ 2022-12-05 22:41:29,982 ] 64 root - INFO - Hypothesis bd_000: float64, float64 
[ 2022-12-05 22:41:29,988 ] 64 root - INFO - Hypothesis be_000: float64, float64 
[ 2022-12-05 22:41:29,994 ] 64 root - INFO - Hypothesis bf_000: float64, float64 
[ 2022-12-05 22:41:29,998 ] 64 root - INFO - Hypothesis bg_000: float64, float64 
[ 2022-12-05 22:41:30,005 ] 64 root - INFO - Hypothesis bh_000: float64, float64 
[ 2022-12-05 22:41:30,012 ] 64 root - INFO - Hypothesis bi_000: float64, float64 
[ 2022-12-05 22:41:30,019 ] 64 root - INFO - Hypothesis bj_000: float64, float64 
[ 2022-12-05 22:41:30,026 ] 64 root - INFO - Hypothesis bs_000: float64, float64 
[ 2022-12-05 22:41:30,034 ] 64 root - INFO - Hypothesis bt_000: float64, float64 
[ 2022-12-05 22:41:30,041 ] 64 root - INFO - Hypothesis bu_000: float64, float64 
[ 2022-12-05 22:41:30,048 ] 64 root - INFO - Hypothesis bv_000: float64, float64 
[ 2022-12-05 22:41:30,055 ] 64 root - INFO - Hypothesis bx_000: float64, float64 
[ 2022-12-05 22:41:30,062 ] 64 root - INFO - Hypothesis by_000: float64, float64 
[ 2022-12-05 22:41:30,068 ] 64 root - INFO - Hypothesis bz_000: float64, float64 
[ 2022-12-05 22:41:30,074 ] 64 root - INFO - Hypothesis ca_000: float64, float64 
[ 2022-12-05 22:41:30,081 ] 64 root - INFO - Hypothesis cb_000: float64, float64 
[ 2022-12-05 22:41:30,089 ] 64 root - INFO - Hypothesis cc_000: float64, float64 
[ 2022-12-05 22:41:30,096 ] 64 root - INFO - Hypothesis cd_000: float64, float64 
[ 2022-12-05 22:41:30,110 ] 64 root - INFO - Hypothesis ce_000: float64, float64 
[ 2022-12-05 22:41:30,116 ] 64 root - INFO - Hypothesis ci_000: float64, float64 
[ 2022-12-05 22:41:30,123 ] 64 root - INFO - Hypothesis cj_000: float64, float64 
[ 2022-12-05 22:41:30,127 ] 64 root - INFO - Hypothesis ck_000: float64, float64 
[ 2022-12-05 22:41:30,134 ] 64 root - INFO - Hypothesis cl_000: float64, float64 
[ 2022-12-05 22:41:30,150 ] 64 root - INFO - Hypothesis cm_000: float64, float64 
[ 2022-12-05 22:41:30,155 ] 64 root - INFO - Hypothesis cn_000: float64, float64 
[ 2022-12-05 22:41:30,170 ] 64 root - INFO - Hypothesis cn_001: float64, float64 
[ 2022-12-05 22:41:30,173 ] 64 root - INFO - Hypothesis cn_002: float64, float64 
[ 2022-12-05 22:41:30,179 ] 64 root - INFO - Hypothesis cn_003: float64, float64 
[ 2022-12-05 22:41:30,186 ] 64 root - INFO - Hypothesis cn_004: float64, float64 
[ 2022-12-05 22:41:30,193 ] 64 root - INFO - Hypothesis cn_005: float64, float64 
[ 2022-12-05 22:41:30,199 ] 64 root - INFO - Hypothesis cn_006: float64, float64 
[ 2022-12-05 22:41:30,207 ] 64 root - INFO - Hypothesis cn_007: float64, float64 
[ 2022-12-05 22:41:30,213 ] 64 root - INFO - Hypothesis cn_008: float64, float64 
[ 2022-12-05 22:41:30,219 ] 64 root - INFO - Hypothesis cn_009: float64, float64 
[ 2022-12-05 22:41:30,224 ] 64 root - INFO - Hypothesis cp_000: float64, float64 
[ 2022-12-05 22:41:30,229 ] 64 root - INFO - Hypothesis cq_000: float64, float64 
[ 2022-12-05 22:41:30,236 ] 64 root - INFO - Hypothesis cs_000: float64, float64 
[ 2022-12-05 22:41:30,243 ] 64 root - INFO - Hypothesis cs_001: float64, float64 
[ 2022-12-05 22:41:30,248 ] 64 root - INFO - Hypothesis cs_002: float64, float64 
[ 2022-12-05 22:41:30,255 ] 64 root - INFO - Hypothesis cs_003: float64, float64 
[ 2022-12-05 22:41:30,262 ] 64 root - INFO - Hypothesis cs_004: float64, float64 
[ 2022-12-05 22:41:30,269 ] 64 root - INFO - Hypothesis cs_005: float64, float64 
[ 2022-12-05 22:41:30,276 ] 64 root - INFO - Hypothesis cs_006: float64, float64 
[ 2022-12-05 22:41:30,283 ] 64 root - INFO - Hypothesis cs_007: float64, float64 
[ 2022-12-05 22:41:30,290 ] 64 root - INFO - Hypothesis cs_008: float64, float64 
[ 2022-12-05 22:41:30,295 ] 64 root - INFO - Hypothesis cs_009: float64, float64 
[ 2022-12-05 22:41:30,309 ] 64 root - INFO - Hypothesis dd_000: float64, float64 
[ 2022-12-05 22:41:30,316 ] 64 root - INFO - Hypothesis de_000: float64, float64 
[ 2022-12-05 22:41:30,321 ] 64 root - INFO - Hypothesis df_000: float64, float64 
[ 2022-12-05 22:41:30,336 ] 64 root - INFO - Hypothesis dg_000: float64, float64 
[ 2022-12-05 22:41:30,351 ] 64 root - INFO - Hypothesis dh_000: float64, float64 
[ 2022-12-05 22:41:30,366 ] 64 root - INFO - Hypothesis di_000: float64, float64 
[ 2022-12-05 22:41:30,370 ] 64 root - INFO - Hypothesis dj_000: float64, float64 
[ 2022-12-05 22:41:30,384 ] 64 root - INFO - Hypothesis dk_000: float64, float64 
[ 2022-12-05 22:41:30,399 ] 64 root - INFO - Hypothesis dl_000: float64, float64 
[ 2022-12-05 22:41:30,414 ] 64 root - INFO - Hypothesis dm_000: float64, float64 
[ 2022-12-05 22:41:30,429 ] 64 root - INFO - Hypothesis dn_000: float64, float64 
[ 2022-12-05 22:41:30,435 ] 64 root - INFO - Hypothesis do_000: float64, float64 
[ 2022-12-05 22:41:30,441 ] 64 root - INFO - Hypothesis dp_000: float64, float64 
[ 2022-12-05 22:41:30,448 ] 64 root - INFO - Hypothesis dq_000: float64, float64 
[ 2022-12-05 22:41:30,452 ] 64 root - INFO - Hypothesis dr_000: float64, float64 
[ 2022-12-05 22:41:30,456 ] 64 root - INFO - Hypothesis ds_000: float64, float64 
[ 2022-12-05 22:41:30,463 ] 64 root - INFO - Hypothesis dt_000: float64, float64 
[ 2022-12-05 22:41:30,469 ] 64 root - INFO - Hypothesis du_000: float64, float64 
[ 2022-12-05 22:41:30,476 ] 64 root - INFO - Hypothesis dv_000: float64, float64 
[ 2022-12-05 22:41:30,482 ] 64 root - INFO - Hypothesis dx_000: float64, float64 
[ 2022-12-05 22:41:30,487 ] 64 root - INFO - Hypothesis dy_000: float64, float64 
[ 2022-12-05 22:41:30,492 ] 64 root - INFO - Hypothesis dz_000: float64, float64 
[ 2022-12-05 22:41:30,507 ] 64 root - INFO - Hypothesis ea_000: float64, float64 
[ 2022-12-05 22:41:30,522 ] 64 root - INFO - Hypothesis eb_000: float64, float64 
[ 2022-12-05 22:41:30,528 ] 64 root - INFO - Hypothesis ec_00: float64, float64 
[ 2022-12-05 22:41:30,535 ] 64 root - INFO - Hypothesis ed_000: float64, float64 
[ 2022-12-05 22:41:30,541 ] 64 root - INFO - Hypothesis ee_000: float64, float64 
[ 2022-12-05 22:41:30,549 ] 64 root - INFO - Hypothesis ee_001: float64, float64 
[ 2022-12-05 22:41:30,557 ] 64 root - INFO - Hypothesis ee_002: float64, float64 
[ 2022-12-05 22:41:30,564 ] 64 root - INFO - Hypothesis ee_003: float64, float64 
[ 2022-12-05 22:41:30,572 ] 64 root - INFO - Hypothesis ee_004: float64, float64 
[ 2022-12-05 22:41:30,579 ] 64 root - INFO - Hypothesis ee_005: float64, float64 
[ 2022-12-05 22:41:30,586 ] 64 root - INFO - Hypothesis ee_006: float64, float64 
[ 2022-12-05 22:41:30,593 ] 64 root - INFO - Hypothesis ee_007: float64, float64 
[ 2022-12-05 22:41:30,599 ] 64 root - INFO - Hypothesis ee_008: float64, float64 
[ 2022-12-05 22:41:30,605 ] 64 root - INFO - Hypothesis ee_009: float64, float64 
[ 2022-12-05 22:41:30,610 ] 64 root - INFO - Hypothesis ef_000: float64, float64 
[ 2022-12-05 22:41:30,625 ] 64 root - INFO - Hypothesis eg_000: float64, float64 
