[ 2022-12-05 22:25:37,478 ] 22 root - INFO - Exporting collection data as pandas dataframe
[ 2022-12-05 22:25:37,478 ] 11 root - INFO - Reading data from database: aps and collection: sensor
[ 2022-12-05 22:25:40,723 ] 14 root - INFO - Dropping column: _id 
[ 2022-12-05 22:25:41,049 ] 16 root - INFO - Row and columns in df: (36188, 171)
[ 2022-12-05 22:25:41,819 ] 26 root - INFO - Create feature store folder if not available
[ 2022-12-05 22:25:41,820 ] 29 root - INFO - Saving df to feature store dir
[ 2022-12-05 22:25:44,315 ] 32 root - INFO - split data into train and test data
[ 2022-12-05 22:25:45,006 ] 35 root - INFO - create dataset directory folder if not available
[ 2022-12-05 22:25:47,170 ] 46 root - INFO - Data ingestion artifact: DataIngestionArtifact(feature_store_path='/config/workspace/artifact/12052022__22251670259337/artifact/feature_store/sensor.csv', train_file_path='/config/workspace/artifact/12052022__22251670259337/artifact/dataset/train.csv', test_file_path='/config/workspace/artifact/12052022__22251670259337/artifact/dataset/test.csv')
[ 2022-12-05 22:25:47,612 ] 22 root - INFO - Exporting collection data as pandas dataframe
[ 2022-12-05 22:25:47,612 ] 11 root - INFO - Reading data from database: aps and collection: sensor
[ 2022-12-05 22:25:50,908 ] 14 root - INFO - Dropping column: _id 
[ 2022-12-05 22:25:51,100 ] 16 root - INFO - Row and columns in df: (36188, 171)
[ 2022-12-05 22:25:51,637 ] 26 root - INFO - Create feature store folder if not available
[ 2022-12-05 22:25:51,637 ] 29 root - INFO - Saving df to feature store dir
[ 2022-12-05 22:25:54,100 ] 32 root - INFO - split data into train and test data
[ 2022-12-05 22:25:54,628 ] 35 root - INFO - create dataset directory folder if not available
[ 2022-12-05 22:25:56,800 ] 46 root - INFO - Data ingestion artifact: DataIngestionArtifact(feature_store_path='/config/workspace/artifact/12052022__22251670259337/artifact/feature_store/sensor.csv', train_file_path='/config/workspace/artifact/12052022__22251670259337/artifact/dataset/train.csv', test_file_path='/config/workspace/artifact/12052022__22251670259337/artifact/dataset/test.csv')
[ 2022-12-05 22:25:57,241 ] 16 root - INFO - >>>>>>>>>>>>>>>>>>>>>>>>>>>>>>>>>>>>>>>>Data Validation <<<<<<<<<<<<<<<<<<<<<<<<<<<<<<<<<<<<<<<<
[ 2022-12-05 22:25:57,241 ] 85 root - INFO - Reading base file
[ 2022-12-05 22:25:58,810 ] 87 root - INFO - Replacing na values with Nan values
[ 2022-12-05 22:26:00,068 ] 89 root - INFO - Drop missing values in base df
[ 2022-12-05 22:26:01,029 ] 27 root - INFO - selecting column name which contains null above to 0.2
[ 2022-12-05 22:26:01,130 ] 93 root - INFO - Reading train and test data files
[ 2022-12-05 22:26:01,619 ] 97 root - INFO - Dropping missing values in training and testing files
[ 2022-12-05 22:26:01,630 ] 27 root - INFO - selecting column name which contains null above to 0.2
[ 2022-12-05 22:26:01,643 ] 27 root - INFO - selecting column name which contains null above to 0.2
[ 2022-12-05 22:26:07,579 ] 65 root - INFO - Hypothesis class: object, object 
[ 2022-12-05 22:26:07,737 ] 65 root - INFO - Hypothesis aa_000: float64, float64 
[ 2022-12-05 22:26:07,780 ] 65 root - INFO - Hypothesis ac_000: float64, float64 
[ 2022-12-05 22:26:07,788 ] 65 root - INFO - Hypothesis ae_000: float64, float64 
[ 2022-12-05 22:26:07,824 ] 65 root - INFO - Hypothesis af_000: float64, float64 
[ 2022-12-05 22:26:07,862 ] 65 root - INFO - Hypothesis ag_000: float64, float64 
[ 2022-12-05 22:26:07,898 ] 65 root - INFO - Hypothesis ag_001: float64, float64 
[ 2022-12-05 22:26:07,933 ] 65 root - INFO - Hypothesis ag_002: float64, float64 
[ 2022-12-05 22:26:07,970 ] 65 root - INFO - Hypothesis ag_003: float64, float64 
[ 2022-12-05 22:26:08,009 ] 65 root - INFO - Hypothesis ag_004: float64, float64 
[ 2022-12-05 22:26:08,020 ] 65 root - INFO - Hypothesis ag_005: float64, float64 
[ 2022-12-05 22:26:08,030 ] 65 root - INFO - Hypothesis ag_006: float64, float64 
[ 2022-12-05 22:26:08,073 ] 65 root - INFO - Hypothesis ag_007: float64, float64 
[ 2022-12-05 22:26:08,114 ] 65 root - INFO - Hypothesis ag_008: float64, float64 
[ 2022-12-05 22:26:08,122 ] 65 root - INFO - Hypothesis ag_009: float64, float64 
[ 2022-12-05 22:26:08,129 ] 65 root - INFO - Hypothesis ah_000: float64, float64 
[ 2022-12-05 22:26:08,172 ] 65 root - INFO - Hypothesis ai_000: float64, float64 
[ 2022-12-05 22:26:08,209 ] 65 root - INFO - Hypothesis aj_000: float64, float64 
[ 2022-12-05 22:26:08,248 ] 65 root - INFO - Hypothesis ak_000: float64, float64 
[ 2022-12-05 22:26:08,289 ] 65 root - INFO - Hypothesis al_000: float64, float64 
[ 2022-12-05 22:26:08,328 ] 65 root - INFO - Hypothesis am_0: float64, float64 
[ 2022-12-05 22:26:08,366 ] 65 root - INFO - Hypothesis an_000: float64, float64 
[ 2022-12-05 22:26:08,408 ] 65 root - INFO - Hypothesis ao_000: float64, float64 
[ 2022-12-05 22:26:08,450 ] 65 root - INFO - Hypothesis ap_000: float64, float64 
[ 2022-12-05 22:26:08,493 ] 65 root - INFO - Hypothesis aq_000: float64, float64 
[ 2022-12-05 22:26:08,535 ] 65 root - INFO - Hypothesis ar_000: float64, float64 
[ 2022-12-05 22:26:08,573 ] 65 root - INFO - Hypothesis as_000: float64, float64 
[ 2022-12-05 22:26:08,611 ] 65 root - INFO - Hypothesis at_000: float64, float64 
[ 2022-12-05 22:26:08,650 ] 65 root - INFO - Hypothesis au_000: float64, float64 
[ 2022-12-05 22:26:08,686 ] 65 root - INFO - Hypothesis av_000: float64, float64 
[ 2022-12-05 22:26:08,694 ] 65 root - INFO - Hypothesis ax_000: float64, float64 
[ 2022-12-05 22:26:08,736 ] 65 root - INFO - Hypothesis ay_000: float64, float64 
[ 2022-12-05 22:26:08,773 ] 65 root - INFO - Hypothesis ay_001: float64, float64 
[ 2022-12-05 22:26:08,809 ] 65 root - INFO - Hypothesis ay_002: float64, float64 
[ 2022-12-05 22:26:08,845 ] 65 root - INFO - Hypothesis ay_003: float64, float64 
[ 2022-12-05 22:26:08,880 ] 65 root - INFO - Hypothesis ay_004: float64, float64 
[ 2022-12-05 22:26:08,917 ] 65 root - INFO - Hypothesis ay_005: float64, float64 
[ 2022-12-05 22:26:08,925 ] 65 root - INFO - Hypothesis ay_006: float64, float64 
[ 2022-12-05 22:26:08,934 ] 65 root - INFO - Hypothesis ay_007: float64, float64 
[ 2022-12-05 22:26:08,944 ] 65 root - INFO - Hypothesis ay_008: float64, float64 
[ 2022-12-05 22:26:08,986 ] 65 root - INFO - Hypothesis ay_009: float64, float64 
[ 2022-12-05 22:26:09,022 ] 65 root - INFO - Hypothesis az_000: float64, float64 
[ 2022-12-05 22:26:09,063 ] 65 root - INFO - Hypothesis az_001: float64, float64 
[ 2022-12-05 22:26:09,073 ] 65 root - INFO - Hypothesis az_002: float64, float64 
[ 2022-12-05 22:26:09,082 ] 65 root - INFO - Hypothesis az_003: float64, float64 
[ 2022-12-05 22:26:09,092 ] 65 root - INFO - Hypothesis az_004: float64, float64 
[ 2022-12-05 22:26:09,134 ] 65 root - INFO - Hypothesis az_005: float64, float64 
[ 2022-12-05 22:26:09,144 ] 65 root - INFO - Hypothesis az_006: float64, float64 
[ 2022-12-05 22:26:09,186 ] 65 root - INFO - Hypothesis az_007: float64, float64 
[ 2022-12-05 22:26:09,223 ] 65 root - INFO - Hypothesis az_008: float64, float64 
[ 2022-12-05 22:26:09,260 ] 65 root - INFO - Hypothesis az_009: float64, float64 
[ 2022-12-05 22:26:09,296 ] 65 root - INFO - Hypothesis ba_000: float64, float64 
[ 2022-12-05 22:26:09,339 ] 65 root - INFO - Hypothesis ba_001: float64, float64 
[ 2022-12-05 22:26:09,381 ] 65 root - INFO - Hypothesis ba_002: float64, float64 
[ 2022-12-05 22:26:09,423 ] 65 root - INFO - Hypothesis ba_003: float64, float64 
[ 2022-12-05 22:26:09,466 ] 65 root - INFO - Hypothesis ba_004: float64, float64 
[ 2022-12-05 22:26:09,476 ] 65 root - INFO - Hypothesis ba_005: float64, float64 
[ 2022-12-05 22:26:09,490 ] 65 root - INFO - Hypothesis ba_006: float64, float64 
[ 2022-12-05 22:26:09,532 ] 65 root - INFO - Hypothesis ba_007: float64, float64 
[ 2022-12-05 22:26:09,573 ] 65 root - INFO - Hypothesis ba_008: float64, float64 
[ 2022-12-05 22:26:09,614 ] 65 root - INFO - Hypothesis ba_009: float64, float64 
[ 2022-12-05 22:26:09,653 ] 65 root - INFO - Hypothesis bb_000: float64, float64 
[ 2022-12-05 22:26:09,697 ] 65 root - INFO - Hypothesis bc_000: float64, float64 
[ 2022-12-05 22:26:09,739 ] 65 root - INFO - Hypothesis bd_000: float64, float64 
[ 2022-12-05 22:26:09,779 ] 65 root - INFO - Hypothesis be_000: float64, float64 
[ 2022-12-05 22:26:09,788 ] 65 root - INFO - Hypothesis bf_000: float64, float64 
[ 2022-12-05 22:26:09,794 ] 65 root - INFO - Hypothesis bg_000: float64, float64 
[ 2022-12-05 22:26:09,836 ] 65 root - INFO - Hypothesis bh_000: float64, float64 
[ 2022-12-05 22:26:09,879 ] 65 root - INFO - Hypothesis bi_000: float64, float64 
[ 2022-12-05 22:26:09,921 ] 65 root - INFO - Hypothesis bj_000: float64, float64 
[ 2022-12-05 22:26:09,964 ] 65 root - INFO - Hypothesis bs_000: float64, float64 
[ 2022-12-05 22:26:09,975 ] 65 root - INFO - Hypothesis bt_000: float64, float64 
[ 2022-12-05 22:26:10,018 ] 65 root - INFO - Hypothesis bu_000: float64, float64 
[ 2022-12-05 22:26:10,061 ] 65 root - INFO - Hypothesis bv_000: float64, float64 
[ 2022-12-05 22:26:10,103 ] 65 root - INFO - Hypothesis bx_000: float64, float64 
[ 2022-12-05 22:26:10,114 ] 65 root - INFO - Hypothesis by_000: float64, float64 
[ 2022-12-05 22:26:10,156 ] 65 root - INFO - Hypothesis bz_000: float64, float64 
[ 2022-12-05 22:26:10,166 ] 65 root - INFO - Hypothesis ca_000: float64, float64 
[ 2022-12-05 22:26:10,176 ] 65 root - INFO - Hypothesis cb_000: float64, float64 
[ 2022-12-05 22:26:10,219 ] 65 root - INFO - Hypothesis cc_000: float64, float64 
[ 2022-12-05 22:26:10,262 ] 65 root - INFO - Hypothesis cd_000: float64, float64 
[ 2022-12-05 22:26:10,298 ] 65 root - INFO - Hypothesis ce_000: float64, float64 
[ 2022-12-05 22:26:10,308 ] 65 root - INFO - Hypothesis ci_000: float64, float64 
[ 2022-12-05 22:26:10,350 ] 65 root - INFO - Hypothesis cj_000: float64, float64 
[ 2022-12-05 22:26:10,388 ] 65 root - INFO - Hypothesis ck_000: float64, float64 
[ 2022-12-05 22:26:10,431 ] 65 root - INFO - Hypothesis cl_000: float64, float64 
[ 2022-12-05 22:26:10,437 ] 65 root - INFO - Hypothesis cm_000: float64, float64 
[ 2022-12-05 22:26:10,444 ] 65 root - INFO - Hypothesis cn_000: float64, float64 
[ 2022-12-05 22:26:10,480 ] 65 root - INFO - Hypothesis cn_001: float64, float64 
[ 2022-12-05 22:26:10,518 ] 65 root - INFO - Hypothesis cn_002: float64, float64 
[ 2022-12-05 22:26:10,558 ] 65 root - INFO - Hypothesis cn_003: float64, float64 
[ 2022-12-05 22:26:10,568 ] 65 root - INFO - Hypothesis cn_004: float64, float64 
[ 2022-12-05 22:26:10,611 ] 65 root - INFO - Hypothesis cn_005: float64, float64 
[ 2022-12-05 22:26:10,653 ] 65 root - INFO - Hypothesis cn_006: float64, float64 
[ 2022-12-05 22:26:10,696 ] 65 root - INFO - Hypothesis cn_007: float64, float64 
[ 2022-12-05 22:26:10,738 ] 65 root - INFO - Hypothesis cn_008: float64, float64 
[ 2022-12-05 22:26:10,782 ] 65 root - INFO - Hypothesis cn_009: float64, float64 
[ 2022-12-05 22:26:10,823 ] 65 root - INFO - Hypothesis cp_000: float64, float64 
[ 2022-12-05 22:26:10,863 ] 65 root - INFO - Hypothesis cq_000: float64, float64 
[ 2022-12-05 22:26:10,905 ] 65 root - INFO - Hypothesis cs_000: float64, float64 
[ 2022-12-05 22:26:10,947 ] 65 root - INFO - Hypothesis cs_001: float64, float64 
[ 2022-12-05 22:26:10,988 ] 65 root - INFO - Hypothesis cs_002: float64, float64 
[ 2022-12-05 22:26:10,999 ] 65 root - INFO - Hypothesis cs_003: float64, float64 
[ 2022-12-05 22:26:11,041 ] 65 root - INFO - Hypothesis cs_004: float64, float64 
[ 2022-12-05 22:26:11,084 ] 65 root - INFO - Hypothesis cs_005: float64, float64 
[ 2022-12-05 22:26:11,126 ] 65 root - INFO - Hypothesis cs_006: float64, float64 
[ 2022-12-05 22:26:11,171 ] 65 root - INFO - Hypothesis cs_007: float64, float64 
[ 2022-12-05 22:26:11,214 ] 65 root - INFO - Hypothesis cs_008: float64, float64 
[ 2022-12-05 22:26:11,257 ] 65 root - INFO - Hypothesis cs_009: float64, float64 
[ 2022-12-05 22:26:11,293 ] 65 root - INFO - Hypothesis dd_000: float64, float64 
[ 2022-12-05 22:26:11,335 ] 65 root - INFO - Hypothesis de_000: float64, float64 
[ 2022-12-05 22:26:11,375 ] 65 root - INFO - Hypothesis df_000: float64, float64 
[ 2022-12-05 22:26:11,412 ] 65 root - INFO - Hypothesis dg_000: float64, float64 
[ 2022-12-05 22:26:11,448 ] 65 root - INFO - Hypothesis dh_000: float64, float64 
[ 2022-12-05 22:26:11,453 ] 65 root - INFO - Hypothesis di_000: float64, float64 
[ 2022-12-05 22:26:11,491 ] 65 root - INFO - Hypothesis dj_000: float64, float64 
[ 2022-12-05 22:26:11,527 ] 65 root - INFO - Hypothesis dk_000: float64, float64 
[ 2022-12-05 22:26:11,564 ] 65 root - INFO - Hypothesis dl_000: float64, float64 
[ 2022-12-05 22:26:11,600 ] 65 root - INFO - Hypothesis dm_000: float64, float64 
[ 2022-12-05 22:26:11,636 ] 65 root - INFO - Hypothesis dn_000: float64, float64 
[ 2022-12-05 22:26:11,678 ] 65 root - INFO - Hypothesis do_000: float64, float64 
[ 2022-12-05 22:26:11,720 ] 65 root - INFO - Hypothesis dp_000: float64, float64 
[ 2022-12-05 22:26:11,729 ] 65 root - INFO - Hypothesis dq_000: float64, float64 
[ 2022-12-05 22:26:11,767 ] 65 root - INFO - Hypothesis dr_000: float64, float64 
[ 2022-12-05 22:26:11,805 ] 65 root - INFO - Hypothesis ds_000: float64, float64 
[ 2022-12-05 22:26:11,847 ] 65 root - INFO - Hypothesis dt_000: float64, float64 
[ 2022-12-05 22:26:11,857 ] 65 root - INFO - Hypothesis du_000: float64, float64 
[ 2022-12-05 22:26:11,868 ] 65 root - INFO - Hypothesis dv_000: float64, float64 
[ 2022-12-05 22:26:11,879 ] 65 root - INFO - Hypothesis dx_000: float64, float64 
[ 2022-12-05 22:26:11,886 ] 65 root - INFO - Hypothesis dy_000: float64, float64 
[ 2022-12-05 22:26:11,893 ] 65 root - INFO - Hypothesis dz_000: float64, float64 
[ 2022-12-05 22:26:11,928 ] 65 root - INFO - Hypothesis ea_000: float64, float64 
[ 2022-12-05 22:26:11,965 ] 65 root - INFO - Hypothesis eb_000: float64, float64 
[ 2022-12-05 22:26:12,006 ] 65 root - INFO - Hypothesis ec_00: float64, float64 
[ 2022-12-05 22:26:12,016 ] 65 root - INFO - Hypothesis ed_000: float64, float64 
[ 2022-12-05 22:26:12,024 ] 65 root - INFO - Hypothesis ee_000: float64, float64 
[ 2022-12-05 22:26:12,068 ] 65 root - INFO - Hypothesis ee_001: float64, float64 
[ 2022-12-05 22:26:12,111 ] 65 root - INFO - Hypothesis ee_002: float64, float64 
[ 2022-12-05 22:26:12,153 ] 65 root - INFO - Hypothesis ee_003: float64, float64 
[ 2022-12-05 22:26:12,195 ] 65 root - INFO - Hypothesis ee_004: float64, float64 
[ 2022-12-05 22:26:12,236 ] 65 root - INFO - Hypothesis ee_005: float64, float64 
[ 2022-12-05 22:26:12,278 ] 65 root - INFO - Hypothesis ee_006: float64, float64 
[ 2022-12-05 22:26:12,288 ] 65 root - INFO - Hypothesis ee_007: float64, float64 
[ 2022-12-05 22:26:12,330 ] 65 root - INFO - Hypothesis ee_008: float64, float64 
[ 2022-12-05 22:26:12,371 ] 65 root - INFO - Hypothesis ee_009: float64, float64 
[ 2022-12-05 22:26:12,411 ] 65 root - INFO - Hypothesis ef_000: float64, float64 
[ 2022-12-05 22:26:12,446 ] 65 root - INFO - Hypothesis eg_000: float64, float64 
[ 2022-12-05 22:26:12,483 ] 65 root - INFO - Hypothesis class: object, object 
[ 2022-12-05 22:26:12,557 ] 65 root - INFO - Hypothesis aa_000: float64, float64 
[ 2022-12-05 22:26:12,564 ] 65 root - INFO - Hypothesis ac_000: float64, float64 
[ 2022-12-05 22:26:12,570 ] 65 root - INFO - Hypothesis ae_000: float64, float64 
[ 2022-12-05 22:26:12,585 ] 65 root - INFO - Hypothesis af_000: float64, float64 
[ 2022-12-05 22:26:12,601 ] 65 root - INFO - Hypothesis ag_000: float64, float64 
[ 2022-12-05 22:26:12,616 ] 65 root - INFO - Hypothesis ag_001: float64, float64 
[ 2022-12-05 22:26:12,632 ] 65 root - INFO - Hypothesis ag_002: float64, float64 
[ 2022-12-05 22:26:12,647 ] 65 root - INFO - Hypothesis ag_003: float64, float64 
[ 2022-12-05 22:26:12,651 ] 65 root - INFO - Hypothesis ag_004: float64, float64 
[ 2022-12-05 22:26:12,658 ] 65 root - INFO - Hypothesis ag_005: float64, float64 
[ 2022-12-05 22:26:12,665 ] 65 root - INFO - Hypothesis ag_006: float64, float64 
[ 2022-12-05 22:26:12,672 ] 65 root - INFO - Hypothesis ag_007: float64, float64 
[ 2022-12-05 22:26:12,678 ] 65 root - INFO - Hypothesis ag_008: float64, float64 
[ 2022-12-05 22:26:12,684 ] 65 root - INFO - Hypothesis ag_009: float64, float64 
[ 2022-12-05 22:26:12,688 ] 65 root - INFO - Hypothesis ah_000: float64, float64 
[ 2022-12-05 22:26:12,695 ] 65 root - INFO - Hypothesis ai_000: float64, float64 
[ 2022-12-05 22:26:12,699 ] 65 root - INFO - Hypothesis aj_000: float64, float64 
[ 2022-12-05 22:26:12,715 ] 65 root - INFO - Hypothesis ak_000: float64, float64 
[ 2022-12-05 22:26:12,731 ] 65 root - INFO - Hypothesis al_000: float64, float64 
[ 2022-12-05 22:26:12,736 ] 65 root - INFO - Hypothesis am_0: float64, float64 
[ 2022-12-05 22:26:12,741 ] 65 root - INFO - Hypothesis an_000: float64, float64 
[ 2022-12-05 22:26:12,748 ] 65 root - INFO - Hypothesis ao_000: float64, float64 
[ 2022-12-05 22:26:12,755 ] 65 root - INFO - Hypothesis ap_000: float64, float64 
[ 2022-12-05 22:26:12,762 ] 65 root - INFO - Hypothesis aq_000: float64, float64 
[ 2022-12-05 22:26:12,769 ] 65 root - INFO - Hypothesis ar_000: float64, float64 
[ 2022-12-05 22:26:12,784 ] 65 root - INFO - Hypothesis as_000: float64, float64 
[ 2022-12-05 22:26:12,799 ] 65 root - INFO - Hypothesis at_000: float64, float64 
[ 2022-12-05 22:26:12,803 ] 65 root - INFO - Hypothesis au_000: float64, float64 
[ 2022-12-05 22:26:12,817 ] 65 root - INFO - Hypothesis av_000: float64, float64 
[ 2022-12-05 22:26:12,823 ] 65 root - INFO - Hypothesis ax_000: float64, float64 
[ 2022-12-05 22:26:12,828 ] 65 root - INFO - Hypothesis ay_000: float64, float64 
[ 2022-12-05 22:26:12,843 ] 65 root - INFO - Hypothesis ay_001: float64, float64 
[ 2022-12-05 22:26:12,858 ] 65 root - INFO - Hypothesis ay_002: float64, float64 
[ 2022-12-05 22:26:12,873 ] 65 root - INFO - Hypothesis ay_003: float64, float64 
[ 2022-12-05 22:26:12,888 ] 65 root - INFO - Hypothesis ay_004: float64, float64 
[ 2022-12-05 22:26:12,903 ] 65 root - INFO - Hypothesis ay_005: float64, float64 
[ 2022-12-05 22:26:12,909 ] 65 root - INFO - Hypothesis ay_006: float64, float64 
[ 2022-12-05 22:26:12,915 ] 65 root - INFO - Hypothesis ay_007: float64, float64 
[ 2022-12-05 22:26:12,922 ] 65 root - INFO - Hypothesis ay_008: float64, float64 
[ 2022-12-05 22:26:12,929 ] 65 root - INFO - Hypothesis ay_009: float64, float64 
[ 2022-12-05 22:26:12,944 ] 65 root - INFO - Hypothesis az_000: float64, float64 
[ 2022-12-05 22:26:12,951 ] 65 root - INFO - Hypothesis az_001: float64, float64 
[ 2022-12-05 22:26:12,957 ] 65 root - INFO - Hypothesis az_002: float64, float64 
[ 2022-12-05 22:26:12,964 ] 65 root - INFO - Hypothesis az_003: float64, float64 
[ 2022-12-05 22:26:12,971 ] 65 root - INFO - Hypothesis az_004: float64, float64 
[ 2022-12-05 22:26:12,978 ] 65 root - INFO - Hypothesis az_005: float64, float64 
[ 2022-12-05 22:26:12,985 ] 65 root - INFO - Hypothesis az_006: float64, float64 
[ 2022-12-05 22:26:12,992 ] 65 root - INFO - Hypothesis az_007: float64, float64 
[ 2022-12-05 22:26:12,996 ] 65 root - INFO - Hypothesis az_008: float64, float64 
[ 2022-12-05 22:26:13,013 ] 65 root - INFO - Hypothesis az_009: float64, float64 
[ 2022-12-05 22:26:13,029 ] 65 root - INFO - Hypothesis ba_000: float64, float64 
[ 2022-12-05 22:26:13,036 ] 65 root - INFO - Hypothesis ba_001: float64, float64 
[ 2022-12-05 22:26:13,043 ] 65 root - INFO - Hypothesis ba_002: float64, float64 
[ 2022-12-05 22:26:13,050 ] 65 root - INFO - Hypothesis ba_003: float64, float64 
[ 2022-12-05 22:26:13,057 ] 65 root - INFO - Hypothesis ba_004: float64, float64 
[ 2022-12-05 22:26:13,064 ] 65 root - INFO - Hypothesis ba_005: float64, float64 
[ 2022-12-05 22:26:13,070 ] 65 root - INFO - Hypothesis ba_006: float64, float64 
[ 2022-12-05 22:26:13,077 ] 65 root - INFO - Hypothesis ba_007: float64, float64 
[ 2022-12-05 22:26:13,084 ] 65 root - INFO - Hypothesis ba_008: float64, float64 
[ 2022-12-05 22:26:13,089 ] 65 root - INFO - Hypothesis ba_009: float64, float64 
[ 2022-12-05 22:26:13,094 ] 65 root - INFO - Hypothesis bb_000: float64, float64 
[ 2022-12-05 22:26:13,100 ] 65 root - INFO - Hypothesis bc_000: float64, float64 
[ 2022-12-05 22:26:13,106 ] 65 root - INFO - Hypothesis bd_000: float64, float64 
[ 2022-12-05 22:26:13,111 ] 65 root - INFO - Hypothesis be_000: float64, float64 
[ 2022-12-05 22:26:13,117 ] 65 root - INFO - Hypothesis bf_000: float64, float64 
[ 2022-12-05 22:26:13,121 ] 65 root - INFO - Hypothesis bg_000: float64, float64 
[ 2022-12-05 22:26:13,128 ] 65 root - INFO - Hypothesis bh_000: float64, float64 
[ 2022-12-05 22:26:13,135 ] 65 root - INFO - Hypothesis bi_000: float64, float64 
[ 2022-12-05 22:26:13,142 ] 65 root - INFO - Hypothesis bj_000: float64, float64 
[ 2022-12-05 22:26:13,149 ] 65 root - INFO - Hypothesis bs_000: float64, float64 
[ 2022-12-05 22:26:13,156 ] 65 root - INFO - Hypothesis bt_000: float64, float64 
[ 2022-12-05 22:26:13,163 ] 65 root - INFO - Hypothesis bu_000: float64, float64 
[ 2022-12-05 22:26:13,170 ] 65 root - INFO - Hypothesis bv_000: float64, float64 
[ 2022-12-05 22:26:13,177 ] 65 root - INFO - Hypothesis bx_000: float64, float64 
[ 2022-12-05 22:26:13,184 ] 65 root - INFO - Hypothesis by_000: float64, float64 
[ 2022-12-05 22:26:13,191 ] 65 root - INFO - Hypothesis bz_000: float64, float64 
[ 2022-12-05 22:26:13,197 ] 65 root - INFO - Hypothesis ca_000: float64, float64 
[ 2022-12-05 22:26:13,203 ] 65 root - INFO - Hypothesis cb_000: float64, float64 
[ 2022-12-05 22:26:13,211 ] 65 root - INFO - Hypothesis cc_000: float64, float64 
[ 2022-12-05 22:26:13,217 ] 65 root - INFO - Hypothesis cd_000: float64, float64 
[ 2022-12-05 22:26:13,233 ] 65 root - INFO - Hypothesis ce_000: float64, float64 
[ 2022-12-05 22:26:13,239 ] 65 root - INFO - Hypothesis ci_000: float64, float64 
[ 2022-12-05 22:26:13,246 ] 65 root - INFO - Hypothesis cj_000: float64, float64 
[ 2022-12-05 22:26:13,250 ] 65 root - INFO - Hypothesis ck_000: float64, float64 
[ 2022-12-05 22:26:13,257 ] 65 root - INFO - Hypothesis cl_000: float64, float64 
[ 2022-12-05 22:26:13,261 ] 65 root - INFO - Hypothesis cm_000: float64, float64 
[ 2022-12-05 22:26:13,266 ] 65 root - INFO - Hypothesis cn_000: float64, float64 
[ 2022-12-05 22:26:13,281 ] 65 root - INFO - Hypothesis cn_001: float64, float64 
[ 2022-12-05 22:26:13,285 ] 65 root - INFO - Hypothesis cn_002: float64, float64 
[ 2022-12-05 22:26:13,290 ] 65 root - INFO - Hypothesis cn_003: float64, float64 
[ 2022-12-05 22:26:13,297 ] 65 root - INFO - Hypothesis cn_004: float64, float64 
[ 2022-12-05 22:26:13,304 ] 65 root - INFO - Hypothesis cn_005: float64, float64 
[ 2022-12-05 22:26:13,311 ] 65 root - INFO - Hypothesis cn_006: float64, float64 
[ 2022-12-05 22:26:13,318 ] 65 root - INFO - Hypothesis cn_007: float64, float64 
[ 2022-12-05 22:26:13,325 ] 65 root - INFO - Hypothesis cn_008: float64, float64 
[ 2022-12-05 22:26:13,331 ] 65 root - INFO - Hypothesis cn_009: float64, float64 
[ 2022-12-05 22:26:13,336 ] 65 root - INFO - Hypothesis cp_000: float64, float64 
[ 2022-12-05 22:26:13,341 ] 65 root - INFO - Hypothesis cq_000: float64, float64 
[ 2022-12-05 22:26:13,348 ] 65 root - INFO - Hypothesis cs_000: float64, float64 
[ 2022-12-05 22:26:13,355 ] 65 root - INFO - Hypothesis cs_001: float64, float64 
[ 2022-12-05 22:26:13,360 ] 65 root - INFO - Hypothesis cs_002: float64, float64 
[ 2022-12-05 22:26:13,367 ] 65 root - INFO - Hypothesis cs_003: float64, float64 
[ 2022-12-05 22:26:13,374 ] 65 root - INFO - Hypothesis cs_004: float64, float64 
[ 2022-12-05 22:26:13,381 ] 65 root - INFO - Hypothesis cs_005: float64, float64 
[ 2022-12-05 22:26:13,388 ] 65 root - INFO - Hypothesis cs_006: float64, float64 
[ 2022-12-05 22:26:13,395 ] 65 root - INFO - Hypothesis cs_007: float64, float64 
[ 2022-12-05 22:26:13,401 ] 65 root - INFO - Hypothesis cs_008: float64, float64 
[ 2022-12-05 22:26:13,407 ] 65 root - INFO - Hypothesis cs_009: float64, float64 
[ 2022-12-05 22:26:13,422 ] 65 root - INFO - Hypothesis dd_000: float64, float64 
[ 2022-12-05 22:26:13,428 ] 65 root - INFO - Hypothesis de_000: float64, float64 
[ 2022-12-05 22:26:13,434 ] 65 root - INFO - Hypothesis df_000: float64, float64 
[ 2022-12-05 22:26:13,451 ] 65 root - INFO - Hypothesis dg_000: float64, float64 
[ 2022-12-05 22:26:13,467 ] 65 root - INFO - Hypothesis dh_000: float64, float64 
[ 2022-12-05 22:26:13,471 ] 65 root - INFO - Hypothesis di_000: float64, float64 
[ 2022-12-05 22:26:13,475 ] 65 root - INFO - Hypothesis dj_000: float64, float64 
[ 2022-12-05 22:26:13,478 ] 65 root - INFO - Hypothesis dk_000: float64, float64 
[ 2022-12-05 22:26:13,481 ] 65 root - INFO - Hypothesis dl_000: float64, float64 
[ 2022-12-05 22:26:13,497 ] 65 root - INFO - Hypothesis dm_000: float64, float64 
[ 2022-12-05 22:26:13,513 ] 65 root - INFO - Hypothesis dn_000: float64, float64 
[ 2022-12-05 22:26:13,520 ] 65 root - INFO - Hypothesis do_000: float64, float64 
[ 2022-12-05 22:26:13,526 ] 65 root - INFO - Hypothesis dp_000: float64, float64 
[ 2022-12-05 22:26:13,532 ] 65 root - INFO - Hypothesis dq_000: float64, float64 
[ 2022-12-05 22:26:13,537 ] 65 root - INFO - Hypothesis dr_000: float64, float64 
[ 2022-12-05 22:26:13,541 ] 65 root - INFO - Hypothesis ds_000: float64, float64 
[ 2022-12-05 22:26:13,548 ] 65 root - INFO - Hypothesis dt_000: float64, float64 
[ 2022-12-05 22:26:13,554 ] 65 root - INFO - Hypothesis du_000: float64, float64 
[ 2022-12-05 22:26:13,561 ] 65 root - INFO - Hypothesis dv_000: float64, float64 
[ 2022-12-05 22:26:13,568 ] 65 root - INFO - Hypothesis dx_000: float64, float64 
[ 2022-12-05 22:26:13,572 ] 65 root - INFO - Hypothesis dy_000: float64, float64 
[ 2022-12-05 22:26:13,577 ] 65 root - INFO - Hypothesis dz_000: float64, float64 
[ 2022-12-05 22:26:13,593 ] 65 root - INFO - Hypothesis ea_000: float64, float64 
[ 2022-12-05 22:26:13,608 ] 65 root - INFO - Hypothesis eb_000: float64, float64 
[ 2022-12-05 22:26:13,614 ] 65 root - INFO - Hypothesis ec_00: float64, float64 
[ 2022-12-05 22:26:13,621 ] 65 root - INFO - Hypothesis ed_000: float64, float64 
[ 2022-12-05 22:26:13,627 ] 65 root - INFO - Hypothesis ee_000: float64, float64 
[ 2022-12-05 22:26:13,634 ] 65 root - INFO - Hypothesis ee_001: float64, float64 
[ 2022-12-05 22:26:13,641 ] 65 root - INFO - Hypothesis ee_002: float64, float64 
[ 2022-12-05 22:26:13,648 ] 65 root - INFO - Hypothesis ee_003: float64, float64 
[ 2022-12-05 22:26:13,654 ] 65 root - INFO - Hypothesis ee_004: float64, float64 
[ 2022-12-05 22:26:13,661 ] 65 root - INFO - Hypothesis ee_005: float64, float64 
[ 2022-12-05 22:26:13,668 ] 65 root - INFO - Hypothesis ee_006: float64, float64 
[ 2022-12-05 22:26:13,675 ] 65 root - INFO - Hypothesis ee_007: float64, float64 
[ 2022-12-05 22:26:13,681 ] 65 root - INFO - Hypothesis ee_008: float64, float64 
[ 2022-12-05 22:26:13,687 ] 65 root - INFO - Hypothesis ee_009: float64, float64 
[ 2022-12-05 22:26:13,693 ] 65 root - INFO - Hypothesis ef_000: float64, float64 
[ 2022-12-05 22:26:13,708 ] 65 root - INFO - Hypothesis eg_000: float64, float64 
