[ 2022-12-05 22:21:44,100 ] 22 root - INFO - Exporting collection data as pandas dataframe
[ 2022-12-05 22:21:44,100 ] 11 root - INFO - Reading data from database: aps and collection: sensor
[ 2022-12-05 22:21:47,792 ] 14 root - INFO - Dropping column: _id 
[ 2022-12-05 22:21:48,001 ] 16 root - INFO - Row and columns in df: (36188, 171)
[ 2022-12-05 22:21:48,643 ] 26 root - INFO - Create feature store folder if not available
[ 2022-12-05 22:21:48,643 ] 29 root - INFO - Saving df to feature store dir
[ 2022-12-05 22:21:51,230 ] 32 root - INFO - split data into train and test data
[ 2022-12-05 22:21:51,879 ] 35 root - INFO - create dataset directory folder if not available
[ 2022-12-05 22:21:54,215 ] 46 root - INFO - Data ingestion artifact: DataIngestionArtifact(feature_store_path='/config/workspace/artifact/12052022__22211670259104/artifact/feature_store/sensor.csv', train_file_path='/config/workspace/artifact/12052022__22211670259104/artifact/dataset/train.csv', test_file_path='/config/workspace/artifact/12052022__22211670259104/artifact/dataset/test.csv')
[ 2022-12-05 22:21:54,727 ] 22 root - INFO - Exporting collection data as pandas dataframe
[ 2022-12-05 22:21:54,727 ] 11 root - INFO - Reading data from database: aps and collection: sensor
[ 2022-12-05 22:21:58,390 ] 14 root - INFO - Dropping column: _id 
[ 2022-12-05 22:21:58,585 ] 16 root - INFO - Row and columns in df: (36188, 171)
[ 2022-12-05 22:21:59,193 ] 26 root - INFO - Create feature store folder if not available
[ 2022-12-05 22:21:59,193 ] 29 root - INFO - Saving df to feature store dir
[ 2022-12-05 22:22:01,684 ] 32 root - INFO - split data into train and test data
[ 2022-12-05 22:22:02,257 ] 35 root - INFO - create dataset directory folder if not available
[ 2022-12-05 22:22:04,503 ] 46 root - INFO - Data ingestion artifact: DataIngestionArtifact(feature_store_path='/config/workspace/artifact/12052022__22211670259104/artifact/feature_store/sensor.csv', train_file_path='/config/workspace/artifact/12052022__22211670259104/artifact/dataset/train.csv', test_file_path='/config/workspace/artifact/12052022__22211670259104/artifact/dataset/test.csv')
[ 2022-12-05 22:22:04,884 ] 16 root - INFO - >>>>>>>>>>>>>>>>>>>>>>>>>>>>>>>>>>>>>>>>Data Validation <<<<<<<<<<<<<<<<<<<<<<<<<<<<<<<<<<<<<<<<
[ 2022-12-05 22:22:04,884 ] 85 root - INFO - Reading base file
[ 2022-12-05 22:22:06,526 ] 87 root - INFO - Replacing na values with Nan values
[ 2022-12-05 22:22:07,812 ] 89 root - INFO - Drop missing values in base df
[ 2022-12-05 22:22:08,726 ] 27 root - INFO - selecting column name which contains null above to 0.2
[ 2022-12-05 22:22:08,805 ] 93 root - INFO - Reading train and test data files
[ 2022-12-05 22:22:09,292 ] 97 root - INFO - Dropping missing values in training and testing files
[ 2022-12-05 22:22:09,303 ] 27 root - INFO - selecting column name which contains null above to 0.2
[ 2022-12-05 22:22:09,316 ] 27 root - INFO - selecting column name which contains null above to 0.2
[ 2022-12-05 22:22:15,342 ] 65 root - INFO - Hypothesis class: object, object 
[ 2022-12-05 22:22:15,472 ] 65 root - INFO - Hypothesis aa_000: float64, float64 
[ 2022-12-05 22:22:15,483 ] 65 root - INFO - Hypothesis ac_000: float64, float64 
[ 2022-12-05 22:22:15,491 ] 65 root - INFO - Hypothesis ae_000: float64, float64 
[ 2022-12-05 22:22:15,527 ] 65 root - INFO - Hypothesis af_000: float64, float64 
[ 2022-12-05 22:22:15,563 ] 65 root - INFO - Hypothesis ag_000: float64, float64 
[ 2022-12-05 22:22:15,598 ] 65 root - INFO - Hypothesis ag_001: float64, float64 
[ 2022-12-05 22:22:15,632 ] 65 root - INFO - Hypothesis ag_002: float64, float64 
[ 2022-12-05 22:22:15,668 ] 65 root - INFO - Hypothesis ag_003: float64, float64 
[ 2022-12-05 22:22:15,706 ] 65 root - INFO - Hypothesis ag_004: float64, float64 
[ 2022-12-05 22:22:15,716 ] 65 root - INFO - Hypothesis ag_005: float64, float64 
[ 2022-12-05 22:22:15,727 ] 65 root - INFO - Hypothesis ag_006: float64, float64 
[ 2022-12-05 22:22:15,768 ] 65 root - INFO - Hypothesis ag_007: float64, float64 
[ 2022-12-05 22:22:15,809 ] 65 root - INFO - Hypothesis ag_008: float64, float64 
[ 2022-12-05 22:22:15,848 ] 65 root - INFO - Hypothesis ag_009: float64, float64 
[ 2022-12-05 22:22:15,855 ] 65 root - INFO - Hypothesis ah_000: float64, float64 
[ 2022-12-05 22:22:15,866 ] 65 root - INFO - Hypothesis ai_000: float64, float64 
[ 2022-12-05 22:22:15,902 ] 65 root - INFO - Hypothesis aj_000: float64, float64 
[ 2022-12-05 22:22:15,939 ] 65 root - INFO - Hypothesis ak_000: float64, float64 
[ 2022-12-05 22:22:15,974 ] 65 root - INFO - Hypothesis al_000: float64, float64 
[ 2022-12-05 22:22:15,982 ] 65 root - INFO - Hypothesis am_0: float64, float64 
[ 2022-12-05 22:22:15,989 ] 65 root - INFO - Hypothesis an_000: float64, float64 
[ 2022-12-05 22:22:16,000 ] 65 root - INFO - Hypothesis ao_000: float64, float64 
[ 2022-12-05 22:22:16,011 ] 65 root - INFO - Hypothesis ap_000: float64, float64 
[ 2022-12-05 22:22:16,053 ] 65 root - INFO - Hypothesis aq_000: float64, float64 
[ 2022-12-05 22:22:16,098 ] 65 root - INFO - Hypothesis ar_000: float64, float64 
[ 2022-12-05 22:22:16,133 ] 65 root - INFO - Hypothesis as_000: float64, float64 
[ 2022-12-05 22:22:16,168 ] 65 root - INFO - Hypothesis at_000: float64, float64 
[ 2022-12-05 22:22:16,204 ] 65 root - INFO - Hypothesis au_000: float64, float64 
[ 2022-12-05 22:22:16,239 ] 65 root - INFO - Hypothesis av_000: float64, float64 
[ 2022-12-05 22:22:16,247 ] 65 root - INFO - Hypothesis ax_000: float64, float64 
[ 2022-12-05 22:22:16,255 ] 65 root - INFO - Hypothesis ay_000: float64, float64 
[ 2022-12-05 22:22:16,290 ] 65 root - INFO - Hypothesis ay_001: float64, float64 
[ 2022-12-05 22:22:16,325 ] 65 root - INFO - Hypothesis ay_002: float64, float64 
[ 2022-12-05 22:22:16,360 ] 65 root - INFO - Hypothesis ay_003: float64, float64 
[ 2022-12-05 22:22:16,395 ] 65 root - INFO - Hypothesis ay_004: float64, float64 
[ 2022-12-05 22:22:16,430 ] 65 root - INFO - Hypothesis ay_005: float64, float64 
[ 2022-12-05 22:22:16,439 ] 65 root - INFO - Hypothesis ay_006: float64, float64 
[ 2022-12-05 22:22:16,479 ] 65 root - INFO - Hypothesis ay_007: float64, float64 
[ 2022-12-05 22:22:16,520 ] 65 root - INFO - Hypothesis ay_008: float64, float64 
[ 2022-12-05 22:22:16,562 ] 65 root - INFO - Hypothesis ay_009: float64, float64 
[ 2022-12-05 22:22:16,597 ] 65 root - INFO - Hypothesis az_000: float64, float64 
[ 2022-12-05 22:22:16,637 ] 65 root - INFO - Hypothesis az_001: float64, float64 
[ 2022-12-05 22:22:16,678 ] 65 root - INFO - Hypothesis az_002: float64, float64 
[ 2022-12-05 22:22:16,718 ] 65 root - INFO - Hypothesis az_003: float64, float64 
[ 2022-12-05 22:22:16,760 ] 65 root - INFO - Hypothesis az_004: float64, float64 
[ 2022-12-05 22:22:16,771 ] 65 root - INFO - Hypothesis az_005: float64, float64 
[ 2022-12-05 22:22:16,812 ] 65 root - INFO - Hypothesis az_006: float64, float64 
[ 2022-12-05 22:22:16,822 ] 65 root - INFO - Hypothesis az_007: float64, float64 
[ 2022-12-05 22:22:16,828 ] 65 root - INFO - Hypothesis az_008: float64, float64 
[ 2022-12-05 22:22:16,864 ] 65 root - INFO - Hypothesis az_009: float64, float64 
[ 2022-12-05 22:22:16,900 ] 65 root - INFO - Hypothesis ba_000: float64, float64 
[ 2022-12-05 22:22:16,942 ] 65 root - INFO - Hypothesis ba_001: float64, float64 
[ 2022-12-05 22:22:16,986 ] 65 root - INFO - Hypothesis ba_002: float64, float64 
[ 2022-12-05 22:22:16,997 ] 65 root - INFO - Hypothesis ba_003: float64, float64 
[ 2022-12-05 22:22:17,008 ] 65 root - INFO - Hypothesis ba_004: float64, float64 
[ 2022-12-05 22:22:17,021 ] 65 root - INFO - Hypothesis ba_005: float64, float64 
[ 2022-12-05 22:22:17,032 ] 65 root - INFO - Hypothesis ba_006: float64, float64 
[ 2022-12-05 22:22:17,074 ] 65 root - INFO - Hypothesis ba_007: float64, float64 
[ 2022-12-05 22:22:17,084 ] 65 root - INFO - Hypothesis ba_008: float64, float64 
[ 2022-12-05 22:22:17,122 ] 65 root - INFO - Hypothesis ba_009: float64, float64 
[ 2022-12-05 22:22:17,166 ] 65 root - INFO - Hypothesis bb_000: float64, float64 
[ 2022-12-05 22:22:17,177 ] 65 root - INFO - Hypothesis bc_000: float64, float64 
[ 2022-12-05 22:22:17,220 ] 65 root - INFO - Hypothesis bd_000: float64, float64 
[ 2022-12-05 22:22:17,259 ] 65 root - INFO - Hypothesis be_000: float64, float64 
[ 2022-12-05 22:22:17,300 ] 65 root - INFO - Hypothesis bf_000: float64, float64 
[ 2022-12-05 22:22:17,338 ] 65 root - INFO - Hypothesis bg_000: float64, float64 
[ 2022-12-05 22:22:17,349 ] 65 root - INFO - Hypothesis bh_000: float64, float64 
[ 2022-12-05 22:22:17,359 ] 65 root - INFO - Hypothesis bi_000: float64, float64 
[ 2022-12-05 22:22:17,401 ] 65 root - INFO - Hypothesis bj_000: float64, float64 
[ 2022-12-05 22:22:17,444 ] 65 root - INFO - Hypothesis bs_000: float64, float64 
[ 2022-12-05 22:22:17,455 ] 65 root - INFO - Hypothesis bt_000: float64, float64 
[ 2022-12-05 22:22:17,465 ] 65 root - INFO - Hypothesis bu_000: float64, float64 
[ 2022-12-05 22:22:17,476 ] 65 root - INFO - Hypothesis bv_000: float64, float64 
[ 2022-12-05 22:22:17,486 ] 65 root - INFO - Hypothesis bx_000: float64, float64 
[ 2022-12-05 22:22:17,496 ] 65 root - INFO - Hypothesis by_000: float64, float64 
[ 2022-12-05 22:22:17,538 ] 65 root - INFO - Hypothesis bz_000: float64, float64 
[ 2022-12-05 22:22:17,578 ] 65 root - INFO - Hypothesis ca_000: float64, float64 
[ 2022-12-05 22:22:17,589 ] 65 root - INFO - Hypothesis cb_000: float64, float64 
[ 2022-12-05 22:22:17,600 ] 65 root - INFO - Hypothesis cc_000: float64, float64 
[ 2022-12-05 22:22:17,610 ] 65 root - INFO - Hypothesis cd_000: float64, float64 
[ 2022-12-05 22:22:17,645 ] 65 root - INFO - Hypothesis ce_000: float64, float64 
[ 2022-12-05 22:22:17,687 ] 65 root - INFO - Hypothesis ci_000: float64, float64 
[ 2022-12-05 22:22:17,728 ] 65 root - INFO - Hypothesis cj_000: float64, float64 
[ 2022-12-05 22:22:17,735 ] 65 root - INFO - Hypothesis ck_000: float64, float64 
[ 2022-12-05 22:22:17,777 ] 65 root - INFO - Hypothesis cl_000: float64, float64 
[ 2022-12-05 22:22:17,814 ] 65 root - INFO - Hypothesis cm_000: float64, float64 
[ 2022-12-05 22:22:17,852 ] 65 root - INFO - Hypothesis cn_000: float64, float64 
[ 2022-12-05 22:22:17,888 ] 65 root - INFO - Hypothesis cn_001: float64, float64 
[ 2022-12-05 22:22:17,926 ] 65 root - INFO - Hypothesis cn_002: float64, float64 
[ 2022-12-05 22:22:17,934 ] 65 root - INFO - Hypothesis cn_003: float64, float64 
[ 2022-12-05 22:22:17,976 ] 65 root - INFO - Hypothesis cn_004: float64, float64 
[ 2022-12-05 22:22:17,987 ] 65 root - INFO - Hypothesis cn_005: float64, float64 
[ 2022-12-05 22:22:18,030 ] 65 root - INFO - Hypothesis cn_006: float64, float64 
[ 2022-12-05 22:22:18,076 ] 65 root - INFO - Hypothesis cn_007: float64, float64 
[ 2022-12-05 22:22:18,117 ] 65 root - INFO - Hypothesis cn_008: float64, float64 
[ 2022-12-05 22:22:18,158 ] 65 root - INFO - Hypothesis cn_009: float64, float64 
[ 2022-12-05 22:22:18,196 ] 65 root - INFO - Hypothesis cp_000: float64, float64 
[ 2022-12-05 22:22:18,204 ] 65 root - INFO - Hypothesis cq_000: float64, float64 
[ 2022-12-05 22:22:18,215 ] 65 root - INFO - Hypothesis cs_000: float64, float64 
[ 2022-12-05 22:22:18,256 ] 65 root - INFO - Hypothesis cs_001: float64, float64 
[ 2022-12-05 22:22:18,297 ] 65 root - INFO - Hypothesis cs_002: float64, float64 
[ 2022-12-05 22:22:18,338 ] 65 root - INFO - Hypothesis cs_003: float64, float64 
[ 2022-12-05 22:22:18,381 ] 65 root - INFO - Hypothesis cs_004: float64, float64 
[ 2022-12-05 22:22:18,392 ] 65 root - INFO - Hypothesis cs_005: float64, float64 
[ 2022-12-05 22:22:18,403 ] 65 root - INFO - Hypothesis cs_006: float64, float64 
[ 2022-12-05 22:22:18,444 ] 65 root - INFO - Hypothesis cs_007: float64, float64 
[ 2022-12-05 22:22:18,487 ] 65 root - INFO - Hypothesis cs_008: float64, float64 
[ 2022-12-05 22:22:18,495 ] 65 root - INFO - Hypothesis cs_009: float64, float64 
[ 2022-12-05 22:22:18,530 ] 65 root - INFO - Hypothesis dd_000: float64, float64 
[ 2022-12-05 22:22:18,571 ] 65 root - INFO - Hypothesis de_000: float64, float64 
[ 2022-12-05 22:22:18,580 ] 65 root - INFO - Hypothesis df_000: float64, float64 
[ 2022-12-05 22:22:18,615 ] 65 root - INFO - Hypothesis dg_000: float64, float64 
[ 2022-12-05 22:22:18,652 ] 65 root - INFO - Hypothesis dh_000: float64, float64 
[ 2022-12-05 22:22:18,689 ] 65 root - INFO - Hypothesis di_000: float64, float64 
[ 2022-12-05 22:22:18,726 ] 65 root - INFO - Hypothesis dj_000: float64, float64 
[ 2022-12-05 22:22:18,761 ] 65 root - INFO - Hypothesis dk_000: float64, float64 
[ 2022-12-05 22:22:18,795 ] 65 root - INFO - Hypothesis dl_000: float64, float64 
[ 2022-12-05 22:22:18,831 ] 65 root - INFO - Hypothesis dm_000: float64, float64 
[ 2022-12-05 22:22:18,866 ] 65 root - INFO - Hypothesis dn_000: float64, float64 
[ 2022-12-05 22:22:18,908 ] 65 root - INFO - Hypothesis do_000: float64, float64 
[ 2022-12-05 22:22:18,917 ] 65 root - INFO - Hypothesis dp_000: float64, float64 
[ 2022-12-05 22:22:18,926 ] 65 root - INFO - Hypothesis dq_000: float64, float64 
[ 2022-12-05 22:22:18,933 ] 65 root - INFO - Hypothesis dr_000: float64, float64 
[ 2022-12-05 22:22:18,940 ] 65 root - INFO - Hypothesis ds_000: float64, float64 
[ 2022-12-05 22:22:18,950 ] 65 root - INFO - Hypothesis dt_000: float64, float64 
[ 2022-12-05 22:22:18,960 ] 65 root - INFO - Hypothesis du_000: float64, float64 
[ 2022-12-05 22:22:19,001 ] 65 root - INFO - Hypothesis dv_000: float64, float64 
[ 2022-12-05 22:22:19,045 ] 65 root - INFO - Hypothesis dx_000: float64, float64 
[ 2022-12-05 22:22:19,084 ] 65 root - INFO - Hypothesis dy_000: float64, float64 
[ 2022-12-05 22:22:19,091 ] 65 root - INFO - Hypothesis dz_000: float64, float64 
[ 2022-12-05 22:22:19,126 ] 65 root - INFO - Hypothesis ea_000: float64, float64 
[ 2022-12-05 22:22:19,161 ] 65 root - INFO - Hypothesis eb_000: float64, float64 
[ 2022-12-05 22:22:19,170 ] 65 root - INFO - Hypothesis ec_00: float64, float64 
[ 2022-12-05 22:22:19,180 ] 65 root - INFO - Hypothesis ed_000: float64, float64 
[ 2022-12-05 22:22:19,221 ] 65 root - INFO - Hypothesis ee_000: float64, float64 
[ 2022-12-05 22:22:19,263 ] 65 root - INFO - Hypothesis ee_001: float64, float64 
[ 2022-12-05 22:22:19,304 ] 65 root - INFO - Hypothesis ee_002: float64, float64 
[ 2022-12-05 22:22:19,345 ] 65 root - INFO - Hypothesis ee_003: float64, float64 
[ 2022-12-05 22:22:19,386 ] 65 root - INFO - Hypothesis ee_004: float64, float64 
[ 2022-12-05 22:22:19,428 ] 65 root - INFO - Hypothesis ee_005: float64, float64 
[ 2022-12-05 22:22:19,471 ] 65 root - INFO - Hypothesis ee_006: float64, float64 
[ 2022-12-05 22:22:19,481 ] 65 root - INFO - Hypothesis ee_007: float64, float64 
[ 2022-12-05 22:22:19,491 ] 65 root - INFO - Hypothesis ee_008: float64, float64 
[ 2022-12-05 22:22:19,501 ] 65 root - INFO - Hypothesis ee_009: float64, float64 
[ 2022-12-05 22:22:19,509 ] 65 root - INFO - Hypothesis ef_000: float64, float64 
[ 2022-12-05 22:22:19,545 ] 65 root - INFO - Hypothesis eg_000: float64, float64 
[ 2022-12-05 22:22:19,582 ] 65 root - INFO - Hypothesis class: object, object 
[ 2022-12-05 22:22:19,656 ] 65 root - INFO - Hypothesis aa_000: float64, float64 
[ 2022-12-05 22:22:19,663 ] 65 root - INFO - Hypothesis ac_000: float64, float64 
[ 2022-12-05 22:22:19,670 ] 65 root - INFO - Hypothesis ae_000: float64, float64 
[ 2022-12-05 22:22:19,687 ] 65 root - INFO - Hypothesis af_000: float64, float64 
[ 2022-12-05 22:22:19,703 ] 65 root - INFO - Hypothesis ag_000: float64, float64 
[ 2022-12-05 22:22:19,717 ] 65 root - INFO - Hypothesis ag_001: float64, float64 
[ 2022-12-05 22:22:19,732 ] 65 root - INFO - Hypothesis ag_002: float64, float64 
[ 2022-12-05 22:22:19,736 ] 65 root - INFO - Hypothesis ag_003: float64, float64 
[ 2022-12-05 22:22:19,740 ] 65 root - INFO - Hypothesis ag_004: float64, float64 
[ 2022-12-05 22:22:19,747 ] 65 root - INFO - Hypothesis ag_005: float64, float64 
[ 2022-12-05 22:22:19,754 ] 65 root - INFO - Hypothesis ag_006: float64, float64 
[ 2022-12-05 22:22:19,761 ] 65 root - INFO - Hypothesis ag_007: float64, float64 
[ 2022-12-05 22:22:19,767 ] 65 root - INFO - Hypothesis ag_008: float64, float64 
[ 2022-12-05 22:22:19,773 ] 65 root - INFO - Hypothesis ag_009: float64, float64 
[ 2022-12-05 22:22:19,778 ] 65 root - INFO - Hypothesis ah_000: float64, float64 
[ 2022-12-05 22:22:19,785 ] 65 root - INFO - Hypothesis ai_000: float64, float64 
[ 2022-12-05 22:22:19,800 ] 65 root - INFO - Hypothesis aj_000: float64, float64 
[ 2022-12-05 22:22:19,804 ] 65 root - INFO - Hypothesis ak_000: float64, float64 
[ 2022-12-05 22:22:19,819 ] 65 root - INFO - Hypothesis al_000: float64, float64 
[ 2022-12-05 22:22:19,824 ] 65 root - INFO - Hypothesis am_0: float64, float64 
[ 2022-12-05 22:22:19,829 ] 65 root - INFO - Hypothesis an_000: float64, float64 
[ 2022-12-05 22:22:19,837 ] 65 root - INFO - Hypothesis ao_000: float64, float64 
[ 2022-12-05 22:22:19,844 ] 65 root - INFO - Hypothesis ap_000: float64, float64 
[ 2022-12-05 22:22:19,851 ] 65 root - INFO - Hypothesis aq_000: float64, float64 
[ 2022-12-05 22:22:19,859 ] 65 root - INFO - Hypothesis ar_000: float64, float64 
[ 2022-12-05 22:22:19,874 ] 65 root - INFO - Hypothesis as_000: float64, float64 
[ 2022-12-05 22:22:19,889 ] 65 root - INFO - Hypothesis at_000: float64, float64 
[ 2022-12-05 22:22:19,892 ] 65 root - INFO - Hypothesis au_000: float64, float64 
[ 2022-12-05 22:22:19,907 ] 65 root - INFO - Hypothesis av_000: float64, float64 
[ 2022-12-05 22:22:19,912 ] 65 root - INFO - Hypothesis ax_000: float64, float64 
[ 2022-12-05 22:22:19,918 ] 65 root - INFO - Hypothesis ay_000: float64, float64 
[ 2022-12-05 22:22:19,933 ] 65 root - INFO - Hypothesis ay_001: float64, float64 
[ 2022-12-05 22:22:19,949 ] 65 root - INFO - Hypothesis ay_002: float64, float64 
[ 2022-12-05 22:22:19,964 ] 65 root - INFO - Hypothesis ay_003: float64, float64 
[ 2022-12-05 22:22:19,979 ] 65 root - INFO - Hypothesis ay_004: float64, float64 
[ 2022-12-05 22:22:19,982 ] 65 root - INFO - Hypothesis ay_005: float64, float64 
[ 2022-12-05 22:22:19,988 ] 65 root - INFO - Hypothesis ay_006: float64, float64 
[ 2022-12-05 22:22:19,994 ] 65 root - INFO - Hypothesis ay_007: float64, float64 
[ 2022-12-05 22:22:20,001 ] 65 root - INFO - Hypothesis ay_008: float64, float64 
[ 2022-12-05 22:22:20,008 ] 65 root - INFO - Hypothesis ay_009: float64, float64 
[ 2022-12-05 22:22:20,024 ] 65 root - INFO - Hypothesis az_000: float64, float64 
[ 2022-12-05 22:22:20,031 ] 65 root - INFO - Hypothesis az_001: float64, float64 
[ 2022-12-05 22:22:20,037 ] 65 root - INFO - Hypothesis az_002: float64, float64 
[ 2022-12-05 22:22:20,044 ] 65 root - INFO - Hypothesis az_003: float64, float64 
[ 2022-12-05 22:22:20,052 ] 65 root - INFO - Hypothesis az_004: float64, float64 
[ 2022-12-05 22:22:20,061 ] 65 root - INFO - Hypothesis az_005: float64, float64 
[ 2022-12-05 22:22:20,068 ] 65 root - INFO - Hypothesis az_006: float64, float64 
[ 2022-12-05 22:22:20,074 ] 65 root - INFO - Hypothesis az_007: float64, float64 
[ 2022-12-05 22:22:20,079 ] 65 root - INFO - Hypothesis az_008: float64, float64 
[ 2022-12-05 22:22:20,082 ] 65 root - INFO - Hypothesis az_009: float64, float64 
[ 2022-12-05 22:22:20,097 ] 65 root - INFO - Hypothesis ba_000: float64, float64 
[ 2022-12-05 22:22:20,104 ] 65 root - INFO - Hypothesis ba_001: float64, float64 
[ 2022-12-05 22:22:20,112 ] 65 root - INFO - Hypothesis ba_002: float64, float64 
[ 2022-12-05 22:22:20,119 ] 65 root - INFO - Hypothesis ba_003: float64, float64 
[ 2022-12-05 22:22:20,126 ] 65 root - INFO - Hypothesis ba_004: float64, float64 
[ 2022-12-05 22:22:20,133 ] 65 root - INFO - Hypothesis ba_005: float64, float64 
[ 2022-12-05 22:22:20,139 ] 65 root - INFO - Hypothesis ba_006: float64, float64 
[ 2022-12-05 22:22:20,146 ] 65 root - INFO - Hypothesis ba_007: float64, float64 
[ 2022-12-05 22:22:20,153 ] 65 root - INFO - Hypothesis ba_008: float64, float64 
[ 2022-12-05 22:22:20,158 ] 65 root - INFO - Hypothesis ba_009: float64, float64 
[ 2022-12-05 22:22:20,163 ] 65 root - INFO - Hypothesis bb_000: float64, float64 
[ 2022-12-05 22:22:20,170 ] 65 root - INFO - Hypothesis bc_000: float64, float64 
[ 2022-12-05 22:22:20,175 ] 65 root - INFO - Hypothesis bd_000: float64, float64 
[ 2022-12-05 22:22:20,181 ] 65 root - INFO - Hypothesis be_000: float64, float64 
[ 2022-12-05 22:22:20,187 ] 65 root - INFO - Hypothesis bf_000: float64, float64 
[ 2022-12-05 22:22:20,191 ] 65 root - INFO - Hypothesis bg_000: float64, float64 
[ 2022-12-05 22:22:20,198 ] 65 root - INFO - Hypothesis bh_000: float64, float64 
[ 2022-12-05 22:22:20,205 ] 65 root - INFO - Hypothesis bi_000: float64, float64 
[ 2022-12-05 22:22:20,212 ] 65 root - INFO - Hypothesis bj_000: float64, float64 
[ 2022-12-05 22:22:20,220 ] 65 root - INFO - Hypothesis bs_000: float64, float64 
[ 2022-12-05 22:22:20,227 ] 65 root - INFO - Hypothesis bt_000: float64, float64 
[ 2022-12-05 22:22:20,234 ] 65 root - INFO - Hypothesis bu_000: float64, float64 
[ 2022-12-05 22:22:20,241 ] 65 root - INFO - Hypothesis bv_000: float64, float64 
[ 2022-12-05 22:22:20,248 ] 65 root - INFO - Hypothesis bx_000: float64, float64 
[ 2022-12-05 22:22:20,255 ] 65 root - INFO - Hypothesis by_000: float64, float64 
[ 2022-12-05 22:22:20,261 ] 65 root - INFO - Hypothesis bz_000: float64, float64 
[ 2022-12-05 22:22:20,267 ] 65 root - INFO - Hypothesis ca_000: float64, float64 
[ 2022-12-05 22:22:20,274 ] 65 root - INFO - Hypothesis cb_000: float64, float64 
[ 2022-12-05 22:22:20,281 ] 65 root - INFO - Hypothesis cc_000: float64, float64 
[ 2022-12-05 22:22:20,288 ] 65 root - INFO - Hypothesis cd_000: float64, float64 
[ 2022-12-05 22:22:20,303 ] 65 root - INFO - Hypothesis ce_000: float64, float64 
[ 2022-12-05 22:22:20,310 ] 65 root - INFO - Hypothesis ci_000: float64, float64 
[ 2022-12-05 22:22:20,317 ] 65 root - INFO - Hypothesis cj_000: float64, float64 
[ 2022-12-05 22:22:20,321 ] 65 root - INFO - Hypothesis ck_000: float64, float64 
[ 2022-12-05 22:22:20,328 ] 65 root - INFO - Hypothesis cl_000: float64, float64 
[ 2022-12-05 22:22:20,344 ] 65 root - INFO - Hypothesis cm_000: float64, float64 
[ 2022-12-05 22:22:20,349 ] 65 root - INFO - Hypothesis cn_000: float64, float64 
[ 2022-12-05 22:22:20,364 ] 65 root - INFO - Hypothesis cn_001: float64, float64 
[ 2022-12-05 22:22:20,368 ] 65 root - INFO - Hypothesis cn_002: float64, float64 
[ 2022-12-05 22:22:20,374 ] 65 root - INFO - Hypothesis cn_003: float64, float64 
[ 2022-12-05 22:22:20,381 ] 65 root - INFO - Hypothesis cn_004: float64, float64 
[ 2022-12-05 22:22:20,388 ] 65 root - INFO - Hypothesis cn_005: float64, float64 
[ 2022-12-05 22:22:20,395 ] 65 root - INFO - Hypothesis cn_006: float64, float64 
[ 2022-12-05 22:22:20,403 ] 65 root - INFO - Hypothesis cn_007: float64, float64 
[ 2022-12-05 22:22:20,409 ] 65 root - INFO - Hypothesis cn_008: float64, float64 
[ 2022-12-05 22:22:20,415 ] 65 root - INFO - Hypothesis cn_009: float64, float64 
[ 2022-12-05 22:22:20,420 ] 65 root - INFO - Hypothesis cp_000: float64, float64 
[ 2022-12-05 22:22:20,426 ] 65 root - INFO - Hypothesis cq_000: float64, float64 
[ 2022-12-05 22:22:20,433 ] 65 root - INFO - Hypothesis cs_000: float64, float64 
[ 2022-12-05 22:22:20,439 ] 65 root - INFO - Hypothesis cs_001: float64, float64 
[ 2022-12-05 22:22:20,445 ] 65 root - INFO - Hypothesis cs_002: float64, float64 
[ 2022-12-05 22:22:20,452 ] 65 root - INFO - Hypothesis cs_003: float64, float64 
[ 2022-12-05 22:22:20,459 ] 65 root - INFO - Hypothesis cs_004: float64, float64 
[ 2022-12-05 22:22:20,466 ] 65 root - INFO - Hypothesis cs_005: float64, float64 
[ 2022-12-05 22:22:20,473 ] 65 root - INFO - Hypothesis cs_006: float64, float64 
[ 2022-12-05 22:22:20,480 ] 65 root - INFO - Hypothesis cs_007: float64, float64 
[ 2022-12-05 22:22:20,487 ] 65 root - INFO - Hypothesis cs_008: float64, float64 
[ 2022-12-05 22:22:20,492 ] 65 root - INFO - Hypothesis cs_009: float64, float64 
[ 2022-12-05 22:22:20,507 ] 65 root - INFO - Hypothesis dd_000: float64, float64 
[ 2022-12-05 22:22:20,514 ] 65 root - INFO - Hypothesis de_000: float64, float64 
[ 2022-12-05 22:22:20,519 ] 65 root - INFO - Hypothesis df_000: float64, float64 
[ 2022-12-05 22:22:20,535 ] 65 root - INFO - Hypothesis dg_000: float64, float64 
[ 2022-12-05 22:22:20,550 ] 65 root - INFO - Hypothesis dh_000: float64, float64 
[ 2022-12-05 22:22:20,566 ] 65 root - INFO - Hypothesis di_000: float64, float64 
[ 2022-12-05 22:22:20,582 ] 65 root - INFO - Hypothesis dj_000: float64, float64 
[ 2022-12-05 22:22:20,598 ] 65 root - INFO - Hypothesis dk_000: float64, float64 
[ 2022-12-05 22:22:20,613 ] 65 root - INFO - Hypothesis dl_000: float64, float64 
[ 2022-12-05 22:22:20,629 ] 65 root - INFO - Hypothesis dm_000: float64, float64 
[ 2022-12-05 22:22:20,644 ] 65 root - INFO - Hypothesis dn_000: float64, float64 
[ 2022-12-05 22:22:20,652 ] 65 root - INFO - Hypothesis do_000: float64, float64 
[ 2022-12-05 22:22:20,658 ] 65 root - INFO - Hypothesis dp_000: float64, float64 
[ 2022-12-05 22:22:20,665 ] 65 root - INFO - Hypothesis dq_000: float64, float64 
[ 2022-12-05 22:22:20,670 ] 65 root - INFO - Hypothesis dr_000: float64, float64 
[ 2022-12-05 22:22:20,675 ] 65 root - INFO - Hypothesis ds_000: float64, float64 
[ 2022-12-05 22:22:20,682 ] 65 root - INFO - Hypothesis dt_000: float64, float64 
[ 2022-12-05 22:22:20,689 ] 65 root - INFO - Hypothesis du_000: float64, float64 
[ 2022-12-05 22:22:20,696 ] 65 root - INFO - Hypothesis dv_000: float64, float64 
[ 2022-12-05 22:22:20,704 ] 65 root - INFO - Hypothesis dx_000: float64, float64 
[ 2022-12-05 22:22:20,709 ] 65 root - INFO - Hypothesis dy_000: float64, float64 
[ 2022-12-05 22:22:20,714 ] 65 root - INFO - Hypothesis dz_000: float64, float64 
[ 2022-12-05 22:22:20,729 ] 65 root - INFO - Hypothesis ea_000: float64, float64 
[ 2022-12-05 22:22:20,746 ] 65 root - INFO - Hypothesis eb_000: float64, float64 
[ 2022-12-05 22:22:20,752 ] 65 root - INFO - Hypothesis ec_00: float64, float64 
[ 2022-12-05 22:22:20,759 ] 65 root - INFO - Hypothesis ed_000: float64, float64 
[ 2022-12-05 22:22:20,765 ] 65 root - INFO - Hypothesis ee_000: float64, float64 
[ 2022-12-05 22:22:20,772 ] 65 root - INFO - Hypothesis ee_001: float64, float64 
[ 2022-12-05 22:22:20,779 ] 65 root - INFO - Hypothesis ee_002: float64, float64 
[ 2022-12-05 22:22:20,787 ] 65 root - INFO - Hypothesis ee_003: float64, float64 
[ 2022-12-05 22:22:20,794 ] 65 root - INFO - Hypothesis ee_004: float64, float64 
[ 2022-12-05 22:22:20,802 ] 65 root - INFO - Hypothesis ee_005: float64, float64 
[ 2022-12-05 22:22:20,809 ] 65 root - INFO - Hypothesis ee_006: float64, float64 
[ 2022-12-05 22:22:20,816 ] 65 root - INFO - Hypothesis ee_007: float64, float64 
[ 2022-12-05 22:22:20,822 ] 65 root - INFO - Hypothesis ee_008: float64, float64 
[ 2022-12-05 22:22:20,829 ] 65 root - INFO - Hypothesis ee_009: float64, float64 
[ 2022-12-05 22:22:20,834 ] 65 root - INFO - Hypothesis ef_000: float64, float64 
[ 2022-12-05 22:22:20,848 ] 65 root - INFO - Hypothesis eg_000: float64, float64 
