[ 2022-12-06 00:12:58,704 ] 22 root - INFO - Exporting collection data as pandas dataframe
[ 2022-12-06 00:15:53,501 ] 12 root - INFO - Reading data from database: aps and collection: sensor
[ 2022-12-06 00:19:27,519 ] 15 root - INFO - Dropping column: _id 
[ 2022-12-06 00:19:27,755 ] 17 root - INFO - Row and columns in df: (36188, 171)
[ 2022-12-06 00:20:31,116 ] 26 root - INFO - Create feature store folder if not available
[ 2022-12-06 00:21:07,725 ] 29 root - INFO - Saving df to feature store dir
[ 2022-12-06 00:21:10,867 ] 32 root - INFO - split data into train and test data
[ 2022-12-06 00:21:55,106 ] 35 root - INFO - create dataset directory folder if not available
[ 2022-12-06 00:42:05,830 ] 46 root - INFO - Data ingestion artifact: DataIngestionArtifact(feature_store_path='/config/workspace/artifact/12062022__00011670265076/artifact/feature_store/sensor.csv', train_file_path='/config/workspace/artifact/12062022__00011670265076/artifact/dataset/train.csv', test_file_path='/config/workspace/artifact/12062022__00011670265076/artifact/dataset/test.csv')
[ 2022-12-06 00:42:37,222 ] 22 root - INFO - Exporting collection data as pandas dataframe
[ 2022-12-06 00:44:04,147 ] 12 root - INFO - Reading data from database: aps and collection: sensor
[ 2022-12-06 00:44:13,607 ] 15 root - INFO - Dropping column: _id 
[ 2022-12-06 00:44:13,839 ] 17 root - INFO - Row and columns in df: (36188, 171)
[ 2022-12-06 00:44:24,745 ] 26 root - INFO - Create feature store folder if not available
[ 2022-12-06 00:44:36,316 ] 29 root - INFO - Saving df to feature store dir
[ 2022-12-06 00:45:17,378 ] 32 root - INFO - split data into train and test data
[ 2022-12-06 00:46:15,604 ] 35 root - INFO - create dataset directory folder if not available
[ 2022-12-06 00:49:03,986 ] 46 root - INFO - Data ingestion artifact: DataIngestionArtifact(feature_store_path='/config/workspace/artifact/12062022__00011670265076/artifact/feature_store/sensor.csv', train_file_path='/config/workspace/artifact/12062022__00011670265076/artifact/dataset/train.csv', test_file_path='/config/workspace/artifact/12062022__00011670265076/artifact/dataset/test.csv')
[ 2022-12-06 00:50:11,942 ] 15 root - INFO - >>>>>>>>>>>>>>>>>>>>>>>>>>>>>>>>>>>>>>>>Data Validation <<<<<<<<<<<<<<<<<<<<<<<<<<<<<<<<<<<<<<<<
[ 2022-12-06 00:50:38,124 ] 84 root - INFO - Reading base file
[ 2022-12-06 00:50:55,073 ] 86 root - INFO - Replacing na values with Nan values
[ 2022-12-06 00:50:56,465 ] 88 root - INFO - Drop missing values in base df
[ 2022-12-06 00:52:27,956 ] 26 root - INFO - selecting column name which contains null above to 0.2
[ 2022-12-06 00:53:22,684 ] 92 root - INFO - Reading train and test data files
[ 2022-12-06 00:53:46,430 ] 96 root - INFO - Dropping missing values in training and testing files
[ 2022-12-06 00:53:53,064 ] 26 root - INFO - selecting column name which contains null above to 0.2
[ 2022-12-06 00:54:22,834 ] 26 root - INFO - selecting column name which contains null above to 0.2
[ 2022-12-06 00:59:15,725 ] 64 root - INFO - Hypothesis class: object, object 
[ 2022-12-06 00:59:17,665 ] 64 root - INFO - Hypothesis aa_000: float64, float64 
[ 2022-12-06 00:59:33,749 ] 64 root - INFO - Hypothesis ac_000: float64, float64 
[ 2022-12-06 00:59:55,275 ] 64 root - INFO - Hypothesis ae_000: float64, float64 
[ 2022-12-06 00:59:56,594 ] 64 root - INFO - Hypothesis af_000: float64, float64 
[ 2022-12-06 01:00:00,036 ] 64 root - INFO - Hypothesis ag_000: float64, float64 
[ 2022-12-06 01:00:00,079 ] 64 root - INFO - Hypothesis ag_001: float64, float64 
[ 2022-12-06 01:00:00,122 ] 64 root - INFO - Hypothesis ag_002: float64, float64 
[ 2022-12-06 01:00:00,166 ] 64 root - INFO - Hypothesis ag_003: float64, float64 
[ 2022-12-06 01:00:00,212 ] 64 root - INFO - Hypothesis ag_004: float64, float64 
[ 2022-12-06 01:00:00,223 ] 64 root - INFO - Hypothesis ag_005: float64, float64 
[ 2022-12-06 01:00:00,235 ] 64 root - INFO - Hypothesis ag_006: float64, float64 
[ 2022-12-06 01:00:00,246 ] 64 root - INFO - Hypothesis ag_007: float64, float64 
[ 2022-12-06 01:00:00,257 ] 64 root - INFO - Hypothesis ag_008: float64, float64 
[ 2022-12-06 01:00:00,266 ] 64 root - INFO - Hypothesis ag_009: float64, float64 
[ 2022-12-06 01:00:00,314 ] 64 root - INFO - Hypothesis ah_000: float64, float64 
[ 2022-12-06 01:00:00,325 ] 64 root - INFO - Hypothesis ai_000: float64, float64 
[ 2022-12-06 01:00:00,369 ] 64 root - INFO - Hypothesis aj_000: float64, float64 
[ 2022-12-06 01:00:00,414 ] 64 root - INFO - Hypothesis ak_000: float64, float64 
[ 2022-12-06 01:00:00,458 ] 64 root - INFO - Hypothesis al_000: float64, float64 
[ 2022-12-06 01:00:00,506 ] 64 root - INFO - Hypothesis am_0: float64, float64 
[ 2022-12-06 01:00:00,553 ] 64 root - INFO - Hypothesis an_000: float64, float64 
[ 2022-12-06 01:00:00,565 ] 64 root - INFO - Hypothesis ao_000: float64, float64 
[ 2022-12-06 01:00:00,576 ] 64 root - INFO - Hypothesis ap_000: float64, float64 
[ 2022-12-06 01:00:00,588 ] 64 root - INFO - Hypothesis aq_000: float64, float64 
[ 2022-12-06 01:00:00,599 ] 64 root - INFO - Hypothesis ar_000: float64, float64 
[ 2022-12-06 01:00:00,643 ] 64 root - INFO - Hypothesis as_000: float64, float64 
[ 2022-12-06 01:00:00,688 ] 64 root - INFO - Hypothesis at_000: float64, float64 
[ 2022-12-06 01:00:00,731 ] 64 root - INFO - Hypothesis au_000: float64, float64 
[ 2022-12-06 01:00:00,774 ] 64 root - INFO - Hypothesis av_000: float64, float64 
[ 2022-12-06 01:00:00,784 ] 64 root - INFO - Hypothesis ax_000: float64, float64 
[ 2022-12-06 01:00:00,793 ] 64 root - INFO - Hypothesis ay_000: float64, float64 
[ 2022-12-06 01:00:00,838 ] 64 root - INFO - Hypothesis ay_001: float64, float64 
[ 2022-12-06 01:00:00,882 ] 64 root - INFO - Hypothesis ay_002: float64, float64 
[ 2022-12-06 01:00:00,927 ] 64 root - INFO - Hypothesis ay_003: float64, float64 
[ 2022-12-06 01:00:00,972 ] 64 root - INFO - Hypothesis ay_004: float64, float64 
[ 2022-12-06 01:00:01,017 ] 64 root - INFO - Hypothesis ay_005: float64, float64 
[ 2022-12-06 01:00:01,065 ] 64 root - INFO - Hypothesis ay_006: float64, float64 
[ 2022-12-06 01:00:01,076 ] 64 root - INFO - Hypothesis ay_007: float64, float64 
[ 2022-12-06 01:00:01,087 ] 64 root - INFO - Hypothesis ay_008: float64, float64 
[ 2022-12-06 01:00:01,099 ] 64 root - INFO - Hypothesis ay_009: float64, float64 
[ 2022-12-06 01:00:01,143 ] 64 root - INFO - Hypothesis az_000: float64, float64 
[ 2022-12-06 01:00:01,154 ] 64 root - INFO - Hypothesis az_001: float64, float64 
[ 2022-12-06 01:00:01,165 ] 64 root - INFO - Hypothesis az_002: float64, float64 
[ 2022-12-06 01:00:01,176 ] 64 root - INFO - Hypothesis az_003: float64, float64 
[ 2022-12-06 01:00:01,187 ] 64 root - INFO - Hypothesis az_004: float64, float64 
[ 2022-12-06 01:00:01,199 ] 64 root - INFO - Hypothesis az_005: float64, float64 
[ 2022-12-06 01:00:01,211 ] 64 root - INFO - Hypothesis az_006: float64, float64 
[ 2022-12-06 01:00:01,259 ] 64 root - INFO - Hypothesis az_007: float64, float64 
[ 2022-12-06 01:00:01,305 ] 64 root - INFO - Hypothesis az_008: float64, float64 
[ 2022-12-06 01:00:01,350 ] 64 root - INFO - Hypothesis az_009: float64, float64 
[ 2022-12-06 01:00:01,393 ] 64 root - INFO - Hypothesis ba_000: float64, float64 
[ 2022-12-06 01:00:01,404 ] 64 root - INFO - Hypothesis ba_001: float64, float64 
[ 2022-12-06 01:00:01,416 ] 64 root - INFO - Hypothesis ba_002: float64, float64 
[ 2022-12-06 01:00:01,427 ] 64 root - INFO - Hypothesis ba_003: float64, float64 
[ 2022-12-06 01:00:01,438 ] 64 root - INFO - Hypothesis ba_004: float64, float64 
[ 2022-12-06 01:00:01,449 ] 64 root - INFO - Hypothesis ba_005: float64, float64 
[ 2022-12-06 01:00:01,460 ] 64 root - INFO - Hypothesis ba_006: float64, float64 
[ 2022-12-06 01:00:01,471 ] 64 root - INFO - Hypothesis ba_007: float64, float64 
[ 2022-12-06 01:00:01,481 ] 64 root - INFO - Hypothesis ba_008: float64, float64 
[ 2022-12-06 01:00:01,490 ] 64 root - INFO - Hypothesis ba_009: float64, float64 
[ 2022-12-06 01:00:01,536 ] 64 root - INFO - Hypothesis bb_000: float64, float64 
[ 2022-12-06 01:00:01,547 ] 64 root - INFO - Hypothesis bc_000: float64, float64 
[ 2022-12-06 01:00:01,555 ] 64 root - INFO - Hypothesis bd_000: float64, float64 
[ 2022-12-06 01:00:01,564 ] 64 root - INFO - Hypothesis be_000: float64, float64 
[ 2022-12-06 01:00:01,574 ] 64 root - INFO - Hypothesis bf_000: float64, float64 
[ 2022-12-06 01:00:01,581 ] 64 root - INFO - Hypothesis bg_000: float64, float64 
[ 2022-12-06 01:00:01,593 ] 64 root - INFO - Hypothesis bh_000: float64, float64 
[ 2022-12-06 01:00:01,604 ] 64 root - INFO - Hypothesis bi_000: float64, float64 
[ 2022-12-06 01:00:01,615 ] 64 root - INFO - Hypothesis bj_000: float64, float64 
[ 2022-12-06 01:00:01,627 ] 64 root - INFO - Hypothesis bs_000: float64, float64 
[ 2022-12-06 01:00:01,638 ] 64 root - INFO - Hypothesis bt_000: float64, float64 
[ 2022-12-06 01:00:01,650 ] 64 root - INFO - Hypothesis bu_000: float64, float64 
[ 2022-12-06 01:00:01,661 ] 64 root - INFO - Hypothesis bv_000: float64, float64 
[ 2022-12-06 01:00:01,672 ] 64 root - INFO - Hypothesis bx_000: float64, float64 
[ 2022-12-06 01:00:01,683 ] 64 root - INFO - Hypothesis by_000: float64, float64 
[ 2022-12-06 01:00:01,695 ] 64 root - INFO - Hypothesis bz_000: float64, float64 
[ 2022-12-06 01:00:01,704 ] 64 root - INFO - Hypothesis ca_000: float64, float64 
[ 2022-12-06 01:00:01,716 ] 64 root - INFO - Hypothesis cb_000: float64, float64 
[ 2022-12-06 01:00:01,728 ] 64 root - INFO - Hypothesis cc_000: float64, float64 
[ 2022-12-06 01:00:01,739 ] 64 root - INFO - Hypothesis cd_000: float64, float64 
[ 2022-12-06 01:00:01,783 ] 64 root - INFO - Hypothesis ce_000: float64, float64 
[ 2022-12-06 01:00:01,832 ] 64 root - INFO - Hypothesis ci_000: float64, float64 
[ 2022-12-06 01:00:01,843 ] 64 root - INFO - Hypothesis cj_000: float64, float64 
[ 2022-12-06 01:00:01,892 ] 64 root - INFO - Hypothesis ck_000: float64, float64 
[ 2022-12-06 01:00:01,904 ] 64 root - INFO - Hypothesis cl_000: float64, float64 
[ 2022-12-06 01:00:01,949 ] 64 root - INFO - Hypothesis cm_000: float64, float64 
[ 2022-12-06 01:00:01,995 ] 64 root - INFO - Hypothesis cn_000: float64, float64 
[ 2022-12-06 01:00:02,037 ] 64 root - INFO - Hypothesis cn_001: float64, float64 
[ 2022-12-06 01:00:02,083 ] 64 root - INFO - Hypothesis cn_002: float64, float64 
[ 2022-12-06 01:00:02,131 ] 64 root - INFO - Hypothesis cn_003: float64, float64 
[ 2022-12-06 01:00:02,143 ] 64 root - INFO - Hypothesis cn_004: float64, float64 
[ 2022-12-06 01:00:02,155 ] 64 root - INFO - Hypothesis cn_005: float64, float64 
[ 2022-12-06 01:00:02,166 ] 64 root - INFO - Hypothesis cn_006: float64, float64 
[ 2022-12-06 01:00:02,177 ] 64 root - INFO - Hypothesis cn_007: float64, float64 
[ 2022-12-06 01:00:02,188 ] 64 root - INFO - Hypothesis cn_008: float64, float64 
[ 2022-12-06 01:00:02,198 ] 64 root - INFO - Hypothesis cn_009: float64, float64 
[ 2022-12-06 01:00:02,246 ] 64 root - INFO - Hypothesis cp_000: float64, float64 
[ 2022-12-06 01:00:02,294 ] 64 root - INFO - Hypothesis cq_000: float64, float64 
[ 2022-12-06 01:00:02,306 ] 64 root - INFO - Hypothesis cs_000: float64, float64 
[ 2022-12-06 01:00:02,316 ] 64 root - INFO - Hypothesis cs_001: float64, float64 
[ 2022-12-06 01:00:02,326 ] 64 root - INFO - Hypothesis cs_002: float64, float64 
[ 2022-12-06 01:00:02,337 ] 64 root - INFO - Hypothesis cs_003: float64, float64 
[ 2022-12-06 01:00:02,348 ] 64 root - INFO - Hypothesis cs_004: float64, float64 
[ 2022-12-06 01:00:02,359 ] 64 root - INFO - Hypothesis cs_005: float64, float64 
[ 2022-12-06 01:00:02,371 ] 64 root - INFO - Hypothesis cs_006: float64, float64 
[ 2022-12-06 01:00:02,382 ] 64 root - INFO - Hypothesis cs_007: float64, float64 
[ 2022-12-06 01:00:02,393 ] 64 root - INFO - Hypothesis cs_008: float64, float64 
[ 2022-12-06 01:00:02,439 ] 64 root - INFO - Hypothesis cs_009: float64, float64 
[ 2022-12-06 01:00:02,483 ] 64 root - INFO - Hypothesis dd_000: float64, float64 
[ 2022-12-06 01:00:02,493 ] 64 root - INFO - Hypothesis de_000: float64, float64 
[ 2022-12-06 01:00:02,502 ] 64 root - INFO - Hypothesis df_000: float64, float64 
[ 2022-12-06 01:00:02,546 ] 64 root - INFO - Hypothesis dg_000: float64, float64 
[ 2022-12-06 01:00:02,589 ] 64 root - INFO - Hypothesis dh_000: float64, float64 
[ 2022-12-06 01:00:02,596 ] 64 root - INFO - Hypothesis di_000: float64, float64 
[ 2022-12-06 01:00:02,602 ] 64 root - INFO - Hypothesis dj_000: float64, float64 
[ 2022-12-06 01:00:02,646 ] 64 root - INFO - Hypothesis dk_000: float64, float64 
[ 2022-12-06 01:00:02,690 ] 64 root - INFO - Hypothesis dl_000: float64, float64 
[ 2022-12-06 01:00:02,734 ] 64 root - INFO - Hypothesis dm_000: float64, float64 
[ 2022-12-06 01:00:02,779 ] 64 root - INFO - Hypothesis dn_000: float64, float64 
[ 2022-12-06 01:00:02,790 ] 64 root - INFO - Hypothesis do_000: float64, float64 
[ 2022-12-06 01:00:02,801 ] 64 root - INFO - Hypothesis dp_000: float64, float64 
[ 2022-12-06 01:00:02,811 ] 64 root - INFO - Hypothesis dq_000: float64, float64 
[ 2022-12-06 01:00:02,858 ] 64 root - INFO - Hypothesis dr_000: float64, float64 
[ 2022-12-06 01:00:02,903 ] 64 root - INFO - Hypothesis ds_000: float64, float64 
[ 2022-12-06 01:00:02,914 ] 64 root - INFO - Hypothesis dt_000: float64, float64 
[ 2022-12-06 01:00:02,925 ] 64 root - INFO - Hypothesis du_000: float64, float64 
[ 2022-12-06 01:00:02,936 ] 64 root - INFO - Hypothesis dv_000: float64, float64 
[ 2022-12-06 01:00:02,947 ] 64 root - INFO - Hypothesis dx_000: float64, float64 
[ 2022-12-06 01:00:02,955 ] 64 root - INFO - Hypothesis dy_000: float64, float64 
[ 2022-12-06 01:00:02,962 ] 64 root - INFO - Hypothesis dz_000: float64, float64 
[ 2022-12-06 01:00:03,006 ] 64 root - INFO - Hypothesis ea_000: float64, float64 
[ 2022-12-06 01:00:03,051 ] 64 root - INFO - Hypothesis eb_000: float64, float64 
[ 2022-12-06 01:00:03,060 ] 64 root - INFO - Hypothesis ec_00: float64, float64 
[ 2022-12-06 01:00:03,071 ] 64 root - INFO - Hypothesis ed_000: float64, float64 
[ 2022-12-06 01:00:03,080 ] 64 root - INFO - Hypothesis ee_000: float64, float64 
[ 2022-12-06 01:00:03,092 ] 64 root - INFO - Hypothesis ee_001: float64, float64 
[ 2022-12-06 01:00:03,103 ] 64 root - INFO - Hypothesis ee_002: float64, float64 
[ 2022-12-06 01:00:03,114 ] 64 root - INFO - Hypothesis ee_003: float64, float64 
[ 2022-12-06 01:00:03,125 ] 64 root - INFO - Hypothesis ee_004: float64, float64 
[ 2022-12-06 01:00:03,136 ] 64 root - INFO - Hypothesis ee_005: float64, float64 
[ 2022-12-06 01:00:03,148 ] 64 root - INFO - Hypothesis ee_006: float64, float64 
[ 2022-12-06 01:00:03,158 ] 64 root - INFO - Hypothesis ee_007: float64, float64 
[ 2022-12-06 01:00:03,169 ] 64 root - INFO - Hypothesis ee_008: float64, float64 
[ 2022-12-06 01:00:03,179 ] 64 root - INFO - Hypothesis ee_009: float64, float64 
[ 2022-12-06 01:00:03,225 ] 64 root - INFO - Hypothesis ef_000: float64, float64 
[ 2022-12-06 01:00:03,269 ] 64 root - INFO - Hypothesis eg_000: float64, float64 
[ 2022-12-06 01:00:29,254 ] 64 root - INFO - Hypothesis class: object, object 
[ 2022-12-06 01:00:29,334 ] 64 root - INFO - Hypothesis aa_000: float64, float64 
[ 2022-12-06 01:00:29,342 ] 64 root - INFO - Hypothesis ac_000: float64, float64 
[ 2022-12-06 01:00:29,348 ] 64 root - INFO - Hypothesis ae_000: float64, float64 
[ 2022-12-06 01:00:29,353 ] 64 root - INFO - Hypothesis af_000: float64, float64 
[ 2022-12-06 01:00:29,357 ] 64 root - INFO - Hypothesis ag_000: float64, float64 
[ 2022-12-06 01:00:29,376 ] 64 root - INFO - Hypothesis ag_001: float64, float64 
[ 2022-12-06 01:00:29,395 ] 64 root - INFO - Hypothesis ag_002: float64, float64 
[ 2022-12-06 01:00:29,399 ] 64 root - INFO - Hypothesis ag_003: float64, float64 
[ 2022-12-06 01:00:29,404 ] 64 root - INFO - Hypothesis ag_004: float64, float64 
[ 2022-12-06 01:00:29,411 ] 64 root - INFO - Hypothesis ag_005: float64, float64 
[ 2022-12-06 01:00:29,419 ] 64 root - INFO - Hypothesis ag_006: float64, float64 
[ 2022-12-06 01:00:29,427 ] 64 root - INFO - Hypothesis ag_007: float64, float64 
[ 2022-12-06 01:00:29,434 ] 64 root - INFO - Hypothesis ag_008: float64, float64 
[ 2022-12-06 01:00:29,441 ] 64 root - INFO - Hypothesis ag_009: float64, float64 
[ 2022-12-06 01:00:29,446 ] 64 root - INFO - Hypothesis ah_000: float64, float64 
[ 2022-12-06 01:00:29,454 ] 64 root - INFO - Hypothesis ai_000: float64, float64 
[ 2022-12-06 01:00:29,473 ] 64 root - INFO - Hypothesis aj_000: float64, float64 
[ 2022-12-06 01:00:29,478 ] 64 root - INFO - Hypothesis ak_000: float64, float64 
[ 2022-12-06 01:00:29,482 ] 64 root - INFO - Hypothesis al_000: float64, float64 
[ 2022-12-06 01:00:29,487 ] 64 root - INFO - Hypothesis am_0: float64, float64 
[ 2022-12-06 01:00:29,493 ] 64 root - INFO - Hypothesis an_000: float64, float64 
[ 2022-12-06 01:00:29,501 ] 64 root - INFO - Hypothesis ao_000: float64, float64 
[ 2022-12-06 01:00:29,509 ] 64 root - INFO - Hypothesis ap_000: float64, float64 
[ 2022-12-06 01:00:29,517 ] 64 root - INFO - Hypothesis aq_000: float64, float64 
[ 2022-12-06 01:00:29,525 ] 64 root - INFO - Hypothesis ar_000: float64, float64 
[ 2022-12-06 01:00:29,544 ] 64 root - INFO - Hypothesis as_000: float64, float64 
[ 2022-12-06 01:00:29,562 ] 64 root - INFO - Hypothesis at_000: float64, float64 
[ 2022-12-06 01:00:29,581 ] 64 root - INFO - Hypothesis au_000: float64, float64 
[ 2022-12-06 01:00:29,599 ] 64 root - INFO - Hypothesis av_000: float64, float64 
[ 2022-12-06 01:00:29,605 ] 64 root - INFO - Hypothesis ax_000: float64, float64 
[ 2022-12-06 01:00:29,612 ] 64 root - INFO - Hypothesis ay_000: float64, float64 
[ 2022-12-06 01:00:29,630 ] 64 root - INFO - Hypothesis ay_001: float64, float64 
[ 2022-12-06 01:00:29,649 ] 64 root - INFO - Hypothesis ay_002: float64, float64 
[ 2022-12-06 01:00:29,667 ] 64 root - INFO - Hypothesis ay_003: float64, float64 
[ 2022-12-06 01:00:29,686 ] 64 root - INFO - Hypothesis ay_004: float64, float64 
[ 2022-12-06 01:00:29,704 ] 64 root - INFO - Hypothesis ay_005: float64, float64 
[ 2022-12-06 01:00:29,711 ] 64 root - INFO - Hypothesis ay_006: float64, float64 
[ 2022-12-06 01:00:29,718 ] 64 root - INFO - Hypothesis ay_007: float64, float64 
[ 2022-12-06 01:00:29,725 ] 64 root - INFO - Hypothesis ay_008: float64, float64 
[ 2022-12-06 01:00:29,733 ] 64 root - INFO - Hypothesis ay_009: float64, float64 
[ 2022-12-06 01:00:29,752 ] 64 root - INFO - Hypothesis az_000: float64, float64 
[ 2022-12-06 01:00:29,759 ] 64 root - INFO - Hypothesis az_001: float64, float64 
[ 2022-12-06 01:00:29,767 ] 64 root - INFO - Hypothesis az_002: float64, float64 
[ 2022-12-06 01:00:29,774 ] 64 root - INFO - Hypothesis az_003: float64, float64 
[ 2022-12-06 01:00:29,782 ] 64 root - INFO - Hypothesis az_004: float64, float64 
[ 2022-12-06 01:00:29,790 ] 64 root - INFO - Hypothesis az_005: float64, float64 
[ 2022-12-06 01:00:29,798 ] 64 root - INFO - Hypothesis az_006: float64, float64 
[ 2022-12-06 01:00:29,805 ] 64 root - INFO - Hypothesis az_007: float64, float64 
[ 2022-12-06 01:00:29,810 ] 64 root - INFO - Hypothesis az_008: float64, float64 
[ 2022-12-06 01:00:29,829 ] 64 root - INFO - Hypothesis az_009: float64, float64 
[ 2022-12-06 01:00:29,848 ] 64 root - INFO - Hypothesis ba_000: float64, float64 
[ 2022-12-06 01:00:29,856 ] 64 root - INFO - Hypothesis ba_001: float64, float64 
[ 2022-12-06 01:00:29,864 ] 64 root - INFO - Hypothesis ba_002: float64, float64 
[ 2022-12-06 01:00:29,873 ] 64 root - INFO - Hypothesis ba_003: float64, float64 
[ 2022-12-06 01:00:29,881 ] 64 root - INFO - Hypothesis ba_004: float64, float64 
[ 2022-12-06 01:00:29,889 ] 64 root - INFO - Hypothesis ba_005: float64, float64 
[ 2022-12-06 01:00:29,897 ] 64 root - INFO - Hypothesis ba_006: float64, float64 
[ 2022-12-06 01:00:29,904 ] 64 root - INFO - Hypothesis ba_007: float64, float64 
[ 2022-12-06 01:00:29,912 ] 64 root - INFO - Hypothesis ba_008: float64, float64 
[ 2022-12-06 01:00:29,918 ] 64 root - INFO - Hypothesis ba_009: float64, float64 
[ 2022-12-06 01:00:29,938 ] 64 root - INFO - Hypothesis bb_000: float64, float64 
[ 2022-12-06 01:00:29,946 ] 64 root - INFO - Hypothesis bc_000: float64, float64 
[ 2022-12-06 01:00:29,952 ] 64 root - INFO - Hypothesis bd_000: float64, float64 
[ 2022-12-06 01:00:29,959 ] 64 root - INFO - Hypothesis be_000: float64, float64 
[ 2022-12-06 01:00:29,965 ] 64 root - INFO - Hypothesis bf_000: float64, float64 
[ 2022-12-06 01:00:29,971 ] 64 root - INFO - Hypothesis bg_000: float64, float64 
[ 2022-12-06 01:00:29,979 ] 64 root - INFO - Hypothesis bh_000: float64, float64 
[ 2022-12-06 01:00:29,986 ] 64 root - INFO - Hypothesis bi_000: float64, float64 
[ 2022-12-06 01:00:29,994 ] 64 root - INFO - Hypothesis bj_000: float64, float64 
[ 2022-12-06 01:00:30,002 ] 64 root - INFO - Hypothesis bs_000: float64, float64 
[ 2022-12-06 01:00:30,011 ] 64 root - INFO - Hypothesis bt_000: float64, float64 
[ 2022-12-06 01:00:30,019 ] 64 root - INFO - Hypothesis bu_000: float64, float64 
[ 2022-12-06 01:00:30,027 ] 64 root - INFO - Hypothesis bv_000: float64, float64 
[ 2022-12-06 01:00:30,035 ] 64 root - INFO - Hypothesis bx_000: float64, float64 
[ 2022-12-06 01:00:30,043 ] 64 root - INFO - Hypothesis by_000: float64, float64 
[ 2022-12-06 01:00:30,051 ] 64 root - INFO - Hypothesis bz_000: float64, float64 
[ 2022-12-06 01:00:30,058 ] 64 root - INFO - Hypothesis ca_000: float64, float64 
[ 2022-12-06 01:00:30,066 ] 64 root - INFO - Hypothesis cb_000: float64, float64 
[ 2022-12-06 01:00:30,074 ] 64 root - INFO - Hypothesis cc_000: float64, float64 
[ 2022-12-06 01:00:30,082 ] 64 root - INFO - Hypothesis cd_000: float64, float64 
[ 2022-12-06 01:00:30,100 ] 64 root - INFO - Hypothesis ce_000: float64, float64 
[ 2022-12-06 01:00:30,108 ] 64 root - INFO - Hypothesis ci_000: float64, float64 
[ 2022-12-06 01:00:30,115 ] 64 root - INFO - Hypothesis cj_000: float64, float64 
[ 2022-12-06 01:00:30,120 ] 64 root - INFO - Hypothesis ck_000: float64, float64 
[ 2022-12-06 01:00:30,128 ] 64 root - INFO - Hypothesis cl_000: float64, float64 
[ 2022-12-06 01:00:30,133 ] 64 root - INFO - Hypothesis cm_000: float64, float64 
[ 2022-12-06 01:00:30,138 ] 64 root - INFO - Hypothesis cn_000: float64, float64 
[ 2022-12-06 01:00:30,157 ] 64 root - INFO - Hypothesis cn_001: float64, float64 
[ 2022-12-06 01:00:30,162 ] 64 root - INFO - Hypothesis cn_002: float64, float64 
[ 2022-12-06 01:00:30,168 ] 64 root - INFO - Hypothesis cn_003: float64, float64 
[ 2022-12-06 01:00:30,176 ] 64 root - INFO - Hypothesis cn_004: float64, float64 
[ 2022-12-06 01:00:30,184 ] 64 root - INFO - Hypothesis cn_005: float64, float64 
[ 2022-12-06 01:00:30,191 ] 64 root - INFO - Hypothesis cn_006: float64, float64 
[ 2022-12-06 01:00:30,199 ] 64 root - INFO - Hypothesis cn_007: float64, float64 
[ 2022-12-06 01:00:30,206 ] 64 root - INFO - Hypothesis cn_008: float64, float64 
[ 2022-12-06 01:00:30,213 ] 64 root - INFO - Hypothesis cn_009: float64, float64 
[ 2022-12-06 01:00:30,219 ] 64 root - INFO - Hypothesis cp_000: float64, float64 
[ 2022-12-06 01:00:30,225 ] 64 root - INFO - Hypothesis cq_000: float64, float64 
[ 2022-12-06 01:00:30,233 ] 64 root - INFO - Hypothesis cs_000: float64, float64 
[ 2022-12-06 01:00:30,241 ] 64 root - INFO - Hypothesis cs_001: float64, float64 
[ 2022-12-06 01:00:30,248 ] 64 root - INFO - Hypothesis cs_002: float64, float64 
[ 2022-12-06 01:00:30,256 ] 64 root - INFO - Hypothesis cs_003: float64, float64 
[ 2022-12-06 01:00:30,264 ] 64 root - INFO - Hypothesis cs_004: float64, float64 
[ 2022-12-06 01:00:30,273 ] 64 root - INFO - Hypothesis cs_005: float64, float64 
[ 2022-12-06 01:00:30,282 ] 64 root - INFO - Hypothesis cs_006: float64, float64 
[ 2022-12-06 01:00:30,291 ] 64 root - INFO - Hypothesis cs_007: float64, float64 
[ 2022-12-06 01:00:30,299 ] 64 root - INFO - Hypothesis cs_008: float64, float64 
[ 2022-12-06 01:00:30,322 ] 64 root - INFO - Hypothesis cs_009: float64, float64 
[ 2022-12-06 01:00:39,977 ] 64 root - INFO - Hypothesis dd_000: float64, float64 
[ 2022-12-06 01:00:39,985 ] 64 root - INFO - Hypothesis de_000: float64, float64 
[ 2022-12-06 01:00:39,992 ] 64 root - INFO - Hypothesis df_000: float64, float64 
[ 2022-12-06 01:00:39,997 ] 64 root - INFO - Hypothesis dg_000: float64, float64 
[ 2022-12-06 01:00:40,002 ] 64 root - INFO - Hypothesis dh_000: float64, float64 
[ 2022-12-06 01:00:40,007 ] 64 root - INFO - Hypothesis di_000: float64, float64 
[ 2022-12-06 01:00:40,012 ] 64 root - INFO - Hypothesis dj_000: float64, float64 
[ 2022-12-06 01:00:40,016 ] 64 root - INFO - Hypothesis dk_000: float64, float64 
[ 2022-12-06 01:00:40,021 ] 64 root - INFO - Hypothesis dl_000: float64, float64 
[ 2022-12-06 01:00:40,025 ] 64 root - INFO - Hypothesis dm_000: float64, float64 
[ 2022-12-06 01:00:40,029 ] 64 root - INFO - Hypothesis dn_000: float64, float64 
[ 2022-12-06 01:00:40,037 ] 64 root - INFO - Hypothesis do_000: float64, float64 
[ 2022-12-06 01:00:40,045 ] 64 root - INFO - Hypothesis dp_000: float64, float64 
[ 2022-12-06 01:00:40,052 ] 64 root - INFO - Hypothesis dq_000: float64, float64 
[ 2022-12-06 01:00:40,058 ] 64 root - INFO - Hypothesis dr_000: float64, float64 
[ 2022-12-06 01:00:40,063 ] 64 root - INFO - Hypothesis ds_000: float64, float64 
[ 2022-12-06 01:00:40,071 ] 64 root - INFO - Hypothesis dt_000: float64, float64 
[ 2022-12-06 01:00:40,079 ] 64 root - INFO - Hypothesis du_000: float64, float64 
[ 2022-12-06 01:00:40,087 ] 64 root - INFO - Hypothesis dv_000: float64, float64 
[ 2022-12-06 01:00:40,095 ] 64 root - INFO - Hypothesis dx_000: float64, float64 
[ 2022-12-06 01:00:40,100 ] 64 root - INFO - Hypothesis dy_000: float64, float64 
[ 2022-12-06 01:00:40,106 ] 64 root - INFO - Hypothesis dz_000: float64, float64 
[ 2022-12-06 01:00:40,125 ] 64 root - INFO - Hypothesis ea_000: float64, float64 
[ 2022-12-06 01:00:40,145 ] 64 root - INFO - Hypothesis eb_000: float64, float64 
[ 2022-12-06 01:00:40,153 ] 64 root - INFO - Hypothesis ec_00: float64, float64 
[ 2022-12-06 01:00:40,160 ] 64 root - INFO - Hypothesis ed_000: float64, float64 
[ 2022-12-06 01:00:40,167 ] 64 root - INFO - Hypothesis ee_000: float64, float64 
[ 2022-12-06 01:00:40,177 ] 64 root - INFO - Hypothesis ee_001: float64, float64 
[ 2022-12-06 01:00:40,186 ] 64 root - INFO - Hypothesis ee_002: float64, float64 
[ 2022-12-06 01:00:40,194 ] 64 root - INFO - Hypothesis ee_003: float64, float64 
[ 2022-12-06 01:00:40,202 ] 64 root - INFO - Hypothesis ee_004: float64, float64 
[ 2022-12-06 01:00:40,209 ] 64 root - INFO - Hypothesis ee_005: float64, float64 
[ 2022-12-06 01:00:40,217 ] 64 root - INFO - Hypothesis ee_006: float64, float64 
[ 2022-12-06 01:00:40,224 ] 64 root - INFO - Hypothesis ee_007: float64, float64 
[ 2022-12-06 01:00:40,232 ] 64 root - INFO - Hypothesis ee_008: float64, float64 
[ 2022-12-06 01:00:40,239 ] 64 root - INFO - Hypothesis ee_009: float64, float64 
[ 2022-12-06 01:00:40,245 ] 64 root - INFO - Hypothesis ef_000: float64, float64 
[ 2022-12-06 01:00:40,264 ] 64 root - INFO - Hypothesis eg_000: float64, float64 
