[ 2022-12-07 21:06:35,927 ] 22 root - INFO - Exporting collection data as pandas dataframe
[ 2022-12-07 21:06:35,928 ] 13 root - INFO - Reading data from database: aps and collection: sensor
[ 2022-12-07 21:06:41,672 ] 16 root - INFO - Dropping column: _id 
[ 2022-12-07 21:06:41,922 ] 18 root - INFO - Row and columns in df: (36188, 171)
[ 2022-12-07 21:06:42,751 ] 26 root - INFO - Create feature store folder if not available
[ 2022-12-07 21:06:42,751 ] 29 root - INFO - Saving df to feature store dir
[ 2022-12-07 21:06:46,193 ] 32 root - INFO - split data into train and test data
[ 2022-12-07 21:06:47,329 ] 35 root - INFO - create dataset directory folder if not available
[ 2022-12-07 21:06:49,556 ] 46 root - INFO - Data ingestion artifact: DataIngestionArtifact(feature_store_path='/config/workspace/artifact/12072022__21061670427395/artifact/feature_store/sensor.csv', train_file_path='/config/workspace/artifact/12072022__21061670427395/artifact/dataset/train.csv', test_file_path='/config/workspace/artifact/12072022__21061670427395/artifact/dataset/test.csv')
[ 2022-12-07 21:06:50,081 ] 22 root - INFO - Exporting collection data as pandas dataframe
[ 2022-12-07 21:06:50,081 ] 13 root - INFO - Reading data from database: aps and collection: sensor
[ 2022-12-07 21:06:54,045 ] 16 root - INFO - Dropping column: _id 
[ 2022-12-07 21:06:54,244 ] 18 root - INFO - Row and columns in df: (36188, 171)
[ 2022-12-07 21:06:54,882 ] 26 root - INFO - Create feature store folder if not available
[ 2022-12-07 21:06:54,882 ] 29 root - INFO - Saving df to feature store dir
[ 2022-12-07 21:06:57,958 ] 32 root - INFO - split data into train and test data
[ 2022-12-07 21:06:58,591 ] 35 root - INFO - create dataset directory folder if not available
[ 2022-12-07 21:07:00,834 ] 46 root - INFO - Data ingestion artifact: DataIngestionArtifact(feature_store_path='/config/workspace/artifact/12072022__21061670427395/artifact/feature_store/sensor.csv', train_file_path='/config/workspace/artifact/12072022__21061670427395/artifact/dataset/train.csv', test_file_path='/config/workspace/artifact/12072022__21061670427395/artifact/dataset/test.csv')
[ 2022-12-07 21:07:01,242 ] 15 root - INFO - >>>>>>>>>>>>>>>>>>>>>>>>>>>>>>>>>>>>>>>>Data Validation <<<<<<<<<<<<<<<<<<<<<<<<<<<<<<<<<<<<<<<<
[ 2022-12-07 21:07:01,242 ] 84 root - INFO - Reading base file
[ 2022-12-07 21:07:02,980 ] 86 root - INFO - Replacing na values with Nan values
[ 2022-12-07 21:07:04,298 ] 88 root - INFO - Drop missing values in base df
[ 2022-12-07 21:07:05,201 ] 26 root - INFO - selecting column name which contains null above to 0.2
[ 2022-12-07 21:07:05,289 ] 92 root - INFO - Reading train and test data files
[ 2022-12-07 21:07:05,854 ] 96 root - INFO - Dropping missing values in training and testing files
[ 2022-12-07 21:07:05,868 ] 26 root - INFO - selecting column name which contains null above to 0.2
[ 2022-12-07 21:07:05,886 ] 26 root - INFO - selecting column name which contains null above to 0.2
[ 2022-12-07 21:07:12,320 ] 64 root - INFO - Hypothesis class: object, object 
[ 2022-12-07 21:07:12,473 ] 64 root - INFO - Hypothesis aa_000: float64, float64 
[ 2022-12-07 21:07:12,486 ] 64 root - INFO - Hypothesis ac_000: float64, float64 
[ 2022-12-07 21:07:12,495 ] 64 root - INFO - Hypothesis ae_000: float64, float64 
[ 2022-12-07 21:07:12,542 ] 64 root - INFO - Hypothesis af_000: float64, float64 
[ 2022-12-07 21:07:12,588 ] 64 root - INFO - Hypothesis ag_000: float64, float64 
[ 2022-12-07 21:07:12,634 ] 64 root - INFO - Hypothesis ag_001: float64, float64 
[ 2022-12-07 21:07:12,679 ] 64 root - INFO - Hypothesis ag_002: float64, float64 
[ 2022-12-07 21:07:12,728 ] 64 root - INFO - Hypothesis ag_003: float64, float64 
[ 2022-12-07 21:07:12,776 ] 64 root - INFO - Hypothesis ag_004: float64, float64 
[ 2022-12-07 21:07:12,828 ] 64 root - INFO - Hypothesis ag_005: float64, float64 
[ 2022-12-07 21:07:12,842 ] 64 root - INFO - Hypothesis ag_006: float64, float64 
[ 2022-12-07 21:07:12,854 ] 64 root - INFO - Hypothesis ag_007: float64, float64 
[ 2022-12-07 21:07:12,865 ] 64 root - INFO - Hypothesis ag_008: float64, float64 
[ 2022-12-07 21:07:12,876 ] 64 root - INFO - Hypothesis ag_009: float64, float64 
[ 2022-12-07 21:07:12,923 ] 64 root - INFO - Hypothesis ah_000: float64, float64 
[ 2022-12-07 21:07:12,935 ] 64 root - INFO - Hypothesis ai_000: float64, float64 
[ 2022-12-07 21:07:12,980 ] 64 root - INFO - Hypothesis aj_000: float64, float64 
[ 2022-12-07 21:07:13,027 ] 64 root - INFO - Hypothesis ak_000: float64, float64 
[ 2022-12-07 21:07:13,073 ] 64 root - INFO - Hypothesis al_000: float64, float64 
[ 2022-12-07 21:07:13,123 ] 64 root - INFO - Hypothesis am_0: float64, float64 
[ 2022-12-07 21:07:13,171 ] 64 root - INFO - Hypothesis an_000: float64, float64 
[ 2022-12-07 21:07:13,182 ] 64 root - INFO - Hypothesis ao_000: float64, float64 
[ 2022-12-07 21:07:13,194 ] 64 root - INFO - Hypothesis ap_000: float64, float64 
[ 2022-12-07 21:07:13,205 ] 64 root - INFO - Hypothesis aq_000: float64, float64 
[ 2022-12-07 21:07:13,217 ] 64 root - INFO - Hypothesis ar_000: float64, float64 
[ 2022-12-07 21:07:13,262 ] 64 root - INFO - Hypothesis as_000: float64, float64 
[ 2022-12-07 21:07:13,306 ] 64 root - INFO - Hypothesis at_000: float64, float64 
[ 2022-12-07 21:07:13,351 ] 64 root - INFO - Hypothesis au_000: float64, float64 
[ 2022-12-07 21:07:13,397 ] 64 root - INFO - Hypothesis av_000: float64, float64 
[ 2022-12-07 21:07:13,407 ] 64 root - INFO - Hypothesis ax_000: float64, float64 
[ 2022-12-07 21:07:13,417 ] 64 root - INFO - Hypothesis ay_000: float64, float64 
[ 2022-12-07 21:07:13,463 ] 64 root - INFO - Hypothesis ay_001: float64, float64 
[ 2022-12-07 21:07:13,509 ] 64 root - INFO - Hypothesis ay_002: float64, float64 
[ 2022-12-07 21:07:13,555 ] 64 root - INFO - Hypothesis ay_003: float64, float64 
[ 2022-12-07 21:07:13,602 ] 64 root - INFO - Hypothesis ay_004: float64, float64 
[ 2022-12-07 21:07:13,648 ] 64 root - INFO - Hypothesis ay_005: float64, float64 
[ 2022-12-07 21:07:13,657 ] 64 root - INFO - Hypothesis ay_006: float64, float64 
[ 2022-12-07 21:07:13,668 ] 64 root - INFO - Hypothesis ay_007: float64, float64 
[ 2022-12-07 21:07:13,721 ] 64 root - INFO - Hypothesis ay_008: float64, float64 
[ 2022-12-07 21:07:13,732 ] 64 root - INFO - Hypothesis ay_009: float64, float64 
[ 2022-12-07 21:07:13,777 ] 64 root - INFO - Hypothesis az_000: float64, float64 
[ 2022-12-07 21:07:13,789 ] 64 root - INFO - Hypothesis az_001: float64, float64 
[ 2022-12-07 21:07:13,800 ] 64 root - INFO - Hypothesis az_002: float64, float64 
[ 2022-12-07 21:07:13,811 ] 64 root - INFO - Hypothesis az_003: float64, float64 
[ 2022-12-07 21:07:13,823 ] 64 root - INFO - Hypothesis az_004: float64, float64 
[ 2022-12-07 21:07:13,836 ] 64 root - INFO - Hypothesis az_005: float64, float64 
[ 2022-12-07 21:07:13,848 ] 64 root - INFO - Hypothesis az_006: float64, float64 
[ 2022-12-07 21:07:13,900 ] 64 root - INFO - Hypothesis az_007: float64, float64 
[ 2022-12-07 21:07:13,948 ] 64 root - INFO - Hypothesis az_008: float64, float64 
[ 2022-12-07 21:07:13,994 ] 64 root - INFO - Hypothesis az_009: float64, float64 
[ 2022-12-07 21:07:14,040 ] 64 root - INFO - Hypothesis ba_000: float64, float64 
[ 2022-12-07 21:07:14,052 ] 64 root - INFO - Hypothesis ba_001: float64, float64 
[ 2022-12-07 21:07:14,064 ] 64 root - INFO - Hypothesis ba_002: float64, float64 
[ 2022-12-07 21:07:14,075 ] 64 root - INFO - Hypothesis ba_003: float64, float64 
[ 2022-12-07 21:07:14,086 ] 64 root - INFO - Hypothesis ba_004: float64, float64 
[ 2022-12-07 21:07:14,098 ] 64 root - INFO - Hypothesis ba_005: float64, float64 
[ 2022-12-07 21:07:14,109 ] 64 root - INFO - Hypothesis ba_006: float64, float64 
[ 2022-12-07 21:07:14,120 ] 64 root - INFO - Hypothesis ba_007: float64, float64 
[ 2022-12-07 21:07:14,171 ] 64 root - INFO - Hypothesis ba_008: float64, float64 
[ 2022-12-07 21:07:14,180 ] 64 root - INFO - Hypothesis ba_009: float64, float64 
[ 2022-12-07 21:07:14,188 ] 64 root - INFO - Hypothesis bb_000: float64, float64 
[ 2022-12-07 21:07:14,200 ] 64 root - INFO - Hypothesis bc_000: float64, float64 
[ 2022-12-07 21:07:14,209 ] 64 root - INFO - Hypothesis bd_000: float64, float64 
[ 2022-12-07 21:07:14,218 ] 64 root - INFO - Hypothesis be_000: float64, float64 
[ 2022-12-07 21:07:14,228 ] 64 root - INFO - Hypothesis bf_000: float64, float64 
[ 2022-12-07 21:07:14,275 ] 64 root - INFO - Hypothesis bg_000: float64, float64 
[ 2022-12-07 21:07:14,287 ] 64 root - INFO - Hypothesis bh_000: float64, float64 
[ 2022-12-07 21:07:14,298 ] 64 root - INFO - Hypothesis bi_000: float64, float64 
[ 2022-12-07 21:07:14,310 ] 64 root - INFO - Hypothesis bj_000: float64, float64 
[ 2022-12-07 21:07:14,321 ] 64 root - INFO - Hypothesis bs_000: float64, float64 
[ 2022-12-07 21:07:14,333 ] 64 root - INFO - Hypothesis bt_000: float64, float64 
[ 2022-12-07 21:07:14,345 ] 64 root - INFO - Hypothesis bu_000: float64, float64 
[ 2022-12-07 21:07:14,357 ] 64 root - INFO - Hypothesis bv_000: float64, float64 
[ 2022-12-07 21:07:14,369 ] 64 root - INFO - Hypothesis bx_000: float64, float64 
[ 2022-12-07 21:07:14,380 ] 64 root - INFO - Hypothesis by_000: float64, float64 
[ 2022-12-07 21:07:14,392 ] 64 root - INFO - Hypothesis bz_000: float64, float64 
[ 2022-12-07 21:07:14,402 ] 64 root - INFO - Hypothesis ca_000: float64, float64 
[ 2022-12-07 21:07:14,414 ] 64 root - INFO - Hypothesis cb_000: float64, float64 
[ 2022-12-07 21:07:14,427 ] 64 root - INFO - Hypothesis cc_000: float64, float64 
[ 2022-12-07 21:07:14,439 ] 64 root - INFO - Hypothesis cd_000: float64, float64 
[ 2022-12-07 21:07:14,445 ] 64 root - INFO - Hypothesis ce_000: float64, float64 
[ 2022-12-07 21:07:14,456 ] 64 root - INFO - Hypothesis ci_000: float64, float64 
[ 2022-12-07 21:07:14,468 ] 64 root - INFO - Hypothesis cj_000: float64, float64 
[ 2022-12-07 21:07:14,475 ] 64 root - INFO - Hypothesis ck_000: float64, float64 
[ 2022-12-07 21:07:14,487 ] 64 root - INFO - Hypothesis cl_000: float64, float64 
[ 2022-12-07 21:07:14,534 ] 64 root - INFO - Hypothesis cm_000: float64, float64 
[ 2022-12-07 21:07:14,543 ] 64 root - INFO - Hypothesis cn_000: float64, float64 
[ 2022-12-07 21:07:14,588 ] 64 root - INFO - Hypothesis cn_001: float64, float64 
[ 2022-12-07 21:07:14,635 ] 64 root - INFO - Hypothesis cn_002: float64, float64 
[ 2022-12-07 21:07:14,644 ] 64 root - INFO - Hypothesis cn_003: float64, float64 
[ 2022-12-07 21:07:14,656 ] 64 root - INFO - Hypothesis cn_004: float64, float64 
[ 2022-12-07 21:07:14,669 ] 64 root - INFO - Hypothesis cn_005: float64, float64 
[ 2022-12-07 21:07:14,680 ] 64 root - INFO - Hypothesis cn_006: float64, float64 
[ 2022-12-07 21:07:14,692 ] 64 root - INFO - Hypothesis cn_007: float64, float64 
[ 2022-12-07 21:07:14,703 ] 64 root - INFO - Hypothesis cn_008: float64, float64 
[ 2022-12-07 21:07:14,713 ] 64 root - INFO - Hypothesis cn_009: float64, float64 
[ 2022-12-07 21:07:14,722 ] 64 root - INFO - Hypothesis cp_000: float64, float64 
[ 2022-12-07 21:07:14,731 ] 64 root - INFO - Hypothesis cq_000: float64, float64 
[ 2022-12-07 21:07:14,743 ] 64 root - INFO - Hypothesis cs_000: float64, float64 
[ 2022-12-07 21:07:14,796 ] 64 root - INFO - Hypothesis cs_001: float64, float64 
[ 2022-12-07 21:07:14,805 ] 64 root - INFO - Hypothesis cs_002: float64, float64 
[ 2022-12-07 21:07:14,857 ] 64 root - INFO - Hypothesis cs_003: float64, float64 
[ 2022-12-07 21:07:14,908 ] 64 root - INFO - Hypothesis cs_004: float64, float64 
[ 2022-12-07 21:07:14,920 ] 64 root - INFO - Hypothesis cs_005: float64, float64 
[ 2022-12-07 21:07:14,931 ] 64 root - INFO - Hypothesis cs_006: float64, float64 
[ 2022-12-07 21:07:14,943 ] 64 root - INFO - Hypothesis cs_007: float64, float64 
[ 2022-12-07 21:07:14,954 ] 64 root - INFO - Hypothesis cs_008: float64, float64 
[ 2022-12-07 21:07:15,002 ] 64 root - INFO - Hypothesis cs_009: float64, float64 
[ 2022-12-07 21:07:15,051 ] 64 root - INFO - Hypothesis dd_000: float64, float64 
[ 2022-12-07 21:07:15,102 ] 64 root - INFO - Hypothesis de_000: float64, float64 
[ 2022-12-07 21:07:15,153 ] 64 root - INFO - Hypothesis df_000: float64, float64 
[ 2022-12-07 21:07:15,199 ] 64 root - INFO - Hypothesis dg_000: float64, float64 
[ 2022-12-07 21:07:15,247 ] 64 root - INFO - Hypothesis dh_000: float64, float64 
[ 2022-12-07 21:07:15,293 ] 64 root - INFO - Hypothesis di_000: float64, float64 
[ 2022-12-07 21:07:15,340 ] 64 root - INFO - Hypothesis dj_000: float64, float64 
[ 2022-12-07 21:07:15,387 ] 64 root - INFO - Hypothesis dk_000: float64, float64 
[ 2022-12-07 21:07:15,432 ] 64 root - INFO - Hypothesis dl_000: float64, float64 
[ 2022-12-07 21:07:15,479 ] 64 root - INFO - Hypothesis dm_000: float64, float64 
[ 2022-12-07 21:07:15,526 ] 64 root - INFO - Hypothesis dn_000: float64, float64 
[ 2022-12-07 21:07:15,537 ] 64 root - INFO - Hypothesis do_000: float64, float64 
[ 2022-12-07 21:07:15,548 ] 64 root - INFO - Hypothesis dp_000: float64, float64 
[ 2022-12-07 21:07:15,558 ] 64 root - INFO - Hypothesis dq_000: float64, float64 
[ 2022-12-07 21:07:15,567 ] 64 root - INFO - Hypothesis dr_000: float64, float64 
[ 2022-12-07 21:07:15,575 ] 64 root - INFO - Hypothesis ds_000: float64, float64 
[ 2022-12-07 21:07:15,586 ] 64 root - INFO - Hypothesis dt_000: float64, float64 
[ 2022-12-07 21:07:15,598 ] 64 root - INFO - Hypothesis du_000: float64, float64 
[ 2022-12-07 21:07:15,609 ] 64 root - INFO - Hypothesis dv_000: float64, float64 
[ 2022-12-07 21:07:15,621 ] 64 root - INFO - Hypothesis dx_000: float64, float64 
[ 2022-12-07 21:07:15,670 ] 64 root - INFO - Hypothesis dy_000: float64, float64 
[ 2022-12-07 21:07:15,679 ] 64 root - INFO - Hypothesis dz_000: float64, float64 
[ 2022-12-07 21:07:15,725 ] 64 root - INFO - Hypothesis ea_000: float64, float64 
[ 2022-12-07 21:07:15,770 ] 64 root - INFO - Hypothesis eb_000: float64, float64 
[ 2022-12-07 21:07:15,780 ] 64 root - INFO - Hypothesis ec_00: float64, float64 
[ 2022-12-07 21:07:15,791 ] 64 root - INFO - Hypothesis ed_000: float64, float64 
[ 2022-12-07 21:07:15,802 ] 64 root - INFO - Hypothesis ee_000: float64, float64 
[ 2022-12-07 21:07:15,814 ] 64 root - INFO - Hypothesis ee_001: float64, float64 
[ 2022-12-07 21:07:15,826 ] 64 root - INFO - Hypothesis ee_002: float64, float64 
[ 2022-12-07 21:07:15,838 ] 64 root - INFO - Hypothesis ee_003: float64, float64 
[ 2022-12-07 21:07:15,850 ] 64 root - INFO - Hypothesis ee_004: float64, float64 
[ 2022-12-07 21:07:15,862 ] 64 root - INFO - Hypothesis ee_005: float64, float64 
[ 2022-12-07 21:07:15,874 ] 64 root - INFO - Hypothesis ee_006: float64, float64 
[ 2022-12-07 21:07:15,885 ] 64 root - INFO - Hypothesis ee_007: float64, float64 
[ 2022-12-07 21:07:15,896 ] 64 root - INFO - Hypothesis ee_008: float64, float64 
[ 2022-12-07 21:07:15,945 ] 64 root - INFO - Hypothesis ee_009: float64, float64 
[ 2022-12-07 21:07:15,993 ] 64 root - INFO - Hypothesis ef_000: float64, float64 
[ 2022-12-07 21:07:16,040 ] 64 root - INFO - Hypothesis eg_000: float64, float64 
[ 2022-12-07 21:07:16,086 ] 64 root - INFO - Hypothesis class: object, object 
[ 2022-12-07 21:07:16,163 ] 64 root - INFO - Hypothesis aa_000: float64, float64 
[ 2022-12-07 21:07:16,171 ] 64 root - INFO - Hypothesis ac_000: float64, float64 
[ 2022-12-07 21:07:16,178 ] 64 root - INFO - Hypothesis ae_000: float64, float64 
[ 2022-12-07 21:07:16,197 ] 64 root - INFO - Hypothesis af_000: float64, float64 
[ 2022-12-07 21:07:16,216 ] 64 root - INFO - Hypothesis ag_000: float64, float64 
[ 2022-12-07 21:07:16,235 ] 64 root - INFO - Hypothesis ag_001: float64, float64 
[ 2022-12-07 21:07:16,254 ] 64 root - INFO - Hypothesis ag_002: float64, float64 
[ 2022-12-07 21:07:16,273 ] 64 root - INFO - Hypothesis ag_003: float64, float64 
[ 2022-12-07 21:07:16,294 ] 64 root - INFO - Hypothesis ag_004: float64, float64 
[ 2022-12-07 21:07:16,302 ] 64 root - INFO - Hypothesis ag_005: float64, float64 
[ 2022-12-07 21:07:16,310 ] 64 root - INFO - Hypothesis ag_006: float64, float64 
[ 2022-12-07 21:07:16,319 ] 64 root - INFO - Hypothesis ag_007: float64, float64 
[ 2022-12-07 21:07:16,327 ] 64 root - INFO - Hypothesis ag_008: float64, float64 
[ 2022-12-07 21:07:16,334 ] 64 root - INFO - Hypothesis ag_009: float64, float64 
[ 2022-12-07 21:07:16,340 ] 64 root - INFO - Hypothesis ah_000: float64, float64 
[ 2022-12-07 21:07:16,348 ] 64 root - INFO - Hypothesis ai_000: float64, float64 
[ 2022-12-07 21:07:16,352 ] 64 root - INFO - Hypothesis aj_000: float64, float64 
[ 2022-12-07 21:07:16,357 ] 64 root - INFO - Hypothesis ak_000: float64, float64 
[ 2022-12-07 21:07:16,362 ] 64 root - INFO - Hypothesis al_000: float64, float64 
[ 2022-12-07 21:07:16,367 ] 64 root - INFO - Hypothesis am_0: float64, float64 
[ 2022-12-07 21:07:16,373 ] 64 root - INFO - Hypothesis an_000: float64, float64 
[ 2022-12-07 21:07:16,381 ] 64 root - INFO - Hypothesis ao_000: float64, float64 
[ 2022-12-07 21:07:16,389 ] 64 root - INFO - Hypothesis ap_000: float64, float64 
[ 2022-12-07 21:07:16,397 ] 64 root - INFO - Hypothesis aq_000: float64, float64 
[ 2022-12-07 21:07:16,405 ] 64 root - INFO - Hypothesis ar_000: float64, float64 
[ 2022-12-07 21:07:16,425 ] 64 root - INFO - Hypothesis as_000: float64, float64 
[ 2022-12-07 21:07:16,445 ] 64 root - INFO - Hypothesis at_000: float64, float64 
[ 2022-12-07 21:07:16,465 ] 64 root - INFO - Hypothesis au_000: float64, float64 
[ 2022-12-07 21:07:16,485 ] 64 root - INFO - Hypothesis av_000: float64, float64 
[ 2022-12-07 21:07:16,492 ] 64 root - INFO - Hypothesis ax_000: float64, float64 
[ 2022-12-07 21:07:16,498 ] 64 root - INFO - Hypothesis ay_000: float64, float64 
[ 2022-12-07 21:07:16,518 ] 64 root - INFO - Hypothesis ay_001: float64, float64 
[ 2022-12-07 21:07:16,538 ] 64 root - INFO - Hypothesis ay_002: float64, float64 
[ 2022-12-07 21:07:16,557 ] 64 root - INFO - Hypothesis ay_003: float64, float64 
[ 2022-12-07 21:07:16,576 ] 64 root - INFO - Hypothesis ay_004: float64, float64 
[ 2022-12-07 21:07:16,596 ] 64 root - INFO - Hypothesis ay_005: float64, float64 
[ 2022-12-07 21:07:16,603 ] 64 root - INFO - Hypothesis ay_006: float64, float64 
[ 2022-12-07 21:07:16,610 ] 64 root - INFO - Hypothesis ay_007: float64, float64 
[ 2022-12-07 21:07:16,617 ] 64 root - INFO - Hypothesis ay_008: float64, float64 
[ 2022-12-07 21:07:16,625 ] 64 root - INFO - Hypothesis ay_009: float64, float64 
[ 2022-12-07 21:07:16,628 ] 64 root - INFO - Hypothesis az_000: float64, float64 
[ 2022-12-07 21:07:16,636 ] 64 root - INFO - Hypothesis az_001: float64, float64 
[ 2022-12-07 21:07:16,643 ] 64 root - INFO - Hypothesis az_002: float64, float64 
[ 2022-12-07 21:07:16,651 ] 64 root - INFO - Hypothesis az_003: float64, float64 
[ 2022-12-07 21:07:16,658 ] 64 root - INFO - Hypothesis az_004: float64, float64 
[ 2022-12-07 21:07:16,666 ] 64 root - INFO - Hypothesis az_005: float64, float64 
[ 2022-12-07 21:07:16,674 ] 64 root - INFO - Hypothesis az_006: float64, float64 
[ 2022-12-07 21:07:16,681 ] 64 root - INFO - Hypothesis az_007: float64, float64 
[ 2022-12-07 21:07:16,686 ] 64 root - INFO - Hypothesis az_008: float64, float64 
[ 2022-12-07 21:07:16,706 ] 64 root - INFO - Hypothesis az_009: float64, float64 
[ 2022-12-07 21:07:16,711 ] 64 root - INFO - Hypothesis ba_000: float64, float64 
[ 2022-12-07 21:07:16,719 ] 64 root - INFO - Hypothesis ba_001: float64, float64 
[ 2022-12-07 21:07:16,728 ] 64 root - INFO - Hypothesis ba_002: float64, float64 
[ 2022-12-07 21:07:16,736 ] 64 root - INFO - Hypothesis ba_003: float64, float64 
[ 2022-12-07 21:07:16,744 ] 64 root - INFO - Hypothesis ba_004: float64, float64 
[ 2022-12-07 21:07:16,752 ] 64 root - INFO - Hypothesis ba_005: float64, float64 
[ 2022-12-07 21:07:16,760 ] 64 root - INFO - Hypothesis ba_006: float64, float64 
[ 2022-12-07 21:07:16,768 ] 64 root - INFO - Hypothesis ba_007: float64, float64 
[ 2022-12-07 21:07:16,776 ] 64 root - INFO - Hypothesis ba_008: float64, float64 
[ 2022-12-07 21:07:16,783 ] 64 root - INFO - Hypothesis ba_009: float64, float64 
[ 2022-12-07 21:07:16,789 ] 64 root - INFO - Hypothesis bb_000: float64, float64 
[ 2022-12-07 21:07:16,797 ] 64 root - INFO - Hypothesis bc_000: float64, float64 
[ 2022-12-07 21:07:16,803 ] 64 root - INFO - Hypothesis bd_000: float64, float64 
[ 2022-12-07 21:07:16,809 ] 64 root - INFO - Hypothesis be_000: float64, float64 
[ 2022-12-07 21:07:16,816 ] 64 root - INFO - Hypothesis bf_000: float64, float64 
[ 2022-12-07 21:07:16,821 ] 64 root - INFO - Hypothesis bg_000: float64, float64 
[ 2022-12-07 21:07:16,830 ] 64 root - INFO - Hypothesis bh_000: float64, float64 
[ 2022-12-07 21:07:16,838 ] 64 root - INFO - Hypothesis bi_000: float64, float64 
[ 2022-12-07 21:07:16,847 ] 64 root - INFO - Hypothesis bj_000: float64, float64 
[ 2022-12-07 21:07:16,855 ] 64 root - INFO - Hypothesis bs_000: float64, float64 
[ 2022-12-07 21:07:16,863 ] 64 root - INFO - Hypothesis bt_000: float64, float64 
[ 2022-12-07 21:07:16,871 ] 64 root - INFO - Hypothesis bu_000: float64, float64 
[ 2022-12-07 21:07:16,879 ] 64 root - INFO - Hypothesis bv_000: float64, float64 
[ 2022-12-07 21:07:16,887 ] 64 root - INFO - Hypothesis bx_000: float64, float64 
[ 2022-12-07 21:07:16,895 ] 64 root - INFO - Hypothesis by_000: float64, float64 
[ 2022-12-07 21:07:16,902 ] 64 root - INFO - Hypothesis bz_000: float64, float64 
[ 2022-12-07 21:07:16,909 ] 64 root - INFO - Hypothesis ca_000: float64, float64 
[ 2022-12-07 21:07:16,917 ] 64 root - INFO - Hypothesis cb_000: float64, float64 
[ 2022-12-07 21:07:16,926 ] 64 root - INFO - Hypothesis cc_000: float64, float64 
[ 2022-12-07 21:07:16,934 ] 64 root - INFO - Hypothesis cd_000: float64, float64 
[ 2022-12-07 21:07:16,937 ] 64 root - INFO - Hypothesis ce_000: float64, float64 
[ 2022-12-07 21:07:16,945 ] 64 root - INFO - Hypothesis ci_000: float64, float64 
[ 2022-12-07 21:07:16,953 ] 64 root - INFO - Hypothesis cj_000: float64, float64 
[ 2022-12-07 21:07:16,958 ] 64 root - INFO - Hypothesis ck_000: float64, float64 
[ 2022-12-07 21:07:16,966 ] 64 root - INFO - Hypothesis cl_000: float64, float64 
[ 2022-12-07 21:07:16,986 ] 64 root - INFO - Hypothesis cm_000: float64, float64 
[ 2022-12-07 21:07:16,992 ] 64 root - INFO - Hypothesis cn_000: float64, float64 
[ 2022-12-07 21:07:17,012 ] 64 root - INFO - Hypothesis cn_001: float64, float64 
[ 2022-12-07 21:07:17,032 ] 64 root - INFO - Hypothesis cn_002: float64, float64 
[ 2022-12-07 21:07:17,039 ] 64 root - INFO - Hypothesis cn_003: float64, float64 
[ 2022-12-07 21:07:17,047 ] 64 root - INFO - Hypothesis cn_004: float64, float64 
[ 2022-12-07 21:07:17,061 ] 64 root - INFO - Hypothesis cn_005: float64, float64 
[ 2022-12-07 21:07:17,070 ] 64 root - INFO - Hypothesis cn_006: float64, float64 
[ 2022-12-07 21:07:17,079 ] 64 root - INFO - Hypothesis cn_007: float64, float64 
[ 2022-12-07 21:07:17,086 ] 64 root - INFO - Hypothesis cn_008: float64, float64 
[ 2022-12-07 21:07:17,094 ] 64 root - INFO - Hypothesis cn_009: float64, float64 
[ 2022-12-07 21:07:17,100 ] 64 root - INFO - Hypothesis cp_000: float64, float64 
[ 2022-12-07 21:07:17,106 ] 64 root - INFO - Hypothesis cq_000: float64, float64 
[ 2022-12-07 21:07:17,114 ] 64 root - INFO - Hypothesis cs_000: float64, float64 
[ 2022-12-07 21:07:17,122 ] 64 root - INFO - Hypothesis cs_001: float64, float64 
[ 2022-12-07 21:07:17,129 ] 64 root - INFO - Hypothesis cs_002: float64, float64 
[ 2022-12-07 21:07:17,137 ] 64 root - INFO - Hypothesis cs_003: float64, float64 
[ 2022-12-07 21:07:17,145 ] 64 root - INFO - Hypothesis cs_004: float64, float64 
[ 2022-12-07 21:07:17,153 ] 64 root - INFO - Hypothesis cs_005: float64, float64 
[ 2022-12-07 21:07:17,161 ] 64 root - INFO - Hypothesis cs_006: float64, float64 
[ 2022-12-07 21:07:17,169 ] 64 root - INFO - Hypothesis cs_007: float64, float64 
[ 2022-12-07 21:07:17,177 ] 64 root - INFO - Hypothesis cs_008: float64, float64 
[ 2022-12-07 21:07:17,184 ] 64 root - INFO - Hypothesis cs_009: float64, float64 
[ 2022-12-07 21:07:17,202 ] 64 root - INFO - Hypothesis dd_000: float64, float64 
[ 2022-12-07 21:07:17,210 ] 64 root - INFO - Hypothesis de_000: float64, float64 
[ 2022-12-07 21:07:17,216 ] 64 root - INFO - Hypothesis df_000: float64, float64 
[ 2022-12-07 21:07:17,220 ] 64 root - INFO - Hypothesis dg_000: float64, float64 
[ 2022-12-07 21:07:17,224 ] 64 root - INFO - Hypothesis dh_000: float64, float64 
[ 2022-12-07 21:07:17,229 ] 64 root - INFO - Hypothesis di_000: float64, float64 
[ 2022-12-07 21:07:17,235 ] 64 root - INFO - Hypothesis dj_000: float64, float64 
[ 2022-12-07 21:07:17,239 ] 64 root - INFO - Hypothesis dk_000: float64, float64 
[ 2022-12-07 21:07:17,243 ] 64 root - INFO - Hypothesis dl_000: float64, float64 
[ 2022-12-07 21:07:17,247 ] 64 root - INFO - Hypothesis dm_000: float64, float64 
[ 2022-12-07 21:07:17,251 ] 64 root - INFO - Hypothesis dn_000: float64, float64 
[ 2022-12-07 21:07:17,259 ] 64 root - INFO - Hypothesis do_000: float64, float64 
[ 2022-12-07 21:07:17,266 ] 64 root - INFO - Hypothesis dp_000: float64, float64 
[ 2022-12-07 21:07:17,273 ] 64 root - INFO - Hypothesis dq_000: float64, float64 
[ 2022-12-07 21:07:17,278 ] 64 root - INFO - Hypothesis dr_000: float64, float64 
[ 2022-12-07 21:07:17,284 ] 64 root - INFO - Hypothesis ds_000: float64, float64 
[ 2022-12-07 21:07:17,291 ] 64 root - INFO - Hypothesis dt_000: float64, float64 
[ 2022-12-07 21:07:17,299 ] 64 root - INFO - Hypothesis du_000: float64, float64 
[ 2022-12-07 21:07:17,307 ] 64 root - INFO - Hypothesis dv_000: float64, float64 
[ 2022-12-07 21:07:17,314 ] 64 root - INFO - Hypothesis dx_000: float64, float64 
[ 2022-12-07 21:07:17,320 ] 64 root - INFO - Hypothesis dy_000: float64, float64 
[ 2022-12-07 21:07:17,326 ] 64 root - INFO - Hypothesis dz_000: float64, float64 
[ 2022-12-07 21:07:17,345 ] 64 root - INFO - Hypothesis ea_000: float64, float64 
[ 2022-12-07 21:07:17,364 ] 64 root - INFO - Hypothesis eb_000: float64, float64 
[ 2022-12-07 21:07:17,371 ] 64 root - INFO - Hypothesis ec_00: float64, float64 
[ 2022-12-07 21:07:17,379 ] 64 root - INFO - Hypothesis ed_000: float64, float64 
[ 2022-12-07 21:07:17,386 ] 64 root - INFO - Hypothesis ee_000: float64, float64 
[ 2022-12-07 21:07:17,394 ] 64 root - INFO - Hypothesis ee_001: float64, float64 
[ 2022-12-07 21:07:17,402 ] 64 root - INFO - Hypothesis ee_002: float64, float64 
[ 2022-12-07 21:07:17,411 ] 64 root - INFO - Hypothesis ee_003: float64, float64 
[ 2022-12-07 21:07:17,419 ] 64 root - INFO - Hypothesis ee_004: float64, float64 
[ 2022-12-07 21:07:17,426 ] 64 root - INFO - Hypothesis ee_005: float64, float64 
[ 2022-12-07 21:07:17,434 ] 64 root - INFO - Hypothesis ee_006: float64, float64 
[ 2022-12-07 21:07:17,442 ] 64 root - INFO - Hypothesis ee_007: float64, float64 
[ 2022-12-07 21:07:17,450 ] 64 root - INFO - Hypothesis ee_008: float64, float64 
[ 2022-12-07 21:07:17,457 ] 64 root - INFO - Hypothesis ee_009: float64, float64 
[ 2022-12-07 21:07:17,464 ] 64 root - INFO - Hypothesis ef_000: float64, float64 
[ 2022-12-07 21:07:17,483 ] 64 root - INFO - Hypothesis eg_000: float64, float64 
[ 2022-12-07 21:07:18,869 ] 60 root - INFO - Before resampling input training data : [[-6.27862538e-01  2.00000000e+00 -1.31578947e-01 ...  2.05973223e-03
   0.00000000e+00  0.00000000e+00]
 [-4.19950054e-01  0.00000000e+00  4.73684211e-01 ...  0.00000000e+00
   0.00000000e+00  0.00000000e+00]
 [-6.29197125e-01  0.00000000e+00 -1.24401914e-01 ...  0.00000000e+00
   0.00000000e+00  4.00000000e+00]
 ...
 [ 1.48624465e-01  0.00000000e+00  2.54869176e+06 ...  0.00000000e+00
   0.00000000e+00  0.00000000e+00]
 [ 1.95941642e-01  0.00000000e+00  1.61961722e+00 ...  8.54788877e-02
   0.00000000e+00  0.00000000e+00]
 [ 1.41826160e+00  0.00000000e+00  3.06220096e-01 ...  2.78063852e-02
   0.00000000e+00  0.00000000e+00]] Target data :[0 0 0 ... 0 0 0]
[ 2022-12-07 21:07:24,340 ] 62 root - INFO - After resampling input training data : [[-6.27862538e-01  2.00000000e+00 -1.31578947e-01 ...  2.05973223e-03
   0.00000000e+00  0.00000000e+00]
 [-4.19950054e-01  0.00000000e+00  4.73684211e-01 ...  0.00000000e+00
   0.00000000e+00  0.00000000e+00]
 [-6.29197125e-01  0.00000000e+00 -1.24401914e-01 ...  0.00000000e+00
   0.00000000e+00  4.00000000e+00]
 ...
 [ 1.14939493e+01  5.66418783e-01  1.08604949e+00 ...  7.95629015e-03
   0.00000000e+00  0.00000000e+00]
 [ 2.91037873e+01  0.00000000e+00 -1.41148325e-01 ...  0.00000000e+00
   0.00000000e+00  0.00000000e+00]
 [ 1.33710304e+01  0.00000000e+00 -1.41148325e-01 ...  1.12424835e-02
   0.00000000e+00  0.00000000e+00]] Target data :[0 0 0 ... 1 1 1]
[ 2022-12-07 21:07:24,342 ] 64 root - INFO - Before resampling input test data : [[-5.25584640e-01  0.00000000e+00 -7.89473684e-02 ...  0.00000000e+00
   0.00000000e+00  0.00000000e+00]
 [ 1.53477509e-01  0.00000000e+00 -1.19617225e-02 ...  7.06488157e-01
   0.00000000e+00  0.00000000e+00]
 [ 1.90279758e-01  0.00000000e+00 -1.41148325e-01 ...  2.54376931e-01
   0.00000000e+00  0.00000000e+00]
 ...
 [-4.67914303e-01  0.00000000e+00  1.74401914e+00 ...  0.00000000e+00
   0.00000000e+00  0.00000000e+00]
 [-1.52466458e-02  0.00000000e+00  6.55502392e-01 ...  3.79814624e+00
   0.00000000e+00  0.00000000e+00]
 [ 3.02101975e-02  0.00000000e+00  2.54869176e+06 ...  0.00000000e+00
   0.00000000e+00  0.00000000e+00]] Target data :[0 0 0 ... 0 0 0]
[ 2022-12-07 21:07:25,009 ] 66 root - INFO - After resampling input training data : [[-5.25584640e-01  0.00000000e+00 -7.89473684e-02 ...  0.00000000e+00
   0.00000000e+00  0.00000000e+00]
 [ 1.53477509e-01  0.00000000e+00 -1.19617225e-02 ...  7.06488157e-01
   0.00000000e+00  0.00000000e+00]
 [ 1.90279758e-01  0.00000000e+00 -1.41148325e-01 ...  2.54376931e-01
   0.00000000e+00  0.00000000e+00]
 ...
 [ 1.23528189e+01  0.00000000e+00 -1.41148325e-01 ...  6.36592704e+01
   0.00000000e+00  0.00000000e+00]
 [ 1.61533064e+01  0.00000000e+00  3.50246497e+00 ...  2.80405337e-01
   0.00000000e+00  0.00000000e+00]
 [ 4.64135149e+00  0.00000000e+00 -1.41148325e-01 ...  2.14762249e+00
   0.00000000e+00  0.00000000e+00]] Target data :[0 0 0 ... 1 1 1]
