[ 2022-12-07 22:07:38,600 ] 22 root - INFO - Exporting collection data as pandas dataframe
[ 2022-12-07 22:07:38,600 ] 13 root - INFO - Reading data from database: aps and collection: sensor
[ 2022-12-07 22:07:42,085 ] 16 root - INFO - Dropping column: _id 
[ 2022-12-07 22:07:42,281 ] 18 root - INFO - Row and columns in df: (36188, 171)
[ 2022-12-07 22:07:42,797 ] 26 root - INFO - Create feature store folder if not available
[ 2022-12-07 22:07:42,797 ] 29 root - INFO - Saving df to feature store dir
[ 2022-12-07 22:07:45,216 ] 32 root - INFO - split data into train and test data
[ 2022-12-07 22:07:45,723 ] 35 root - INFO - create dataset directory folder if not available
[ 2022-12-07 22:07:48,035 ] 46 root - INFO - Data ingestion artifact: DataIngestionArtifact(feature_store_path='/config/workspace/artifact/12072022__22071670431058/artifact/feature_store/sensor.csv', train_file_path='/config/workspace/artifact/12072022__22071670431058/artifact/dataset/train.csv', test_file_path='/config/workspace/artifact/12072022__22071670431058/artifact/dataset/test.csv')
[ 2022-12-07 22:07:48,402 ] 22 root - INFO - Exporting collection data as pandas dataframe
[ 2022-12-07 22:07:48,402 ] 13 root - INFO - Reading data from database: aps and collection: sensor
[ 2022-12-07 22:07:51,894 ] 16 root - INFO - Dropping column: _id 
[ 2022-12-07 22:07:52,083 ] 18 root - INFO - Row and columns in df: (36188, 171)
[ 2022-12-07 22:07:52,622 ] 26 root - INFO - Create feature store folder if not available
[ 2022-12-07 22:07:52,623 ] 29 root - INFO - Saving df to feature store dir
[ 2022-12-07 22:07:55,224 ] 32 root - INFO - split data into train and test data
[ 2022-12-07 22:07:55,880 ] 35 root - INFO - create dataset directory folder if not available
[ 2022-12-07 22:07:58,107 ] 46 root - INFO - Data ingestion artifact: DataIngestionArtifact(feature_store_path='/config/workspace/artifact/12072022__22071670431058/artifact/feature_store/sensor.csv', train_file_path='/config/workspace/artifact/12072022__22071670431058/artifact/dataset/train.csv', test_file_path='/config/workspace/artifact/12072022__22071670431058/artifact/dataset/test.csv')
[ 2022-12-07 22:07:58,570 ] 15 root - INFO - >>>>>>>>>>>>>>>>>>>>>>>>>>>>>>>>>>>>>>>>Data Validation <<<<<<<<<<<<<<<<<<<<<<<<<<<<<<<<<<<<<<<<
[ 2022-12-07 22:07:58,571 ] 84 root - INFO - Reading base file
[ 2022-12-07 22:08:00,231 ] 86 root - INFO - Replacing na values with Nan values
[ 2022-12-07 22:08:01,533 ] 88 root - INFO - Drop missing values in base df
[ 2022-12-07 22:08:02,441 ] 26 root - INFO - selecting column name which contains null above to 0.2
[ 2022-12-07 22:08:02,528 ] 92 root - INFO - Reading train and test data files
[ 2022-12-07 22:08:03,066 ] 96 root - INFO - Dropping missing values in training and testing files
[ 2022-12-07 22:08:03,085 ] 26 root - INFO - selecting column name which contains null above to 0.2
[ 2022-12-07 22:08:03,099 ] 26 root - INFO - selecting column name which contains null above to 0.2
[ 2022-12-07 22:08:08,862 ] 64 root - INFO - Hypothesis class: object, object 
[ 2022-12-07 22:08:08,996 ] 64 root - INFO - Hypothesis aa_000: float64, float64 
[ 2022-12-07 22:08:09,007 ] 64 root - INFO - Hypothesis ac_000: float64, float64 
[ 2022-12-07 22:08:09,046 ] 64 root - INFO - Hypothesis ae_000: float64, float64 
[ 2022-12-07 22:08:09,081 ] 64 root - INFO - Hypothesis af_000: float64, float64 
[ 2022-12-07 22:08:09,117 ] 64 root - INFO - Hypothesis ag_000: float64, float64 
[ 2022-12-07 22:08:09,152 ] 64 root - INFO - Hypothesis ag_001: float64, float64 
[ 2022-12-07 22:08:09,187 ] 64 root - INFO - Hypothesis ag_002: float64, float64 
[ 2022-12-07 22:08:09,222 ] 64 root - INFO - Hypothesis ag_003: float64, float64 
[ 2022-12-07 22:08:09,259 ] 64 root - INFO - Hypothesis ag_004: float64, float64 
[ 2022-12-07 22:08:09,269 ] 64 root - INFO - Hypothesis ag_005: float64, float64 
[ 2022-12-07 22:08:09,280 ] 64 root - INFO - Hypothesis ag_006: float64, float64 
[ 2022-12-07 22:08:09,291 ] 64 root - INFO - Hypothesis ag_007: float64, float64 
[ 2022-12-07 22:08:09,332 ] 64 root - INFO - Hypothesis ag_008: float64, float64 
[ 2022-12-07 22:08:09,371 ] 64 root - INFO - Hypothesis ag_009: float64, float64 
[ 2022-12-07 22:08:09,408 ] 64 root - INFO - Hypothesis ah_000: float64, float64 
[ 2022-12-07 22:08:09,419 ] 64 root - INFO - Hypothesis ai_000: float64, float64 
[ 2022-12-07 22:08:09,456 ] 64 root - INFO - Hypothesis aj_000: float64, float64 
[ 2022-12-07 22:08:09,496 ] 64 root - INFO - Hypothesis ak_000: float64, float64 
[ 2022-12-07 22:08:09,534 ] 64 root - INFO - Hypothesis al_000: float64, float64 
[ 2022-12-07 22:08:09,577 ] 64 root - INFO - Hypothesis am_0: float64, float64 
[ 2022-12-07 22:08:09,617 ] 64 root - INFO - Hypothesis an_000: float64, float64 
[ 2022-12-07 22:08:09,628 ] 64 root - INFO - Hypothesis ao_000: float64, float64 
[ 2022-12-07 22:08:09,639 ] 64 root - INFO - Hypothesis ap_000: float64, float64 
[ 2022-12-07 22:08:09,650 ] 64 root - INFO - Hypothesis aq_000: float64, float64 
[ 2022-12-07 22:08:09,660 ] 64 root - INFO - Hypothesis ar_000: float64, float64 
[ 2022-12-07 22:08:09,696 ] 64 root - INFO - Hypothesis as_000: float64, float64 
[ 2022-12-07 22:08:09,731 ] 64 root - INFO - Hypothesis at_000: float64, float64 
[ 2022-12-07 22:08:09,768 ] 64 root - INFO - Hypothesis au_000: float64, float64 
[ 2022-12-07 22:08:09,806 ] 64 root - INFO - Hypothesis av_000: float64, float64 
[ 2022-12-07 22:08:09,815 ] 64 root - INFO - Hypothesis ax_000: float64, float64 
[ 2022-12-07 22:08:09,823 ] 64 root - INFO - Hypothesis ay_000: float64, float64 
[ 2022-12-07 22:08:09,860 ] 64 root - INFO - Hypothesis ay_001: float64, float64 
[ 2022-12-07 22:08:09,896 ] 64 root - INFO - Hypothesis ay_002: float64, float64 
[ 2022-12-07 22:08:09,931 ] 64 root - INFO - Hypothesis ay_003: float64, float64 
[ 2022-12-07 22:08:09,966 ] 64 root - INFO - Hypothesis ay_004: float64, float64 
[ 2022-12-07 22:08:10,001 ] 64 root - INFO - Hypothesis ay_005: float64, float64 
[ 2022-12-07 22:08:10,042 ] 64 root - INFO - Hypothesis ay_006: float64, float64 
[ 2022-12-07 22:08:10,081 ] 64 root - INFO - Hypothesis ay_007: float64, float64 
[ 2022-12-07 22:08:10,091 ] 64 root - INFO - Hypothesis ay_008: float64, float64 
[ 2022-12-07 22:08:10,132 ] 64 root - INFO - Hypothesis ay_009: float64, float64 
[ 2022-12-07 22:08:10,168 ] 64 root - INFO - Hypothesis az_000: float64, float64 
[ 2022-12-07 22:08:10,208 ] 64 root - INFO - Hypothesis az_001: float64, float64 
[ 2022-12-07 22:08:10,247 ] 64 root - INFO - Hypothesis az_002: float64, float64 
[ 2022-12-07 22:08:10,288 ] 64 root - INFO - Hypothesis az_003: float64, float64 
[ 2022-12-07 22:08:10,330 ] 64 root - INFO - Hypothesis az_004: float64, float64 
[ 2022-12-07 22:08:10,371 ] 64 root - INFO - Hypothesis az_005: float64, float64 
[ 2022-12-07 22:08:10,412 ] 64 root - INFO - Hypothesis az_006: float64, float64 
[ 2022-12-07 22:08:10,421 ] 64 root - INFO - Hypothesis az_007: float64, float64 
[ 2022-12-07 22:08:10,458 ] 64 root - INFO - Hypothesis az_008: float64, float64 
[ 2022-12-07 22:08:10,493 ] 64 root - INFO - Hypothesis az_009: float64, float64 
[ 2022-12-07 22:08:10,532 ] 64 root - INFO - Hypothesis ba_000: float64, float64 
[ 2022-12-07 22:08:10,544 ] 64 root - INFO - Hypothesis ba_001: float64, float64 
[ 2022-12-07 22:08:10,557 ] 64 root - INFO - Hypothesis ba_002: float64, float64 
[ 2022-12-07 22:08:10,569 ] 64 root - INFO - Hypothesis ba_003: float64, float64 
[ 2022-12-07 22:08:10,614 ] 64 root - INFO - Hypothesis ba_004: float64, float64 
[ 2022-12-07 22:08:10,624 ] 64 root - INFO - Hypothesis ba_005: float64, float64 
[ 2022-12-07 22:08:10,634 ] 64 root - INFO - Hypothesis ba_006: float64, float64 
[ 2022-12-07 22:08:10,676 ] 64 root - INFO - Hypothesis ba_007: float64, float64 
[ 2022-12-07 22:08:10,716 ] 64 root - INFO - Hypothesis ba_008: float64, float64 
[ 2022-12-07 22:08:10,724 ] 64 root - INFO - Hypothesis ba_009: float64, float64 
[ 2022-12-07 22:08:10,765 ] 64 root - INFO - Hypothesis bb_000: float64, float64 
[ 2022-12-07 22:08:10,776 ] 64 root - INFO - Hypothesis bc_000: float64, float64 
[ 2022-12-07 22:08:10,815 ] 64 root - INFO - Hypothesis bd_000: float64, float64 
[ 2022-12-07 22:08:10,856 ] 64 root - INFO - Hypothesis be_000: float64, float64 
[ 2022-12-07 22:08:10,867 ] 64 root - INFO - Hypothesis bf_000: float64, float64 
[ 2022-12-07 22:08:10,905 ] 64 root - INFO - Hypothesis bg_000: float64, float64 
[ 2022-12-07 22:08:10,916 ] 64 root - INFO - Hypothesis bh_000: float64, float64 
[ 2022-12-07 22:08:10,926 ] 64 root - INFO - Hypothesis bi_000: float64, float64 
[ 2022-12-07 22:08:10,937 ] 64 root - INFO - Hypothesis bj_000: float64, float64 
[ 2022-12-07 22:08:10,980 ] 64 root - INFO - Hypothesis bs_000: float64, float64 
[ 2022-12-07 22:08:10,991 ] 64 root - INFO - Hypothesis bt_000: float64, float64 
[ 2022-12-07 22:08:11,002 ] 64 root - INFO - Hypothesis bu_000: float64, float64 
[ 2022-12-07 22:08:11,012 ] 64 root - INFO - Hypothesis bv_000: float64, float64 
[ 2022-12-07 22:08:11,023 ] 64 root - INFO - Hypothesis bx_000: float64, float64 
[ 2022-12-07 22:08:11,033 ] 64 root - INFO - Hypothesis by_000: float64, float64 
[ 2022-12-07 22:08:11,043 ] 64 root - INFO - Hypothesis bz_000: float64, float64 
[ 2022-12-07 22:08:11,083 ] 64 root - INFO - Hypothesis ca_000: float64, float64 
[ 2022-12-07 22:08:11,125 ] 64 root - INFO - Hypothesis cb_000: float64, float64 
[ 2022-12-07 22:08:11,167 ] 64 root - INFO - Hypothesis cc_000: float64, float64 
[ 2022-12-07 22:08:11,178 ] 64 root - INFO - Hypothesis cd_000: float64, float64 
[ 2022-12-07 22:08:11,213 ] 64 root - INFO - Hypothesis ce_000: float64, float64 
[ 2022-12-07 22:08:11,254 ] 64 root - INFO - Hypothesis ci_000: float64, float64 
[ 2022-12-07 22:08:11,265 ] 64 root - INFO - Hypothesis cj_000: float64, float64 
[ 2022-12-07 22:08:11,302 ] 64 root - INFO - Hypothesis ck_000: float64, float64 
[ 2022-12-07 22:08:11,312 ] 64 root - INFO - Hypothesis cl_000: float64, float64 
[ 2022-12-07 22:08:11,350 ] 64 root - INFO - Hypothesis cm_000: float64, float64 
[ 2022-12-07 22:08:11,388 ] 64 root - INFO - Hypothesis cn_000: float64, float64 
[ 2022-12-07 22:08:11,423 ] 64 root - INFO - Hypothesis cn_001: float64, float64 
[ 2022-12-07 22:08:11,462 ] 64 root - INFO - Hypothesis cn_002: float64, float64 
[ 2022-12-07 22:08:11,471 ] 64 root - INFO - Hypothesis cn_003: float64, float64 
[ 2022-12-07 22:08:11,484 ] 64 root - INFO - Hypothesis cn_004: float64, float64 
[ 2022-12-07 22:08:11,498 ] 64 root - INFO - Hypothesis cn_005: float64, float64 
[ 2022-12-07 22:08:11,541 ] 64 root - INFO - Hypothesis cn_006: float64, float64 
[ 2022-12-07 22:08:11,584 ] 64 root - INFO - Hypothesis cn_007: float64, float64 
[ 2022-12-07 22:08:11,594 ] 64 root - INFO - Hypothesis cn_008: float64, float64 
[ 2022-12-07 22:08:11,603 ] 64 root - INFO - Hypothesis cn_009: float64, float64 
[ 2022-12-07 22:08:11,610 ] 64 root - INFO - Hypothesis cp_000: float64, float64 
[ 2022-12-07 22:08:11,618 ] 64 root - INFO - Hypothesis cq_000: float64, float64 
[ 2022-12-07 22:08:11,628 ] 64 root - INFO - Hypothesis cs_000: float64, float64 
[ 2022-12-07 22:08:11,638 ] 64 root - INFO - Hypothesis cs_001: float64, float64 
[ 2022-12-07 22:08:11,647 ] 64 root - INFO - Hypothesis cs_002: float64, float64 
[ 2022-12-07 22:08:11,689 ] 64 root - INFO - Hypothesis cs_003: float64, float64 
[ 2022-12-07 22:08:11,700 ] 64 root - INFO - Hypothesis cs_004: float64, float64 
[ 2022-12-07 22:08:11,742 ] 64 root - INFO - Hypothesis cs_005: float64, float64 
[ 2022-12-07 22:08:11,753 ] 64 root - INFO - Hypothesis cs_006: float64, float64 
[ 2022-12-07 22:08:11,796 ] 64 root - INFO - Hypothesis cs_007: float64, float64 
[ 2022-12-07 22:08:11,839 ] 64 root - INFO - Hypothesis cs_008: float64, float64 
[ 2022-12-07 22:08:11,880 ] 64 root - INFO - Hypothesis cs_009: float64, float64 
[ 2022-12-07 22:08:11,916 ] 64 root - INFO - Hypothesis dd_000: float64, float64 
[ 2022-12-07 22:08:11,925 ] 64 root - INFO - Hypothesis de_000: float64, float64 
[ 2022-12-07 22:08:11,933 ] 64 root - INFO - Hypothesis df_000: float64, float64 
[ 2022-12-07 22:08:11,969 ] 64 root - INFO - Hypothesis dg_000: float64, float64 
[ 2022-12-07 22:08:12,004 ] 64 root - INFO - Hypothesis dh_000: float64, float64 
[ 2022-12-07 22:08:12,040 ] 64 root - INFO - Hypothesis di_000: float64, float64 
[ 2022-12-07 22:08:12,077 ] 64 root - INFO - Hypothesis dj_000: float64, float64 
[ 2022-12-07 22:08:12,113 ] 64 root - INFO - Hypothesis dk_000: float64, float64 
[ 2022-12-07 22:08:12,148 ] 64 root - INFO - Hypothesis dl_000: float64, float64 
[ 2022-12-07 22:08:12,188 ] 64 root - INFO - Hypothesis dm_000: float64, float64 
[ 2022-12-07 22:08:12,225 ] 64 root - INFO - Hypothesis dn_000: float64, float64 
[ 2022-12-07 22:08:12,236 ] 64 root - INFO - Hypothesis do_000: float64, float64 
[ 2022-12-07 22:08:12,277 ] 64 root - INFO - Hypothesis dp_000: float64, float64 
[ 2022-12-07 22:08:12,318 ] 64 root - INFO - Hypothesis dq_000: float64, float64 
[ 2022-12-07 22:08:12,356 ] 64 root - INFO - Hypothesis dr_000: float64, float64 
[ 2022-12-07 22:08:12,393 ] 64 root - INFO - Hypothesis ds_000: float64, float64 
[ 2022-12-07 22:08:12,436 ] 64 root - INFO - Hypothesis dt_000: float64, float64 
[ 2022-12-07 22:08:12,478 ] 64 root - INFO - Hypothesis du_000: float64, float64 
[ 2022-12-07 22:08:12,489 ] 64 root - INFO - Hypothesis dv_000: float64, float64 
[ 2022-12-07 22:08:12,530 ] 64 root - INFO - Hypothesis dx_000: float64, float64 
[ 2022-12-07 22:08:12,568 ] 64 root - INFO - Hypothesis dy_000: float64, float64 
[ 2022-12-07 22:08:12,606 ] 64 root - INFO - Hypothesis dz_000: float64, float64 
[ 2022-12-07 22:08:12,641 ] 64 root - INFO - Hypothesis ea_000: float64, float64 
[ 2022-12-07 22:08:12,678 ] 64 root - INFO - Hypothesis eb_000: float64, float64 
[ 2022-12-07 22:08:12,687 ] 64 root - INFO - Hypothesis ec_00: float64, float64 
[ 2022-12-07 22:08:12,697 ] 64 root - INFO - Hypothesis ed_000: float64, float64 
[ 2022-12-07 22:08:12,742 ] 64 root - INFO - Hypothesis ee_000: float64, float64 
[ 2022-12-07 22:08:12,753 ] 64 root - INFO - Hypothesis ee_001: float64, float64 
[ 2022-12-07 22:08:12,798 ] 64 root - INFO - Hypothesis ee_002: float64, float64 
[ 2022-12-07 22:08:12,809 ] 64 root - INFO - Hypothesis ee_003: float64, float64 
[ 2022-12-07 22:08:12,820 ] 64 root - INFO - Hypothesis ee_004: float64, float64 
[ 2022-12-07 22:08:12,832 ] 64 root - INFO - Hypothesis ee_005: float64, float64 
[ 2022-12-07 22:08:12,843 ] 64 root - INFO - Hypothesis ee_006: float64, float64 
[ 2022-12-07 22:08:12,855 ] 64 root - INFO - Hypothesis ee_007: float64, float64 
[ 2022-12-07 22:08:12,865 ] 64 root - INFO - Hypothesis ee_008: float64, float64 
[ 2022-12-07 22:08:12,874 ] 64 root - INFO - Hypothesis ee_009: float64, float64 
[ 2022-12-07 22:08:12,914 ] 64 root - INFO - Hypothesis ef_000: float64, float64 
[ 2022-12-07 22:08:12,950 ] 64 root - INFO - Hypothesis eg_000: float64, float64 
[ 2022-12-07 22:08:12,985 ] 64 root - INFO - Hypothesis class: object, object 
[ 2022-12-07 22:08:13,060 ] 64 root - INFO - Hypothesis aa_000: float64, float64 
[ 2022-12-07 22:08:13,067 ] 64 root - INFO - Hypothesis ac_000: float64, float64 
[ 2022-12-07 22:08:13,072 ] 64 root - INFO - Hypothesis ae_000: float64, float64 
[ 2022-12-07 22:08:13,087 ] 64 root - INFO - Hypothesis af_000: float64, float64 
[ 2022-12-07 22:08:13,102 ] 64 root - INFO - Hypothesis ag_000: float64, float64 
[ 2022-12-07 22:08:13,118 ] 64 root - INFO - Hypothesis ag_001: float64, float64 
[ 2022-12-07 22:08:13,132 ] 64 root - INFO - Hypothesis ag_002: float64, float64 
[ 2022-12-07 22:08:13,148 ] 64 root - INFO - Hypothesis ag_003: float64, float64 
[ 2022-12-07 22:08:13,164 ] 64 root - INFO - Hypothesis ag_004: float64, float64 
[ 2022-12-07 22:08:13,171 ] 64 root - INFO - Hypothesis ag_005: float64, float64 
[ 2022-12-07 22:08:13,178 ] 64 root - INFO - Hypothesis ag_006: float64, float64 
[ 2022-12-07 22:08:13,185 ] 64 root - INFO - Hypothesis ag_007: float64, float64 
[ 2022-12-07 22:08:13,191 ] 64 root - INFO - Hypothesis ag_008: float64, float64 
[ 2022-12-07 22:08:13,197 ] 64 root - INFO - Hypothesis ag_009: float64, float64 
[ 2022-12-07 22:08:13,201 ] 64 root - INFO - Hypothesis ah_000: float64, float64 
[ 2022-12-07 22:08:13,208 ] 64 root - INFO - Hypothesis ai_000: float64, float64 
[ 2022-12-07 22:08:13,224 ] 64 root - INFO - Hypothesis aj_000: float64, float64 
[ 2022-12-07 22:08:13,228 ] 64 root - INFO - Hypothesis ak_000: float64, float64 
[ 2022-12-07 22:08:13,243 ] 64 root - INFO - Hypothesis al_000: float64, float64 
[ 2022-12-07 22:08:13,248 ] 64 root - INFO - Hypothesis am_0: float64, float64 
[ 2022-12-07 22:08:13,253 ] 64 root - INFO - Hypothesis an_000: float64, float64 
[ 2022-12-07 22:08:13,260 ] 64 root - INFO - Hypothesis ao_000: float64, float64 
[ 2022-12-07 22:08:13,267 ] 64 root - INFO - Hypothesis ap_000: float64, float64 
[ 2022-12-07 22:08:13,274 ] 64 root - INFO - Hypothesis aq_000: float64, float64 
[ 2022-12-07 22:08:13,282 ] 64 root - INFO - Hypothesis ar_000: float64, float64 
[ 2022-12-07 22:08:13,297 ] 64 root - INFO - Hypothesis as_000: float64, float64 
[ 2022-12-07 22:08:13,312 ] 64 root - INFO - Hypothesis at_000: float64, float64 
[ 2022-12-07 22:08:13,316 ] 64 root - INFO - Hypothesis au_000: float64, float64 
[ 2022-12-07 22:08:13,330 ] 64 root - INFO - Hypothesis av_000: float64, float64 
[ 2022-12-07 22:08:13,336 ] 64 root - INFO - Hypothesis ax_000: float64, float64 
[ 2022-12-07 22:08:13,341 ] 64 root - INFO - Hypothesis ay_000: float64, float64 
[ 2022-12-07 22:08:13,355 ] 64 root - INFO - Hypothesis ay_001: float64, float64 
[ 2022-12-07 22:08:13,371 ] 64 root - INFO - Hypothesis ay_002: float64, float64 
[ 2022-12-07 22:08:13,385 ] 64 root - INFO - Hypothesis ay_003: float64, float64 
[ 2022-12-07 22:08:13,400 ] 64 root - INFO - Hypothesis ay_004: float64, float64 
[ 2022-12-07 22:08:13,416 ] 64 root - INFO - Hypothesis ay_005: float64, float64 
[ 2022-12-07 22:08:13,421 ] 64 root - INFO - Hypothesis ay_006: float64, float64 
[ 2022-12-07 22:08:13,427 ] 64 root - INFO - Hypothesis ay_007: float64, float64 
[ 2022-12-07 22:08:13,434 ] 64 root - INFO - Hypothesis ay_008: float64, float64 
[ 2022-12-07 22:08:13,441 ] 64 root - INFO - Hypothesis ay_009: float64, float64 
[ 2022-12-07 22:08:13,456 ] 64 root - INFO - Hypothesis az_000: float64, float64 
[ 2022-12-07 22:08:13,463 ] 64 root - INFO - Hypothesis az_001: float64, float64 
[ 2022-12-07 22:08:13,469 ] 64 root - INFO - Hypothesis az_002: float64, float64 
[ 2022-12-07 22:08:13,475 ] 64 root - INFO - Hypothesis az_003: float64, float64 
[ 2022-12-07 22:08:13,482 ] 64 root - INFO - Hypothesis az_004: float64, float64 
[ 2022-12-07 22:08:13,489 ] 64 root - INFO - Hypothesis az_005: float64, float64 
[ 2022-12-07 22:08:13,496 ] 64 root - INFO - Hypothesis az_006: float64, float64 
[ 2022-12-07 22:08:13,504 ] 64 root - INFO - Hypothesis az_007: float64, float64 
[ 2022-12-07 22:08:13,508 ] 64 root - INFO - Hypothesis az_008: float64, float64 
[ 2022-12-07 22:08:13,512 ] 64 root - INFO - Hypothesis az_009: float64, float64 
[ 2022-12-07 22:08:13,526 ] 64 root - INFO - Hypothesis ba_000: float64, float64 
[ 2022-12-07 22:08:13,534 ] 64 root - INFO - Hypothesis ba_001: float64, float64 
[ 2022-12-07 22:08:13,541 ] 64 root - INFO - Hypothesis ba_002: float64, float64 
[ 2022-12-07 22:08:13,548 ] 64 root - INFO - Hypothesis ba_003: float64, float64 
[ 2022-12-07 22:08:13,555 ] 64 root - INFO - Hypothesis ba_004: float64, float64 
[ 2022-12-07 22:08:13,562 ] 64 root - INFO - Hypothesis ba_005: float64, float64 
[ 2022-12-07 22:08:13,568 ] 64 root - INFO - Hypothesis ba_006: float64, float64 
[ 2022-12-07 22:08:13,575 ] 64 root - INFO - Hypothesis ba_007: float64, float64 
[ 2022-12-07 22:08:13,582 ] 64 root - INFO - Hypothesis ba_008: float64, float64 
[ 2022-12-07 22:08:13,587 ] 64 root - INFO - Hypothesis ba_009: float64, float64 
[ 2022-12-07 22:08:13,591 ] 64 root - INFO - Hypothesis bb_000: float64, float64 
[ 2022-12-07 22:08:13,598 ] 64 root - INFO - Hypothesis bc_000: float64, float64 
[ 2022-12-07 22:08:13,604 ] 64 root - INFO - Hypothesis bd_000: float64, float64 
[ 2022-12-07 22:08:13,609 ] 64 root - INFO - Hypothesis be_000: float64, float64 
[ 2022-12-07 22:08:13,615 ] 64 root - INFO - Hypothesis bf_000: float64, float64 
[ 2022-12-07 22:08:13,631 ] 64 root - INFO - Hypothesis bg_000: float64, float64 
[ 2022-12-07 22:08:13,638 ] 64 root - INFO - Hypothesis bh_000: float64, float64 
[ 2022-12-07 22:08:13,645 ] 64 root - INFO - Hypothesis bi_000: float64, float64 
[ 2022-12-07 22:08:13,652 ] 64 root - INFO - Hypothesis bj_000: float64, float64 
[ 2022-12-07 22:08:13,660 ] 64 root - INFO - Hypothesis bs_000: float64, float64 
[ 2022-12-07 22:08:13,667 ] 64 root - INFO - Hypothesis bt_000: float64, float64 
[ 2022-12-07 22:08:13,674 ] 64 root - INFO - Hypothesis bu_000: float64, float64 
[ 2022-12-07 22:08:13,681 ] 64 root - INFO - Hypothesis bv_000: float64, float64 
[ 2022-12-07 22:08:13,688 ] 64 root - INFO - Hypothesis bx_000: float64, float64 
[ 2022-12-07 22:08:13,695 ] 64 root - INFO - Hypothesis by_000: float64, float64 
[ 2022-12-07 22:08:13,701 ] 64 root - INFO - Hypothesis bz_000: float64, float64 
[ 2022-12-07 22:08:13,707 ] 64 root - INFO - Hypothesis ca_000: float64, float64 
[ 2022-12-07 22:08:13,714 ] 64 root - INFO - Hypothesis cb_000: float64, float64 
[ 2022-12-07 22:08:13,722 ] 64 root - INFO - Hypothesis cc_000: float64, float64 
[ 2022-12-07 22:08:13,729 ] 64 root - INFO - Hypothesis cd_000: float64, float64 
[ 2022-12-07 22:08:13,744 ] 64 root - INFO - Hypothesis ce_000: float64, float64 
[ 2022-12-07 22:08:13,750 ] 64 root - INFO - Hypothesis ci_000: float64, float64 
[ 2022-12-07 22:08:13,757 ] 64 root - INFO - Hypothesis cj_000: float64, float64 
[ 2022-12-07 22:08:13,761 ] 64 root - INFO - Hypothesis ck_000: float64, float64 
[ 2022-12-07 22:08:13,768 ] 64 root - INFO - Hypothesis cl_000: float64, float64 
[ 2022-12-07 22:08:13,784 ] 64 root - INFO - Hypothesis cm_000: float64, float64 
[ 2022-12-07 22:08:13,789 ] 64 root - INFO - Hypothesis cn_000: float64, float64 
[ 2022-12-07 22:08:13,807 ] 64 root - INFO - Hypothesis cn_001: float64, float64 
[ 2022-12-07 22:08:13,811 ] 64 root - INFO - Hypothesis cn_002: float64, float64 
[ 2022-12-07 22:08:13,817 ] 64 root - INFO - Hypothesis cn_003: float64, float64 
[ 2022-12-07 22:08:13,824 ] 64 root - INFO - Hypothesis cn_004: float64, float64 
[ 2022-12-07 22:08:13,833 ] 64 root - INFO - Hypothesis cn_005: float64, float64 
[ 2022-12-07 22:08:13,841 ] 64 root - INFO - Hypothesis cn_006: float64, float64 
[ 2022-12-07 22:08:13,848 ] 64 root - INFO - Hypothesis cn_007: float64, float64 
[ 2022-12-07 22:08:13,855 ] 64 root - INFO - Hypothesis cn_008: float64, float64 
[ 2022-12-07 22:08:13,861 ] 64 root - INFO - Hypothesis cn_009: float64, float64 
[ 2022-12-07 22:08:13,866 ] 64 root - INFO - Hypothesis cp_000: float64, float64 
[ 2022-12-07 22:08:13,872 ] 64 root - INFO - Hypothesis cq_000: float64, float64 
[ 2022-12-07 22:08:13,879 ] 64 root - INFO - Hypothesis cs_000: float64, float64 
[ 2022-12-07 22:08:13,887 ] 64 root - INFO - Hypothesis cs_001: float64, float64 
[ 2022-12-07 22:08:13,894 ] 64 root - INFO - Hypothesis cs_002: float64, float64 
[ 2022-12-07 22:08:13,901 ] 64 root - INFO - Hypothesis cs_003: float64, float64 
[ 2022-12-07 22:08:13,910 ] 64 root - INFO - Hypothesis cs_004: float64, float64 
[ 2022-12-07 22:08:13,919 ] 64 root - INFO - Hypothesis cs_005: float64, float64 
[ 2022-12-07 22:08:13,927 ] 64 root - INFO - Hypothesis cs_006: float64, float64 
[ 2022-12-07 22:08:13,934 ] 64 root - INFO - Hypothesis cs_007: float64, float64 
[ 2022-12-07 22:08:13,941 ] 64 root - INFO - Hypothesis cs_008: float64, float64 
[ 2022-12-07 22:08:13,947 ] 64 root - INFO - Hypothesis cs_009: float64, float64 
[ 2022-12-07 22:08:13,962 ] 64 root - INFO - Hypothesis dd_000: float64, float64 
[ 2022-12-07 22:08:13,968 ] 64 root - INFO - Hypothesis de_000: float64, float64 
[ 2022-12-07 22:08:13,974 ] 64 root - INFO - Hypothesis df_000: float64, float64 
[ 2022-12-07 22:08:13,978 ] 64 root - INFO - Hypothesis dg_000: float64, float64 
[ 2022-12-07 22:08:13,982 ] 64 root - INFO - Hypothesis dh_000: float64, float64 
[ 2022-12-07 22:08:13,998 ] 64 root - INFO - Hypothesis di_000: float64, float64 
[ 2022-12-07 22:08:14,015 ] 64 root - INFO - Hypothesis dj_000: float64, float64 
[ 2022-12-07 22:08:14,031 ] 64 root - INFO - Hypothesis dk_000: float64, float64 
[ 2022-12-07 22:08:14,047 ] 64 root - INFO - Hypothesis dl_000: float64, float64 
[ 2022-12-07 22:08:14,063 ] 64 root - INFO - Hypothesis dm_000: float64, float64 
[ 2022-12-07 22:08:14,079 ] 64 root - INFO - Hypothesis dn_000: float64, float64 
[ 2022-12-07 22:08:14,086 ] 64 root - INFO - Hypothesis do_000: float64, float64 
[ 2022-12-07 22:08:14,093 ] 64 root - INFO - Hypothesis dp_000: float64, float64 
[ 2022-12-07 22:08:14,100 ] 64 root - INFO - Hypothesis dq_000: float64, float64 
[ 2022-12-07 22:08:14,117 ] 64 root - INFO - Hypothesis dr_000: float64, float64 
[ 2022-12-07 22:08:14,121 ] 64 root - INFO - Hypothesis ds_000: float64, float64 
[ 2022-12-07 22:08:14,128 ] 64 root - INFO - Hypothesis dt_000: float64, float64 
[ 2022-12-07 22:08:14,135 ] 64 root - INFO - Hypothesis du_000: float64, float64 
[ 2022-12-07 22:08:14,142 ] 64 root - INFO - Hypothesis dv_000: float64, float64 
[ 2022-12-07 22:08:14,149 ] 64 root - INFO - Hypothesis dx_000: float64, float64 
[ 2022-12-07 22:08:14,155 ] 64 root - INFO - Hypothesis dy_000: float64, float64 
[ 2022-12-07 22:08:14,159 ] 64 root - INFO - Hypothesis dz_000: float64, float64 
[ 2022-12-07 22:08:14,174 ] 64 root - INFO - Hypothesis ea_000: float64, float64 
[ 2022-12-07 22:08:14,190 ] 64 root - INFO - Hypothesis eb_000: float64, float64 
[ 2022-12-07 22:08:14,195 ] 64 root - INFO - Hypothesis ec_00: float64, float64 
[ 2022-12-07 22:08:14,202 ] 64 root - INFO - Hypothesis ed_000: float64, float64 
[ 2022-12-07 22:08:14,208 ] 64 root - INFO - Hypothesis ee_000: float64, float64 
[ 2022-12-07 22:08:14,215 ] 64 root - INFO - Hypothesis ee_001: float64, float64 
[ 2022-12-07 22:08:14,222 ] 64 root - INFO - Hypothesis ee_002: float64, float64 
[ 2022-12-07 22:08:14,229 ] 64 root - INFO - Hypothesis ee_003: float64, float64 
[ 2022-12-07 22:08:14,236 ] 64 root - INFO - Hypothesis ee_004: float64, float64 
[ 2022-12-07 22:08:14,243 ] 64 root - INFO - Hypothesis ee_005: float64, float64 
[ 2022-12-07 22:08:14,250 ] 64 root - INFO - Hypothesis ee_006: float64, float64 
[ 2022-12-07 22:08:14,256 ] 64 root - INFO - Hypothesis ee_007: float64, float64 
[ 2022-12-07 22:08:14,263 ] 64 root - INFO - Hypothesis ee_008: float64, float64 
[ 2022-12-07 22:08:14,269 ] 64 root - INFO - Hypothesis ee_009: float64, float64 
[ 2022-12-07 22:08:14,275 ] 64 root - INFO - Hypothesis ef_000: float64, float64 
[ 2022-12-07 22:08:14,289 ] 64 root - INFO - Hypothesis eg_000: float64, float64 
[ 2022-12-07 22:08:15,338 ] 60 root - INFO - Before resampling input training data : [[-6.32303034e-01  0.00000000e+00 -1.37681159e-01 ...  0.00000000e+00
   0.00000000e+00  0.00000000e+00]
 [-5.63169339e-01  0.00000000e+00  2.57331680e+06 ...  1.13871636e-01
   0.00000000e+00  0.00000000e+00]
 [-1.03131541e-01  0.00000000e+00 -1.42512077e-01 ...  1.24223602e-02
   0.00000000e+00  0.00000000e+00]
 ...
 [ 1.64136642e-01  0.00000000e+00  5.65217391e-01 ...  1.58488613e+00
   0.00000000e+00  0.00000000e+00]
 [ 1.24983235e+00  0.00000000e+00 -1.42512077e-01 ...  2.82505176e+00
   0.00000000e+00  0.00000000e+00]
 [ 2.06771119e-01  0.00000000e+00 -1.42512077e-01 ...  1.44927536e-02
   0.00000000e+00  0.00000000e+00]] Target data :[0 0 0 ... 0 0 0]
[ 2022-12-07 22:08:20,972 ] 62 root - INFO - After resampling input training data : [[-6.32303034e-01  0.00000000e+00 -1.37681159e-01 ...  0.00000000e+00
   0.00000000e+00  0.00000000e+00]
 [-5.63169339e-01  0.00000000e+00  2.57331680e+06 ...  1.13871636e-01
   0.00000000e+00  0.00000000e+00]
 [-1.03131541e-01  0.00000000e+00 -1.42512077e-01 ...  1.24223602e-02
   0.00000000e+00  0.00000000e+00]
 ...
 [ 5.89097613e+00  7.40363309e-01 -1.42512077e-01 ...  0.00000000e+00
   0.00000000e+00  0.00000000e+00]
 [ 3.75837519e+00  0.00000000e+00 -1.42512077e-01 ...  1.85082997e-02
   0.00000000e+00  0.00000000e+00]
 [ 1.02556382e+01  0.00000000e+00 -1.42512077e-01 ...  5.50583001e-01
   0.00000000e+00  0.00000000e+00]] Target data :[0 0 0 ... 1 1 1]
[ 2022-12-07 22:08:20,973 ] 64 root - INFO - Before resampling input test data : [[-6.32059176e-01  0.00000000e+00 -9.90338164e-02 ...  0.00000000e+00
   0.00000000e+00  0.00000000e+00]
 [-5.39393200e-01  0.00000000e+00  2.57331681e+06 ...  6.62525880e-02
   0.00000000e+00  0.00000000e+00]
 [ 1.45725375e-01  0.00000000e+00 -3.86473430e-02 ...  1.27888199e+01
   0.00000000e+00  0.00000000e+00]
 ...
 [ 1.45199049e+00  0.00000000e+00 -1.42512077e-01 ...  1.29399586e-01
   0.00000000e+00  0.00000000e+00]
 [-6.29905099e-01  0.00000000e+00 -1.42512077e-01 ...  0.00000000e+00
   0.00000000e+00  0.00000000e+00]
 [-2.08600053e-01  0.00000000e+00  3.62318841e-02 ...  4.98964803e-01
   0.00000000e+00  0.00000000e+00]] Target data :[0 0 0 ... 0 0 0]
[ 2022-12-07 22:08:21,523 ] 66 root - INFO - After resampling input training data : [[-6.32059176e-01  0.00000000e+00 -9.90338164e-02 ...  0.00000000e+00
   0.00000000e+00  0.00000000e+00]
 [-5.39393200e-01  0.00000000e+00  2.57331681e+06 ...  6.62525880e-02
   0.00000000e+00  0.00000000e+00]
 [ 1.45725375e-01  0.00000000e+00 -3.86473430e-02 ...  1.27888199e+01
   0.00000000e+00  0.00000000e+00]
 ...
 [ 1.39708389e+01  0.00000000e+00 -1.42512077e-01 ...  1.98347457e-02
   0.00000000e+00  0.00000000e+00]
 [ 7.07244298e+00  0.00000000e+00  2.30720363e+00 ...  1.36574392e-02
   2.19884771e+00  2.19884771e+01]
 [ 2.36283288e+01  0.00000000e+00 -1.42512077e-01 ...  7.65818070e+00
   0.00000000e+00  0.00000000e+00]] Target data :[0 0 0 ... 1 1 1]
[ 2022-12-07 22:08:21,635 ] 54 root - INFO - Entered the save_object method of utils
[ 2022-12-07 22:08:21,637 ] 58 root - INFO - Exited the save_object method of utils
[ 2022-12-07 22:08:21,638 ] 54 root - INFO - Entered the save_object method of utils
[ 2022-12-07 22:08:21,638 ] 58 root - INFO - Exited the save_object method of utils
[ 2022-12-07 22:08:21,638 ] 85 root - INFO - Data transformation object DataTransformationArtifact(transformer_object_path='/config/workspace/artifact/12072022__22071670431058/data_transformation/transformer_object/transformer.pkl', transformed_train_path='/config/workspace/artifact/12072022__22071670431058/data_transformation/transformed/train.npz', transformed_test_path='/config/workspace/artifact/12072022__22071670431058/data_transformation/transformed/test.npz', target_encoder_path='/config/workspace/artifact/12072022__22071670431058/data_transformation/target_encoder/target_encoder.pkl')
[ 2022-12-07 22:08:21,639 ] 15 root - INFO - >>>>>>>>>>>>>>>>>>>>>>>>>>>>>>>>>>>>>>>> Model Trainer <<<<<<<<<<<<<<<<<<<<<<<<<<<<<<<<<<<<<<<<
[ 2022-12-07 22:08:31,077 ] 48 root - INFO - train score:0.9999821883404877 and tests score 0.9782026214787457
[ 2022-12-07 22:08:31,077 ] 50 root - INFO - Checking if our model is underfitting or not
[ 2022-12-07 22:08:31,077 ] 55 root - INFO - Checking if our model is overfiiting or not
[ 2022-12-07 22:08:31,077 ] 62 root - INFO - Saving mode object
[ 2022-12-07 22:08:31,077 ] 54 root - INFO - Entered the save_object method of utils
[ 2022-12-07 22:08:31,082 ] 58 root - INFO - Exited the save_object method of utils
[ 2022-12-07 22:08:31,082 ] 66 root - INFO - Prepare the artifact
[ 2022-12-07 22:08:31,082 ] 69 root - INFO - Model trainer artifact: ModelTrainerArtifact(model_path='/config/workspace/artifact/12072022__22071670431058/model_trainer/model/model.pkl', f1_train_score=0.9999821883404877, f1_test_score=0.9782026214787457)
