[ 2022-12-07 19:42:52,866 ] 22 root - INFO - Exporting collection data as pandas dataframe
[ 2022-12-07 19:42:52,866 ] 13 root - INFO - Reading data from database: aps and collection: sensor
[ 2022-12-07 19:42:56,562 ] 16 root - INFO - Dropping column: _id 
[ 2022-12-07 19:42:56,801 ] 18 root - INFO - Row and columns in df: (36188, 171)
[ 2022-12-07 19:42:57,611 ] 26 root - INFO - Create feature store folder if not available
[ 2022-12-07 19:42:57,612 ] 29 root - INFO - Saving df to feature store dir
[ 2022-12-07 19:43:00,290 ] 32 root - INFO - split data into train and test data
[ 2022-12-07 19:43:01,096 ] 35 root - INFO - create dataset directory folder if not available
[ 2022-12-07 19:43:03,353 ] 46 root - INFO - Data ingestion artifact: DataIngestionArtifact(feature_store_path='/config/workspace/artifact/12072022__19421670422372/artifact/feature_store/sensor.csv', train_file_path='/config/workspace/artifact/12072022__19421670422372/artifact/dataset/train.csv', test_file_path='/config/workspace/artifact/12072022__19421670422372/artifact/dataset/test.csv')
[ 2022-12-07 19:43:03,789 ] 22 root - INFO - Exporting collection data as pandas dataframe
[ 2022-12-07 19:43:03,789 ] 13 root - INFO - Reading data from database: aps and collection: sensor
[ 2022-12-07 19:43:07,459 ] 16 root - INFO - Dropping column: _id 
[ 2022-12-07 19:43:07,656 ] 18 root - INFO - Row and columns in df: (36188, 171)
[ 2022-12-07 19:43:08,184 ] 26 root - INFO - Create feature store folder if not available
[ 2022-12-07 19:43:08,185 ] 29 root - INFO - Saving df to feature store dir
[ 2022-12-07 19:43:10,649 ] 32 root - INFO - split data into train and test data
[ 2022-12-07 19:43:11,208 ] 35 root - INFO - create dataset directory folder if not available
[ 2022-12-07 19:43:13,437 ] 46 root - INFO - Data ingestion artifact: DataIngestionArtifact(feature_store_path='/config/workspace/artifact/12072022__19421670422372/artifact/feature_store/sensor.csv', train_file_path='/config/workspace/artifact/12072022__19421670422372/artifact/dataset/train.csv', test_file_path='/config/workspace/artifact/12072022__19421670422372/artifact/dataset/test.csv')
[ 2022-12-07 19:43:13,839 ] 15 root - INFO - >>>>>>>>>>>>>>>>>>>>>>>>>>>>>>>>>>>>>>>>Data Validation <<<<<<<<<<<<<<<<<<<<<<<<<<<<<<<<<<<<<<<<
[ 2022-12-07 19:43:13,839 ] 84 root - INFO - Reading base file
[ 2022-12-07 19:43:15,426 ] 86 root - INFO - Replacing na values with Nan values
[ 2022-12-07 19:43:16,809 ] 88 root - INFO - Drop missing values in base df
[ 2022-12-07 19:43:17,797 ] 26 root - INFO - selecting column name which contains null above to 0.2
[ 2022-12-07 19:43:17,886 ] 92 root - INFO - Reading train and test data files
[ 2022-12-07 19:43:18,387 ] 96 root - INFO - Dropping missing values in training and testing files
[ 2022-12-07 19:43:18,398 ] 26 root - INFO - selecting column name which contains null above to 0.2
[ 2022-12-07 19:43:18,412 ] 26 root - INFO - selecting column name which contains null above to 0.2
[ 2022-12-07 19:43:24,125 ] 64 root - INFO - Hypothesis class: object, object 
[ 2022-12-07 19:43:24,255 ] 64 root - INFO - Hypothesis aa_000: float64, float64 
[ 2022-12-07 19:43:24,296 ] 64 root - INFO - Hypothesis ac_000: float64, float64 
[ 2022-12-07 19:43:24,305 ] 64 root - INFO - Hypothesis ae_000: float64, float64 
[ 2022-12-07 19:43:24,340 ] 64 root - INFO - Hypothesis af_000: float64, float64 
[ 2022-12-07 19:43:24,375 ] 64 root - INFO - Hypothesis ag_000: float64, float64 
[ 2022-12-07 19:43:24,411 ] 64 root - INFO - Hypothesis ag_001: float64, float64 
[ 2022-12-07 19:43:24,446 ] 64 root - INFO - Hypothesis ag_002: float64, float64 
[ 2022-12-07 19:43:24,482 ] 64 root - INFO - Hypothesis ag_003: float64, float64 
[ 2022-12-07 19:43:24,519 ] 64 root - INFO - Hypothesis ag_004: float64, float64 
[ 2022-12-07 19:43:24,529 ] 64 root - INFO - Hypothesis ag_005: float64, float64 
[ 2022-12-07 19:43:24,539 ] 64 root - INFO - Hypothesis ag_006: float64, float64 
[ 2022-12-07 19:43:24,585 ] 64 root - INFO - Hypothesis ag_007: float64, float64 
[ 2022-12-07 19:43:24,595 ] 64 root - INFO - Hypothesis ag_008: float64, float64 
[ 2022-12-07 19:43:24,635 ] 64 root - INFO - Hypothesis ag_009: float64, float64 
[ 2022-12-07 19:43:24,672 ] 64 root - INFO - Hypothesis ah_000: float64, float64 
[ 2022-12-07 19:43:24,683 ] 64 root - INFO - Hypothesis ai_000: float64, float64 
[ 2022-12-07 19:43:24,718 ] 64 root - INFO - Hypothesis aj_000: float64, float64 
[ 2022-12-07 19:43:24,755 ] 64 root - INFO - Hypothesis ak_000: float64, float64 
[ 2022-12-07 19:43:24,792 ] 64 root - INFO - Hypothesis al_000: float64, float64 
[ 2022-12-07 19:43:24,830 ] 64 root - INFO - Hypothesis am_0: float64, float64 
[ 2022-12-07 19:43:24,869 ] 64 root - INFO - Hypothesis an_000: float64, float64 
[ 2022-12-07 19:43:24,879 ] 64 root - INFO - Hypothesis ao_000: float64, float64 
[ 2022-12-07 19:43:24,890 ] 64 root - INFO - Hypothesis ap_000: float64, float64 
[ 2022-12-07 19:43:24,900 ] 64 root - INFO - Hypothesis aq_000: float64, float64 
[ 2022-12-07 19:43:24,911 ] 64 root - INFO - Hypothesis ar_000: float64, float64 
[ 2022-12-07 19:43:24,947 ] 64 root - INFO - Hypothesis as_000: float64, float64 
[ 2022-12-07 19:43:24,984 ] 64 root - INFO - Hypothesis at_000: float64, float64 
[ 2022-12-07 19:43:25,021 ] 64 root - INFO - Hypothesis au_000: float64, float64 
[ 2022-12-07 19:43:25,055 ] 64 root - INFO - Hypothesis av_000: float64, float64 
[ 2022-12-07 19:43:25,095 ] 64 root - INFO - Hypothesis ax_000: float64, float64 
[ 2022-12-07 19:43:25,103 ] 64 root - INFO - Hypothesis ay_000: float64, float64 
[ 2022-12-07 19:43:25,138 ] 64 root - INFO - Hypothesis ay_001: float64, float64 
[ 2022-12-07 19:43:25,174 ] 64 root - INFO - Hypothesis ay_002: float64, float64 
[ 2022-12-07 19:43:25,210 ] 64 root - INFO - Hypothesis ay_003: float64, float64 
[ 2022-12-07 19:43:25,246 ] 64 root - INFO - Hypothesis ay_004: float64, float64 
[ 2022-12-07 19:43:25,281 ] 64 root - INFO - Hypothesis ay_005: float64, float64 
[ 2022-12-07 19:43:25,319 ] 64 root - INFO - Hypothesis ay_006: float64, float64 
[ 2022-12-07 19:43:25,360 ] 64 root - INFO - Hypothesis ay_007: float64, float64 
[ 2022-12-07 19:43:25,401 ] 64 root - INFO - Hypothesis ay_008: float64, float64 
[ 2022-12-07 19:43:25,412 ] 64 root - INFO - Hypothesis ay_009: float64, float64 
[ 2022-12-07 19:43:25,447 ] 64 root - INFO - Hypothesis az_000: float64, float64 
[ 2022-12-07 19:43:25,490 ] 64 root - INFO - Hypothesis az_001: float64, float64 
[ 2022-12-07 19:43:25,500 ] 64 root - INFO - Hypothesis az_002: float64, float64 
[ 2022-12-07 19:43:25,541 ] 64 root - INFO - Hypothesis az_003: float64, float64 
[ 2022-12-07 19:43:25,554 ] 64 root - INFO - Hypothesis az_004: float64, float64 
[ 2022-12-07 19:43:25,565 ] 64 root - INFO - Hypothesis az_005: float64, float64 
[ 2022-12-07 19:43:25,612 ] 64 root - INFO - Hypothesis az_006: float64, float64 
[ 2022-12-07 19:43:25,621 ] 64 root - INFO - Hypothesis az_007: float64, float64 
[ 2022-12-07 19:43:25,658 ] 64 root - INFO - Hypothesis az_008: float64, float64 
[ 2022-12-07 19:43:25,694 ] 64 root - INFO - Hypothesis az_009: float64, float64 
[ 2022-12-07 19:43:25,729 ] 64 root - INFO - Hypothesis ba_000: float64, float64 
[ 2022-12-07 19:43:25,771 ] 64 root - INFO - Hypothesis ba_001: float64, float64 
[ 2022-12-07 19:43:25,814 ] 64 root - INFO - Hypothesis ba_002: float64, float64 
[ 2022-12-07 19:43:25,857 ] 64 root - INFO - Hypothesis ba_003: float64, float64 
[ 2022-12-07 19:43:25,900 ] 64 root - INFO - Hypothesis ba_004: float64, float64 
[ 2022-12-07 19:43:25,910 ] 64 root - INFO - Hypothesis ba_005: float64, float64 
[ 2022-12-07 19:43:25,920 ] 64 root - INFO - Hypothesis ba_006: float64, float64 
[ 2022-12-07 19:43:25,961 ] 64 root - INFO - Hypothesis ba_007: float64, float64 
[ 2022-12-07 19:43:26,002 ] 64 root - INFO - Hypothesis ba_008: float64, float64 
[ 2022-12-07 19:43:26,041 ] 64 root - INFO - Hypothesis ba_009: float64, float64 
[ 2022-12-07 19:43:26,080 ] 64 root - INFO - Hypothesis bb_000: float64, float64 
[ 2022-12-07 19:43:26,090 ] 64 root - INFO - Hypothesis bc_000: float64, float64 
[ 2022-12-07 19:43:26,129 ] 64 root - INFO - Hypothesis bd_000: float64, float64 
[ 2022-12-07 19:43:26,169 ] 64 root - INFO - Hypothesis be_000: float64, float64 
[ 2022-12-07 19:43:26,209 ] 64 root - INFO - Hypothesis bf_000: float64, float64 
[ 2022-12-07 19:43:26,247 ] 64 root - INFO - Hypothesis bg_000: float64, float64 
[ 2022-12-07 19:43:26,258 ] 64 root - INFO - Hypothesis bh_000: float64, float64 
[ 2022-12-07 19:43:26,268 ] 64 root - INFO - Hypothesis bi_000: float64, float64 
[ 2022-12-07 19:43:26,310 ] 64 root - INFO - Hypothesis bj_000: float64, float64 
[ 2022-12-07 19:43:26,321 ] 64 root - INFO - Hypothesis bs_000: float64, float64 
[ 2022-12-07 19:43:26,331 ] 64 root - INFO - Hypothesis bt_000: float64, float64 
[ 2022-12-07 19:43:26,373 ] 64 root - INFO - Hypothesis bu_000: float64, float64 
[ 2022-12-07 19:43:26,384 ] 64 root - INFO - Hypothesis bv_000: float64, float64 
[ 2022-12-07 19:43:26,395 ] 64 root - INFO - Hypothesis bx_000: float64, float64 
[ 2022-12-07 19:43:26,405 ] 64 root - INFO - Hypothesis by_000: float64, float64 
[ 2022-12-07 19:43:26,447 ] 64 root - INFO - Hypothesis bz_000: float64, float64 
[ 2022-12-07 19:43:26,489 ] 64 root - INFO - Hypothesis ca_000: float64, float64 
[ 2022-12-07 19:43:26,532 ] 64 root - INFO - Hypothesis cb_000: float64, float64 
[ 2022-12-07 19:43:26,542 ] 64 root - INFO - Hypothesis cc_000: float64, float64 
[ 2022-12-07 19:43:26,553 ] 64 root - INFO - Hypothesis cd_000: float64, float64 
[ 2022-12-07 19:43:26,589 ] 64 root - INFO - Hypothesis ce_000: float64, float64 
[ 2022-12-07 19:43:26,599 ] 64 root - INFO - Hypothesis ci_000: float64, float64 
[ 2022-12-07 19:43:26,645 ] 64 root - INFO - Hypothesis cj_000: float64, float64 
[ 2022-12-07 19:43:26,651 ] 64 root - INFO - Hypothesis ck_000: float64, float64 
[ 2022-12-07 19:43:26,662 ] 64 root - INFO - Hypothesis cl_000: float64, float64 
[ 2022-12-07 19:43:26,699 ] 64 root - INFO - Hypothesis cm_000: float64, float64 
[ 2022-12-07 19:43:26,736 ] 64 root - INFO - Hypothesis cn_000: float64, float64 
[ 2022-12-07 19:43:26,774 ] 64 root - INFO - Hypothesis cn_001: float64, float64 
[ 2022-12-07 19:43:26,811 ] 64 root - INFO - Hypothesis cn_002: float64, float64 
[ 2022-12-07 19:43:26,819 ] 64 root - INFO - Hypothesis cn_003: float64, float64 
[ 2022-12-07 19:43:26,830 ] 64 root - INFO - Hypothesis cn_004: float64, float64 
[ 2022-12-07 19:43:26,841 ] 64 root - INFO - Hypothesis cn_005: float64, float64 
[ 2022-12-07 19:43:26,852 ] 64 root - INFO - Hypothesis cn_006: float64, float64 
[ 2022-12-07 19:43:26,862 ] 64 root - INFO - Hypothesis cn_007: float64, float64 
[ 2022-12-07 19:43:26,871 ] 64 root - INFO - Hypothesis cn_008: float64, float64 
[ 2022-12-07 19:43:26,881 ] 64 root - INFO - Hypothesis cn_009: float64, float64 
[ 2022-12-07 19:43:26,919 ] 64 root - INFO - Hypothesis cp_000: float64, float64 
[ 2022-12-07 19:43:26,958 ] 64 root - INFO - Hypothesis cq_000: float64, float64 
[ 2022-12-07 19:43:26,969 ] 64 root - INFO - Hypothesis cs_000: float64, float64 
[ 2022-12-07 19:43:26,979 ] 64 root - INFO - Hypothesis cs_001: float64, float64 
[ 2022-12-07 19:43:26,987 ] 64 root - INFO - Hypothesis cs_002: float64, float64 
[ 2022-12-07 19:43:27,028 ] 64 root - INFO - Hypothesis cs_003: float64, float64 
[ 2022-12-07 19:43:27,071 ] 64 root - INFO - Hypothesis cs_004: float64, float64 
[ 2022-12-07 19:43:27,113 ] 64 root - INFO - Hypothesis cs_005: float64, float64 
[ 2022-12-07 19:43:27,123 ] 64 root - INFO - Hypothesis cs_006: float64, float64 
[ 2022-12-07 19:43:27,134 ] 64 root - INFO - Hypothesis cs_007: float64, float64 
[ 2022-12-07 19:43:27,145 ] 64 root - INFO - Hypothesis cs_008: float64, float64 
[ 2022-12-07 19:43:27,152 ] 64 root - INFO - Hypothesis cs_009: float64, float64 
[ 2022-12-07 19:43:27,187 ] 64 root - INFO - Hypothesis dd_000: float64, float64 
[ 2022-12-07 19:43:27,197 ] 64 root - INFO - Hypothesis de_000: float64, float64 
[ 2022-12-07 19:43:27,205 ] 64 root - INFO - Hypothesis df_000: float64, float64 
[ 2022-12-07 19:43:27,240 ] 64 root - INFO - Hypothesis dg_000: float64, float64 
[ 2022-12-07 19:43:27,277 ] 64 root - INFO - Hypothesis dh_000: float64, float64 
[ 2022-12-07 19:43:27,313 ] 64 root - INFO - Hypothesis di_000: float64, float64 
[ 2022-12-07 19:43:27,319 ] 64 root - INFO - Hypothesis dj_000: float64, float64 
[ 2022-12-07 19:43:27,354 ] 64 root - INFO - Hypothesis dk_000: float64, float64 
[ 2022-12-07 19:43:27,390 ] 64 root - INFO - Hypothesis dl_000: float64, float64 
[ 2022-12-07 19:43:27,425 ] 64 root - INFO - Hypothesis dm_000: float64, float64 
[ 2022-12-07 19:43:27,462 ] 64 root - INFO - Hypothesis dn_000: float64, float64 
[ 2022-12-07 19:43:27,472 ] 64 root - INFO - Hypothesis do_000: float64, float64 
[ 2022-12-07 19:43:27,513 ] 64 root - INFO - Hypothesis dp_000: float64, float64 
[ 2022-12-07 19:43:27,554 ] 64 root - INFO - Hypothesis dq_000: float64, float64 
[ 2022-12-07 19:43:27,591 ] 64 root - INFO - Hypothesis dr_000: float64, float64 
[ 2022-12-07 19:43:27,628 ] 64 root - INFO - Hypothesis ds_000: float64, float64 
[ 2022-12-07 19:43:27,674 ] 64 root - INFO - Hypothesis dt_000: float64, float64 
[ 2022-12-07 19:43:27,684 ] 64 root - INFO - Hypothesis du_000: float64, float64 
[ 2022-12-07 19:43:27,725 ] 64 root - INFO - Hypothesis dv_000: float64, float64 
[ 2022-12-07 19:43:27,767 ] 64 root - INFO - Hypothesis dx_000: float64, float64 
[ 2022-12-07 19:43:27,805 ] 64 root - INFO - Hypothesis dy_000: float64, float64 
[ 2022-12-07 19:43:27,845 ] 64 root - INFO - Hypothesis dz_000: float64, float64 
[ 2022-12-07 19:43:27,882 ] 64 root - INFO - Hypothesis ea_000: float64, float64 
[ 2022-12-07 19:43:27,918 ] 64 root - INFO - Hypothesis eb_000: float64, float64 
[ 2022-12-07 19:43:27,927 ] 64 root - INFO - Hypothesis ec_00: float64, float64 
[ 2022-12-07 19:43:27,937 ] 64 root - INFO - Hypothesis ed_000: float64, float64 
[ 2022-12-07 19:43:27,946 ] 64 root - INFO - Hypothesis ee_000: float64, float64 
[ 2022-12-07 19:43:27,988 ] 64 root - INFO - Hypothesis ee_001: float64, float64 
[ 2022-12-07 19:43:27,999 ] 64 root - INFO - Hypothesis ee_002: float64, float64 
[ 2022-12-07 19:43:28,010 ] 64 root - INFO - Hypothesis ee_003: float64, float64 
[ 2022-12-07 19:43:28,052 ] 64 root - INFO - Hypothesis ee_004: float64, float64 
[ 2022-12-07 19:43:28,094 ] 64 root - INFO - Hypothesis ee_005: float64, float64 
[ 2022-12-07 19:43:28,105 ] 64 root - INFO - Hypothesis ee_006: float64, float64 
[ 2022-12-07 19:43:28,115 ] 64 root - INFO - Hypothesis ee_007: float64, float64 
[ 2022-12-07 19:43:28,125 ] 64 root - INFO - Hypothesis ee_008: float64, float64 
[ 2022-12-07 19:43:28,165 ] 64 root - INFO - Hypothesis ee_009: float64, float64 
[ 2022-12-07 19:43:28,173 ] 64 root - INFO - Hypothesis ef_000: float64, float64 
[ 2022-12-07 19:43:28,208 ] 64 root - INFO - Hypothesis eg_000: float64, float64 
[ 2022-12-07 19:43:28,244 ] 64 root - INFO - Hypothesis class: object, object 
[ 2022-12-07 19:43:28,320 ] 64 root - INFO - Hypothesis aa_000: float64, float64 
[ 2022-12-07 19:43:28,327 ] 64 root - INFO - Hypothesis ac_000: float64, float64 
[ 2022-12-07 19:43:28,332 ] 64 root - INFO - Hypothesis ae_000: float64, float64 
[ 2022-12-07 19:43:28,335 ] 64 root - INFO - Hypothesis af_000: float64, float64 
[ 2022-12-07 19:43:28,351 ] 64 root - INFO - Hypothesis ag_000: float64, float64 
[ 2022-12-07 19:43:28,365 ] 64 root - INFO - Hypothesis ag_001: float64, float64 
[ 2022-12-07 19:43:28,380 ] 64 root - INFO - Hypothesis ag_002: float64, float64 
[ 2022-12-07 19:43:28,395 ] 64 root - INFO - Hypothesis ag_003: float64, float64 
[ 2022-12-07 19:43:28,400 ] 64 root - INFO - Hypothesis ag_004: float64, float64 
[ 2022-12-07 19:43:28,406 ] 64 root - INFO - Hypothesis ag_005: float64, float64 
[ 2022-12-07 19:43:28,413 ] 64 root - INFO - Hypothesis ag_006: float64, float64 
[ 2022-12-07 19:43:28,421 ] 64 root - INFO - Hypothesis ag_007: float64, float64 
[ 2022-12-07 19:43:28,427 ] 64 root - INFO - Hypothesis ag_008: float64, float64 
[ 2022-12-07 19:43:28,433 ] 64 root - INFO - Hypothesis ag_009: float64, float64 
[ 2022-12-07 19:43:28,438 ] 64 root - INFO - Hypothesis ah_000: float64, float64 
[ 2022-12-07 19:43:28,445 ] 64 root - INFO - Hypothesis ai_000: float64, float64 
[ 2022-12-07 19:43:28,460 ] 64 root - INFO - Hypothesis aj_000: float64, float64 
[ 2022-12-07 19:43:28,464 ] 64 root - INFO - Hypothesis ak_000: float64, float64 
[ 2022-12-07 19:43:28,479 ] 64 root - INFO - Hypothesis al_000: float64, float64 
[ 2022-12-07 19:43:28,484 ] 64 root - INFO - Hypothesis am_0: float64, float64 
[ 2022-12-07 19:43:28,489 ] 64 root - INFO - Hypothesis an_000: float64, float64 
[ 2022-12-07 19:43:28,496 ] 64 root - INFO - Hypothesis ao_000: float64, float64 
[ 2022-12-07 19:43:28,503 ] 64 root - INFO - Hypothesis ap_000: float64, float64 
[ 2022-12-07 19:43:28,510 ] 64 root - INFO - Hypothesis aq_000: float64, float64 
[ 2022-12-07 19:43:28,518 ] 64 root - INFO - Hypothesis ar_000: float64, float64 
[ 2022-12-07 19:43:28,533 ] 64 root - INFO - Hypothesis as_000: float64, float64 
[ 2022-12-07 19:43:28,548 ] 64 root - INFO - Hypothesis at_000: float64, float64 
[ 2022-12-07 19:43:28,564 ] 64 root - INFO - Hypothesis au_000: float64, float64 
[ 2022-12-07 19:43:28,578 ] 64 root - INFO - Hypothesis av_000: float64, float64 
[ 2022-12-07 19:43:28,584 ] 64 root - INFO - Hypothesis ax_000: float64, float64 
[ 2022-12-07 19:43:28,590 ] 64 root - INFO - Hypothesis ay_000: float64, float64 
[ 2022-12-07 19:43:28,604 ] 64 root - INFO - Hypothesis ay_001: float64, float64 
[ 2022-12-07 19:43:28,619 ] 64 root - INFO - Hypothesis ay_002: float64, float64 
[ 2022-12-07 19:43:28,634 ] 64 root - INFO - Hypothesis ay_003: float64, float64 
[ 2022-12-07 19:43:28,649 ] 64 root - INFO - Hypothesis ay_004: float64, float64 
[ 2022-12-07 19:43:28,664 ] 64 root - INFO - Hypothesis ay_005: float64, float64 
[ 2022-12-07 19:43:28,681 ] 64 root - INFO - Hypothesis ay_006: float64, float64 
[ 2022-12-07 19:43:28,687 ] 64 root - INFO - Hypothesis ay_007: float64, float64 
[ 2022-12-07 19:43:28,694 ] 64 root - INFO - Hypothesis ay_008: float64, float64 
[ 2022-12-07 19:43:28,701 ] 64 root - INFO - Hypothesis ay_009: float64, float64 
[ 2022-12-07 19:43:28,715 ] 64 root - INFO - Hypothesis az_000: float64, float64 
[ 2022-12-07 19:43:28,722 ] 64 root - INFO - Hypothesis az_001: float64, float64 
[ 2022-12-07 19:43:28,728 ] 64 root - INFO - Hypothesis az_002: float64, float64 
[ 2022-12-07 19:43:28,734 ] 64 root - INFO - Hypothesis az_003: float64, float64 
[ 2022-12-07 19:43:28,741 ] 64 root - INFO - Hypothesis az_004: float64, float64 
[ 2022-12-07 19:43:28,747 ] 64 root - INFO - Hypothesis az_005: float64, float64 
[ 2022-12-07 19:43:28,755 ] 64 root - INFO - Hypothesis az_006: float64, float64 
[ 2022-12-07 19:43:28,760 ] 64 root - INFO - Hypothesis az_007: float64, float64 
[ 2022-12-07 19:43:28,777 ] 64 root - INFO - Hypothesis az_008: float64, float64 
[ 2022-12-07 19:43:28,792 ] 64 root - INFO - Hypothesis az_009: float64, float64 
[ 2022-12-07 19:43:28,807 ] 64 root - INFO - Hypothesis ba_000: float64, float64 
[ 2022-12-07 19:43:28,814 ] 64 root - INFO - Hypothesis ba_001: float64, float64 
[ 2022-12-07 19:43:28,821 ] 64 root - INFO - Hypothesis ba_002: float64, float64 
[ 2022-12-07 19:43:28,828 ] 64 root - INFO - Hypothesis ba_003: float64, float64 
[ 2022-12-07 19:43:28,835 ] 64 root - INFO - Hypothesis ba_004: float64, float64 
[ 2022-12-07 19:43:28,843 ] 64 root - INFO - Hypothesis ba_005: float64, float64 
[ 2022-12-07 19:43:28,850 ] 64 root - INFO - Hypothesis ba_006: float64, float64 
[ 2022-12-07 19:43:28,856 ] 64 root - INFO - Hypothesis ba_007: float64, float64 
[ 2022-12-07 19:43:28,863 ] 64 root - INFO - Hypothesis ba_008: float64, float64 
[ 2022-12-07 19:43:28,869 ] 64 root - INFO - Hypothesis ba_009: float64, float64 
[ 2022-12-07 19:43:28,873 ] 64 root - INFO - Hypothesis bb_000: float64, float64 
[ 2022-12-07 19:43:28,880 ] 64 root - INFO - Hypothesis bc_000: float64, float64 
[ 2022-12-07 19:43:28,886 ] 64 root - INFO - Hypothesis bd_000: float64, float64 
[ 2022-12-07 19:43:28,892 ] 64 root - INFO - Hypothesis be_000: float64, float64 
[ 2022-12-07 19:43:28,898 ] 64 root - INFO - Hypothesis bf_000: float64, float64 
[ 2022-12-07 19:43:28,903 ] 64 root - INFO - Hypothesis bg_000: float64, float64 
[ 2022-12-07 19:43:28,910 ] 64 root - INFO - Hypothesis bh_000: float64, float64 
[ 2022-12-07 19:43:28,917 ] 64 root - INFO - Hypothesis bi_000: float64, float64 
[ 2022-12-07 19:43:28,924 ] 64 root - INFO - Hypothesis bj_000: float64, float64 
[ 2022-12-07 19:43:28,931 ] 64 root - INFO - Hypothesis bs_000: float64, float64 
[ 2022-12-07 19:43:28,939 ] 64 root - INFO - Hypothesis bt_000: float64, float64 
[ 2022-12-07 19:43:28,948 ] 64 root - INFO - Hypothesis bu_000: float64, float64 
[ 2022-12-07 19:43:28,956 ] 64 root - INFO - Hypothesis bv_000: float64, float64 
[ 2022-12-07 19:43:28,963 ] 64 root - INFO - Hypothesis bx_000: float64, float64 
[ 2022-12-07 19:43:28,970 ] 64 root - INFO - Hypothesis by_000: float64, float64 
[ 2022-12-07 19:43:28,977 ] 64 root - INFO - Hypothesis bz_000: float64, float64 
[ 2022-12-07 19:43:28,983 ] 64 root - INFO - Hypothesis ca_000: float64, float64 
[ 2022-12-07 19:43:28,990 ] 64 root - INFO - Hypothesis cb_000: float64, float64 
[ 2022-12-07 19:43:28,997 ] 64 root - INFO - Hypothesis cc_000: float64, float64 
[ 2022-12-07 19:43:29,004 ] 64 root - INFO - Hypothesis cd_000: float64, float64 
[ 2022-12-07 19:43:29,019 ] 64 root - INFO - Hypothesis ce_000: float64, float64 
[ 2022-12-07 19:43:29,025 ] 64 root - INFO - Hypothesis ci_000: float64, float64 
[ 2022-12-07 19:43:29,032 ] 64 root - INFO - Hypothesis cj_000: float64, float64 
[ 2022-12-07 19:43:29,036 ] 64 root - INFO - Hypothesis ck_000: float64, float64 
[ 2022-12-07 19:43:29,043 ] 64 root - INFO - Hypothesis cl_000: float64, float64 
[ 2022-12-07 19:43:29,047 ] 64 root - INFO - Hypothesis cm_000: float64, float64 
[ 2022-12-07 19:43:29,052 ] 64 root - INFO - Hypothesis cn_000: float64, float64 
[ 2022-12-07 19:43:29,067 ] 64 root - INFO - Hypothesis cn_001: float64, float64 
[ 2022-12-07 19:43:29,071 ] 64 root - INFO - Hypothesis cn_002: float64, float64 
[ 2022-12-07 19:43:29,076 ] 64 root - INFO - Hypothesis cn_003: float64, float64 
[ 2022-12-07 19:43:29,083 ] 64 root - INFO - Hypothesis cn_004: float64, float64 
[ 2022-12-07 19:43:29,090 ] 64 root - INFO - Hypothesis cn_005: float64, float64 
[ 2022-12-07 19:43:29,097 ] 64 root - INFO - Hypothesis cn_006: float64, float64 
[ 2022-12-07 19:43:29,104 ] 64 root - INFO - Hypothesis cn_007: float64, float64 
[ 2022-12-07 19:43:29,110 ] 64 root - INFO - Hypothesis cn_008: float64, float64 
[ 2022-12-07 19:43:29,116 ] 64 root - INFO - Hypothesis cn_009: float64, float64 
[ 2022-12-07 19:43:29,122 ] 64 root - INFO - Hypothesis cp_000: float64, float64 
[ 2022-12-07 19:43:29,127 ] 64 root - INFO - Hypothesis cq_000: float64, float64 
[ 2022-12-07 19:43:29,134 ] 64 root - INFO - Hypothesis cs_000: float64, float64 
[ 2022-12-07 19:43:29,141 ] 64 root - INFO - Hypothesis cs_001: float64, float64 
[ 2022-12-07 19:43:29,147 ] 64 root - INFO - Hypothesis cs_002: float64, float64 
[ 2022-12-07 19:43:29,154 ] 64 root - INFO - Hypothesis cs_003: float64, float64 
[ 2022-12-07 19:43:29,161 ] 64 root - INFO - Hypothesis cs_004: float64, float64 
[ 2022-12-07 19:43:29,167 ] 64 root - INFO - Hypothesis cs_005: float64, float64 
[ 2022-12-07 19:43:29,174 ] 64 root - INFO - Hypothesis cs_006: float64, float64 
[ 2022-12-07 19:43:29,182 ] 64 root - INFO - Hypothesis cs_007: float64, float64 
[ 2022-12-07 19:43:29,189 ] 64 root - INFO - Hypothesis cs_008: float64, float64 
[ 2022-12-07 19:43:29,194 ] 64 root - INFO - Hypothesis cs_009: float64, float64 
[ 2022-12-07 19:43:29,208 ] 64 root - INFO - Hypothesis dd_000: float64, float64 
[ 2022-12-07 19:43:29,215 ] 64 root - INFO - Hypothesis de_000: float64, float64 
[ 2022-12-07 19:43:29,220 ] 64 root - INFO - Hypothesis df_000: float64, float64 
[ 2022-12-07 19:43:29,235 ] 64 root - INFO - Hypothesis dg_000: float64, float64 
[ 2022-12-07 19:43:29,251 ] 64 root - INFO - Hypothesis dh_000: float64, float64 
[ 2022-12-07 19:43:29,254 ] 64 root - INFO - Hypothesis di_000: float64, float64 
[ 2022-12-07 19:43:29,258 ] 64 root - INFO - Hypothesis dj_000: float64, float64 
[ 2022-12-07 19:43:29,274 ] 64 root - INFO - Hypothesis dk_000: float64, float64 
[ 2022-12-07 19:43:29,289 ] 64 root - INFO - Hypothesis dl_000: float64, float64 
[ 2022-12-07 19:43:29,304 ] 64 root - INFO - Hypothesis dm_000: float64, float64 
[ 2022-12-07 19:43:29,319 ] 64 root - INFO - Hypothesis dn_000: float64, float64 
[ 2022-12-07 19:43:29,326 ] 64 root - INFO - Hypothesis do_000: float64, float64 
[ 2022-12-07 19:43:29,332 ] 64 root - INFO - Hypothesis dp_000: float64, float64 
[ 2022-12-07 19:43:29,338 ] 64 root - INFO - Hypothesis dq_000: float64, float64 
[ 2022-12-07 19:43:29,342 ] 64 root - INFO - Hypothesis dr_000: float64, float64 
[ 2022-12-07 19:43:29,347 ] 64 root - INFO - Hypothesis ds_000: float64, float64 
[ 2022-12-07 19:43:29,353 ] 64 root - INFO - Hypothesis dt_000: float64, float64 
[ 2022-12-07 19:43:29,360 ] 64 root - INFO - Hypothesis du_000: float64, float64 
[ 2022-12-07 19:43:29,366 ] 64 root - INFO - Hypothesis dv_000: float64, float64 
[ 2022-12-07 19:43:29,373 ] 64 root - INFO - Hypothesis dx_000: float64, float64 
[ 2022-12-07 19:43:29,379 ] 64 root - INFO - Hypothesis dy_000: float64, float64 
[ 2022-12-07 19:43:29,384 ] 64 root - INFO - Hypothesis dz_000: float64, float64 
[ 2022-12-07 19:43:29,398 ] 64 root - INFO - Hypothesis ea_000: float64, float64 
[ 2022-12-07 19:43:29,414 ] 64 root - INFO - Hypothesis eb_000: float64, float64 
[ 2022-12-07 19:43:29,420 ] 64 root - INFO - Hypothesis ec_00: float64, float64 
[ 2022-12-07 19:43:29,427 ] 64 root - INFO - Hypothesis ed_000: float64, float64 
[ 2022-12-07 19:43:29,433 ] 64 root - INFO - Hypothesis ee_000: float64, float64 
[ 2022-12-07 19:43:29,440 ] 64 root - INFO - Hypothesis ee_001: float64, float64 
[ 2022-12-07 19:43:29,447 ] 64 root - INFO - Hypothesis ee_002: float64, float64 
[ 2022-12-07 19:43:29,454 ] 64 root - INFO - Hypothesis ee_003: float64, float64 
[ 2022-12-07 19:43:29,461 ] 64 root - INFO - Hypothesis ee_004: float64, float64 
[ 2022-12-07 19:43:29,468 ] 64 root - INFO - Hypothesis ee_005: float64, float64 
[ 2022-12-07 19:43:29,475 ] 64 root - INFO - Hypothesis ee_006: float64, float64 
[ 2022-12-07 19:43:29,481 ] 64 root - INFO - Hypothesis ee_007: float64, float64 
[ 2022-12-07 19:43:29,488 ] 64 root - INFO - Hypothesis ee_008: float64, float64 
[ 2022-12-07 19:43:29,494 ] 64 root - INFO - Hypothesis ee_009: float64, float64 
[ 2022-12-07 19:43:29,499 ] 64 root - INFO - Hypothesis ef_000: float64, float64 
[ 2022-12-07 19:43:29,515 ] 64 root - INFO - Hypothesis eg_000: float64, float64 
