[ 2022-12-07 19:31:57,315 ] 22 root - INFO - Exporting collection data as pandas dataframe
[ 2022-12-07 19:31:57,316 ] 13 root - INFO - Reading data from database: aps and collection: sensor
[ 2022-12-07 19:32:00,770 ] 16 root - INFO - Dropping column: _id 
[ 2022-12-07 19:32:00,967 ] 18 root - INFO - Row and columns in df: (36188, 171)
[ 2022-12-07 19:32:01,488 ] 26 root - INFO - Create feature store folder if not available
[ 2022-12-07 19:32:01,488 ] 29 root - INFO - Saving df to feature store dir
[ 2022-12-07 19:32:03,940 ] 32 root - INFO - split data into train and test data
[ 2022-12-07 19:32:04,478 ] 35 root - INFO - create dataset directory folder if not available
[ 2022-12-07 19:32:06,573 ] 46 root - INFO - Data ingestion artifact: DataIngestionArtifact(feature_store_path='/config/workspace/artifact/12072022__19311670421717/artifact/feature_store/sensor.csv', train_file_path='/config/workspace/artifact/12072022__19311670421717/artifact/dataset/train.csv', test_file_path='/config/workspace/artifact/12072022__19311670421717/artifact/dataset/test.csv')
[ 2022-12-07 19:32:06,933 ] 22 root - INFO - Exporting collection data as pandas dataframe
[ 2022-12-07 19:32:06,933 ] 13 root - INFO - Reading data from database: aps and collection: sensor
[ 2022-12-07 19:32:10,260 ] 16 root - INFO - Dropping column: _id 
[ 2022-12-07 19:32:10,503 ] 18 root - INFO - Row and columns in df: (36188, 171)
[ 2022-12-07 19:32:11,211 ] 26 root - INFO - Create feature store folder if not available
[ 2022-12-07 19:32:11,211 ] 29 root - INFO - Saving df to feature store dir
[ 2022-12-07 19:32:13,922 ] 32 root - INFO - split data into train and test data
[ 2022-12-07 19:32:14,678 ] 35 root - INFO - create dataset directory folder if not available
[ 2022-12-07 19:32:16,870 ] 46 root - INFO - Data ingestion artifact: DataIngestionArtifact(feature_store_path='/config/workspace/artifact/12072022__19311670421717/artifact/feature_store/sensor.csv', train_file_path='/config/workspace/artifact/12072022__19311670421717/artifact/dataset/train.csv', test_file_path='/config/workspace/artifact/12072022__19311670421717/artifact/dataset/test.csv')
[ 2022-12-07 19:32:17,336 ] 15 root - INFO - >>>>>>>>>>>>>>>>>>>>>>>>>>>>>>>>>>>>>>>>Data Validation <<<<<<<<<<<<<<<<<<<<<<<<<<<<<<<<<<<<<<<<
[ 2022-12-07 19:32:17,336 ] 84 root - INFO - Reading base file
[ 2022-12-07 19:32:18,914 ] 86 root - INFO - Replacing na values with Nan values
[ 2022-12-07 19:32:20,299 ] 88 root - INFO - Drop missing values in base df
[ 2022-12-07 19:32:21,255 ] 26 root - INFO - selecting column name which contains null above to 0.2
[ 2022-12-07 19:32:21,344 ] 92 root - INFO - Reading train and test data files
[ 2022-12-07 19:32:21,841 ] 96 root - INFO - Dropping missing values in training and testing files
[ 2022-12-07 19:32:21,853 ] 26 root - INFO - selecting column name which contains null above to 0.2
[ 2022-12-07 19:32:21,869 ] 26 root - INFO - selecting column name which contains null above to 0.2
[ 2022-12-07 19:32:27,823 ] 64 root - INFO - Hypothesis class: object, object 
[ 2022-12-07 19:32:27,926 ] 64 root - INFO - Hypothesis aa_000: float64, float64 
[ 2022-12-07 19:32:27,967 ] 64 root - INFO - Hypothesis ac_000: float64, float64 
[ 2022-12-07 19:32:27,975 ] 64 root - INFO - Hypothesis ae_000: float64, float64 
[ 2022-12-07 19:32:28,011 ] 64 root - INFO - Hypothesis af_000: float64, float64 
[ 2022-12-07 19:32:28,048 ] 64 root - INFO - Hypothesis ag_000: float64, float64 
[ 2022-12-07 19:32:28,083 ] 64 root - INFO - Hypothesis ag_001: float64, float64 
[ 2022-12-07 19:32:28,118 ] 64 root - INFO - Hypothesis ag_002: float64, float64 
[ 2022-12-07 19:32:28,154 ] 64 root - INFO - Hypothesis ag_003: float64, float64 
[ 2022-12-07 19:32:28,190 ] 64 root - INFO - Hypothesis ag_004: float64, float64 
[ 2022-12-07 19:32:28,232 ] 64 root - INFO - Hypothesis ag_005: float64, float64 
[ 2022-12-07 19:32:28,275 ] 64 root - INFO - Hypothesis ag_006: float64, float64 
[ 2022-12-07 19:32:28,317 ] 64 root - INFO - Hypothesis ag_007: float64, float64 
[ 2022-12-07 19:32:28,326 ] 64 root - INFO - Hypothesis ag_008: float64, float64 
[ 2022-12-07 19:32:28,335 ] 64 root - INFO - Hypothesis ag_009: float64, float64 
[ 2022-12-07 19:32:28,343 ] 64 root - INFO - Hypothesis ah_000: float64, float64 
[ 2022-12-07 19:32:28,386 ] 64 root - INFO - Hypothesis ai_000: float64, float64 
[ 2022-12-07 19:32:28,422 ] 64 root - INFO - Hypothesis aj_000: float64, float64 
[ 2022-12-07 19:32:28,462 ] 64 root - INFO - Hypothesis ak_000: float64, float64 
[ 2022-12-07 19:32:28,498 ] 64 root - INFO - Hypothesis al_000: float64, float64 
[ 2022-12-07 19:32:28,536 ] 64 root - INFO - Hypothesis am_0: float64, float64 
[ 2022-12-07 19:32:28,575 ] 64 root - INFO - Hypothesis an_000: float64, float64 
[ 2022-12-07 19:32:28,617 ] 64 root - INFO - Hypothesis ao_000: float64, float64 
[ 2022-12-07 19:32:28,660 ] 64 root - INFO - Hypothesis ap_000: float64, float64 
[ 2022-12-07 19:32:28,671 ] 64 root - INFO - Hypothesis aq_000: float64, float64 
[ 2022-12-07 19:32:28,681 ] 64 root - INFO - Hypothesis ar_000: float64, float64 
[ 2022-12-07 19:32:28,718 ] 64 root - INFO - Hypothesis as_000: float64, float64 
[ 2022-12-07 19:32:28,753 ] 64 root - INFO - Hypothesis at_000: float64, float64 
[ 2022-12-07 19:32:28,789 ] 64 root - INFO - Hypothesis au_000: float64, float64 
[ 2022-12-07 19:32:28,824 ] 64 root - INFO - Hypothesis av_000: float64, float64 
[ 2022-12-07 19:32:28,865 ] 64 root - INFO - Hypothesis ax_000: float64, float64 
[ 2022-12-07 19:32:28,907 ] 64 root - INFO - Hypothesis ay_000: float64, float64 
[ 2022-12-07 19:32:28,943 ] 64 root - INFO - Hypothesis ay_001: float64, float64 
[ 2022-12-07 19:32:28,979 ] 64 root - INFO - Hypothesis ay_002: float64, float64 
[ 2022-12-07 19:32:29,015 ] 64 root - INFO - Hypothesis ay_003: float64, float64 
[ 2022-12-07 19:32:29,051 ] 64 root - INFO - Hypothesis ay_004: float64, float64 
[ 2022-12-07 19:32:29,086 ] 64 root - INFO - Hypothesis ay_005: float64, float64 
[ 2022-12-07 19:32:29,125 ] 64 root - INFO - Hypothesis ay_006: float64, float64 
[ 2022-12-07 19:32:29,135 ] 64 root - INFO - Hypothesis ay_007: float64, float64 
[ 2022-12-07 19:32:29,145 ] 64 root - INFO - Hypothesis ay_008: float64, float64 
[ 2022-12-07 19:32:29,185 ] 64 root - INFO - Hypothesis ay_009: float64, float64 
[ 2022-12-07 19:32:29,221 ] 64 root - INFO - Hypothesis az_000: float64, float64 
[ 2022-12-07 19:32:29,231 ] 64 root - INFO - Hypothesis az_001: float64, float64 
[ 2022-12-07 19:32:29,271 ] 64 root - INFO - Hypothesis az_002: float64, float64 
[ 2022-12-07 19:32:29,280 ] 64 root - INFO - Hypothesis az_003: float64, float64 
[ 2022-12-07 19:32:29,323 ] 64 root - INFO - Hypothesis az_004: float64, float64 
[ 2022-12-07 19:32:29,333 ] 64 root - INFO - Hypothesis az_005: float64, float64 
[ 2022-12-07 19:32:29,375 ] 64 root - INFO - Hypothesis az_006: float64, float64 
[ 2022-12-07 19:32:29,384 ] 64 root - INFO - Hypothesis az_007: float64, float64 
[ 2022-12-07 19:32:29,422 ] 64 root - INFO - Hypothesis az_008: float64, float64 
[ 2022-12-07 19:32:29,457 ] 64 root - INFO - Hypothesis az_009: float64, float64 
[ 2022-12-07 19:32:29,492 ] 64 root - INFO - Hypothesis ba_000: float64, float64 
[ 2022-12-07 19:32:29,533 ] 64 root - INFO - Hypothesis ba_001: float64, float64 
[ 2022-12-07 19:32:29,575 ] 64 root - INFO - Hypothesis ba_002: float64, float64 
[ 2022-12-07 19:32:29,617 ] 64 root - INFO - Hypothesis ba_003: float64, float64 
[ 2022-12-07 19:32:29,658 ] 64 root - INFO - Hypothesis ba_004: float64, float64 
[ 2022-12-07 19:32:29,700 ] 64 root - INFO - Hypothesis ba_005: float64, float64 
[ 2022-12-07 19:32:29,740 ] 64 root - INFO - Hypothesis ba_006: float64, float64 
[ 2022-12-07 19:32:29,781 ] 64 root - INFO - Hypothesis ba_007: float64, float64 
[ 2022-12-07 19:32:29,821 ] 64 root - INFO - Hypothesis ba_008: float64, float64 
[ 2022-12-07 19:32:29,860 ] 64 root - INFO - Hypothesis ba_009: float64, float64 
[ 2022-12-07 19:32:29,897 ] 64 root - INFO - Hypothesis bb_000: float64, float64 
[ 2022-12-07 19:32:29,938 ] 64 root - INFO - Hypothesis bc_000: float64, float64 
[ 2022-12-07 19:32:29,947 ] 64 root - INFO - Hypothesis bd_000: float64, float64 
[ 2022-12-07 19:32:29,987 ] 64 root - INFO - Hypothesis be_000: float64, float64 
[ 2022-12-07 19:32:29,997 ] 64 root - INFO - Hypothesis bf_000: float64, float64 
[ 2022-12-07 19:32:30,004 ] 64 root - INFO - Hypothesis bg_000: float64, float64 
[ 2022-12-07 19:32:30,047 ] 64 root - INFO - Hypothesis bh_000: float64, float64 
[ 2022-12-07 19:32:30,059 ] 64 root - INFO - Hypothesis bi_000: float64, float64 
[ 2022-12-07 19:32:30,070 ] 64 root - INFO - Hypothesis bj_000: float64, float64 
[ 2022-12-07 19:32:30,081 ] 64 root - INFO - Hypothesis bs_000: float64, float64 
[ 2022-12-07 19:32:30,091 ] 64 root - INFO - Hypothesis bt_000: float64, float64 
[ 2022-12-07 19:32:30,133 ] 64 root - INFO - Hypothesis bu_000: float64, float64 
[ 2022-12-07 19:32:30,176 ] 64 root - INFO - Hypothesis bv_000: float64, float64 
[ 2022-12-07 19:32:30,217 ] 64 root - INFO - Hypothesis bx_000: float64, float64 
[ 2022-12-07 19:32:30,259 ] 64 root - INFO - Hypothesis by_000: float64, float64 
[ 2022-12-07 19:32:30,300 ] 64 root - INFO - Hypothesis bz_000: float64, float64 
[ 2022-12-07 19:32:30,341 ] 64 root - INFO - Hypothesis ca_000: float64, float64 
[ 2022-12-07 19:32:30,383 ] 64 root - INFO - Hypothesis cb_000: float64, float64 
[ 2022-12-07 19:32:30,424 ] 64 root - INFO - Hypothesis cc_000: float64, float64 
[ 2022-12-07 19:32:30,467 ] 64 root - INFO - Hypothesis cd_000: float64, float64 
[ 2022-12-07 19:32:30,502 ] 64 root - INFO - Hypothesis ce_000: float64, float64 
[ 2022-12-07 19:32:30,512 ] 64 root - INFO - Hypothesis ci_000: float64, float64 
[ 2022-12-07 19:32:30,554 ] 64 root - INFO - Hypothesis cj_000: float64, float64 
[ 2022-12-07 19:32:30,592 ] 64 root - INFO - Hypothesis ck_000: float64, float64 
[ 2022-12-07 19:32:30,633 ] 64 root - INFO - Hypothesis cl_000: float64, float64 
[ 2022-12-07 19:32:30,670 ] 64 root - INFO - Hypothesis cm_000: float64, float64 
[ 2022-12-07 19:32:30,709 ] 64 root - INFO - Hypothesis cn_000: float64, float64 
[ 2022-12-07 19:32:30,744 ] 64 root - INFO - Hypothesis cn_001: float64, float64 
[ 2022-12-07 19:32:30,780 ] 64 root - INFO - Hypothesis cn_002: float64, float64 
[ 2022-12-07 19:32:30,789 ] 64 root - INFO - Hypothesis cn_003: float64, float64 
[ 2022-12-07 19:32:30,831 ] 64 root - INFO - Hypothesis cn_004: float64, float64 
[ 2022-12-07 19:32:30,873 ] 64 root - INFO - Hypothesis cn_005: float64, float64 
[ 2022-12-07 19:32:30,914 ] 64 root - INFO - Hypothesis cn_006: float64, float64 
[ 2022-12-07 19:32:30,955 ] 64 root - INFO - Hypothesis cn_007: float64, float64 
[ 2022-12-07 19:32:30,997 ] 64 root - INFO - Hypothesis cn_008: float64, float64 
[ 2022-12-07 19:32:31,007 ] 64 root - INFO - Hypothesis cn_009: float64, float64 
[ 2022-12-07 19:32:31,015 ] 64 root - INFO - Hypothesis cp_000: float64, float64 
[ 2022-12-07 19:32:31,054 ] 64 root - INFO - Hypothesis cq_000: float64, float64 
[ 2022-12-07 19:32:31,097 ] 64 root - INFO - Hypothesis cs_000: float64, float64 
[ 2022-12-07 19:32:31,139 ] 64 root - INFO - Hypothesis cs_001: float64, float64 
[ 2022-12-07 19:32:31,178 ] 64 root - INFO - Hypothesis cs_002: float64, float64 
[ 2022-12-07 19:32:31,221 ] 64 root - INFO - Hypothesis cs_003: float64, float64 
[ 2022-12-07 19:32:31,263 ] 64 root - INFO - Hypothesis cs_004: float64, float64 
[ 2022-12-07 19:32:31,305 ] 64 root - INFO - Hypothesis cs_005: float64, float64 
[ 2022-12-07 19:32:31,347 ] 64 root - INFO - Hypothesis cs_006: float64, float64 
[ 2022-12-07 19:32:31,390 ] 64 root - INFO - Hypothesis cs_007: float64, float64 
[ 2022-12-07 19:32:31,432 ] 64 root - INFO - Hypothesis cs_008: float64, float64 
[ 2022-12-07 19:32:31,471 ] 64 root - INFO - Hypothesis cs_009: float64, float64 
[ 2022-12-07 19:32:31,506 ] 64 root - INFO - Hypothesis dd_000: float64, float64 
[ 2022-12-07 19:32:31,547 ] 64 root - INFO - Hypothesis de_000: float64, float64 
[ 2022-12-07 19:32:31,586 ] 64 root - INFO - Hypothesis df_000: float64, float64 
[ 2022-12-07 19:32:31,621 ] 64 root - INFO - Hypothesis dg_000: float64, float64 
[ 2022-12-07 19:32:31,656 ] 64 root - INFO - Hypothesis dh_000: float64, float64 
[ 2022-12-07 19:32:31,692 ] 64 root - INFO - Hypothesis di_000: float64, float64 
[ 2022-12-07 19:32:31,727 ] 64 root - INFO - Hypothesis dj_000: float64, float64 
[ 2022-12-07 19:32:31,763 ] 64 root - INFO - Hypothesis dk_000: float64, float64 
[ 2022-12-07 19:32:31,798 ] 64 root - INFO - Hypothesis dl_000: float64, float64 
[ 2022-12-07 19:32:31,833 ] 64 root - INFO - Hypothesis dm_000: float64, float64 
[ 2022-12-07 19:32:31,869 ] 64 root - INFO - Hypothesis dn_000: float64, float64 
[ 2022-12-07 19:32:31,880 ] 64 root - INFO - Hypothesis do_000: float64, float64 
[ 2022-12-07 19:32:31,920 ] 64 root - INFO - Hypothesis dp_000: float64, float64 
[ 2022-12-07 19:32:31,961 ] 64 root - INFO - Hypothesis dq_000: float64, float64 
[ 2022-12-07 19:32:31,999 ] 64 root - INFO - Hypothesis dr_000: float64, float64 
[ 2022-12-07 19:32:32,037 ] 64 root - INFO - Hypothesis ds_000: float64, float64 
[ 2022-12-07 19:32:32,078 ] 64 root - INFO - Hypothesis dt_000: float64, float64 
[ 2022-12-07 19:32:32,119 ] 64 root - INFO - Hypothesis du_000: float64, float64 
[ 2022-12-07 19:32:32,159 ] 64 root - INFO - Hypothesis dv_000: float64, float64 
[ 2022-12-07 19:32:32,169 ] 64 root - INFO - Hypothesis dx_000: float64, float64 
[ 2022-12-07 19:32:32,176 ] 64 root - INFO - Hypothesis dy_000: float64, float64 
[ 2022-12-07 19:32:32,183 ] 64 root - INFO - Hypothesis dz_000: float64, float64 
[ 2022-12-07 19:32:32,218 ] 64 root - INFO - Hypothesis ea_000: float64, float64 
[ 2022-12-07 19:32:32,253 ] 64 root - INFO - Hypothesis eb_000: float64, float64 
[ 2022-12-07 19:32:32,293 ] 64 root - INFO - Hypothesis ec_00: float64, float64 
[ 2022-12-07 19:32:32,303 ] 64 root - INFO - Hypothesis ed_000: float64, float64 
[ 2022-12-07 19:32:32,345 ] 64 root - INFO - Hypothesis ee_000: float64, float64 
[ 2022-12-07 19:32:32,387 ] 64 root - INFO - Hypothesis ee_001: float64, float64 
[ 2022-12-07 19:32:32,428 ] 64 root - INFO - Hypothesis ee_002: float64, float64 
[ 2022-12-07 19:32:32,470 ] 64 root - INFO - Hypothesis ee_003: float64, float64 
[ 2022-12-07 19:32:32,511 ] 64 root - INFO - Hypothesis ee_004: float64, float64 
[ 2022-12-07 19:32:32,554 ] 64 root - INFO - Hypothesis ee_005: float64, float64 
[ 2022-12-07 19:32:32,596 ] 64 root - INFO - Hypothesis ee_006: float64, float64 
[ 2022-12-07 19:32:32,637 ] 64 root - INFO - Hypothesis ee_007: float64, float64 
[ 2022-12-07 19:32:32,678 ] 64 root - INFO - Hypothesis ee_008: float64, float64 
[ 2022-12-07 19:32:32,718 ] 64 root - INFO - Hypothesis ee_009: float64, float64 
[ 2022-12-07 19:32:32,756 ] 64 root - INFO - Hypothesis ef_000: float64, float64 
[ 2022-12-07 19:32:32,792 ] 64 root - INFO - Hypothesis eg_000: float64, float64 
[ 2022-12-07 19:32:32,827 ] 64 root - INFO - Hypothesis class: object, object 
[ 2022-12-07 19:32:32,890 ] 64 root - INFO - Hypothesis aa_000: float64, float64 
[ 2022-12-07 19:32:32,896 ] 64 root - INFO - Hypothesis ac_000: float64, float64 
[ 2022-12-07 19:32:32,902 ] 64 root - INFO - Hypothesis ae_000: float64, float64 
[ 2022-12-07 19:32:32,905 ] 64 root - INFO - Hypothesis af_000: float64, float64 
[ 2022-12-07 19:32:32,908 ] 64 root - INFO - Hypothesis ag_000: float64, float64 
[ 2022-12-07 19:32:32,923 ] 64 root - INFO - Hypothesis ag_001: float64, float64 
[ 2022-12-07 19:32:32,937 ] 64 root - INFO - Hypothesis ag_002: float64, float64 
[ 2022-12-07 19:32:32,941 ] 64 root - INFO - Hypothesis ag_003: float64, float64 
[ 2022-12-07 19:32:32,945 ] 64 root - INFO - Hypothesis ag_004: float64, float64 
[ 2022-12-07 19:32:32,951 ] 64 root - INFO - Hypothesis ag_005: float64, float64 
[ 2022-12-07 19:32:32,958 ] 64 root - INFO - Hypothesis ag_006: float64, float64 
[ 2022-12-07 19:32:32,965 ] 64 root - INFO - Hypothesis ag_007: float64, float64 
[ 2022-12-07 19:32:32,971 ] 64 root - INFO - Hypothesis ag_008: float64, float64 
[ 2022-12-07 19:32:32,977 ] 64 root - INFO - Hypothesis ag_009: float64, float64 
[ 2022-12-07 19:32:32,982 ] 64 root - INFO - Hypothesis ah_000: float64, float64 
[ 2022-12-07 19:32:32,989 ] 64 root - INFO - Hypothesis ai_000: float64, float64 
[ 2022-12-07 19:32:33,004 ] 64 root - INFO - Hypothesis aj_000: float64, float64 
[ 2022-12-07 19:32:33,008 ] 64 root - INFO - Hypothesis ak_000: float64, float64 
[ 2022-12-07 19:32:33,023 ] 64 root - INFO - Hypothesis al_000: float64, float64 
[ 2022-12-07 19:32:33,028 ] 64 root - INFO - Hypothesis am_0: float64, float64 
[ 2022-12-07 19:32:33,033 ] 64 root - INFO - Hypothesis an_000: float64, float64 
[ 2022-12-07 19:32:33,040 ] 64 root - INFO - Hypothesis ao_000: float64, float64 
[ 2022-12-07 19:32:33,047 ] 64 root - INFO - Hypothesis ap_000: float64, float64 
[ 2022-12-07 19:32:33,054 ] 64 root - INFO - Hypothesis aq_000: float64, float64 
[ 2022-12-07 19:32:33,061 ] 64 root - INFO - Hypothesis ar_000: float64, float64 
[ 2022-12-07 19:32:33,064 ] 64 root - INFO - Hypothesis as_000: float64, float64 
[ 2022-12-07 19:32:33,079 ] 64 root - INFO - Hypothesis at_000: float64, float64 
[ 2022-12-07 19:32:33,095 ] 64 root - INFO - Hypothesis au_000: float64, float64 
[ 2022-12-07 19:32:33,109 ] 64 root - INFO - Hypothesis av_000: float64, float64 
[ 2022-12-07 19:32:33,115 ] 64 root - INFO - Hypothesis ax_000: float64, float64 
[ 2022-12-07 19:32:33,120 ] 64 root - INFO - Hypothesis ay_000: float64, float64 
[ 2022-12-07 19:32:33,134 ] 64 root - INFO - Hypothesis ay_001: float64, float64 
[ 2022-12-07 19:32:33,149 ] 64 root - INFO - Hypothesis ay_002: float64, float64 
[ 2022-12-07 19:32:33,163 ] 64 root - INFO - Hypothesis ay_003: float64, float64 
[ 2022-12-07 19:32:33,178 ] 64 root - INFO - Hypothesis ay_004: float64, float64 
[ 2022-12-07 19:32:33,192 ] 64 root - INFO - Hypothesis ay_005: float64, float64 
[ 2022-12-07 19:32:33,198 ] 64 root - INFO - Hypothesis ay_006: float64, float64 
[ 2022-12-07 19:32:33,204 ] 64 root - INFO - Hypothesis ay_007: float64, float64 
[ 2022-12-07 19:32:33,211 ] 64 root - INFO - Hypothesis ay_008: float64, float64 
[ 2022-12-07 19:32:33,217 ] 64 root - INFO - Hypothesis ay_009: float64, float64 
[ 2022-12-07 19:32:33,232 ] 64 root - INFO - Hypothesis az_000: float64, float64 
[ 2022-12-07 19:32:33,239 ] 64 root - INFO - Hypothesis az_001: float64, float64 
[ 2022-12-07 19:32:33,245 ] 64 root - INFO - Hypothesis az_002: float64, float64 
[ 2022-12-07 19:32:33,251 ] 64 root - INFO - Hypothesis az_003: float64, float64 
[ 2022-12-07 19:32:33,258 ] 64 root - INFO - Hypothesis az_004: float64, float64 
[ 2022-12-07 19:32:33,265 ] 64 root - INFO - Hypothesis az_005: float64, float64 
[ 2022-12-07 19:32:33,272 ] 64 root - INFO - Hypothesis az_006: float64, float64 
[ 2022-12-07 19:32:33,278 ] 64 root - INFO - Hypothesis az_007: float64, float64 
[ 2022-12-07 19:32:33,282 ] 64 root - INFO - Hypothesis az_008: float64, float64 
[ 2022-12-07 19:32:33,286 ] 64 root - INFO - Hypothesis az_009: float64, float64 
[ 2022-12-07 19:32:33,300 ] 64 root - INFO - Hypothesis ba_000: float64, float64 
[ 2022-12-07 19:32:33,307 ] 64 root - INFO - Hypothesis ba_001: float64, float64 
[ 2022-12-07 19:32:33,314 ] 64 root - INFO - Hypothesis ba_002: float64, float64 
[ 2022-12-07 19:32:33,321 ] 64 root - INFO - Hypothesis ba_003: float64, float64 
[ 2022-12-07 19:32:33,328 ] 64 root - INFO - Hypothesis ba_004: float64, float64 
[ 2022-12-07 19:32:33,335 ] 64 root - INFO - Hypothesis ba_005: float64, float64 
[ 2022-12-07 19:32:33,342 ] 64 root - INFO - Hypothesis ba_006: float64, float64 
[ 2022-12-07 19:32:33,349 ] 64 root - INFO - Hypothesis ba_007: float64, float64 
[ 2022-12-07 19:32:33,355 ] 64 root - INFO - Hypothesis ba_008: float64, float64 
[ 2022-12-07 19:32:33,361 ] 64 root - INFO - Hypothesis ba_009: float64, float64 
[ 2022-12-07 19:32:33,365 ] 64 root - INFO - Hypothesis bb_000: float64, float64 
[ 2022-12-07 19:32:33,372 ] 64 root - INFO - Hypothesis bc_000: float64, float64 
[ 2022-12-07 19:32:33,377 ] 64 root - INFO - Hypothesis bd_000: float64, float64 
[ 2022-12-07 19:32:33,384 ] 64 root - INFO - Hypothesis be_000: float64, float64 
[ 2022-12-07 19:32:33,390 ] 64 root - INFO - Hypothesis bf_000: float64, float64 
[ 2022-12-07 19:32:33,395 ] 64 root - INFO - Hypothesis bg_000: float64, float64 
[ 2022-12-07 19:32:33,403 ] 64 root - INFO - Hypothesis bh_000: float64, float64 
[ 2022-12-07 19:32:33,410 ] 64 root - INFO - Hypothesis bi_000: float64, float64 
[ 2022-12-07 19:32:33,418 ] 64 root - INFO - Hypothesis bj_000: float64, float64 
[ 2022-12-07 19:32:33,426 ] 64 root - INFO - Hypothesis bs_000: float64, float64 
[ 2022-12-07 19:32:33,433 ] 64 root - INFO - Hypothesis bt_000: float64, float64 
[ 2022-12-07 19:32:33,441 ] 64 root - INFO - Hypothesis bu_000: float64, float64 
[ 2022-12-07 19:32:33,448 ] 64 root - INFO - Hypothesis bv_000: float64, float64 
[ 2022-12-07 19:32:33,455 ] 64 root - INFO - Hypothesis bx_000: float64, float64 
[ 2022-12-07 19:32:33,462 ] 64 root - INFO - Hypothesis by_000: float64, float64 
[ 2022-12-07 19:32:33,469 ] 64 root - INFO - Hypothesis bz_000: float64, float64 
[ 2022-12-07 19:32:33,475 ] 64 root - INFO - Hypothesis ca_000: float64, float64 
[ 2022-12-07 19:32:33,482 ] 64 root - INFO - Hypothesis cb_000: float64, float64 
[ 2022-12-07 19:32:33,491 ] 64 root - INFO - Hypothesis cc_000: float64, float64 
[ 2022-12-07 19:32:33,499 ] 64 root - INFO - Hypothesis cd_000: float64, float64 
[ 2022-12-07 19:32:33,516 ] 64 root - INFO - Hypothesis ce_000: float64, float64 
[ 2022-12-07 19:32:33,524 ] 64 root - INFO - Hypothesis ci_000: float64, float64 
[ 2022-12-07 19:32:33,532 ] 64 root - INFO - Hypothesis cj_000: float64, float64 
[ 2022-12-07 19:32:33,553 ] 64 root - INFO - Hypothesis ck_000: float64, float64 
[ 2022-12-07 19:32:33,562 ] 64 root - INFO - Hypothesis cl_000: float64, float64 
[ 2022-12-07 19:32:33,567 ] 64 root - INFO - Hypothesis cm_000: float64, float64 
[ 2022-12-07 19:32:33,573 ] 64 root - INFO - Hypothesis cn_000: float64, float64 
[ 2022-12-07 19:32:33,589 ] 64 root - INFO - Hypothesis cn_001: float64, float64 
[ 2022-12-07 19:32:33,594 ] 64 root - INFO - Hypothesis cn_002: float64, float64 
[ 2022-12-07 19:32:33,601 ] 64 root - INFO - Hypothesis cn_003: float64, float64 
[ 2022-12-07 19:32:33,608 ] 64 root - INFO - Hypothesis cn_004: float64, float64 
[ 2022-12-07 19:32:33,617 ] 64 root - INFO - Hypothesis cn_005: float64, float64 
[ 2022-12-07 19:32:33,626 ] 64 root - INFO - Hypothesis cn_006: float64, float64 
[ 2022-12-07 19:32:33,633 ] 64 root - INFO - Hypothesis cn_007: float64, float64 
[ 2022-12-07 19:32:33,639 ] 64 root - INFO - Hypothesis cn_008: float64, float64 
[ 2022-12-07 19:32:33,645 ] 64 root - INFO - Hypothesis cn_009: float64, float64 
[ 2022-12-07 19:32:33,650 ] 64 root - INFO - Hypothesis cp_000: float64, float64 
[ 2022-12-07 19:32:33,655 ] 64 root - INFO - Hypothesis cq_000: float64, float64 
[ 2022-12-07 19:32:33,662 ] 64 root - INFO - Hypothesis cs_000: float64, float64 
[ 2022-12-07 19:32:33,669 ] 64 root - INFO - Hypothesis cs_001: float64, float64 
[ 2022-12-07 19:32:33,675 ] 64 root - INFO - Hypothesis cs_002: float64, float64 
[ 2022-12-07 19:32:33,681 ] 64 root - INFO - Hypothesis cs_003: float64, float64 
[ 2022-12-07 19:32:33,688 ] 64 root - INFO - Hypothesis cs_004: float64, float64 
[ 2022-12-07 19:32:33,695 ] 64 root - INFO - Hypothesis cs_005: float64, float64 
[ 2022-12-07 19:32:33,702 ] 64 root - INFO - Hypothesis cs_006: float64, float64 
[ 2022-12-07 19:32:33,709 ] 64 root - INFO - Hypothesis cs_007: float64, float64 
[ 2022-12-07 19:32:33,716 ] 64 root - INFO - Hypothesis cs_008: float64, float64 
[ 2022-12-07 19:32:33,722 ] 64 root - INFO - Hypothesis cs_009: float64, float64 
[ 2022-12-07 19:32:33,737 ] 64 root - INFO - Hypothesis dd_000: float64, float64 
[ 2022-12-07 19:32:33,743 ] 64 root - INFO - Hypothesis de_000: float64, float64 
[ 2022-12-07 19:32:33,749 ] 64 root - INFO - Hypothesis df_000: float64, float64 
[ 2022-12-07 19:32:33,763 ] 64 root - INFO - Hypothesis dg_000: float64, float64 
[ 2022-12-07 19:32:33,778 ] 64 root - INFO - Hypothesis dh_000: float64, float64 
[ 2022-12-07 19:32:33,782 ] 64 root - INFO - Hypothesis di_000: float64, float64 
[ 2022-12-07 19:32:33,786 ] 64 root - INFO - Hypothesis dj_000: float64, float64 
[ 2022-12-07 19:32:33,801 ] 64 root - INFO - Hypothesis dk_000: float64, float64 
[ 2022-12-07 19:32:33,815 ] 64 root - INFO - Hypothesis dl_000: float64, float64 
[ 2022-12-07 19:32:33,830 ] 64 root - INFO - Hypothesis dm_000: float64, float64 
[ 2022-12-07 19:32:33,846 ] 64 root - INFO - Hypothesis dn_000: float64, float64 
[ 2022-12-07 19:32:33,855 ] 64 root - INFO - Hypothesis do_000: float64, float64 
[ 2022-12-07 19:32:33,861 ] 64 root - INFO - Hypothesis dp_000: float64, float64 
[ 2022-12-07 19:32:33,867 ] 64 root - INFO - Hypothesis dq_000: float64, float64 
[ 2022-12-07 19:32:33,871 ] 64 root - INFO - Hypothesis dr_000: float64, float64 
[ 2022-12-07 19:32:33,876 ] 64 root - INFO - Hypothesis ds_000: float64, float64 
[ 2022-12-07 19:32:33,883 ] 64 root - INFO - Hypothesis dt_000: float64, float64 
[ 2022-12-07 19:32:33,890 ] 64 root - INFO - Hypothesis du_000: float64, float64 
[ 2022-12-07 19:32:33,896 ] 64 root - INFO - Hypothesis dv_000: float64, float64 
[ 2022-12-07 19:32:33,903 ] 64 root - INFO - Hypothesis dx_000: float64, float64 
[ 2022-12-07 19:32:33,908 ] 64 root - INFO - Hypothesis dy_000: float64, float64 
[ 2022-12-07 19:32:33,912 ] 64 root - INFO - Hypothesis dz_000: float64, float64 
[ 2022-12-07 19:32:33,927 ] 64 root - INFO - Hypothesis ea_000: float64, float64 
[ 2022-12-07 19:32:33,942 ] 64 root - INFO - Hypothesis eb_000: float64, float64 
[ 2022-12-07 19:32:33,948 ] 64 root - INFO - Hypothesis ec_00: float64, float64 
[ 2022-12-07 19:32:33,954 ] 64 root - INFO - Hypothesis ed_000: float64, float64 
[ 2022-12-07 19:32:33,960 ] 64 root - INFO - Hypothesis ee_000: float64, float64 
[ 2022-12-07 19:32:33,967 ] 64 root - INFO - Hypothesis ee_001: float64, float64 
[ 2022-12-07 19:32:33,974 ] 64 root - INFO - Hypothesis ee_002: float64, float64 
[ 2022-12-07 19:32:33,981 ] 64 root - INFO - Hypothesis ee_003: float64, float64 
[ 2022-12-07 19:32:33,988 ] 64 root - INFO - Hypothesis ee_004: float64, float64 
[ 2022-12-07 19:32:33,995 ] 64 root - INFO - Hypothesis ee_005: float64, float64 
[ 2022-12-07 19:32:34,002 ] 64 root - INFO - Hypothesis ee_006: float64, float64 
[ 2022-12-07 19:32:34,009 ] 64 root - INFO - Hypothesis ee_007: float64, float64 
[ 2022-12-07 19:32:34,015 ] 64 root - INFO - Hypothesis ee_008: float64, float64 
[ 2022-12-07 19:32:34,021 ] 64 root - INFO - Hypothesis ee_009: float64, float64 
[ 2022-12-07 19:32:34,026 ] 64 root - INFO - Hypothesis ef_000: float64, float64 
[ 2022-12-07 19:32:34,041 ] 64 root - INFO - Hypothesis eg_000: float64, float64 
