[ 2022-12-07 19:33:26,928 ] 22 root - INFO - Exporting collection data as pandas dataframe
[ 2022-12-07 19:33:26,928 ] 13 root - INFO - Reading data from database: aps and collection: sensor
[ 2022-12-07 19:33:30,383 ] 16 root - INFO - Dropping column: _id 
[ 2022-12-07 19:33:30,592 ] 18 root - INFO - Row and columns in df: (36188, 171)
[ 2022-12-07 19:33:31,198 ] 26 root - INFO - Create feature store folder if not available
[ 2022-12-07 19:33:31,198 ] 29 root - INFO - Saving df to feature store dir
[ 2022-12-07 19:33:33,648 ] 32 root - INFO - split data into train and test data
[ 2022-12-07 19:33:34,410 ] 35 root - INFO - create dataset directory folder if not available
[ 2022-12-07 19:33:36,532 ] 46 root - INFO - Data ingestion artifact: DataIngestionArtifact(feature_store_path='/config/workspace/artifact/12072022__19331670421806/artifact/feature_store/sensor.csv', train_file_path='/config/workspace/artifact/12072022__19331670421806/artifact/dataset/train.csv', test_file_path='/config/workspace/artifact/12072022__19331670421806/artifact/dataset/test.csv')
[ 2022-12-07 19:33:37,031 ] 22 root - INFO - Exporting collection data as pandas dataframe
[ 2022-12-07 19:33:37,031 ] 13 root - INFO - Reading data from database: aps and collection: sensor
[ 2022-12-07 19:33:40,575 ] 16 root - INFO - Dropping column: _id 
[ 2022-12-07 19:33:40,777 ] 18 root - INFO - Row and columns in df: (36188, 171)
[ 2022-12-07 19:33:41,313 ] 26 root - INFO - Create feature store folder if not available
[ 2022-12-07 19:33:41,313 ] 29 root - INFO - Saving df to feature store dir
[ 2022-12-07 19:33:43,796 ] 32 root - INFO - split data into train and test data
[ 2022-12-07 19:33:44,441 ] 35 root - INFO - create dataset directory folder if not available
[ 2022-12-07 19:33:46,550 ] 46 root - INFO - Data ingestion artifact: DataIngestionArtifact(feature_store_path='/config/workspace/artifact/12072022__19331670421806/artifact/feature_store/sensor.csv', train_file_path='/config/workspace/artifact/12072022__19331670421806/artifact/dataset/train.csv', test_file_path='/config/workspace/artifact/12072022__19331670421806/artifact/dataset/test.csv')
[ 2022-12-07 19:33:46,912 ] 15 root - INFO - >>>>>>>>>>>>>>>>>>>>>>>>>>>>>>>>>>>>>>>>Data Validation <<<<<<<<<<<<<<<<<<<<<<<<<<<<<<<<<<<<<<<<
[ 2022-12-07 19:33:46,912 ] 84 root - INFO - Reading base file
[ 2022-12-07 19:33:48,471 ] 86 root - INFO - Replacing na values with Nan values
[ 2022-12-07 19:33:49,730 ] 88 root - INFO - Drop missing values in base df
[ 2022-12-07 19:33:50,666 ] 26 root - INFO - selecting column name which contains null above to 0.2
[ 2022-12-07 19:33:50,774 ] 92 root - INFO - Reading train and test data files
[ 2022-12-07 19:33:51,264 ] 96 root - INFO - Dropping missing values in training and testing files
[ 2022-12-07 19:33:51,275 ] 26 root - INFO - selecting column name which contains null above to 0.2
[ 2022-12-07 19:33:51,288 ] 26 root - INFO - selecting column name which contains null above to 0.2
[ 2022-12-07 19:33:57,197 ] 64 root - INFO - Hypothesis class: object, object 
[ 2022-12-07 19:33:57,327 ] 64 root - INFO - Hypothesis aa_000: float64, float64 
[ 2022-12-07 19:33:57,338 ] 64 root - INFO - Hypothesis ac_000: float64, float64 
[ 2022-12-07 19:33:57,345 ] 64 root - INFO - Hypothesis ae_000: float64, float64 
[ 2022-12-07 19:33:57,381 ] 64 root - INFO - Hypothesis af_000: float64, float64 
[ 2022-12-07 19:33:57,416 ] 64 root - INFO - Hypothesis ag_000: float64, float64 
[ 2022-12-07 19:33:57,450 ] 64 root - INFO - Hypothesis ag_001: float64, float64 
[ 2022-12-07 19:33:57,484 ] 64 root - INFO - Hypothesis ag_002: float64, float64 
[ 2022-12-07 19:33:57,522 ] 64 root - INFO - Hypothesis ag_003: float64, float64 
[ 2022-12-07 19:33:57,558 ] 64 root - INFO - Hypothesis ag_004: float64, float64 
[ 2022-12-07 19:33:57,600 ] 64 root - INFO - Hypothesis ag_005: float64, float64 
[ 2022-12-07 19:33:57,610 ] 64 root - INFO - Hypothesis ag_006: float64, float64 
[ 2022-12-07 19:33:57,621 ] 64 root - INFO - Hypothesis ag_007: float64, float64 
[ 2022-12-07 19:33:57,630 ] 64 root - INFO - Hypothesis ag_008: float64, float64 
[ 2022-12-07 19:33:57,638 ] 64 root - INFO - Hypothesis ag_009: float64, float64 
[ 2022-12-07 19:33:57,676 ] 64 root - INFO - Hypothesis ah_000: float64, float64 
[ 2022-12-07 19:33:57,687 ] 64 root - INFO - Hypothesis ai_000: float64, float64 
[ 2022-12-07 19:33:57,722 ] 64 root - INFO - Hypothesis aj_000: float64, float64 
[ 2022-12-07 19:33:57,758 ] 64 root - INFO - Hypothesis ak_000: float64, float64 
[ 2022-12-07 19:33:57,794 ] 64 root - INFO - Hypothesis al_000: float64, float64 
[ 2022-12-07 19:33:57,833 ] 64 root - INFO - Hypothesis am_0: float64, float64 
[ 2022-12-07 19:33:57,871 ] 64 root - INFO - Hypothesis an_000: float64, float64 
[ 2022-12-07 19:33:57,881 ] 64 root - INFO - Hypothesis ao_000: float64, float64 
[ 2022-12-07 19:33:57,892 ] 64 root - INFO - Hypothesis ap_000: float64, float64 
[ 2022-12-07 19:33:57,902 ] 64 root - INFO - Hypothesis aq_000: float64, float64 
[ 2022-12-07 19:33:57,913 ] 64 root - INFO - Hypothesis ar_000: float64, float64 
[ 2022-12-07 19:33:57,949 ] 64 root - INFO - Hypothesis as_000: float64, float64 
[ 2022-12-07 19:33:57,983 ] 64 root - INFO - Hypothesis at_000: float64, float64 
[ 2022-12-07 19:33:58,019 ] 64 root - INFO - Hypothesis au_000: float64, float64 
[ 2022-12-07 19:33:58,055 ] 64 root - INFO - Hypothesis av_000: float64, float64 
[ 2022-12-07 19:33:58,094 ] 64 root - INFO - Hypothesis ax_000: float64, float64 
[ 2022-12-07 19:33:58,102 ] 64 root - INFO - Hypothesis ay_000: float64, float64 
[ 2022-12-07 19:33:58,136 ] 64 root - INFO - Hypothesis ay_001: float64, float64 
[ 2022-12-07 19:33:58,171 ] 64 root - INFO - Hypothesis ay_002: float64, float64 
[ 2022-12-07 19:33:58,206 ] 64 root - INFO - Hypothesis ay_003: float64, float64 
[ 2022-12-07 19:33:58,241 ] 64 root - INFO - Hypothesis ay_004: float64, float64 
[ 2022-12-07 19:33:58,277 ] 64 root - INFO - Hypothesis ay_005: float64, float64 
[ 2022-12-07 19:33:58,316 ] 64 root - INFO - Hypothesis ay_006: float64, float64 
[ 2022-12-07 19:33:58,325 ] 64 root - INFO - Hypothesis ay_007: float64, float64 
[ 2022-12-07 19:33:58,335 ] 64 root - INFO - Hypothesis ay_008: float64, float64 
[ 2022-12-07 19:33:58,345 ] 64 root - INFO - Hypothesis ay_009: float64, float64 
[ 2022-12-07 19:33:58,380 ] 64 root - INFO - Hypothesis az_000: float64, float64 
[ 2022-12-07 19:33:58,390 ] 64 root - INFO - Hypothesis az_001: float64, float64 
[ 2022-12-07 19:33:58,399 ] 64 root - INFO - Hypothesis az_002: float64, float64 
[ 2022-12-07 19:33:58,408 ] 64 root - INFO - Hypothesis az_003: float64, float64 
[ 2022-12-07 19:33:58,418 ] 64 root - INFO - Hypothesis az_004: float64, float64 
[ 2022-12-07 19:33:58,428 ] 64 root - INFO - Hypothesis az_005: float64, float64 
[ 2022-12-07 19:33:58,439 ] 64 root - INFO - Hypothesis az_006: float64, float64 
[ 2022-12-07 19:33:58,480 ] 64 root - INFO - Hypothesis az_007: float64, float64 
[ 2022-12-07 19:33:58,516 ] 64 root - INFO - Hypothesis az_008: float64, float64 
[ 2022-12-07 19:33:58,552 ] 64 root - INFO - Hypothesis az_009: float64, float64 
[ 2022-12-07 19:33:58,586 ] 64 root - INFO - Hypothesis ba_000: float64, float64 
[ 2022-12-07 19:33:58,597 ] 64 root - INFO - Hypothesis ba_001: float64, float64 
[ 2022-12-07 19:33:58,608 ] 64 root - INFO - Hypothesis ba_002: float64, float64 
[ 2022-12-07 19:33:58,619 ] 64 root - INFO - Hypothesis ba_003: float64, float64 
[ 2022-12-07 19:33:58,629 ] 64 root - INFO - Hypothesis ba_004: float64, float64 
[ 2022-12-07 19:33:58,639 ] 64 root - INFO - Hypothesis ba_005: float64, float64 
[ 2022-12-07 19:33:58,650 ] 64 root - INFO - Hypothesis ba_006: float64, float64 
[ 2022-12-07 19:33:58,659 ] 64 root - INFO - Hypothesis ba_007: float64, float64 
[ 2022-12-07 19:33:58,669 ] 64 root - INFO - Hypothesis ba_008: float64, float64 
[ 2022-12-07 19:33:58,707 ] 64 root - INFO - Hypothesis ba_009: float64, float64 
[ 2022-12-07 19:33:58,745 ] 64 root - INFO - Hypothesis bb_000: float64, float64 
[ 2022-12-07 19:33:58,755 ] 64 root - INFO - Hypothesis bc_000: float64, float64 
[ 2022-12-07 19:33:58,763 ] 64 root - INFO - Hypothesis bd_000: float64, float64 
[ 2022-12-07 19:33:58,772 ] 64 root - INFO - Hypothesis be_000: float64, float64 
[ 2022-12-07 19:33:58,780 ] 64 root - INFO - Hypothesis bf_000: float64, float64 
[ 2022-12-07 19:33:58,818 ] 64 root - INFO - Hypothesis bg_000: float64, float64 
[ 2022-12-07 19:33:58,828 ] 64 root - INFO - Hypothesis bh_000: float64, float64 
[ 2022-12-07 19:33:58,838 ] 64 root - INFO - Hypothesis bi_000: float64, float64 
[ 2022-12-07 19:33:58,849 ] 64 root - INFO - Hypothesis bj_000: float64, float64 
[ 2022-12-07 19:33:58,860 ] 64 root - INFO - Hypothesis bs_000: float64, float64 
[ 2022-12-07 19:33:58,901 ] 64 root - INFO - Hypothesis bt_000: float64, float64 
[ 2022-12-07 19:33:58,911 ] 64 root - INFO - Hypothesis bu_000: float64, float64 
[ 2022-12-07 19:33:58,922 ] 64 root - INFO - Hypothesis bv_000: float64, float64 
[ 2022-12-07 19:33:58,932 ] 64 root - INFO - Hypothesis bx_000: float64, float64 
[ 2022-12-07 19:33:58,942 ] 64 root - INFO - Hypothesis by_000: float64, float64 
[ 2022-12-07 19:33:58,953 ] 64 root - INFO - Hypothesis bz_000: float64, float64 
[ 2022-12-07 19:33:58,962 ] 64 root - INFO - Hypothesis ca_000: float64, float64 
[ 2022-12-07 19:33:58,972 ] 64 root - INFO - Hypothesis cb_000: float64, float64 
[ 2022-12-07 19:33:59,013 ] 64 root - INFO - Hypothesis cc_000: float64, float64 
[ 2022-12-07 19:33:59,025 ] 64 root - INFO - Hypothesis cd_000: float64, float64 
[ 2022-12-07 19:33:59,061 ] 64 root - INFO - Hypothesis ce_000: float64, float64 
[ 2022-12-07 19:33:59,101 ] 64 root - INFO - Hypothesis ci_000: float64, float64 
[ 2022-12-07 19:33:59,112 ] 64 root - INFO - Hypothesis cj_000: float64, float64 
[ 2022-12-07 19:33:59,148 ] 64 root - INFO - Hypothesis ck_000: float64, float64 
[ 2022-12-07 19:33:59,159 ] 64 root - INFO - Hypothesis cl_000: float64, float64 
[ 2022-12-07 19:33:59,195 ] 64 root - INFO - Hypothesis cm_000: float64, float64 
[ 2022-12-07 19:33:59,202 ] 64 root - INFO - Hypothesis cn_000: float64, float64 
[ 2022-12-07 19:33:59,237 ] 64 root - INFO - Hypothesis cn_001: float64, float64 
[ 2022-12-07 19:33:59,273 ] 64 root - INFO - Hypothesis cn_002: float64, float64 
[ 2022-12-07 19:33:59,311 ] 64 root - INFO - Hypothesis cn_003: float64, float64 
[ 2022-12-07 19:33:59,322 ] 64 root - INFO - Hypothesis cn_004: float64, float64 
[ 2022-12-07 19:33:59,332 ] 64 root - INFO - Hypothesis cn_005: float64, float64 
[ 2022-12-07 19:33:59,342 ] 64 root - INFO - Hypothesis cn_006: float64, float64 
[ 2022-12-07 19:33:59,352 ] 64 root - INFO - Hypothesis cn_007: float64, float64 
[ 2022-12-07 19:33:59,362 ] 64 root - INFO - Hypothesis cn_008: float64, float64 
[ 2022-12-07 19:33:59,371 ] 64 root - INFO - Hypothesis cn_009: float64, float64 
[ 2022-12-07 19:33:59,409 ] 64 root - INFO - Hypothesis cp_000: float64, float64 
[ 2022-12-07 19:33:59,417 ] 64 root - INFO - Hypothesis cq_000: float64, float64 
[ 2022-12-07 19:33:59,427 ] 64 root - INFO - Hypothesis cs_000: float64, float64 
[ 2022-12-07 19:33:59,437 ] 64 root - INFO - Hypothesis cs_001: float64, float64 
[ 2022-12-07 19:33:59,446 ] 64 root - INFO - Hypothesis cs_002: float64, float64 
[ 2022-12-07 19:33:59,456 ] 64 root - INFO - Hypothesis cs_003: float64, float64 
[ 2022-12-07 19:33:59,466 ] 64 root - INFO - Hypothesis cs_004: float64, float64 
[ 2022-12-07 19:33:59,477 ] 64 root - INFO - Hypothesis cs_005: float64, float64 
[ 2022-12-07 19:33:59,487 ] 64 root - INFO - Hypothesis cs_006: float64, float64 
[ 2022-12-07 19:33:59,498 ] 64 root - INFO - Hypothesis cs_007: float64, float64 
[ 2022-12-07 19:33:59,508 ] 64 root - INFO - Hypothesis cs_008: float64, float64 
[ 2022-12-07 19:33:59,516 ] 64 root - INFO - Hypothesis cs_009: float64, float64 
[ 2022-12-07 19:33:59,551 ] 64 root - INFO - Hypothesis dd_000: float64, float64 
[ 2022-12-07 19:33:59,564 ] 64 root - INFO - Hypothesis de_000: float64, float64 
[ 2022-12-07 19:33:59,603 ] 64 root - INFO - Hypothesis df_000: float64, float64 
[ 2022-12-07 19:33:59,638 ] 64 root - INFO - Hypothesis dg_000: float64, float64 
[ 2022-12-07 19:33:59,674 ] 64 root - INFO - Hypothesis dh_000: float64, float64 
[ 2022-12-07 19:33:59,709 ] 64 root - INFO - Hypothesis di_000: float64, float64 
[ 2022-12-07 19:33:59,746 ] 64 root - INFO - Hypothesis dj_000: float64, float64 
[ 2022-12-07 19:33:59,780 ] 64 root - INFO - Hypothesis dk_000: float64, float64 
[ 2022-12-07 19:33:59,815 ] 64 root - INFO - Hypothesis dl_000: float64, float64 
[ 2022-12-07 19:33:59,850 ] 64 root - INFO - Hypothesis dm_000: float64, float64 
[ 2022-12-07 19:33:59,885 ] 64 root - INFO - Hypothesis dn_000: float64, float64 
[ 2022-12-07 19:33:59,895 ] 64 root - INFO - Hypothesis do_000: float64, float64 
[ 2022-12-07 19:33:59,905 ] 64 root - INFO - Hypothesis dp_000: float64, float64 
[ 2022-12-07 19:33:59,918 ] 64 root - INFO - Hypothesis dq_000: float64, float64 
[ 2022-12-07 19:33:59,956 ] 64 root - INFO - Hypothesis dr_000: float64, float64 
[ 2022-12-07 19:33:59,962 ] 64 root - INFO - Hypothesis ds_000: float64, float64 
[ 2022-12-07 19:33:59,973 ] 64 root - INFO - Hypothesis dt_000: float64, float64 
[ 2022-12-07 19:33:59,983 ] 64 root - INFO - Hypothesis du_000: float64, float64 
[ 2022-12-07 19:34:00,024 ] 64 root - INFO - Hypothesis dv_000: float64, float64 
[ 2022-12-07 19:34:00,065 ] 64 root - INFO - Hypothesis dx_000: float64, float64 
[ 2022-12-07 19:34:00,102 ] 64 root - INFO - Hypothesis dy_000: float64, float64 
[ 2022-12-07 19:34:00,139 ] 64 root - INFO - Hypothesis dz_000: float64, float64 
[ 2022-12-07 19:34:00,175 ] 64 root - INFO - Hypothesis ea_000: float64, float64 
[ 2022-12-07 19:34:00,211 ] 64 root - INFO - Hypothesis eb_000: float64, float64 
[ 2022-12-07 19:34:00,220 ] 64 root - INFO - Hypothesis ec_00: float64, float64 
[ 2022-12-07 19:34:00,230 ] 64 root - INFO - Hypothesis ed_000: float64, float64 
[ 2022-12-07 19:34:00,239 ] 64 root - INFO - Hypothesis ee_000: float64, float64 
[ 2022-12-07 19:34:00,251 ] 64 root - INFO - Hypothesis ee_001: float64, float64 
[ 2022-12-07 19:34:00,262 ] 64 root - INFO - Hypothesis ee_002: float64, float64 
[ 2022-12-07 19:34:00,273 ] 64 root - INFO - Hypothesis ee_003: float64, float64 
[ 2022-12-07 19:34:00,284 ] 64 root - INFO - Hypothesis ee_004: float64, float64 
[ 2022-12-07 19:34:00,294 ] 64 root - INFO - Hypothesis ee_005: float64, float64 
[ 2022-12-07 19:34:00,305 ] 64 root - INFO - Hypothesis ee_006: float64, float64 
[ 2022-12-07 19:34:00,316 ] 64 root - INFO - Hypothesis ee_007: float64, float64 
[ 2022-12-07 19:34:00,326 ] 64 root - INFO - Hypothesis ee_008: float64, float64 
[ 2022-12-07 19:34:00,335 ] 64 root - INFO - Hypothesis ee_009: float64, float64 
[ 2022-12-07 19:34:00,343 ] 64 root - INFO - Hypothesis ef_000: float64, float64 
[ 2022-12-07 19:34:00,377 ] 64 root - INFO - Hypothesis eg_000: float64, float64 
[ 2022-12-07 19:34:00,412 ] 64 root - INFO - Hypothesis class: object, object 
[ 2022-12-07 19:34:00,486 ] 64 root - INFO - Hypothesis aa_000: float64, float64 
[ 2022-12-07 19:34:00,493 ] 64 root - INFO - Hypothesis ac_000: float64, float64 
[ 2022-12-07 19:34:00,499 ] 64 root - INFO - Hypothesis ae_000: float64, float64 
[ 2022-12-07 19:34:00,513 ] 64 root - INFO - Hypothesis af_000: float64, float64 
[ 2022-12-07 19:34:00,529 ] 64 root - INFO - Hypothesis ag_000: float64, float64 
[ 2022-12-07 19:34:00,546 ] 64 root - INFO - Hypothesis ag_001: float64, float64 
[ 2022-12-07 19:34:00,560 ] 64 root - INFO - Hypothesis ag_002: float64, float64 
[ 2022-12-07 19:34:00,575 ] 64 root - INFO - Hypothesis ag_003: float64, float64 
[ 2022-12-07 19:34:00,591 ] 64 root - INFO - Hypothesis ag_004: float64, float64 
[ 2022-12-07 19:34:00,598 ] 64 root - INFO - Hypothesis ag_005: float64, float64 
[ 2022-12-07 19:34:00,605 ] 64 root - INFO - Hypothesis ag_006: float64, float64 
[ 2022-12-07 19:34:00,612 ] 64 root - INFO - Hypothesis ag_007: float64, float64 
[ 2022-12-07 19:34:00,619 ] 64 root - INFO - Hypothesis ag_008: float64, float64 
[ 2022-12-07 19:34:00,625 ] 64 root - INFO - Hypothesis ag_009: float64, float64 
[ 2022-12-07 19:34:00,629 ] 64 root - INFO - Hypothesis ah_000: float64, float64 
[ 2022-12-07 19:34:00,636 ] 64 root - INFO - Hypothesis ai_000: float64, float64 
[ 2022-12-07 19:34:00,652 ] 64 root - INFO - Hypothesis aj_000: float64, float64 
[ 2022-12-07 19:34:00,655 ] 64 root - INFO - Hypothesis ak_000: float64, float64 
[ 2022-12-07 19:34:00,659 ] 64 root - INFO - Hypothesis al_000: float64, float64 
[ 2022-12-07 19:34:00,664 ] 64 root - INFO - Hypothesis am_0: float64, float64 
[ 2022-12-07 19:34:00,668 ] 64 root - INFO - Hypothesis an_000: float64, float64 
[ 2022-12-07 19:34:00,675 ] 64 root - INFO - Hypothesis ao_000: float64, float64 
[ 2022-12-07 19:34:00,683 ] 64 root - INFO - Hypothesis ap_000: float64, float64 
[ 2022-12-07 19:34:00,690 ] 64 root - INFO - Hypothesis aq_000: float64, float64 
[ 2022-12-07 19:34:00,697 ] 64 root - INFO - Hypothesis ar_000: float64, float64 
[ 2022-12-07 19:34:00,701 ] 64 root - INFO - Hypothesis as_000: float64, float64 
[ 2022-12-07 19:34:00,715 ] 64 root - INFO - Hypothesis at_000: float64, float64 
[ 2022-12-07 19:34:00,719 ] 64 root - INFO - Hypothesis au_000: float64, float64 
[ 2022-12-07 19:34:00,733 ] 64 root - INFO - Hypothesis av_000: float64, float64 
[ 2022-12-07 19:34:00,739 ] 64 root - INFO - Hypothesis ax_000: float64, float64 
[ 2022-12-07 19:34:00,744 ] 64 root - INFO - Hypothesis ay_000: float64, float64 
[ 2022-12-07 19:34:00,759 ] 64 root - INFO - Hypothesis ay_001: float64, float64 
[ 2022-12-07 19:34:00,774 ] 64 root - INFO - Hypothesis ay_002: float64, float64 
[ 2022-12-07 19:34:00,790 ] 64 root - INFO - Hypothesis ay_003: float64, float64 
[ 2022-12-07 19:34:00,805 ] 64 root - INFO - Hypothesis ay_004: float64, float64 
[ 2022-12-07 19:34:00,820 ] 64 root - INFO - Hypothesis ay_005: float64, float64 
[ 2022-12-07 19:34:00,825 ] 64 root - INFO - Hypothesis ay_006: float64, float64 
[ 2022-12-07 19:34:00,831 ] 64 root - INFO - Hypothesis ay_007: float64, float64 
[ 2022-12-07 19:34:00,838 ] 64 root - INFO - Hypothesis ay_008: float64, float64 
[ 2022-12-07 19:34:00,845 ] 64 root - INFO - Hypothesis ay_009: float64, float64 
[ 2022-12-07 19:34:00,859 ] 64 root - INFO - Hypothesis az_000: float64, float64 
[ 2022-12-07 19:34:00,866 ] 64 root - INFO - Hypothesis az_001: float64, float64 
[ 2022-12-07 19:34:00,872 ] 64 root - INFO - Hypothesis az_002: float64, float64 
[ 2022-12-07 19:34:00,879 ] 64 root - INFO - Hypothesis az_003: float64, float64 
[ 2022-12-07 19:34:00,885 ] 64 root - INFO - Hypothesis az_004: float64, float64 
[ 2022-12-07 19:34:00,892 ] 64 root - INFO - Hypothesis az_005: float64, float64 
[ 2022-12-07 19:34:00,900 ] 64 root - INFO - Hypothesis az_006: float64, float64 
[ 2022-12-07 19:34:00,907 ] 64 root - INFO - Hypothesis az_007: float64, float64 
[ 2022-12-07 19:34:00,911 ] 64 root - INFO - Hypothesis az_008: float64, float64 
[ 2022-12-07 19:34:00,915 ] 64 root - INFO - Hypothesis az_009: float64, float64 
[ 2022-12-07 19:34:00,930 ] 64 root - INFO - Hypothesis ba_000: float64, float64 
[ 2022-12-07 19:34:00,937 ] 64 root - INFO - Hypothesis ba_001: float64, float64 
[ 2022-12-07 19:34:00,944 ] 64 root - INFO - Hypothesis ba_002: float64, float64 
[ 2022-12-07 19:34:00,951 ] 64 root - INFO - Hypothesis ba_003: float64, float64 
[ 2022-12-07 19:34:00,957 ] 64 root - INFO - Hypothesis ba_004: float64, float64 
[ 2022-12-07 19:34:00,964 ] 64 root - INFO - Hypothesis ba_005: float64, float64 
[ 2022-12-07 19:34:00,971 ] 64 root - INFO - Hypothesis ba_006: float64, float64 
[ 2022-12-07 19:34:00,978 ] 64 root - INFO - Hypothesis ba_007: float64, float64 
[ 2022-12-07 19:34:00,984 ] 64 root - INFO - Hypothesis ba_008: float64, float64 
[ 2022-12-07 19:34:00,990 ] 64 root - INFO - Hypothesis ba_009: float64, float64 
[ 2022-12-07 19:34:00,994 ] 64 root - INFO - Hypothesis bb_000: float64, float64 
[ 2022-12-07 19:34:01,001 ] 64 root - INFO - Hypothesis bc_000: float64, float64 
[ 2022-12-07 19:34:01,006 ] 64 root - INFO - Hypothesis bd_000: float64, float64 
[ 2022-12-07 19:34:01,012 ] 64 root - INFO - Hypothesis be_000: float64, float64 
[ 2022-12-07 19:34:01,018 ] 64 root - INFO - Hypothesis bf_000: float64, float64 
[ 2022-12-07 19:34:01,022 ] 64 root - INFO - Hypothesis bg_000: float64, float64 
[ 2022-12-07 19:34:01,030 ] 64 root - INFO - Hypothesis bh_000: float64, float64 
[ 2022-12-07 19:34:01,037 ] 64 root - INFO - Hypothesis bi_000: float64, float64 
[ 2022-12-07 19:34:01,044 ] 64 root - INFO - Hypothesis bj_000: float64, float64 
[ 2022-12-07 19:34:01,051 ] 64 root - INFO - Hypothesis bs_000: float64, float64 
[ 2022-12-07 19:34:01,058 ] 64 root - INFO - Hypothesis bt_000: float64, float64 
[ 2022-12-07 19:34:01,065 ] 64 root - INFO - Hypothesis bu_000: float64, float64 
[ 2022-12-07 19:34:01,072 ] 64 root - INFO - Hypothesis bv_000: float64, float64 
[ 2022-12-07 19:34:01,079 ] 64 root - INFO - Hypothesis bx_000: float64, float64 
[ 2022-12-07 19:34:01,086 ] 64 root - INFO - Hypothesis by_000: float64, float64 
[ 2022-12-07 19:34:01,092 ] 64 root - INFO - Hypothesis bz_000: float64, float64 
[ 2022-12-07 19:34:01,102 ] 64 root - INFO - Hypothesis ca_000: float64, float64 
[ 2022-12-07 19:34:01,109 ] 64 root - INFO - Hypothesis cb_000: float64, float64 
[ 2022-12-07 19:34:01,116 ] 64 root - INFO - Hypothesis cc_000: float64, float64 
[ 2022-12-07 19:34:01,123 ] 64 root - INFO - Hypothesis cd_000: float64, float64 
[ 2022-12-07 19:34:01,137 ] 64 root - INFO - Hypothesis ce_000: float64, float64 
[ 2022-12-07 19:34:01,144 ] 64 root - INFO - Hypothesis ci_000: float64, float64 
[ 2022-12-07 19:34:01,151 ] 64 root - INFO - Hypothesis cj_000: float64, float64 
[ 2022-12-07 19:34:01,155 ] 64 root - INFO - Hypothesis ck_000: float64, float64 
[ 2022-12-07 19:34:01,162 ] 64 root - INFO - Hypothesis cl_000: float64, float64 
[ 2022-12-07 19:34:01,166 ] 64 root - INFO - Hypothesis cm_000: float64, float64 
[ 2022-12-07 19:34:01,171 ] 64 root - INFO - Hypothesis cn_000: float64, float64 
[ 2022-12-07 19:34:01,185 ] 64 root - INFO - Hypothesis cn_001: float64, float64 
[ 2022-12-07 19:34:01,201 ] 64 root - INFO - Hypothesis cn_002: float64, float64 
[ 2022-12-07 19:34:01,206 ] 64 root - INFO - Hypothesis cn_003: float64, float64 
[ 2022-12-07 19:34:01,213 ] 64 root - INFO - Hypothesis cn_004: float64, float64 
[ 2022-12-07 19:34:01,220 ] 64 root - INFO - Hypothesis cn_005: float64, float64 
[ 2022-12-07 19:34:01,227 ] 64 root - INFO - Hypothesis cn_006: float64, float64 
[ 2022-12-07 19:34:01,234 ] 64 root - INFO - Hypothesis cn_007: float64, float64 
[ 2022-12-07 19:34:01,241 ] 64 root - INFO - Hypothesis cn_008: float64, float64 
[ 2022-12-07 19:34:01,247 ] 64 root - INFO - Hypothesis cn_009: float64, float64 
[ 2022-12-07 19:34:01,252 ] 64 root - INFO - Hypothesis cp_000: float64, float64 
[ 2022-12-07 19:34:01,257 ] 64 root - INFO - Hypothesis cq_000: float64, float64 
[ 2022-12-07 19:34:01,264 ] 64 root - INFO - Hypothesis cs_000: float64, float64 
[ 2022-12-07 19:34:01,271 ] 64 root - INFO - Hypothesis cs_001: float64, float64 
[ 2022-12-07 19:34:01,277 ] 64 root - INFO - Hypothesis cs_002: float64, float64 
[ 2022-12-07 19:34:01,283 ] 64 root - INFO - Hypothesis cs_003: float64, float64 
[ 2022-12-07 19:34:01,291 ] 64 root - INFO - Hypothesis cs_004: float64, float64 
[ 2022-12-07 19:34:01,299 ] 64 root - INFO - Hypothesis cs_005: float64, float64 
[ 2022-12-07 19:34:01,306 ] 64 root - INFO - Hypothesis cs_006: float64, float64 
[ 2022-12-07 19:34:01,314 ] 64 root - INFO - Hypothesis cs_007: float64, float64 
[ 2022-12-07 19:34:01,321 ] 64 root - INFO - Hypothesis cs_008: float64, float64 
[ 2022-12-07 19:34:01,326 ] 64 root - INFO - Hypothesis cs_009: float64, float64 
[ 2022-12-07 19:34:01,342 ] 64 root - INFO - Hypothesis dd_000: float64, float64 
[ 2022-12-07 19:34:01,349 ] 64 root - INFO - Hypothesis de_000: float64, float64 
[ 2022-12-07 19:34:01,355 ] 64 root - INFO - Hypothesis df_000: float64, float64 
[ 2022-12-07 19:34:01,371 ] 64 root - INFO - Hypothesis dg_000: float64, float64 
[ 2022-12-07 19:34:01,374 ] 64 root - INFO - Hypothesis dh_000: float64, float64 
[ 2022-12-07 19:34:01,390 ] 64 root - INFO - Hypothesis di_000: float64, float64 
[ 2022-12-07 19:34:01,395 ] 64 root - INFO - Hypothesis dj_000: float64, float64 
[ 2022-12-07 19:34:01,410 ] 64 root - INFO - Hypothesis dk_000: float64, float64 
[ 2022-12-07 19:34:01,413 ] 64 root - INFO - Hypothesis dl_000: float64, float64 
[ 2022-12-07 19:34:01,428 ] 64 root - INFO - Hypothesis dm_000: float64, float64 
[ 2022-12-07 19:34:01,444 ] 64 root - INFO - Hypothesis dn_000: float64, float64 
[ 2022-12-07 19:34:01,451 ] 64 root - INFO - Hypothesis do_000: float64, float64 
[ 2022-12-07 19:34:01,457 ] 64 root - INFO - Hypothesis dp_000: float64, float64 
[ 2022-12-07 19:34:01,463 ] 64 root - INFO - Hypothesis dq_000: float64, float64 
[ 2022-12-07 19:34:01,468 ] 64 root - INFO - Hypothesis dr_000: float64, float64 
[ 2022-12-07 19:34:01,472 ] 64 root - INFO - Hypothesis ds_000: float64, float64 
[ 2022-12-07 19:34:01,479 ] 64 root - INFO - Hypothesis dt_000: float64, float64 
[ 2022-12-07 19:34:01,485 ] 64 root - INFO - Hypothesis du_000: float64, float64 
[ 2022-12-07 19:34:01,492 ] 64 root - INFO - Hypothesis dv_000: float64, float64 
[ 2022-12-07 19:34:01,500 ] 64 root - INFO - Hypothesis dx_000: float64, float64 
[ 2022-12-07 19:34:01,505 ] 64 root - INFO - Hypothesis dy_000: float64, float64 
[ 2022-12-07 19:34:01,510 ] 64 root - INFO - Hypothesis dz_000: float64, float64 
[ 2022-12-07 19:34:01,525 ] 64 root - INFO - Hypothesis ea_000: float64, float64 
[ 2022-12-07 19:34:01,540 ] 64 root - INFO - Hypothesis eb_000: float64, float64 
[ 2022-12-07 19:34:01,546 ] 64 root - INFO - Hypothesis ec_00: float64, float64 
[ 2022-12-07 19:34:01,552 ] 64 root - INFO - Hypothesis ed_000: float64, float64 
[ 2022-12-07 19:34:01,558 ] 64 root - INFO - Hypothesis ee_000: float64, float64 
[ 2022-12-07 19:34:01,565 ] 64 root - INFO - Hypothesis ee_001: float64, float64 
[ 2022-12-07 19:34:01,573 ] 64 root - INFO - Hypothesis ee_002: float64, float64 
[ 2022-12-07 19:34:01,580 ] 64 root - INFO - Hypothesis ee_003: float64, float64 
[ 2022-12-07 19:34:01,587 ] 64 root - INFO - Hypothesis ee_004: float64, float64 
[ 2022-12-07 19:34:01,594 ] 64 root - INFO - Hypothesis ee_005: float64, float64 
[ 2022-12-07 19:34:01,601 ] 64 root - INFO - Hypothesis ee_006: float64, float64 
[ 2022-12-07 19:34:01,607 ] 64 root - INFO - Hypothesis ee_007: float64, float64 
[ 2022-12-07 19:34:01,614 ] 64 root - INFO - Hypothesis ee_008: float64, float64 
[ 2022-12-07 19:34:01,620 ] 64 root - INFO - Hypothesis ee_009: float64, float64 
[ 2022-12-07 19:34:01,625 ] 64 root - INFO - Hypothesis ef_000: float64, float64 
[ 2022-12-07 19:34:01,640 ] 64 root - INFO - Hypothesis eg_000: float64, float64 
