[ 2022-12-12 23:15:59,307 ] 15 root - INFO - >>>>>>>>>>>>>>>>>>>>>>>>>>>>>>>>>>>>>>>> Data Ingestion <<<<<<<<<<<<<<<<<<<<<<<<<<<<<<<<<<<<<<<<
[ 2022-12-12 23:15:59,307 ] 22 root - INFO - Exporting collection data as pandas dataframe
[ 2022-12-12 23:15:59,308 ] 21 root - INFO - Reading data from database: aps and collection: sensor
[ 2022-12-12 23:16:03,050 ] 23 root - INFO - Found columns: Index(['_id', 'class', 'aa_000', 'ab_000', 'ac_000', 'ad_000', 'ae_000',
       'af_000', 'ag_000', 'ag_001',
       ...
       'ee_002', 'ee_003', 'ee_004', 'ee_005', 'ee_006', 'ee_007', 'ee_008',
       'ee_009', 'ef_000', 'eg_000'],
      dtype='object', length=172)
[ 2022-12-12 23:16:03,052 ] 25 root - INFO - Dropping column: _id 
[ 2022-12-12 23:16:03,240 ] 27 root - INFO - Row and columns in df: (36188, 171)
[ 2022-12-12 23:16:03,240 ] 28 root - INFO - Save data in feature store
[ 2022-12-12 23:16:03,782 ] 34 root - INFO - Create feature store folder if not available
[ 2022-12-12 23:16:03,783 ] 38 root - INFO - Save df to feature store folder
[ 2022-12-12 23:16:06,184 ] 43 root - INFO - split dataset into train and test set
[ 2022-12-12 23:16:06,874 ] 47 root - INFO - create dataset directory folder if not available
[ 2022-12-12 23:16:06,875 ] 52 root - INFO - Save df to feature store folder
[ 2022-12-12 23:16:09,039 ] 64 root - INFO - Data ingestion artifact: DataIngestionArtifact(feature_store_file_path='/config/workspace/artifact/12122022__231559/data_ingestion/feature_store/sensor.csv', train_file_path='/config/workspace/artifact/12122022__231559/data_ingestion/dataset/train.csv', test_file_path='/config/workspace/artifact/12122022__231559/data_ingestion/dataset/test.csv')
[ 2022-12-12 23:16:09,487 ] 22 root - INFO - >>>>>>>>>>>>>>>>>>>>>>>>>>>>>>>>>>>>>>>> Data Validation <<<<<<<<<<<<<<<<<<<<<<<<<<<<<<<<<<<<<<<<
[ 2022-12-12 23:16:09,488 ] 110 root - INFO - Reading base dataframe
[ 2022-12-12 23:16:12,285 ] 113 root - INFO - Replace na value in base df
[ 2022-12-12 23:16:12,285 ] 115 root - INFO - Drop null values colums from base df
[ 2022-12-12 23:16:13,196 ] 44 root - INFO - selecting column name which contains null above to 0.2
[ 2022-12-12 23:16:13,196 ] 47 root - INFO - Columns to drop: ['ab_000', 'ad_000', 'bk_000', 'bl_000', 'bm_000', 'bn_000', 'bo_000', 'bp_000', 'bq_000', 'br_000', 'cf_000', 'cg_000', 'ch_000', 'co_000', 'cr_000', 'ct_000', 'cu_000', 'cv_000', 'cx_000', 'cy_000', 'cz_000', 'da_000', 'db_000', 'dc_000']
[ 2022-12-12 23:16:13,280 ] 118 root - INFO - Reading train dataframe
[ 2022-12-12 23:16:13,657 ] 120 root - INFO - Reading test dataframe
[ 2022-12-12 23:16:13,753 ] 123 root - INFO - Drop null values colums from train df
[ 2022-12-12 23:16:13,765 ] 44 root - INFO - selecting column name which contains null above to 0.2
[ 2022-12-12 23:16:13,765 ] 47 root - INFO - Columns to drop: ['ab_000', 'ad_000', 'bk_000', 'bl_000', 'bm_000', 'bn_000', 'bo_000', 'bp_000', 'bq_000', 'br_000', 'cf_000', 'cg_000', 'ch_000', 'co_000', 'cr_000', 'ct_000', 'cu_000', 'cv_000', 'cx_000', 'cy_000', 'cz_000', 'da_000', 'db_000', 'dc_000']
[ 2022-12-12 23:16:13,774 ] 125 root - INFO - Drop null values colums from test df
[ 2022-12-12 23:16:13,778 ] 44 root - INFO - selecting column name which contains null above to 0.2
[ 2022-12-12 23:16:13,778 ] 47 root - INFO - Columns to drop: ['ab_000', 'ad_000', 'bk_000', 'bl_000', 'bm_000', 'bn_000', 'bo_000', 'bp_000', 'bq_000', 'br_000', 'cf_000', 'cg_000', 'ch_000', 'co_000', 'cr_000', 'ct_000', 'cu_000', 'cv_000', 'cx_000', 'cy_000', 'cz_000', 'da_000', 'db_000', 'dc_000']
[ 2022-12-12 23:16:19,561 ] 134 root - INFO - Is all required columns present in train df
[ 2022-12-12 23:16:19,561 ] 136 root - INFO - Is all required columns present in test df
[ 2022-12-12 23:16:19,562 ] 140 root - INFO - As all column are available in train df hence detecting data drift
[ 2022-12-12 23:16:19,562 ] 88 root - INFO - Hypothesis class: object, object 
[ 2022-12-12 23:16:19,697 ] 88 root - INFO - Hypothesis aa_000: float64, float64 
[ 2022-12-12 23:16:19,707 ] 88 root - INFO - Hypothesis ac_000: float64, float64 
[ 2022-12-12 23:16:19,715 ] 88 root - INFO - Hypothesis ae_000: float64, float64 
[ 2022-12-12 23:16:19,751 ] 88 root - INFO - Hypothesis af_000: float64, float64 
[ 2022-12-12 23:16:19,786 ] 88 root - INFO - Hypothesis ag_000: float64, float64 
[ 2022-12-12 23:16:19,822 ] 88 root - INFO - Hypothesis ag_001: float64, float64 
[ 2022-12-12 23:16:19,857 ] 88 root - INFO - Hypothesis ag_002: float64, float64 
[ 2022-12-12 23:16:19,893 ] 88 root - INFO - Hypothesis ag_003: float64, float64 
[ 2022-12-12 23:16:19,930 ] 88 root - INFO - Hypothesis ag_004: float64, float64 
[ 2022-12-12 23:16:19,940 ] 88 root - INFO - Hypothesis ag_005: float64, float64 
[ 2022-12-12 23:16:19,951 ] 88 root - INFO - Hypothesis ag_006: float64, float64 
[ 2022-12-12 23:16:19,961 ] 88 root - INFO - Hypothesis ag_007: float64, float64 
[ 2022-12-12 23:16:19,970 ] 88 root - INFO - Hypothesis ag_008: float64, float64 
[ 2022-12-12 23:16:19,979 ] 88 root - INFO - Hypothesis ag_009: float64, float64 
[ 2022-12-12 23:16:20,017 ] 88 root - INFO - Hypothesis ah_000: float64, float64 
[ 2022-12-12 23:16:20,028 ] 88 root - INFO - Hypothesis ai_000: float64, float64 
[ 2022-12-12 23:16:20,064 ] 88 root - INFO - Hypothesis aj_000: float64, float64 
[ 2022-12-12 23:16:20,101 ] 88 root - INFO - Hypothesis ak_000: float64, float64 
[ 2022-12-12 23:16:20,137 ] 88 root - INFO - Hypothesis al_000: float64, float64 
[ 2022-12-12 23:16:20,177 ] 88 root - INFO - Hypothesis am_0: float64, float64 
[ 2022-12-12 23:16:20,216 ] 88 root - INFO - Hypothesis an_000: float64, float64 
[ 2022-12-12 23:16:20,226 ] 88 root - INFO - Hypothesis ao_000: float64, float64 
[ 2022-12-12 23:16:20,236 ] 88 root - INFO - Hypothesis ap_000: float64, float64 
[ 2022-12-12 23:16:20,247 ] 88 root - INFO - Hypothesis aq_000: float64, float64 
[ 2022-12-12 23:16:20,257 ] 88 root - INFO - Hypothesis ar_000: float64, float64 
[ 2022-12-12 23:16:20,293 ] 88 root - INFO - Hypothesis as_000: float64, float64 
[ 2022-12-12 23:16:20,328 ] 88 root - INFO - Hypothesis at_000: float64, float64 
[ 2022-12-12 23:16:20,365 ] 88 root - INFO - Hypothesis au_000: float64, float64 
[ 2022-12-12 23:16:20,399 ] 88 root - INFO - Hypothesis av_000: float64, float64 
[ 2022-12-12 23:16:20,407 ] 88 root - INFO - Hypothesis ax_000: float64, float64 
[ 2022-12-12 23:16:20,447 ] 88 root - INFO - Hypothesis ay_000: float64, float64 
[ 2022-12-12 23:16:20,482 ] 88 root - INFO - Hypothesis ay_001: float64, float64 
[ 2022-12-12 23:16:20,517 ] 88 root - INFO - Hypothesis ay_002: float64, float64 
[ 2022-12-12 23:16:20,553 ] 88 root - INFO - Hypothesis ay_003: float64, float64 
[ 2022-12-12 23:16:20,589 ] 88 root - INFO - Hypothesis ay_004: float64, float64 
[ 2022-12-12 23:16:20,625 ] 88 root - INFO - Hypothesis ay_005: float64, float64 
[ 2022-12-12 23:16:20,664 ] 88 root - INFO - Hypothesis ay_006: float64, float64 
[ 2022-12-12 23:16:20,673 ] 88 root - INFO - Hypothesis ay_007: float64, float64 
[ 2022-12-12 23:16:20,683 ] 88 root - INFO - Hypothesis ay_008: float64, float64 
[ 2022-12-12 23:16:20,724 ] 88 root - INFO - Hypothesis ay_009: float64, float64 
[ 2022-12-12 23:16:20,760 ] 88 root - INFO - Hypothesis az_000: float64, float64 
[ 2022-12-12 23:16:20,770 ] 88 root - INFO - Hypothesis az_001: float64, float64 
[ 2022-12-12 23:16:20,779 ] 88 root - INFO - Hypothesis az_002: float64, float64 
[ 2022-12-12 23:16:20,793 ] 88 root - INFO - Hypothesis az_003: float64, float64 
[ 2022-12-12 23:16:20,804 ] 88 root - INFO - Hypothesis az_004: float64, float64 
[ 2022-12-12 23:16:20,814 ] 88 root - INFO - Hypothesis az_005: float64, float64 
[ 2022-12-12 23:16:20,824 ] 88 root - INFO - Hypothesis az_006: float64, float64 
[ 2022-12-12 23:16:20,866 ] 88 root - INFO - Hypothesis az_007: float64, float64 
[ 2022-12-12 23:16:20,904 ] 88 root - INFO - Hypothesis az_008: float64, float64 
[ 2022-12-12 23:16:20,941 ] 88 root - INFO - Hypothesis az_009: float64, float64 
[ 2022-12-12 23:16:20,977 ] 88 root - INFO - Hypothesis ba_000: float64, float64 
[ 2022-12-12 23:16:20,987 ] 88 root - INFO - Hypothesis ba_001: float64, float64 
[ 2022-12-12 23:16:20,998 ] 88 root - INFO - Hypothesis ba_002: float64, float64 
[ 2022-12-12 23:16:21,009 ] 88 root - INFO - Hypothesis ba_003: float64, float64 
[ 2022-12-12 23:16:21,019 ] 88 root - INFO - Hypothesis ba_004: float64, float64 
[ 2022-12-12 23:16:21,029 ] 88 root - INFO - Hypothesis ba_005: float64, float64 
[ 2022-12-12 23:16:21,039 ] 88 root - INFO - Hypothesis ba_006: float64, float64 
[ 2022-12-12 23:16:21,050 ] 88 root - INFO - Hypothesis ba_007: float64, float64 
[ 2022-12-12 23:16:21,060 ] 88 root - INFO - Hypothesis ba_008: float64, float64 
[ 2022-12-12 23:16:21,100 ] 88 root - INFO - Hypothesis ba_009: float64, float64 
[ 2022-12-12 23:16:21,139 ] 88 root - INFO - Hypothesis bb_000: float64, float64 
[ 2022-12-12 23:16:21,150 ] 88 root - INFO - Hypothesis bc_000: float64, float64 
[ 2022-12-12 23:16:21,189 ] 88 root - INFO - Hypothesis bd_000: float64, float64 
[ 2022-12-12 23:16:21,233 ] 88 root - INFO - Hypothesis be_000: float64, float64 
[ 2022-12-12 23:16:21,241 ] 88 root - INFO - Hypothesis bf_000: float64, float64 
[ 2022-12-12 23:16:21,280 ] 88 root - INFO - Hypothesis bg_000: float64, float64 
[ 2022-12-12 23:16:21,291 ] 88 root - INFO - Hypothesis bh_000: float64, float64 
[ 2022-12-12 23:16:21,301 ] 88 root - INFO - Hypothesis bi_000: float64, float64 
[ 2022-12-12 23:16:21,312 ] 88 root - INFO - Hypothesis bj_000: float64, float64 
[ 2022-12-12 23:16:21,322 ] 88 root - INFO - Hypothesis bs_000: float64, float64 
[ 2022-12-12 23:16:21,364 ] 88 root - INFO - Hypothesis bt_000: float64, float64 
[ 2022-12-12 23:16:21,375 ] 88 root - INFO - Hypothesis bu_000: float64, float64 
[ 2022-12-12 23:16:21,385 ] 88 root - INFO - Hypothesis bv_000: float64, float64 
[ 2022-12-12 23:16:21,395 ] 88 root - INFO - Hypothesis bx_000: float64, float64 
[ 2022-12-12 23:16:21,406 ] 88 root - INFO - Hypothesis by_000: float64, float64 
[ 2022-12-12 23:16:21,416 ] 88 root - INFO - Hypothesis bz_000: float64, float64 
[ 2022-12-12 23:16:21,425 ] 88 root - INFO - Hypothesis ca_000: float64, float64 
[ 2022-12-12 23:16:21,435 ] 88 root - INFO - Hypothesis cb_000: float64, float64 
[ 2022-12-12 23:16:21,446 ] 88 root - INFO - Hypothesis cc_000: float64, float64 
[ 2022-12-12 23:16:21,456 ] 88 root - INFO - Hypothesis cd_000: float64, float64 
[ 2022-12-12 23:16:21,492 ] 88 root - INFO - Hypothesis ce_000: float64, float64 
[ 2022-12-12 23:16:21,501 ] 88 root - INFO - Hypothesis ci_000: float64, float64 
[ 2022-12-12 23:16:21,511 ] 88 root - INFO - Hypothesis cj_000: float64, float64 
[ 2022-12-12 23:16:21,549 ] 88 root - INFO - Hypothesis ck_000: float64, float64 
[ 2022-12-12 23:16:21,560 ] 88 root - INFO - Hypothesis cl_000: float64, float64 
[ 2022-12-12 23:16:21,598 ] 88 root - INFO - Hypothesis cm_000: float64, float64 
[ 2022-12-12 23:16:21,604 ] 88 root - INFO - Hypothesis cn_000: float64, float64 
[ 2022-12-12 23:16:21,640 ] 88 root - INFO - Hypothesis cn_001: float64, float64 
[ 2022-12-12 23:16:21,677 ] 88 root - INFO - Hypothesis cn_002: float64, float64 
[ 2022-12-12 23:16:21,717 ] 88 root - INFO - Hypothesis cn_003: float64, float64 
[ 2022-12-12 23:16:21,727 ] 88 root - INFO - Hypothesis cn_004: float64, float64 
[ 2022-12-12 23:16:21,738 ] 88 root - INFO - Hypothesis cn_005: float64, float64 
[ 2022-12-12 23:16:21,748 ] 88 root - INFO - Hypothesis cn_006: float64, float64 
[ 2022-12-12 23:16:21,758 ] 88 root - INFO - Hypothesis cn_007: float64, float64 
[ 2022-12-12 23:16:21,800 ] 88 root - INFO - Hypothesis cn_008: float64, float64 
[ 2022-12-12 23:16:21,841 ] 88 root - INFO - Hypothesis cn_009: float64, float64 
[ 2022-12-12 23:16:21,880 ] 88 root - INFO - Hypothesis cp_000: float64, float64 
[ 2022-12-12 23:16:21,887 ] 88 root - INFO - Hypothesis cq_000: float64, float64 
[ 2022-12-12 23:16:21,898 ] 88 root - INFO - Hypothesis cs_000: float64, float64 
[ 2022-12-12 23:16:21,908 ] 88 root - INFO - Hypothesis cs_001: float64, float64 
[ 2022-12-12 23:16:21,917 ] 88 root - INFO - Hypothesis cs_002: float64, float64 
[ 2022-12-12 23:16:21,927 ] 88 root - INFO - Hypothesis cs_003: float64, float64 
[ 2022-12-12 23:16:21,937 ] 88 root - INFO - Hypothesis cs_004: float64, float64 
[ 2022-12-12 23:16:21,947 ] 88 root - INFO - Hypothesis cs_005: float64, float64 
[ 2022-12-12 23:16:21,958 ] 88 root - INFO - Hypothesis cs_006: float64, float64 
[ 2022-12-12 23:16:22,004 ] 88 root - INFO - Hypothesis cs_007: float64, float64 
[ 2022-12-12 23:16:22,017 ] 88 root - INFO - Hypothesis cs_008: float64, float64 
[ 2022-12-12 23:16:22,025 ] 88 root - INFO - Hypothesis cs_009: float64, float64 
[ 2022-12-12 23:16:22,060 ] 88 root - INFO - Hypothesis dd_000: float64, float64 
[ 2022-12-12 23:16:22,070 ] 88 root - INFO - Hypothesis de_000: float64, float64 
[ 2022-12-12 23:16:22,078 ] 88 root - INFO - Hypothesis df_000: float64, float64 
[ 2022-12-12 23:16:22,116 ] 88 root - INFO - Hypothesis dg_000: float64, float64 
[ 2022-12-12 23:16:22,153 ] 88 root - INFO - Hypothesis dh_000: float64, float64 
[ 2022-12-12 23:16:22,191 ] 88 root - INFO - Hypothesis di_000: float64, float64 
[ 2022-12-12 23:16:22,229 ] 88 root - INFO - Hypothesis dj_000: float64, float64 
[ 2022-12-12 23:16:22,266 ] 88 root - INFO - Hypothesis dk_000: float64, float64 
[ 2022-12-12 23:16:22,302 ] 88 root - INFO - Hypothesis dl_000: float64, float64 
[ 2022-12-12 23:16:22,339 ] 88 root - INFO - Hypothesis dm_000: float64, float64 
[ 2022-12-12 23:16:22,375 ] 88 root - INFO - Hypothesis dn_000: float64, float64 
[ 2022-12-12 23:16:22,385 ] 88 root - INFO - Hypothesis do_000: float64, float64 
[ 2022-12-12 23:16:22,395 ] 88 root - INFO - Hypothesis dp_000: float64, float64 
[ 2022-12-12 23:16:22,404 ] 88 root - INFO - Hypothesis dq_000: float64, float64 
[ 2022-12-12 23:16:22,441 ] 88 root - INFO - Hypothesis dr_000: float64, float64 
[ 2022-12-12 23:16:22,478 ] 88 root - INFO - Hypothesis ds_000: float64, float64 
[ 2022-12-12 23:16:22,488 ] 88 root - INFO - Hypothesis dt_000: float64, float64 
[ 2022-12-12 23:16:22,498 ] 88 root - INFO - Hypothesis du_000: float64, float64 
[ 2022-12-12 23:16:22,508 ] 88 root - INFO - Hypothesis dv_000: float64, float64 
[ 2022-12-12 23:16:22,518 ] 88 root - INFO - Hypothesis dx_000: float64, float64 
[ 2022-12-12 23:16:22,557 ] 88 root - INFO - Hypothesis dy_000: float64, float64 
[ 2022-12-12 23:16:22,596 ] 88 root - INFO - Hypothesis dz_000: float64, float64 
[ 2022-12-12 23:16:22,631 ] 88 root - INFO - Hypothesis ea_000: float64, float64 
[ 2022-12-12 23:16:22,667 ] 88 root - INFO - Hypothesis eb_000: float64, float64 
[ 2022-12-12 23:16:22,676 ] 88 root - INFO - Hypothesis ec_00: float64, float64 
[ 2022-12-12 23:16:22,686 ] 88 root - INFO - Hypothesis ed_000: float64, float64 
[ 2022-12-12 23:16:22,694 ] 88 root - INFO - Hypothesis ee_000: float64, float64 
[ 2022-12-12 23:16:22,705 ] 88 root - INFO - Hypothesis ee_001: float64, float64 
[ 2022-12-12 23:16:22,715 ] 88 root - INFO - Hypothesis ee_002: float64, float64 
[ 2022-12-12 23:16:22,726 ] 88 root - INFO - Hypothesis ee_003: float64, float64 
[ 2022-12-12 23:16:22,736 ] 88 root - INFO - Hypothesis ee_004: float64, float64 
[ 2022-12-12 23:16:22,746 ] 88 root - INFO - Hypothesis ee_005: float64, float64 
[ 2022-12-12 23:16:22,756 ] 88 root - INFO - Hypothesis ee_006: float64, float64 
[ 2022-12-12 23:16:22,767 ] 88 root - INFO - Hypothesis ee_007: float64, float64 
[ 2022-12-12 23:16:22,776 ] 88 root - INFO - Hypothesis ee_008: float64, float64 
[ 2022-12-12 23:16:22,785 ] 88 root - INFO - Hypothesis ee_009: float64, float64 
[ 2022-12-12 23:16:22,825 ] 88 root - INFO - Hypothesis ef_000: float64, float64 
[ 2022-12-12 23:16:22,861 ] 88 root - INFO - Hypothesis eg_000: float64, float64 
[ 2022-12-12 23:16:22,896 ] 143 root - INFO - As all column are available in test df hence detecting data drift
[ 2022-12-12 23:16:22,896 ] 88 root - INFO - Hypothesis class: object, object 
[ 2022-12-12 23:16:22,970 ] 88 root - INFO - Hypothesis aa_000: float64, float64 
[ 2022-12-12 23:16:22,977 ] 88 root - INFO - Hypothesis ac_000: float64, float64 
[ 2022-12-12 23:16:22,982 ] 88 root - INFO - Hypothesis ae_000: float64, float64 
[ 2022-12-12 23:16:22,997 ] 88 root - INFO - Hypothesis af_000: float64, float64 
[ 2022-12-12 23:16:23,013 ] 88 root - INFO - Hypothesis ag_000: float64, float64 
[ 2022-12-12 23:16:23,028 ] 88 root - INFO - Hypothesis ag_001: float64, float64 
[ 2022-12-12 23:16:23,044 ] 88 root - INFO - Hypothesis ag_002: float64, float64 
[ 2022-12-12 23:16:23,059 ] 88 root - INFO - Hypothesis ag_003: float64, float64 
[ 2022-12-12 23:16:23,063 ] 88 root - INFO - Hypothesis ag_004: float64, float64 
[ 2022-12-12 23:16:23,070 ] 88 root - INFO - Hypothesis ag_005: float64, float64 
[ 2022-12-12 23:16:23,077 ] 88 root - INFO - Hypothesis ag_006: float64, float64 
[ 2022-12-12 23:16:23,085 ] 88 root - INFO - Hypothesis ag_007: float64, float64 
[ 2022-12-12 23:16:23,091 ] 88 root - INFO - Hypothesis ag_008: float64, float64 
[ 2022-12-12 23:16:23,097 ] 88 root - INFO - Hypothesis ag_009: float64, float64 
[ 2022-12-12 23:16:23,114 ] 88 root - INFO - Hypothesis ah_000: float64, float64 
[ 2022-12-12 23:16:23,121 ] 88 root - INFO - Hypothesis ai_000: float64, float64 
[ 2022-12-12 23:16:23,137 ] 88 root - INFO - Hypothesis aj_000: float64, float64 
[ 2022-12-12 23:16:23,141 ] 88 root - INFO - Hypothesis ak_000: float64, float64 
[ 2022-12-12 23:16:23,158 ] 88 root - INFO - Hypothesis al_000: float64, float64 
[ 2022-12-12 23:16:23,163 ] 88 root - INFO - Hypothesis am_0: float64, float64 
[ 2022-12-12 23:16:23,168 ] 88 root - INFO - Hypothesis an_000: float64, float64 
[ 2022-12-12 23:16:23,175 ] 88 root - INFO - Hypothesis ao_000: float64, float64 
[ 2022-12-12 23:16:23,182 ] 88 root - INFO - Hypothesis ap_000: float64, float64 
[ 2022-12-12 23:16:23,189 ] 88 root - INFO - Hypothesis aq_000: float64, float64 
[ 2022-12-12 23:16:23,196 ] 88 root - INFO - Hypothesis ar_000: float64, float64 
[ 2022-12-12 23:16:23,211 ] 88 root - INFO - Hypothesis as_000: float64, float64 
[ 2022-12-12 23:16:23,227 ] 88 root - INFO - Hypothesis at_000: float64, float64 
[ 2022-12-12 23:16:23,231 ] 88 root - INFO - Hypothesis au_000: float64, float64 
[ 2022-12-12 23:16:23,246 ] 88 root - INFO - Hypothesis av_000: float64, float64 
[ 2022-12-12 23:16:23,252 ] 88 root - INFO - Hypothesis ax_000: float64, float64 
[ 2022-12-12 23:16:23,257 ] 88 root - INFO - Hypothesis ay_000: float64, float64 
[ 2022-12-12 23:16:23,272 ] 88 root - INFO - Hypothesis ay_001: float64, float64 
[ 2022-12-12 23:16:23,287 ] 88 root - INFO - Hypothesis ay_002: float64, float64 
[ 2022-12-12 23:16:23,302 ] 88 root - INFO - Hypothesis ay_003: float64, float64 
[ 2022-12-12 23:16:23,317 ] 88 root - INFO - Hypothesis ay_004: float64, float64 
[ 2022-12-12 23:16:23,332 ] 88 root - INFO - Hypothesis ay_005: float64, float64 
[ 2022-12-12 23:16:23,337 ] 88 root - INFO - Hypothesis ay_006: float64, float64 
[ 2022-12-12 23:16:23,343 ] 88 root - INFO - Hypothesis ay_007: float64, float64 
[ 2022-12-12 23:16:23,350 ] 88 root - INFO - Hypothesis ay_008: float64, float64 
[ 2022-12-12 23:16:23,357 ] 88 root - INFO - Hypothesis ay_009: float64, float64 
[ 2022-12-12 23:16:23,372 ] 88 root - INFO - Hypothesis az_000: float64, float64 
[ 2022-12-12 23:16:23,378 ] 88 root - INFO - Hypothesis az_001: float64, float64 
[ 2022-12-12 23:16:23,385 ] 88 root - INFO - Hypothesis az_002: float64, float64 
[ 2022-12-12 23:16:23,391 ] 88 root - INFO - Hypothesis az_003: float64, float64 
[ 2022-12-12 23:16:23,398 ] 88 root - INFO - Hypothesis az_004: float64, float64 
[ 2022-12-12 23:16:23,405 ] 88 root - INFO - Hypothesis az_005: float64, float64 
[ 2022-12-12 23:16:23,412 ] 88 root - INFO - Hypothesis az_006: float64, float64 
[ 2022-12-12 23:16:23,418 ] 88 root - INFO - Hypothesis az_007: float64, float64 
[ 2022-12-12 23:16:23,422 ] 88 root - INFO - Hypothesis az_008: float64, float64 
[ 2022-12-12 23:16:23,438 ] 88 root - INFO - Hypothesis az_009: float64, float64 
[ 2022-12-12 23:16:23,453 ] 88 root - INFO - Hypothesis ba_000: float64, float64 
[ 2022-12-12 23:16:23,460 ] 88 root - INFO - Hypothesis ba_001: float64, float64 
[ 2022-12-12 23:16:23,467 ] 88 root - INFO - Hypothesis ba_002: float64, float64 
[ 2022-12-12 23:16:23,474 ] 88 root - INFO - Hypothesis ba_003: float64, float64 
[ 2022-12-12 23:16:23,481 ] 88 root - INFO - Hypothesis ba_004: float64, float64 
[ 2022-12-12 23:16:23,488 ] 88 root - INFO - Hypothesis ba_005: float64, float64 
[ 2022-12-12 23:16:23,494 ] 88 root - INFO - Hypothesis ba_006: float64, float64 
[ 2022-12-12 23:16:23,501 ] 88 root - INFO - Hypothesis ba_007: float64, float64 
[ 2022-12-12 23:16:23,507 ] 88 root - INFO - Hypothesis ba_008: float64, float64 
[ 2022-12-12 23:16:23,513 ] 88 root - INFO - Hypothesis ba_009: float64, float64 
[ 2022-12-12 23:16:23,517 ] 88 root - INFO - Hypothesis bb_000: float64, float64 
[ 2022-12-12 23:16:23,525 ] 88 root - INFO - Hypothesis bc_000: float64, float64 
[ 2022-12-12 23:16:23,530 ] 88 root - INFO - Hypothesis bd_000: float64, float64 
[ 2022-12-12 23:16:23,535 ] 88 root - INFO - Hypothesis be_000: float64, float64 
[ 2022-12-12 23:16:23,541 ] 88 root - INFO - Hypothesis bf_000: float64, float64 
[ 2022-12-12 23:16:23,546 ] 88 root - INFO - Hypothesis bg_000: float64, float64 
[ 2022-12-12 23:16:23,553 ] 88 root - INFO - Hypothesis bh_000: float64, float64 
[ 2022-12-12 23:16:23,560 ] 88 root - INFO - Hypothesis bi_000: float64, float64 
[ 2022-12-12 23:16:23,567 ] 88 root - INFO - Hypothesis bj_000: float64, float64 
[ 2022-12-12 23:16:23,575 ] 88 root - INFO - Hypothesis bs_000: float64, float64 
[ 2022-12-12 23:16:23,582 ] 88 root - INFO - Hypothesis bt_000: float64, float64 
[ 2022-12-12 23:16:23,589 ] 88 root - INFO - Hypothesis bu_000: float64, float64 
[ 2022-12-12 23:16:23,596 ] 88 root - INFO - Hypothesis bv_000: float64, float64 
[ 2022-12-12 23:16:23,603 ] 88 root - INFO - Hypothesis bx_000: float64, float64 
[ 2022-12-12 23:16:23,610 ] 88 root - INFO - Hypothesis by_000: float64, float64 
[ 2022-12-12 23:16:23,617 ] 88 root - INFO - Hypothesis bz_000: float64, float64 
[ 2022-12-12 23:16:23,623 ] 88 root - INFO - Hypothesis ca_000: float64, float64 
[ 2022-12-12 23:16:23,630 ] 88 root - INFO - Hypothesis cb_000: float64, float64 
[ 2022-12-12 23:16:23,637 ] 88 root - INFO - Hypothesis cc_000: float64, float64 
[ 2022-12-12 23:16:23,644 ] 88 root - INFO - Hypothesis cd_000: float64, float64 
[ 2022-12-12 23:16:23,659 ] 88 root - INFO - Hypothesis ce_000: float64, float64 
[ 2022-12-12 23:16:23,665 ] 88 root - INFO - Hypothesis ci_000: float64, float64 
[ 2022-12-12 23:16:23,672 ] 88 root - INFO - Hypothesis cj_000: float64, float64 
[ 2022-12-12 23:16:23,676 ] 88 root - INFO - Hypothesis ck_000: float64, float64 
[ 2022-12-12 23:16:23,683 ] 88 root - INFO - Hypothesis cl_000: float64, float64 
[ 2022-12-12 23:16:23,687 ] 88 root - INFO - Hypothesis cm_000: float64, float64 
[ 2022-12-12 23:16:23,692 ] 88 root - INFO - Hypothesis cn_000: float64, float64 
[ 2022-12-12 23:16:23,709 ] 88 root - INFO - Hypothesis cn_001: float64, float64 
[ 2022-12-12 23:16:23,725 ] 88 root - INFO - Hypothesis cn_002: float64, float64 
[ 2022-12-12 23:16:23,731 ] 88 root - INFO - Hypothesis cn_003: float64, float64 
[ 2022-12-12 23:16:23,738 ] 88 root - INFO - Hypothesis cn_004: float64, float64 
[ 2022-12-12 23:16:23,745 ] 88 root - INFO - Hypothesis cn_005: float64, float64 
[ 2022-12-12 23:16:23,752 ] 88 root - INFO - Hypothesis cn_006: float64, float64 
[ 2022-12-12 23:16:23,759 ] 88 root - INFO - Hypothesis cn_007: float64, float64 
[ 2022-12-12 23:16:23,765 ] 88 root - INFO - Hypothesis cn_008: float64, float64 
[ 2022-12-12 23:16:23,771 ] 88 root - INFO - Hypothesis cn_009: float64, float64 
[ 2022-12-12 23:16:23,776 ] 88 root - INFO - Hypothesis cp_000: float64, float64 
[ 2022-12-12 23:16:23,782 ] 88 root - INFO - Hypothesis cq_000: float64, float64 
[ 2022-12-12 23:16:23,789 ] 88 root - INFO - Hypothesis cs_000: float64, float64 
[ 2022-12-12 23:16:23,795 ] 88 root - INFO - Hypothesis cs_001: float64, float64 
[ 2022-12-12 23:16:23,801 ] 88 root - INFO - Hypothesis cs_002: float64, float64 
[ 2022-12-12 23:16:23,808 ] 88 root - INFO - Hypothesis cs_003: float64, float64 
[ 2022-12-12 23:16:23,815 ] 88 root - INFO - Hypothesis cs_004: float64, float64 
[ 2022-12-12 23:16:23,822 ] 88 root - INFO - Hypothesis cs_005: float64, float64 
[ 2022-12-12 23:16:23,830 ] 88 root - INFO - Hypothesis cs_006: float64, float64 
[ 2022-12-12 23:16:23,837 ] 88 root - INFO - Hypothesis cs_007: float64, float64 
[ 2022-12-12 23:16:23,843 ] 88 root - INFO - Hypothesis cs_008: float64, float64 
[ 2022-12-12 23:16:23,849 ] 88 root - INFO - Hypothesis cs_009: float64, float64 
[ 2022-12-12 23:16:23,864 ] 88 root - INFO - Hypothesis dd_000: float64, float64 
[ 2022-12-12 23:16:23,870 ] 88 root - INFO - Hypothesis de_000: float64, float64 
[ 2022-12-12 23:16:23,876 ] 88 root - INFO - Hypothesis df_000: float64, float64 
[ 2022-12-12 23:16:23,891 ] 88 root - INFO - Hypothesis dg_000: float64, float64 
[ 2022-12-12 23:16:23,906 ] 88 root - INFO - Hypothesis dh_000: float64, float64 
[ 2022-12-12 23:16:23,922 ] 88 root - INFO - Hypothesis di_000: float64, float64 
[ 2022-12-12 23:16:23,938 ] 88 root - INFO - Hypothesis dj_000: float64, float64 
[ 2022-12-12 23:16:23,953 ] 88 root - INFO - Hypothesis dk_000: float64, float64 
[ 2022-12-12 23:16:23,968 ] 88 root - INFO - Hypothesis dl_000: float64, float64 
[ 2022-12-12 23:16:23,984 ] 88 root - INFO - Hypothesis dm_000: float64, float64 
[ 2022-12-12 23:16:24,000 ] 88 root - INFO - Hypothesis dn_000: float64, float64 
[ 2022-12-12 23:16:24,007 ] 88 root - INFO - Hypothesis do_000: float64, float64 
[ 2022-12-12 23:16:24,013 ] 88 root - INFO - Hypothesis dp_000: float64, float64 
[ 2022-12-12 23:16:24,019 ] 88 root - INFO - Hypothesis dq_000: float64, float64 
[ 2022-12-12 23:16:24,024 ] 88 root - INFO - Hypothesis dr_000: float64, float64 
[ 2022-12-12 23:16:24,028 ] 88 root - INFO - Hypothesis ds_000: float64, float64 
[ 2022-12-12 23:16:24,035 ] 88 root - INFO - Hypothesis dt_000: float64, float64 
[ 2022-12-12 23:16:24,041 ] 88 root - INFO - Hypothesis du_000: float64, float64 
[ 2022-12-12 23:16:24,048 ] 88 root - INFO - Hypothesis dv_000: float64, float64 
[ 2022-12-12 23:16:24,055 ] 88 root - INFO - Hypothesis dx_000: float64, float64 
[ 2022-12-12 23:16:24,060 ] 88 root - INFO - Hypothesis dy_000: float64, float64 
[ 2022-12-12 23:16:24,065 ] 88 root - INFO - Hypothesis dz_000: float64, float64 
[ 2022-12-12 23:16:24,080 ] 88 root - INFO - Hypothesis ea_000: float64, float64 
[ 2022-12-12 23:16:24,097 ] 88 root - INFO - Hypothesis eb_000: float64, float64 
[ 2022-12-12 23:16:24,103 ] 88 root - INFO - Hypothesis ec_00: float64, float64 
[ 2022-12-12 23:16:24,110 ] 88 root - INFO - Hypothesis ed_000: float64, float64 
[ 2022-12-12 23:16:24,116 ] 88 root - INFO - Hypothesis ee_000: float64, float64 
[ 2022-12-12 23:16:24,124 ] 88 root - INFO - Hypothesis ee_001: float64, float64 
[ 2022-12-12 23:16:24,131 ] 88 root - INFO - Hypothesis ee_002: float64, float64 
[ 2022-12-12 23:16:24,138 ] 88 root - INFO - Hypothesis ee_003: float64, float64 
[ 2022-12-12 23:16:24,144 ] 88 root - INFO - Hypothesis ee_004: float64, float64 
[ 2022-12-12 23:16:24,151 ] 88 root - INFO - Hypothesis ee_005: float64, float64 
[ 2022-12-12 23:16:24,158 ] 88 root - INFO - Hypothesis ee_006: float64, float64 
[ 2022-12-12 23:16:24,165 ] 88 root - INFO - Hypothesis ee_007: float64, float64 
[ 2022-12-12 23:16:24,171 ] 88 root - INFO - Hypothesis ee_008: float64, float64 
[ 2022-12-12 23:16:24,177 ] 88 root - INFO - Hypothesis ee_009: float64, float64 
[ 2022-12-12 23:16:24,182 ] 88 root - INFO - Hypothesis ef_000: float64, float64 
[ 2022-12-12 23:16:24,200 ] 88 root - INFO - Hypothesis eg_000: float64, float64 
[ 2022-12-12 23:16:24,215 ] 147 root - INFO - Write reprt in yaml file
[ 2022-12-12 23:16:24,286 ] 152 root - INFO - Data validation artifact: DataValidationArtifact(report_file_path='/config/workspace/artifact/12122022__231559/data_validation/report.yaml')
[ 2022-12-12 23:16:24,288 ] 24 root - INFO - >>>>>>>>>>>>>>>>>>>>>>>>>>>>>>>>>>>>>>>> Data Transformation <<<<<<<<<<<<<<<<<<<<<<<<<<<<<<<<<<<<<<<<
[ 2022-12-12 23:16:25,172 ] 75 root - INFO - Before resampling in training set Input: (28950, 170) Target:(28950,)
