[ 2022-12-13 23:35:53,711 ] 15 root - INFO - >>>>>>>>>>>>>>>>>>>>>>>>>>>>>>>>>>>>>>>> Data Ingestion <<<<<<<<<<<<<<<<<<<<<<<<<<<<<<<<<<<<<<<<
[ 2022-12-13 23:35:53,712 ] 22 root - INFO - Exporting collection data as pandas dataframe
[ 2022-12-13 23:35:53,712 ] 21 root - INFO - Reading data from database: aps and collection: sensor
[ 2022-12-13 23:35:57,600 ] 23 root - INFO - Found columns: Index(['_id', 'class', 'aa_000', 'ab_000', 'ac_000', 'ad_000', 'ae_000',
       'af_000', 'ag_000', 'ag_001',
       ...
       'ee_002', 'ee_003', 'ee_004', 'ee_005', 'ee_006', 'ee_007', 'ee_008',
       'ee_009', 'ef_000', 'eg_000'],
      dtype='object', length=172)
[ 2022-12-13 23:35:57,601 ] 25 root - INFO - Dropping column: _id 
[ 2022-12-13 23:35:57,800 ] 27 root - INFO - Row and columns in df: (36188, 171)
[ 2022-12-13 23:35:57,801 ] 28 root - INFO - Save data in feature store
[ 2022-12-13 23:35:58,406 ] 34 root - INFO - Create feature store folder if not available
[ 2022-12-13 23:35:58,406 ] 38 root - INFO - Save df to feature store folder
[ 2022-12-13 23:36:01,491 ] 43 root - INFO - split dataset into train and test set
[ 2022-12-13 23:36:02,190 ] 47 root - INFO - create dataset directory folder if not available
[ 2022-12-13 23:36:02,190 ] 52 root - INFO - Save df to feature store folder
[ 2022-12-13 23:36:04,470 ] 64 root - INFO - Data ingestion artifact: DataIngestionArtifact(feature_store_file_path='/config/workspace/artifact/12132022__233553/data_ingestion/feature_store/sensor.csv', train_file_path='/config/workspace/artifact/12132022__233553/data_ingestion/dataset/train.csv', test_file_path='/config/workspace/artifact/12132022__233553/data_ingestion/dataset/test.csv')
[ 2022-12-13 23:36:04,832 ] 22 root - INFO - >>>>>>>>>>>>>>>>>>>>>>>>>>>>>>>>>>>>>>>> Data Validation <<<<<<<<<<<<<<<<<<<<<<<<<<<<<<<<<<<<<<<<
[ 2022-12-13 23:36:04,832 ] 110 root - INFO - Reading base dataframe
[ 2022-12-13 23:36:07,961 ] 113 root - INFO - Replace na value in base df
[ 2022-12-13 23:36:07,961 ] 115 root - INFO - Drop null values colums from base df
[ 2022-12-13 23:36:08,918 ] 44 root - INFO - selecting column name which contains null above to 0.2
[ 2022-12-13 23:36:08,920 ] 47 root - INFO - Columns to drop: ['ab_000', 'ad_000', 'bk_000', 'bl_000', 'bm_000', 'bn_000', 'bo_000', 'bp_000', 'bq_000', 'br_000', 'cf_000', 'cg_000', 'ch_000', 'co_000', 'cr_000', 'ct_000', 'cu_000', 'cv_000', 'cx_000', 'cy_000', 'cz_000', 'da_000', 'db_000', 'dc_000']
[ 2022-12-13 23:36:09,033 ] 118 root - INFO - Reading train dataframe
[ 2022-12-13 23:36:09,466 ] 120 root - INFO - Reading test dataframe
[ 2022-12-13 23:36:09,594 ] 123 root - INFO - Drop null values colums from train df
[ 2022-12-13 23:36:09,607 ] 44 root - INFO - selecting column name which contains null above to 0.2
[ 2022-12-13 23:36:09,608 ] 47 root - INFO - Columns to drop: ['ab_000', 'ad_000', 'bk_000', 'bl_000', 'bm_000', 'bn_000', 'bo_000', 'bp_000', 'bq_000', 'br_000', 'cf_000', 'cg_000', 'ch_000', 'co_000', 'cr_000', 'ct_000', 'cu_000', 'cv_000', 'cx_000', 'cy_000', 'cz_000', 'da_000', 'db_000', 'dc_000']
[ 2022-12-13 23:36:09,622 ] 125 root - INFO - Drop null values colums from test df
[ 2022-12-13 23:36:09,628 ] 44 root - INFO - selecting column name which contains null above to 0.2
[ 2022-12-13 23:36:09,629 ] 47 root - INFO - Columns to drop: ['ab_000', 'ad_000', 'bk_000', 'bl_000', 'bm_000', 'bn_000', 'bo_000', 'bp_000', 'bq_000', 'br_000', 'cf_000', 'cg_000', 'ch_000', 'co_000', 'cr_000', 'ct_000', 'cu_000', 'cv_000', 'cx_000', 'cy_000', 'cz_000', 'da_000', 'db_000', 'dc_000']
[ 2022-12-13 23:36:16,202 ] 134 root - INFO - Is all required columns present in train df
[ 2022-12-13 23:36:16,203 ] 136 root - INFO - Is all required columns present in test df
[ 2022-12-13 23:36:16,204 ] 140 root - INFO - As all column are available in train df hence detecting data drift
[ 2022-12-13 23:36:16,205 ] 88 root - INFO - Hypothesis class: object, object 
[ 2022-12-13 23:36:16,353 ] 88 root - INFO - Hypothesis aa_000: float64, float64 
[ 2022-12-13 23:36:16,365 ] 88 root - INFO - Hypothesis ac_000: float64, float64 
[ 2022-12-13 23:36:16,374 ] 88 root - INFO - Hypothesis ae_000: float64, float64 
[ 2022-12-13 23:36:16,417 ] 88 root - INFO - Hypothesis af_000: float64, float64 
[ 2022-12-13 23:36:16,464 ] 88 root - INFO - Hypothesis ag_000: float64, float64 
[ 2022-12-13 23:36:16,507 ] 88 root - INFO - Hypothesis ag_001: float64, float64 
[ 2022-12-13 23:36:16,551 ] 88 root - INFO - Hypothesis ag_002: float64, float64 
[ 2022-12-13 23:36:16,600 ] 88 root - INFO - Hypothesis ag_003: float64, float64 
[ 2022-12-13 23:36:16,607 ] 88 root - INFO - Hypothesis ag_004: float64, float64 
[ 2022-12-13 23:36:16,618 ] 88 root - INFO - Hypothesis ag_005: float64, float64 
[ 2022-12-13 23:36:16,629 ] 88 root - INFO - Hypothesis ag_006: float64, float64 
[ 2022-12-13 23:36:16,641 ] 88 root - INFO - Hypothesis ag_007: float64, float64 
[ 2022-12-13 23:36:16,651 ] 88 root - INFO - Hypothesis ag_008: float64, float64 
[ 2022-12-13 23:36:16,699 ] 88 root - INFO - Hypothesis ag_009: float64, float64 
[ 2022-12-13 23:36:16,707 ] 88 root - INFO - Hypothesis ah_000: float64, float64 
[ 2022-12-13 23:36:16,719 ] 88 root - INFO - Hypothesis ai_000: float64, float64 
[ 2022-12-13 23:36:16,763 ] 88 root - INFO - Hypothesis aj_000: float64, float64 
[ 2022-12-13 23:36:16,809 ] 88 root - INFO - Hypothesis ak_000: float64, float64 
[ 2022-12-13 23:36:16,854 ] 88 root - INFO - Hypothesis al_000: float64, float64 
[ 2022-12-13 23:36:16,863 ] 88 root - INFO - Hypothesis am_0: float64, float64 
[ 2022-12-13 23:36:16,872 ] 88 root - INFO - Hypothesis an_000: float64, float64 
[ 2022-12-13 23:36:16,884 ] 88 root - INFO - Hypothesis ao_000: float64, float64 
[ 2022-12-13 23:36:16,895 ] 88 root - INFO - Hypothesis ap_000: float64, float64 
[ 2022-12-13 23:36:16,947 ] 88 root - INFO - Hypothesis aq_000: float64, float64 
[ 2022-12-13 23:36:16,958 ] 88 root - INFO - Hypothesis ar_000: float64, float64 
[ 2022-12-13 23:36:17,009 ] 88 root - INFO - Hypothesis as_000: float64, float64 
[ 2022-12-13 23:36:17,054 ] 88 root - INFO - Hypothesis at_000: float64, float64 
[ 2022-12-13 23:36:17,099 ] 88 root - INFO - Hypothesis au_000: float64, float64 
[ 2022-12-13 23:36:17,146 ] 88 root - INFO - Hypothesis av_000: float64, float64 
[ 2022-12-13 23:36:17,199 ] 88 root - INFO - Hypothesis ax_000: float64, float64 
[ 2022-12-13 23:36:17,249 ] 88 root - INFO - Hypothesis ay_000: float64, float64 
[ 2022-12-13 23:36:17,293 ] 88 root - INFO - Hypothesis ay_001: float64, float64 
[ 2022-12-13 23:36:17,338 ] 88 root - INFO - Hypothesis ay_002: float64, float64 
[ 2022-12-13 23:36:17,385 ] 88 root - INFO - Hypothesis ay_003: float64, float64 
[ 2022-12-13 23:36:17,429 ] 88 root - INFO - Hypothesis ay_004: float64, float64 
[ 2022-12-13 23:36:17,477 ] 88 root - INFO - Hypothesis ay_005: float64, float64 
[ 2022-12-13 23:36:17,524 ] 88 root - INFO - Hypothesis ay_006: float64, float64 
[ 2022-12-13 23:36:17,534 ] 88 root - INFO - Hypothesis ay_007: float64, float64 
[ 2022-12-13 23:36:17,545 ] 88 root - INFO - Hypothesis ay_008: float64, float64 
[ 2022-12-13 23:36:17,597 ] 88 root - INFO - Hypothesis ay_009: float64, float64 
[ 2022-12-13 23:36:17,640 ] 88 root - INFO - Hypothesis az_000: float64, float64 
[ 2022-12-13 23:36:17,693 ] 88 root - INFO - Hypothesis az_001: float64, float64 
[ 2022-12-13 23:36:17,744 ] 88 root - INFO - Hypothesis az_002: float64, float64 
[ 2022-12-13 23:36:17,794 ] 88 root - INFO - Hypothesis az_003: float64, float64 
[ 2022-12-13 23:36:17,849 ] 88 root - INFO - Hypothesis az_004: float64, float64 
[ 2022-12-13 23:36:17,901 ] 88 root - INFO - Hypothesis az_005: float64, float64 
[ 2022-12-13 23:36:17,956 ] 88 root - INFO - Hypothesis az_006: float64, float64 
[ 2022-12-13 23:36:17,966 ] 88 root - INFO - Hypothesis az_007: float64, float64 
[ 2022-12-13 23:36:18,013 ] 88 root - INFO - Hypothesis az_008: float64, float64 
[ 2022-12-13 23:36:18,058 ] 88 root - INFO - Hypothesis az_009: float64, float64 
[ 2022-12-13 23:36:18,102 ] 88 root - INFO - Hypothesis ba_000: float64, float64 
[ 2022-12-13 23:36:18,114 ] 88 root - INFO - Hypothesis ba_001: float64, float64 
[ 2022-12-13 23:36:18,125 ] 88 root - INFO - Hypothesis ba_002: float64, float64 
[ 2022-12-13 23:36:18,136 ] 88 root - INFO - Hypothesis ba_003: float64, float64 
[ 2022-12-13 23:36:18,188 ] 88 root - INFO - Hypothesis ba_004: float64, float64 
[ 2022-12-13 23:36:18,239 ] 88 root - INFO - Hypothesis ba_005: float64, float64 
[ 2022-12-13 23:36:18,290 ] 88 root - INFO - Hypothesis ba_006: float64, float64 
[ 2022-12-13 23:36:18,301 ] 88 root - INFO - Hypothesis ba_007: float64, float64 
[ 2022-12-13 23:36:18,312 ] 88 root - INFO - Hypothesis ba_008: float64, float64 
[ 2022-12-13 23:36:18,361 ] 88 root - INFO - Hypothesis ba_009: float64, float64 
[ 2022-12-13 23:36:18,370 ] 88 root - INFO - Hypothesis bb_000: float64, float64 
[ 2022-12-13 23:36:18,422 ] 88 root - INFO - Hypothesis bc_000: float64, float64 
[ 2022-12-13 23:36:18,472 ] 88 root - INFO - Hypothesis bd_000: float64, float64 
[ 2022-12-13 23:36:18,520 ] 88 root - INFO - Hypothesis be_000: float64, float64 
[ 2022-12-13 23:36:18,529 ] 88 root - INFO - Hypothesis bf_000: float64, float64 
[ 2022-12-13 23:36:18,576 ] 88 root - INFO - Hypothesis bg_000: float64, float64 
[ 2022-12-13 23:36:18,587 ] 88 root - INFO - Hypothesis bh_000: float64, float64 
[ 2022-12-13 23:36:18,598 ] 88 root - INFO - Hypothesis bi_000: float64, float64 
[ 2022-12-13 23:36:18,649 ] 88 root - INFO - Hypothesis bj_000: float64, float64 
[ 2022-12-13 23:36:18,660 ] 88 root - INFO - Hypothesis bs_000: float64, float64 
[ 2022-12-13 23:36:18,712 ] 88 root - INFO - Hypothesis bt_000: float64, float64 
[ 2022-12-13 23:36:18,724 ] 88 root - INFO - Hypothesis bu_000: float64, float64 
[ 2022-12-13 23:36:18,777 ] 88 root - INFO - Hypothesis bv_000: float64, float64 
[ 2022-12-13 23:36:18,831 ] 88 root - INFO - Hypothesis bx_000: float64, float64 
[ 2022-12-13 23:36:18,843 ] 88 root - INFO - Hypothesis by_000: float64, float64 
[ 2022-12-13 23:36:18,854 ] 88 root - INFO - Hypothesis bz_000: float64, float64 
[ 2022-12-13 23:36:18,906 ] 88 root - INFO - Hypothesis ca_000: float64, float64 
[ 2022-12-13 23:36:18,956 ] 88 root - INFO - Hypothesis cb_000: float64, float64 
[ 2022-12-13 23:36:19,009 ] 88 root - INFO - Hypothesis cc_000: float64, float64 
[ 2022-12-13 23:36:19,020 ] 88 root - INFO - Hypothesis cd_000: float64, float64 
[ 2022-12-13 23:36:19,066 ] 88 root - INFO - Hypothesis ce_000: float64, float64 
[ 2022-12-13 23:36:19,076 ] 88 root - INFO - Hypothesis ci_000: float64, float64 
[ 2022-12-13 23:36:19,088 ] 88 root - INFO - Hypothesis cj_000: float64, float64 
[ 2022-12-13 23:36:19,133 ] 88 root - INFO - Hypothesis ck_000: float64, float64 
[ 2022-12-13 23:36:19,184 ] 88 root - INFO - Hypothesis cl_000: float64, float64 
[ 2022-12-13 23:36:19,232 ] 88 root - INFO - Hypothesis cm_000: float64, float64 
[ 2022-12-13 23:36:19,280 ] 88 root - INFO - Hypothesis cn_000: float64, float64 
[ 2022-12-13 23:36:19,325 ] 88 root - INFO - Hypothesis cn_001: float64, float64 
[ 2022-12-13 23:36:19,332 ] 88 root - INFO - Hypothesis cn_002: float64, float64 
[ 2022-12-13 23:36:19,341 ] 88 root - INFO - Hypothesis cn_003: float64, float64 
[ 2022-12-13 23:36:19,352 ] 88 root - INFO - Hypothesis cn_004: float64, float64 
[ 2022-12-13 23:36:19,364 ] 88 root - INFO - Hypothesis cn_005: float64, float64 
[ 2022-12-13 23:36:19,415 ] 88 root - INFO - Hypothesis cn_006: float64, float64 
[ 2022-12-13 23:36:19,427 ] 88 root - INFO - Hypothesis cn_007: float64, float64 
[ 2022-12-13 23:36:19,438 ] 88 root - INFO - Hypothesis cn_008: float64, float64 
[ 2022-12-13 23:36:19,449 ] 88 root - INFO - Hypothesis cn_009: float64, float64 
[ 2022-12-13 23:36:19,498 ] 88 root - INFO - Hypothesis cp_000: float64, float64 
[ 2022-12-13 23:36:19,546 ] 88 root - INFO - Hypothesis cq_000: float64, float64 
[ 2022-12-13 23:36:19,597 ] 88 root - INFO - Hypothesis cs_000: float64, float64 
[ 2022-12-13 23:36:19,647 ] 88 root - INFO - Hypothesis cs_001: float64, float64 
[ 2022-12-13 23:36:19,694 ] 88 root - INFO - Hypothesis cs_002: float64, float64 
[ 2022-12-13 23:36:19,705 ] 88 root - INFO - Hypothesis cs_003: float64, float64 
[ 2022-12-13 23:36:19,757 ] 88 root - INFO - Hypothesis cs_004: float64, float64 
[ 2022-12-13 23:36:19,769 ] 88 root - INFO - Hypothesis cs_005: float64, float64 
[ 2022-12-13 23:36:19,823 ] 88 root - INFO - Hypothesis cs_006: float64, float64 
[ 2022-12-13 23:36:19,835 ] 88 root - INFO - Hypothesis cs_007: float64, float64 
[ 2022-12-13 23:36:19,887 ] 88 root - INFO - Hypothesis cs_008: float64, float64 
[ 2022-12-13 23:36:19,896 ] 88 root - INFO - Hypothesis cs_009: float64, float64 
[ 2022-12-13 23:36:19,941 ] 88 root - INFO - Hypothesis dd_000: float64, float64 
[ 2022-12-13 23:36:19,951 ] 88 root - INFO - Hypothesis de_000: float64, float64 
[ 2022-12-13 23:36:20,002 ] 88 root - INFO - Hypothesis df_000: float64, float64 
[ 2022-12-13 23:36:20,049 ] 88 root - INFO - Hypothesis dg_000: float64, float64 
[ 2022-12-13 23:36:20,095 ] 88 root - INFO - Hypothesis dh_000: float64, float64 
[ 2022-12-13 23:36:20,101 ] 88 root - INFO - Hypothesis di_000: float64, float64 
[ 2022-12-13 23:36:20,147 ] 88 root - INFO - Hypothesis dj_000: float64, float64 
[ 2022-12-13 23:36:20,196 ] 88 root - INFO - Hypothesis dk_000: float64, float64 
[ 2022-12-13 23:36:20,241 ] 88 root - INFO - Hypothesis dl_000: float64, float64 
[ 2022-12-13 23:36:20,289 ] 88 root - INFO - Hypothesis dm_000: float64, float64 
[ 2022-12-13 23:36:20,334 ] 88 root - INFO - Hypothesis dn_000: float64, float64 
[ 2022-12-13 23:36:20,385 ] 88 root - INFO - Hypothesis do_000: float64, float64 
[ 2022-12-13 23:36:20,395 ] 88 root - INFO - Hypothesis dp_000: float64, float64 
[ 2022-12-13 23:36:20,406 ] 88 root - INFO - Hypothesis dq_000: float64, float64 
[ 2022-12-13 23:36:20,413 ] 88 root - INFO - Hypothesis dr_000: float64, float64 
[ 2022-12-13 23:36:20,420 ] 88 root - INFO - Hypothesis ds_000: float64, float64 
[ 2022-12-13 23:36:20,472 ] 88 root - INFO - Hypothesis dt_000: float64, float64 
[ 2022-12-13 23:36:20,483 ] 88 root - INFO - Hypothesis du_000: float64, float64 
[ 2022-12-13 23:36:20,494 ] 88 root - INFO - Hypothesis dv_000: float64, float64 
[ 2022-12-13 23:36:20,547 ] 88 root - INFO - Hypothesis dx_000: float64, float64 
[ 2022-12-13 23:36:20,597 ] 88 root - INFO - Hypothesis dy_000: float64, float64 
[ 2022-12-13 23:36:20,606 ] 88 root - INFO - Hypothesis dz_000: float64, float64 
[ 2022-12-13 23:36:20,649 ] 88 root - INFO - Hypothesis ea_000: float64, float64 
[ 2022-12-13 23:36:20,693 ] 88 root - INFO - Hypothesis eb_000: float64, float64 
[ 2022-12-13 23:36:20,741 ] 88 root - INFO - Hypothesis ec_00: float64, float64 
[ 2022-12-13 23:36:20,790 ] 88 root - INFO - Hypothesis ed_000: float64, float64 
[ 2022-12-13 23:36:20,840 ] 88 root - INFO - Hypothesis ee_000: float64, float64 
[ 2022-12-13 23:36:20,890 ] 88 root - INFO - Hypothesis ee_001: float64, float64 
[ 2022-12-13 23:36:20,902 ] 88 root - INFO - Hypothesis ee_002: float64, float64 
[ 2022-12-13 23:36:20,954 ] 88 root - INFO - Hypothesis ee_003: float64, float64 
[ 2022-12-13 23:36:20,965 ] 88 root - INFO - Hypothesis ee_004: float64, float64 
[ 2022-12-13 23:36:20,976 ] 88 root - INFO - Hypothesis ee_005: float64, float64 
[ 2022-12-13 23:36:20,987 ] 88 root - INFO - Hypothesis ee_006: float64, float64 
[ 2022-12-13 23:36:21,038 ] 88 root - INFO - Hypothesis ee_007: float64, float64 
[ 2022-12-13 23:36:21,087 ] 88 root - INFO - Hypothesis ee_008: float64, float64 
[ 2022-12-13 23:36:21,136 ] 88 root - INFO - Hypothesis ee_009: float64, float64 
[ 2022-12-13 23:36:21,183 ] 88 root - INFO - Hypothesis ef_000: float64, float64 
[ 2022-12-13 23:36:21,226 ] 88 root - INFO - Hypothesis eg_000: float64, float64 
[ 2022-12-13 23:36:21,270 ] 143 root - INFO - As all column are available in test df hence detecting data drift
[ 2022-12-13 23:36:21,270 ] 88 root - INFO - Hypothesis class: object, object 
[ 2022-12-13 23:36:21,348 ] 88 root - INFO - Hypothesis aa_000: float64, float64 
[ 2022-12-13 23:36:21,356 ] 88 root - INFO - Hypothesis ac_000: float64, float64 
[ 2022-12-13 23:36:21,362 ] 88 root - INFO - Hypothesis ae_000: float64, float64 
[ 2022-12-13 23:36:21,380 ] 88 root - INFO - Hypothesis af_000: float64, float64 
[ 2022-12-13 23:36:21,400 ] 88 root - INFO - Hypothesis ag_000: float64, float64 
[ 2022-12-13 23:36:21,419 ] 88 root - INFO - Hypothesis ag_001: float64, float64 
[ 2022-12-13 23:36:21,438 ] 88 root - INFO - Hypothesis ag_002: float64, float64 
[ 2022-12-13 23:36:21,442 ] 88 root - INFO - Hypothesis ag_003: float64, float64 
[ 2022-12-13 23:36:21,447 ] 88 root - INFO - Hypothesis ag_004: float64, float64 
[ 2022-12-13 23:36:21,455 ] 88 root - INFO - Hypothesis ag_005: float64, float64 
[ 2022-12-13 23:36:21,462 ] 88 root - INFO - Hypothesis ag_006: float64, float64 
[ 2022-12-13 23:36:21,470 ] 88 root - INFO - Hypothesis ag_007: float64, float64 
[ 2022-12-13 23:36:21,477 ] 88 root - INFO - Hypothesis ag_008: float64, float64 
[ 2022-12-13 23:36:21,499 ] 88 root - INFO - Hypothesis ag_009: float64, float64 
[ 2022-12-13 23:36:21,504 ] 88 root - INFO - Hypothesis ah_000: float64, float64 
[ 2022-12-13 23:36:21,512 ] 88 root - INFO - Hypothesis ai_000: float64, float64 
[ 2022-12-13 23:36:21,532 ] 88 root - INFO - Hypothesis aj_000: float64, float64 
[ 2022-12-13 23:36:21,537 ] 88 root - INFO - Hypothesis ak_000: float64, float64 
[ 2022-12-13 23:36:21,541 ] 88 root - INFO - Hypothesis al_000: float64, float64 
[ 2022-12-13 23:36:21,547 ] 88 root - INFO - Hypothesis am_0: float64, float64 
[ 2022-12-13 23:36:21,553 ] 88 root - INFO - Hypothesis an_000: float64, float64 
[ 2022-12-13 23:36:21,560 ] 88 root - INFO - Hypothesis ao_000: float64, float64 
[ 2022-12-13 23:36:21,568 ] 88 root - INFO - Hypothesis ap_000: float64, float64 
[ 2022-12-13 23:36:21,576 ] 88 root - INFO - Hypothesis aq_000: float64, float64 
[ 2022-12-13 23:36:21,584 ] 88 root - INFO - Hypothesis ar_000: float64, float64 
[ 2022-12-13 23:36:21,588 ] 88 root - INFO - Hypothesis as_000: float64, float64 
[ 2022-12-13 23:36:21,607 ] 88 root - INFO - Hypothesis at_000: float64, float64 
[ 2022-12-13 23:36:21,627 ] 88 root - INFO - Hypothesis au_000: float64, float64 
[ 2022-12-13 23:36:21,646 ] 88 root - INFO - Hypothesis av_000: float64, float64 
[ 2022-12-13 23:36:21,653 ] 88 root - INFO - Hypothesis ax_000: float64, float64 
[ 2022-12-13 23:36:21,660 ] 88 root - INFO - Hypothesis ay_000: float64, float64 
[ 2022-12-13 23:36:21,680 ] 88 root - INFO - Hypothesis ay_001: float64, float64 
[ 2022-12-13 23:36:21,699 ] 88 root - INFO - Hypothesis ay_002: float64, float64 
[ 2022-12-13 23:36:21,719 ] 88 root - INFO - Hypothesis ay_003: float64, float64 
[ 2022-12-13 23:36:21,738 ] 88 root - INFO - Hypothesis ay_004: float64, float64 
[ 2022-12-13 23:36:21,758 ] 88 root - INFO - Hypothesis ay_005: float64, float64 
[ 2022-12-13 23:36:21,766 ] 88 root - INFO - Hypothesis ay_006: float64, float64 
[ 2022-12-13 23:36:21,773 ] 88 root - INFO - Hypothesis ay_007: float64, float64 
[ 2022-12-13 23:36:21,781 ] 88 root - INFO - Hypothesis ay_008: float64, float64 
[ 2022-12-13 23:36:21,789 ] 88 root - INFO - Hypothesis ay_009: float64, float64 
[ 2022-12-13 23:36:21,807 ] 88 root - INFO - Hypothesis az_000: float64, float64 
[ 2022-12-13 23:36:21,815 ] 88 root - INFO - Hypothesis az_001: float64, float64 
[ 2022-12-13 23:36:21,823 ] 88 root - INFO - Hypothesis az_002: float64, float64 
[ 2022-12-13 23:36:21,830 ] 88 root - INFO - Hypothesis az_003: float64, float64 
[ 2022-12-13 23:36:21,838 ] 88 root - INFO - Hypothesis az_004: float64, float64 
[ 2022-12-13 23:36:21,846 ] 88 root - INFO - Hypothesis az_005: float64, float64 
[ 2022-12-13 23:36:21,854 ] 88 root - INFO - Hypothesis az_006: float64, float64 
[ 2022-12-13 23:36:21,861 ] 88 root - INFO - Hypothesis az_007: float64, float64 
[ 2022-12-13 23:36:21,866 ] 88 root - INFO - Hypothesis az_008: float64, float64 
[ 2022-12-13 23:36:21,886 ] 88 root - INFO - Hypothesis az_009: float64, float64 
[ 2022-12-13 23:36:21,906 ] 88 root - INFO - Hypothesis ba_000: float64, float64 
[ 2022-12-13 23:36:21,914 ] 88 root - INFO - Hypothesis ba_001: float64, float64 
[ 2022-12-13 23:36:21,922 ] 88 root - INFO - Hypothesis ba_002: float64, float64 
[ 2022-12-13 23:36:21,930 ] 88 root - INFO - Hypothesis ba_003: float64, float64 
[ 2022-12-13 23:36:21,938 ] 88 root - INFO - Hypothesis ba_004: float64, float64 
[ 2022-12-13 23:36:21,945 ] 88 root - INFO - Hypothesis ba_005: float64, float64 
[ 2022-12-13 23:36:21,953 ] 88 root - INFO - Hypothesis ba_006: float64, float64 
[ 2022-12-13 23:36:21,961 ] 88 root - INFO - Hypothesis ba_007: float64, float64 
[ 2022-12-13 23:36:21,968 ] 88 root - INFO - Hypothesis ba_008: float64, float64 
[ 2022-12-13 23:36:21,975 ] 88 root - INFO - Hypothesis ba_009: float64, float64 
[ 2022-12-13 23:36:21,980 ] 88 root - INFO - Hypothesis bb_000: float64, float64 
[ 2022-12-13 23:36:21,988 ] 88 root - INFO - Hypothesis bc_000: float64, float64 
[ 2022-12-13 23:36:21,994 ] 88 root - INFO - Hypothesis bd_000: float64, float64 
[ 2022-12-13 23:36:22,001 ] 88 root - INFO - Hypothesis be_000: float64, float64 
[ 2022-12-13 23:36:22,008 ] 88 root - INFO - Hypothesis bf_000: float64, float64 
[ 2022-12-13 23:36:22,014 ] 88 root - INFO - Hypothesis bg_000: float64, float64 
[ 2022-12-13 23:36:22,028 ] 88 root - INFO - Hypothesis bh_000: float64, float64 
[ 2022-12-13 23:36:22,037 ] 88 root - INFO - Hypothesis bi_000: float64, float64 
[ 2022-12-13 23:36:22,045 ] 88 root - INFO - Hypothesis bj_000: float64, float64 
[ 2022-12-13 23:36:22,053 ] 88 root - INFO - Hypothesis bs_000: float64, float64 
[ 2022-12-13 23:36:22,061 ] 88 root - INFO - Hypothesis bt_000: float64, float64 
[ 2022-12-13 23:36:22,069 ] 88 root - INFO - Hypothesis bu_000: float64, float64 
[ 2022-12-13 23:36:22,077 ] 88 root - INFO - Hypothesis bv_000: float64, float64 
[ 2022-12-13 23:36:22,084 ] 88 root - INFO - Hypothesis bx_000: float64, float64 
[ 2022-12-13 23:36:22,092 ] 88 root - INFO - Hypothesis by_000: float64, float64 
[ 2022-12-13 23:36:22,100 ] 88 root - INFO - Hypothesis bz_000: float64, float64 
[ 2022-12-13 23:36:22,107 ] 88 root - INFO - Hypothesis ca_000: float64, float64 
[ 2022-12-13 23:36:22,114 ] 88 root - INFO - Hypothesis cb_000: float64, float64 
[ 2022-12-13 23:36:22,123 ] 88 root - INFO - Hypothesis cc_000: float64, float64 
[ 2022-12-13 23:36:22,130 ] 88 root - INFO - Hypothesis cd_000: float64, float64 
[ 2022-12-13 23:36:22,149 ] 88 root - INFO - Hypothesis ce_000: float64, float64 
[ 2022-12-13 23:36:22,157 ] 88 root - INFO - Hypothesis ci_000: float64, float64 
[ 2022-12-13 23:36:22,164 ] 88 root - INFO - Hypothesis cj_000: float64, float64 
[ 2022-12-13 23:36:22,169 ] 88 root - INFO - Hypothesis ck_000: float64, float64 
[ 2022-12-13 23:36:22,177 ] 88 root - INFO - Hypothesis cl_000: float64, float64 
[ 2022-12-13 23:36:22,182 ] 88 root - INFO - Hypothesis cm_000: float64, float64 
[ 2022-12-13 23:36:22,188 ] 88 root - INFO - Hypothesis cn_000: float64, float64 
[ 2022-12-13 23:36:22,208 ] 88 root - INFO - Hypothesis cn_001: float64, float64 
[ 2022-12-13 23:36:22,212 ] 88 root - INFO - Hypothesis cn_002: float64, float64 
[ 2022-12-13 23:36:22,219 ] 88 root - INFO - Hypothesis cn_003: float64, float64 
[ 2022-12-13 23:36:22,227 ] 88 root - INFO - Hypothesis cn_004: float64, float64 
[ 2022-12-13 23:36:22,235 ] 88 root - INFO - Hypothesis cn_005: float64, float64 
[ 2022-12-13 23:36:22,243 ] 88 root - INFO - Hypothesis cn_006: float64, float64 
[ 2022-12-13 23:36:22,250 ] 88 root - INFO - Hypothesis cn_007: float64, float64 
[ 2022-12-13 23:36:22,258 ] 88 root - INFO - Hypothesis cn_008: float64, float64 
[ 2022-12-13 23:36:22,265 ] 88 root - INFO - Hypothesis cn_009: float64, float64 
[ 2022-12-13 23:36:22,271 ] 88 root - INFO - Hypothesis cp_000: float64, float64 
[ 2022-12-13 23:36:22,277 ] 88 root - INFO - Hypothesis cq_000: float64, float64 
[ 2022-12-13 23:36:22,285 ] 88 root - INFO - Hypothesis cs_000: float64, float64 
[ 2022-12-13 23:36:22,293 ] 88 root - INFO - Hypothesis cs_001: float64, float64 
[ 2022-12-13 23:36:22,299 ] 88 root - INFO - Hypothesis cs_002: float64, float64 
[ 2022-12-13 23:36:22,307 ] 88 root - INFO - Hypothesis cs_003: float64, float64 
[ 2022-12-13 23:36:22,315 ] 88 root - INFO - Hypothesis cs_004: float64, float64 
[ 2022-12-13 23:36:22,323 ] 88 root - INFO - Hypothesis cs_005: float64, float64 
[ 2022-12-13 23:36:22,331 ] 88 root - INFO - Hypothesis cs_006: float64, float64 
[ 2022-12-13 23:36:22,339 ] 88 root - INFO - Hypothesis cs_007: float64, float64 
[ 2022-12-13 23:36:22,347 ] 88 root - INFO - Hypothesis cs_008: float64, float64 
[ 2022-12-13 23:36:22,353 ] 88 root - INFO - Hypothesis cs_009: float64, float64 
[ 2022-12-13 23:36:22,372 ] 88 root - INFO - Hypothesis dd_000: float64, float64 
[ 2022-12-13 23:36:22,379 ] 88 root - INFO - Hypothesis de_000: float64, float64 
[ 2022-12-13 23:36:22,386 ] 88 root - INFO - Hypothesis df_000: float64, float64 
[ 2022-12-13 23:36:22,390 ] 88 root - INFO - Hypothesis dg_000: float64, float64 
[ 2022-12-13 23:36:22,394 ] 88 root - INFO - Hypothesis dh_000: float64, float64 
[ 2022-12-13 23:36:22,398 ] 88 root - INFO - Hypothesis di_000: float64, float64 
[ 2022-12-13 23:36:22,403 ] 88 root - INFO - Hypothesis dj_000: float64, float64 
[ 2022-12-13 23:36:22,407 ] 88 root - INFO - Hypothesis dk_000: float64, float64 
[ 2022-12-13 23:36:22,411 ] 88 root - INFO - Hypothesis dl_000: float64, float64 
[ 2022-12-13 23:36:22,415 ] 88 root - INFO - Hypothesis dm_000: float64, float64 
[ 2022-12-13 23:36:22,419 ] 88 root - INFO - Hypothesis dn_000: float64, float64 
[ 2022-12-13 23:36:22,431 ] 88 root - INFO - Hypothesis do_000: float64, float64 
[ 2022-12-13 23:36:22,438 ] 88 root - INFO - Hypothesis dp_000: float64, float64 
[ 2022-12-13 23:36:22,445 ] 88 root - INFO - Hypothesis dq_000: float64, float64 
[ 2022-12-13 23:36:22,450 ] 88 root - INFO - Hypothesis dr_000: float64, float64 
[ 2022-12-13 23:36:22,456 ] 88 root - INFO - Hypothesis ds_000: float64, float64 
[ 2022-12-13 23:36:22,463 ] 88 root - INFO - Hypothesis dt_000: float64, float64 
[ 2022-12-13 23:36:22,471 ] 88 root - INFO - Hypothesis du_000: float64, float64 
[ 2022-12-13 23:36:22,478 ] 88 root - INFO - Hypothesis dv_000: float64, float64 
[ 2022-12-13 23:36:22,486 ] 88 root - INFO - Hypothesis dx_000: float64, float64 
[ 2022-12-13 23:36:22,491 ] 88 root - INFO - Hypothesis dy_000: float64, float64 
[ 2022-12-13 23:36:22,497 ] 88 root - INFO - Hypothesis dz_000: float64, float64 
[ 2022-12-13 23:36:22,516 ] 88 root - INFO - Hypothesis ea_000: float64, float64 
[ 2022-12-13 23:36:22,535 ] 88 root - INFO - Hypothesis eb_000: float64, float64 
[ 2022-12-13 23:36:22,542 ] 88 root - INFO - Hypothesis ec_00: float64, float64 
[ 2022-12-13 23:36:22,549 ] 88 root - INFO - Hypothesis ed_000: float64, float64 
[ 2022-12-13 23:36:22,556 ] 88 root - INFO - Hypothesis ee_000: float64, float64 
[ 2022-12-13 23:36:22,564 ] 88 root - INFO - Hypothesis ee_001: float64, float64 
[ 2022-12-13 23:36:22,572 ] 88 root - INFO - Hypothesis ee_002: float64, float64 
[ 2022-12-13 23:36:22,579 ] 88 root - INFO - Hypothesis ee_003: float64, float64 
[ 2022-12-13 23:36:22,587 ] 88 root - INFO - Hypothesis ee_004: float64, float64 
[ 2022-12-13 23:36:22,595 ] 88 root - INFO - Hypothesis ee_005: float64, float64 
[ 2022-12-13 23:36:22,603 ] 88 root - INFO - Hypothesis ee_006: float64, float64 
[ 2022-12-13 23:36:22,610 ] 88 root - INFO - Hypothesis ee_007: float64, float64 
[ 2022-12-13 23:36:22,618 ] 88 root - INFO - Hypothesis ee_008: float64, float64 
[ 2022-12-13 23:36:22,625 ] 88 root - INFO - Hypothesis ee_009: float64, float64 
[ 2022-12-13 23:36:22,631 ] 88 root - INFO - Hypothesis ef_000: float64, float64 
[ 2022-12-13 23:36:22,649 ] 88 root - INFO - Hypothesis eg_000: float64, float64 
[ 2022-12-13 23:36:22,668 ] 147 root - INFO - Write reprt in yaml file
[ 2022-12-13 23:36:22,942 ] 152 root - INFO - Data validation artifact: DataValidationArtifact(report_file_path='/config/workspace/artifact/12132022__233553/data_validation/report.yaml')
[ 2022-12-13 23:36:22,946 ] 24 root - INFO - >>>>>>>>>>>>>>>>>>>>>>>>>>>>>>>>>>>>>>>> Data Transformation <<<<<<<<<<<<<<<<<<<<<<<<<<<<<<<<<<<<<<<<
[ 2022-12-13 23:36:24,004 ] 75 root - INFO - Before resampling in training set Input: (28950, 170) Target:(28950,)
[ 2022-12-13 23:36:30,647 ] 77 root - INFO - After resampling in training set Input: (56140, 170) Target:(56140,)
[ 2022-12-13 23:36:30,648 ] 79 root - INFO - Before resampling in testing set Input: (7238, 170) Target:(7238,)
[ 2022-12-13 23:36:31,280 ] 81 root - INFO - After resampling in testing set Input: (14040, 170) Target:(14040,)
[ 2022-12-13 23:36:31,387 ] 54 root - INFO - Entered the save_object method of utils
[ 2022-12-13 23:36:31,397 ] 58 root - INFO - Exited the save_object method of utils
[ 2022-12-13 23:36:31,397 ] 54 root - INFO - Entered the save_object method of utils
[ 2022-12-13 23:36:31,399 ] 58 root - INFO - Exited the save_object method of utils
[ 2022-12-13 23:36:31,399 ] 112 root - INFO - Data transformation object DataTransformationArtifact(transform_object_path='/config/workspace/artifact/12132022__233553/data_transformation/transformer/transformer.pkl', transformed_train_path='/config/workspace/artifact/12132022__233553/data_transformation/transformed/train.npz', transformed_test_path='/config/workspace/artifact/12132022__233553/data_transformation/transformed/test.npz', target_encoder_path='/config/workspace/artifact/12132022__233553/data_transformation/target_encoder/target_encoder.pkl')
[ 2022-12-13 23:36:31,401 ] 18 root - INFO - >>>>>>>>>>>>>>>>>>>>>>>>>>>>>>>>>>>>>>>> Model Trainer <<<<<<<<<<<<<<<<<<<<<<<<<<<<<<<<<<<<<<<<
[ 2022-12-13 23:36:31,401 ] 45 root - INFO - Loading train and test array.
[ 2022-12-13 23:36:31,449 ] 49 root - INFO - Splitting input and target feature from both train and test arr.
[ 2022-12-13 23:36:31,449 ] 53 root - INFO - Train the model
[ 2022-12-13 23:36:41,749 ] 56 root - INFO - Calculating f1 train score
[ 2022-12-13 23:36:41,803 ] 60 root - INFO - Calculating f1 test score
[ 2022-12-13 23:36:41,823 ] 64 root - INFO - train score:1.0 and tests score 0.9829897650281102
[ 2022-12-13 23:36:41,823 ] 66 root - INFO - Checking if our model is underfitting or not
[ 2022-12-13 23:36:41,823 ] 71 root - INFO - Checking if our model is overfiiting or not
[ 2022-12-13 23:36:41,824 ] 78 root - INFO - Saving mode object
[ 2022-12-13 23:36:41,824 ] 54 root - INFO - Entered the save_object method of utils
[ 2022-12-13 23:36:41,832 ] 58 root - INFO - Exited the save_object method of utils
[ 2022-12-13 23:36:41,832 ] 82 root - INFO - Prepare the artifact
[ 2022-12-13 23:36:41,833 ] 85 root - INFO - Model trainer artifact: ModelTrainerArtifact(model_path='/config/workspace/artifact/12132022__233553/model_trainer/model/model.pkl', f1_train_score=1.0, f1_test_score=0.9829897650281102)
[ 2022-12-13 23:36:41,835 ] 19 root - INFO - >>>>>>>>>>>>>>>>>>>>>>>>>>>>>>>>>>>>>>>>  Model Evaluation <<<<<<<<<<<<<<<<<<<<<<<<<<<<<<<<<<<<<<<<
[ 2022-12-13 23:36:41,835 ] 47 root - INFO - Previous trained objects of transformer, model and target encoder
