[ 2022-12-13 23:30:14,766 ] 15 root - INFO - >>>>>>>>>>>>>>>>>>>>>>>>>>>>>>>>>>>>>>>> Data Ingestion <<<<<<<<<<<<<<<<<<<<<<<<<<<<<<<<<<<<<<<<
[ 2022-12-13 23:30:14,766 ] 22 root - INFO - Exporting collection data as pandas dataframe
[ 2022-12-13 23:30:14,766 ] 21 root - INFO - Reading data from database: aps and collection: sensor
[ 2022-12-13 23:30:18,531 ] 23 root - INFO - Found columns: Index(['_id', 'class', 'aa_000', 'ab_000', 'ac_000', 'ad_000', 'ae_000',
       'af_000', 'ag_000', 'ag_001',
       ...
       'ee_002', 'ee_003', 'ee_004', 'ee_005', 'ee_006', 'ee_007', 'ee_008',
       'ee_009', 'ef_000', 'eg_000'],
      dtype='object', length=172)
[ 2022-12-13 23:30:18,532 ] 25 root - INFO - Dropping column: _id 
[ 2022-12-13 23:30:18,721 ] 27 root - INFO - Row and columns in df: (36188, 171)
[ 2022-12-13 23:30:18,721 ] 28 root - INFO - Save data in feature store
[ 2022-12-13 23:30:19,287 ] 34 root - INFO - Create feature store folder if not available
[ 2022-12-13 23:30:19,288 ] 38 root - INFO - Save df to feature store folder
[ 2022-12-13 23:30:21,686 ] 43 root - INFO - split dataset into train and test set
[ 2022-12-13 23:30:22,276 ] 47 root - INFO - create dataset directory folder if not available
[ 2022-12-13 23:30:22,277 ] 52 root - INFO - Save df to feature store folder
[ 2022-12-13 23:30:24,420 ] 64 root - INFO - Data ingestion artifact: DataIngestionArtifact(feature_store_file_path='/config/workspace/artifact/12132022__233014/data_ingestion/feature_store/sensor.csv', train_file_path='/config/workspace/artifact/12132022__233014/data_ingestion/dataset/train.csv', test_file_path='/config/workspace/artifact/12132022__233014/data_ingestion/dataset/test.csv')
[ 2022-12-13 23:30:24,815 ] 22 root - INFO - >>>>>>>>>>>>>>>>>>>>>>>>>>>>>>>>>>>>>>>> Data Validation <<<<<<<<<<<<<<<<<<<<<<<<<<<<<<<<<<<<<<<<
[ 2022-12-13 23:30:24,815 ] 110 root - INFO - Reading base dataframe
[ 2022-12-13 23:30:27,635 ] 113 root - INFO - Replace na value in base df
[ 2022-12-13 23:30:27,635 ] 115 root - INFO - Drop null values colums from base df
[ 2022-12-13 23:30:28,546 ] 44 root - INFO - selecting column name which contains null above to 0.2
[ 2022-12-13 23:30:28,547 ] 47 root - INFO - Columns to drop: ['ab_000', 'ad_000', 'bk_000', 'bl_000', 'bm_000', 'bn_000', 'bo_000', 'bp_000', 'bq_000', 'br_000', 'cf_000', 'cg_000', 'ch_000', 'co_000', 'cr_000', 'ct_000', 'cu_000', 'cv_000', 'cx_000', 'cy_000', 'cz_000', 'da_000', 'db_000', 'dc_000']
[ 2022-12-13 23:30:28,650 ] 118 root - INFO - Reading train dataframe
[ 2022-12-13 23:30:29,033 ] 120 root - INFO - Reading test dataframe
[ 2022-12-13 23:30:29,130 ] 123 root - INFO - Drop null values colums from train df
[ 2022-12-13 23:30:29,141 ] 44 root - INFO - selecting column name which contains null above to 0.2
[ 2022-12-13 23:30:29,142 ] 47 root - INFO - Columns to drop: ['ab_000', 'ad_000', 'bk_000', 'bl_000', 'bm_000', 'bn_000', 'bo_000', 'bp_000', 'bq_000', 'br_000', 'cf_000', 'cg_000', 'ch_000', 'co_000', 'cr_000', 'ct_000', 'cu_000', 'cv_000', 'cx_000', 'cy_000', 'cz_000', 'da_000', 'db_000', 'dc_000']
[ 2022-12-13 23:30:29,152 ] 125 root - INFO - Drop null values colums from test df
[ 2022-12-13 23:30:29,156 ] 44 root - INFO - selecting column name which contains null above to 0.2
[ 2022-12-13 23:30:29,157 ] 47 root - INFO - Columns to drop: ['ab_000', 'ad_000', 'bk_000', 'bl_000', 'bm_000', 'bn_000', 'bo_000', 'bp_000', 'bq_000', 'br_000', 'cf_000', 'cg_000', 'ch_000', 'co_000', 'cr_000', 'ct_000', 'cu_000', 'cv_000', 'cx_000', 'cy_000', 'cz_000', 'da_000', 'db_000', 'dc_000']
[ 2022-12-13 23:30:35,009 ] 134 root - INFO - Is all required columns present in train df
[ 2022-12-13 23:30:35,009 ] 136 root - INFO - Is all required columns present in test df
[ 2022-12-13 23:30:35,009 ] 140 root - INFO - As all column are available in train df hence detecting data drift
[ 2022-12-13 23:30:35,010 ] 88 root - INFO - Hypothesis class: object, object 
[ 2022-12-13 23:30:35,142 ] 88 root - INFO - Hypothesis aa_000: float64, float64 
[ 2022-12-13 23:30:35,183 ] 88 root - INFO - Hypothesis ac_000: float64, float64 
[ 2022-12-13 23:30:35,192 ] 88 root - INFO - Hypothesis ae_000: float64, float64 
[ 2022-12-13 23:30:35,227 ] 88 root - INFO - Hypothesis af_000: float64, float64 
[ 2022-12-13 23:30:35,264 ] 88 root - INFO - Hypothesis ag_000: float64, float64 
[ 2022-12-13 23:30:35,298 ] 88 root - INFO - Hypothesis ag_001: float64, float64 
[ 2022-12-13 23:30:35,334 ] 88 root - INFO - Hypothesis ag_002: float64, float64 
[ 2022-12-13 23:30:35,370 ] 88 root - INFO - Hypothesis ag_003: float64, float64 
[ 2022-12-13 23:30:35,376 ] 88 root - INFO - Hypothesis ag_004: float64, float64 
[ 2022-12-13 23:30:35,418 ] 88 root - INFO - Hypothesis ag_005: float64, float64 
[ 2022-12-13 23:30:35,459 ] 88 root - INFO - Hypothesis ag_006: float64, float64 
[ 2022-12-13 23:30:35,502 ] 88 root - INFO - Hypothesis ag_007: float64, float64 
[ 2022-12-13 23:30:35,545 ] 88 root - INFO - Hypothesis ag_008: float64, float64 
[ 2022-12-13 23:30:35,586 ] 88 root - INFO - Hypothesis ag_009: float64, float64 
[ 2022-12-13 23:30:35,626 ] 88 root - INFO - Hypothesis ah_000: float64, float64 
[ 2022-12-13 23:30:35,668 ] 88 root - INFO - Hypothesis ai_000: float64, float64 
[ 2022-12-13 23:30:35,704 ] 88 root - INFO - Hypothesis aj_000: float64, float64 
[ 2022-12-13 23:30:35,742 ] 88 root - INFO - Hypothesis ak_000: float64, float64 
[ 2022-12-13 23:30:35,778 ] 88 root - INFO - Hypothesis al_000: float64, float64 
[ 2022-12-13 23:30:35,785 ] 88 root - INFO - Hypothesis am_0: float64, float64 
[ 2022-12-13 23:30:35,792 ] 88 root - INFO - Hypothesis an_000: float64, float64 
[ 2022-12-13 23:30:35,835 ] 88 root - INFO - Hypothesis ao_000: float64, float64 
[ 2022-12-13 23:30:35,879 ] 88 root - INFO - Hypothesis ap_000: float64, float64 
[ 2022-12-13 23:30:35,923 ] 88 root - INFO - Hypothesis aq_000: float64, float64 
[ 2022-12-13 23:30:35,968 ] 88 root - INFO - Hypothesis ar_000: float64, float64 
[ 2022-12-13 23:30:36,003 ] 88 root - INFO - Hypothesis as_000: float64, float64 
[ 2022-12-13 23:30:36,039 ] 88 root - INFO - Hypothesis at_000: float64, float64 
[ 2022-12-13 23:30:36,077 ] 88 root - INFO - Hypothesis au_000: float64, float64 
[ 2022-12-13 23:30:36,111 ] 88 root - INFO - Hypothesis av_000: float64, float64 
[ 2022-12-13 23:30:36,119 ] 88 root - INFO - Hypothesis ax_000: float64, float64 
[ 2022-12-13 23:30:36,158 ] 88 root - INFO - Hypothesis ay_000: float64, float64 
[ 2022-12-13 23:30:36,194 ] 88 root - INFO - Hypothesis ay_001: float64, float64 
[ 2022-12-13 23:30:36,229 ] 88 root - INFO - Hypothesis ay_002: float64, float64 
[ 2022-12-13 23:30:36,265 ] 88 root - INFO - Hypothesis ay_003: float64, float64 
[ 2022-12-13 23:30:36,300 ] 88 root - INFO - Hypothesis ay_004: float64, float64 
[ 2022-12-13 23:30:36,335 ] 88 root - INFO - Hypothesis ay_005: float64, float64 
[ 2022-12-13 23:30:36,348 ] 88 root - INFO - Hypothesis ay_006: float64, float64 
[ 2022-12-13 23:30:36,357 ] 88 root - INFO - Hypothesis ay_007: float64, float64 
[ 2022-12-13 23:30:36,398 ] 88 root - INFO - Hypothesis ay_008: float64, float64 
[ 2022-12-13 23:30:36,408 ] 88 root - INFO - Hypothesis ay_009: float64, float64 
[ 2022-12-13 23:30:36,444 ] 88 root - INFO - Hypothesis az_000: float64, float64 
[ 2022-12-13 23:30:36,485 ] 88 root - INFO - Hypothesis az_001: float64, float64 
[ 2022-12-13 23:30:36,495 ] 88 root - INFO - Hypothesis az_002: float64, float64 
[ 2022-12-13 23:30:36,504 ] 88 root - INFO - Hypothesis az_003: float64, float64 
[ 2022-12-13 23:30:36,514 ] 88 root - INFO - Hypothesis az_004: float64, float64 
[ 2022-12-13 23:30:36,524 ] 88 root - INFO - Hypothesis az_005: float64, float64 
[ 2022-12-13 23:30:36,567 ] 88 root - INFO - Hypothesis az_006: float64, float64 
[ 2022-12-13 23:30:36,576 ] 88 root - INFO - Hypothesis az_007: float64, float64 
[ 2022-12-13 23:30:36,614 ] 88 root - INFO - Hypothesis az_008: float64, float64 
[ 2022-12-13 23:30:36,651 ] 88 root - INFO - Hypothesis az_009: float64, float64 
[ 2022-12-13 23:30:36,688 ] 88 root - INFO - Hypothesis ba_000: float64, float64 
[ 2022-12-13 23:30:36,730 ] 88 root - INFO - Hypothesis ba_001: float64, float64 
[ 2022-12-13 23:30:36,772 ] 88 root - INFO - Hypothesis ba_002: float64, float64 
[ 2022-12-13 23:30:36,814 ] 88 root - INFO - Hypothesis ba_003: float64, float64 
[ 2022-12-13 23:30:36,824 ] 88 root - INFO - Hypothesis ba_004: float64, float64 
[ 2022-12-13 23:30:36,835 ] 88 root - INFO - Hypothesis ba_005: float64, float64 
[ 2022-12-13 23:30:36,845 ] 88 root - INFO - Hypothesis ba_006: float64, float64 
[ 2022-12-13 23:30:36,856 ] 88 root - INFO - Hypothesis ba_007: float64, float64 
[ 2022-12-13 23:30:36,897 ] 88 root - INFO - Hypothesis ba_008: float64, float64 
[ 2022-12-13 23:30:36,906 ] 88 root - INFO - Hypothesis ba_009: float64, float64 
[ 2022-12-13 23:30:36,947 ] 88 root - INFO - Hypothesis bb_000: float64, float64 
[ 2022-12-13 23:30:36,989 ] 88 root - INFO - Hypothesis bc_000: float64, float64 
[ 2022-12-13 23:30:36,996 ] 88 root - INFO - Hypothesis bd_000: float64, float64 
[ 2022-12-13 23:30:37,035 ] 88 root - INFO - Hypothesis be_000: float64, float64 
[ 2022-12-13 23:30:37,044 ] 88 root - INFO - Hypothesis bf_000: float64, float64 
[ 2022-12-13 23:30:37,050 ] 88 root - INFO - Hypothesis bg_000: float64, float64 
[ 2022-12-13 23:30:37,093 ] 88 root - INFO - Hypothesis bh_000: float64, float64 
[ 2022-12-13 23:30:37,103 ] 88 root - INFO - Hypothesis bi_000: float64, float64 
[ 2022-12-13 23:30:37,145 ] 88 root - INFO - Hypothesis bj_000: float64, float64 
[ 2022-12-13 23:30:37,188 ] 88 root - INFO - Hypothesis bs_000: float64, float64 
[ 2022-12-13 23:30:37,230 ] 88 root - INFO - Hypothesis bt_000: float64, float64 
[ 2022-12-13 23:30:37,241 ] 88 root - INFO - Hypothesis bu_000: float64, float64 
[ 2022-12-13 23:30:37,282 ] 88 root - INFO - Hypothesis bv_000: float64, float64 
[ 2022-12-13 23:30:37,325 ] 88 root - INFO - Hypothesis bx_000: float64, float64 
[ 2022-12-13 23:30:37,367 ] 88 root - INFO - Hypothesis by_000: float64, float64 
[ 2022-12-13 23:30:37,408 ] 88 root - INFO - Hypothesis bz_000: float64, float64 
[ 2022-12-13 23:30:37,417 ] 88 root - INFO - Hypothesis ca_000: float64, float64 
[ 2022-12-13 23:30:37,427 ] 88 root - INFO - Hypothesis cb_000: float64, float64 
[ 2022-12-13 23:30:37,468 ] 88 root - INFO - Hypothesis cc_000: float64, float64 
[ 2022-12-13 23:30:37,479 ] 88 root - INFO - Hypothesis cd_000: float64, float64 
[ 2022-12-13 23:30:37,514 ] 88 root - INFO - Hypothesis ce_000: float64, float64 
[ 2022-12-13 23:30:37,523 ] 88 root - INFO - Hypothesis ci_000: float64, float64 
[ 2022-12-13 23:30:37,565 ] 88 root - INFO - Hypothesis cj_000: float64, float64 
[ 2022-12-13 23:30:37,604 ] 88 root - INFO - Hypothesis ck_000: float64, float64 
[ 2022-12-13 23:30:37,615 ] 88 root - INFO - Hypothesis cl_000: float64, float64 
[ 2022-12-13 23:30:37,621 ] 88 root - INFO - Hypothesis cm_000: float64, float64 
[ 2022-12-13 23:30:37,659 ] 88 root - INFO - Hypothesis cn_000: float64, float64 
[ 2022-12-13 23:30:37,697 ] 88 root - INFO - Hypothesis cn_001: float64, float64 
[ 2022-12-13 23:30:37,737 ] 88 root - INFO - Hypothesis cn_002: float64, float64 
[ 2022-12-13 23:30:37,745 ] 88 root - INFO - Hypothesis cn_003: float64, float64 
[ 2022-12-13 23:30:37,788 ] 88 root - INFO - Hypothesis cn_004: float64, float64 
[ 2022-12-13 23:30:37,831 ] 88 root - INFO - Hypothesis cn_005: float64, float64 
[ 2022-12-13 23:30:37,874 ] 88 root - INFO - Hypothesis cn_006: float64, float64 
[ 2022-12-13 23:30:37,919 ] 88 root - INFO - Hypothesis cn_007: float64, float64 
[ 2022-12-13 23:30:37,960 ] 88 root - INFO - Hypothesis cn_008: float64, float64 
[ 2022-12-13 23:30:38,000 ] 88 root - INFO - Hypothesis cn_009: float64, float64 
[ 2022-12-13 23:30:38,038 ] 88 root - INFO - Hypothesis cp_000: float64, float64 
[ 2022-12-13 23:30:38,046 ] 88 root - INFO - Hypothesis cq_000: float64, float64 
[ 2022-12-13 23:30:38,089 ] 88 root - INFO - Hypothesis cs_000: float64, float64 
[ 2022-12-13 23:30:38,098 ] 88 root - INFO - Hypothesis cs_001: float64, float64 
[ 2022-12-13 23:30:38,138 ] 88 root - INFO - Hypothesis cs_002: float64, float64 
[ 2022-12-13 23:30:38,148 ] 88 root - INFO - Hypothesis cs_003: float64, float64 
[ 2022-12-13 23:30:38,191 ] 88 root - INFO - Hypothesis cs_004: float64, float64 
[ 2022-12-13 23:30:38,235 ] 88 root - INFO - Hypothesis cs_005: float64, float64 
[ 2022-12-13 23:30:38,277 ] 88 root - INFO - Hypothesis cs_006: float64, float64 
[ 2022-12-13 23:30:38,319 ] 88 root - INFO - Hypothesis cs_007: float64, float64 
[ 2022-12-13 23:30:38,361 ] 88 root - INFO - Hypothesis cs_008: float64, float64 
[ 2022-12-13 23:30:38,369 ] 88 root - INFO - Hypothesis cs_009: float64, float64 
[ 2022-12-13 23:30:38,405 ] 88 root - INFO - Hypothesis dd_000: float64, float64 
[ 2022-12-13 23:30:38,445 ] 88 root - INFO - Hypothesis de_000: float64, float64 
[ 2022-12-13 23:30:38,484 ] 88 root - INFO - Hypothesis df_000: float64, float64 
[ 2022-12-13 23:30:38,519 ] 88 root - INFO - Hypothesis dg_000: float64, float64 
[ 2022-12-13 23:30:38,555 ] 88 root - INFO - Hypothesis dh_000: float64, float64 
[ 2022-12-13 23:30:38,591 ] 88 root - INFO - Hypothesis di_000: float64, float64 
[ 2022-12-13 23:30:38,631 ] 88 root - INFO - Hypothesis dj_000: float64, float64 
[ 2022-12-13 23:30:38,666 ] 88 root - INFO - Hypothesis dk_000: float64, float64 
[ 2022-12-13 23:30:38,702 ] 88 root - INFO - Hypothesis dl_000: float64, float64 
[ 2022-12-13 23:30:38,737 ] 88 root - INFO - Hypothesis dm_000: float64, float64 
[ 2022-12-13 23:30:38,772 ] 88 root - INFO - Hypothesis dn_000: float64, float64 
[ 2022-12-13 23:30:38,816 ] 88 root - INFO - Hypothesis do_000: float64, float64 
[ 2022-12-13 23:30:38,858 ] 88 root - INFO - Hypothesis dp_000: float64, float64 
[ 2022-12-13 23:30:38,898 ] 88 root - INFO - Hypothesis dq_000: float64, float64 
[ 2022-12-13 23:30:38,905 ] 88 root - INFO - Hypothesis dr_000: float64, float64 
[ 2022-12-13 23:30:38,946 ] 88 root - INFO - Hypothesis ds_000: float64, float64 
[ 2022-12-13 23:30:38,989 ] 88 root - INFO - Hypothesis dt_000: float64, float64 
[ 2022-12-13 23:30:39,030 ] 88 root - INFO - Hypothesis du_000: float64, float64 
[ 2022-12-13 23:30:39,072 ] 88 root - INFO - Hypothesis dv_000: float64, float64 
[ 2022-12-13 23:30:39,114 ] 88 root - INFO - Hypothesis dx_000: float64, float64 
[ 2022-12-13 23:30:39,151 ] 88 root - INFO - Hypothesis dy_000: float64, float64 
[ 2022-12-13 23:30:39,191 ] 88 root - INFO - Hypothesis dz_000: float64, float64 
[ 2022-12-13 23:30:39,226 ] 88 root - INFO - Hypothesis ea_000: float64, float64 
[ 2022-12-13 23:30:39,262 ] 88 root - INFO - Hypothesis eb_000: float64, float64 
[ 2022-12-13 23:30:39,302 ] 88 root - INFO - Hypothesis ec_00: float64, float64 
[ 2022-12-13 23:30:39,311 ] 88 root - INFO - Hypothesis ed_000: float64, float64 
[ 2022-12-13 23:30:39,352 ] 88 root - INFO - Hypothesis ee_000: float64, float64 
[ 2022-12-13 23:30:39,362 ] 88 root - INFO - Hypothesis ee_001: float64, float64 
[ 2022-12-13 23:30:39,373 ] 88 root - INFO - Hypothesis ee_002: float64, float64 
[ 2022-12-13 23:30:39,415 ] 88 root - INFO - Hypothesis ee_003: float64, float64 
[ 2022-12-13 23:30:39,456 ] 88 root - INFO - Hypothesis ee_004: float64, float64 
[ 2022-12-13 23:30:39,498 ] 88 root - INFO - Hypothesis ee_005: float64, float64 
[ 2022-12-13 23:30:39,541 ] 88 root - INFO - Hypothesis ee_006: float64, float64 
[ 2022-12-13 23:30:39,550 ] 88 root - INFO - Hypothesis ee_007: float64, float64 
[ 2022-12-13 23:30:39,560 ] 88 root - INFO - Hypothesis ee_008: float64, float64 
[ 2022-12-13 23:30:39,569 ] 88 root - INFO - Hypothesis ee_009: float64, float64 
[ 2022-12-13 23:30:39,608 ] 88 root - INFO - Hypothesis ef_000: float64, float64 
[ 2022-12-13 23:30:39,644 ] 88 root - INFO - Hypothesis eg_000: float64, float64 
[ 2022-12-13 23:30:39,680 ] 143 root - INFO - As all column are available in test df hence detecting data drift
[ 2022-12-13 23:30:39,680 ] 88 root - INFO - Hypothesis class: object, object 
[ 2022-12-13 23:30:39,753 ] 88 root - INFO - Hypothesis aa_000: float64, float64 
[ 2022-12-13 23:30:39,760 ] 88 root - INFO - Hypothesis ac_000: float64, float64 
[ 2022-12-13 23:30:39,766 ] 88 root - INFO - Hypothesis ae_000: float64, float64 
[ 2022-12-13 23:30:39,769 ] 88 root - INFO - Hypothesis af_000: float64, float64 
[ 2022-12-13 23:30:39,772 ] 88 root - INFO - Hypothesis ag_000: float64, float64 
[ 2022-12-13 23:30:39,787 ] 88 root - INFO - Hypothesis ag_001: float64, float64 
[ 2022-12-13 23:30:39,802 ] 88 root - INFO - Hypothesis ag_002: float64, float64 
[ 2022-12-13 23:30:39,805 ] 88 root - INFO - Hypothesis ag_003: float64, float64 
[ 2022-12-13 23:30:39,809 ] 88 root - INFO - Hypothesis ag_004: float64, float64 
[ 2022-12-13 23:30:39,816 ] 88 root - INFO - Hypothesis ag_005: float64, float64 
[ 2022-12-13 23:30:39,823 ] 88 root - INFO - Hypothesis ag_006: float64, float64 
[ 2022-12-13 23:30:39,830 ] 88 root - INFO - Hypothesis ag_007: float64, float64 
[ 2022-12-13 23:30:39,836 ] 88 root - INFO - Hypothesis ag_008: float64, float64 
[ 2022-12-13 23:30:39,842 ] 88 root - INFO - Hypothesis ag_009: float64, float64 
[ 2022-12-13 23:30:39,847 ] 88 root - INFO - Hypothesis ah_000: float64, float64 
[ 2022-12-13 23:30:39,854 ] 88 root - INFO - Hypothesis ai_000: float64, float64 
[ 2022-12-13 23:30:39,870 ] 88 root - INFO - Hypothesis aj_000: float64, float64 
[ 2022-12-13 23:30:39,874 ] 88 root - INFO - Hypothesis ak_000: float64, float64 
[ 2022-12-13 23:30:39,889 ] 88 root - INFO - Hypothesis al_000: float64, float64 
[ 2022-12-13 23:30:39,894 ] 88 root - INFO - Hypothesis am_0: float64, float64 
[ 2022-12-13 23:30:39,899 ] 88 root - INFO - Hypothesis an_000: float64, float64 
[ 2022-12-13 23:30:39,906 ] 88 root - INFO - Hypothesis ao_000: float64, float64 
[ 2022-12-13 23:30:39,913 ] 88 root - INFO - Hypothesis ap_000: float64, float64 
[ 2022-12-13 23:30:39,922 ] 88 root - INFO - Hypothesis aq_000: float64, float64 
[ 2022-12-13 23:30:39,931 ] 88 root - INFO - Hypothesis ar_000: float64, float64 
[ 2022-12-13 23:30:39,934 ] 88 root - INFO - Hypothesis as_000: float64, float64 
[ 2022-12-13 23:30:39,950 ] 88 root - INFO - Hypothesis at_000: float64, float64 
[ 2022-12-13 23:30:39,954 ] 88 root - INFO - Hypothesis au_000: float64, float64 
[ 2022-12-13 23:30:39,969 ] 88 root - INFO - Hypothesis av_000: float64, float64 
[ 2022-12-13 23:30:39,975 ] 88 root - INFO - Hypothesis ax_000: float64, float64 
[ 2022-12-13 23:30:39,981 ] 88 root - INFO - Hypothesis ay_000: float64, float64 
[ 2022-12-13 23:30:39,996 ] 88 root - INFO - Hypothesis ay_001: float64, float64 
[ 2022-12-13 23:30:40,011 ] 88 root - INFO - Hypothesis ay_002: float64, float64 
[ 2022-12-13 23:30:40,026 ] 88 root - INFO - Hypothesis ay_003: float64, float64 
[ 2022-12-13 23:30:40,042 ] 88 root - INFO - Hypothesis ay_004: float64, float64 
[ 2022-12-13 23:30:40,058 ] 88 root - INFO - Hypothesis ay_005: float64, float64 
[ 2022-12-13 23:30:40,064 ] 88 root - INFO - Hypothesis ay_006: float64, float64 
[ 2022-12-13 23:30:40,070 ] 88 root - INFO - Hypothesis ay_007: float64, float64 
[ 2022-12-13 23:30:40,077 ] 88 root - INFO - Hypothesis ay_008: float64, float64 
[ 2022-12-13 23:30:40,084 ] 88 root - INFO - Hypothesis ay_009: float64, float64 
[ 2022-12-13 23:30:40,098 ] 88 root - INFO - Hypothesis az_000: float64, float64 
[ 2022-12-13 23:30:40,105 ] 88 root - INFO - Hypothesis az_001: float64, float64 
[ 2022-12-13 23:30:40,111 ] 88 root - INFO - Hypothesis az_002: float64, float64 
[ 2022-12-13 23:30:40,118 ] 88 root - INFO - Hypothesis az_003: float64, float64 
[ 2022-12-13 23:30:40,125 ] 88 root - INFO - Hypothesis az_004: float64, float64 
[ 2022-12-13 23:30:40,132 ] 88 root - INFO - Hypothesis az_005: float64, float64 
[ 2022-12-13 23:30:40,139 ] 88 root - INFO - Hypothesis az_006: float64, float64 
[ 2022-12-13 23:30:40,145 ] 88 root - INFO - Hypothesis az_007: float64, float64 
[ 2022-12-13 23:30:40,160 ] 88 root - INFO - Hypothesis az_008: float64, float64 
[ 2022-12-13 23:30:40,175 ] 88 root - INFO - Hypothesis az_009: float64, float64 
[ 2022-12-13 23:30:40,190 ] 88 root - INFO - Hypothesis ba_000: float64, float64 
[ 2022-12-13 23:30:40,197 ] 88 root - INFO - Hypothesis ba_001: float64, float64 
[ 2022-12-13 23:30:40,204 ] 88 root - INFO - Hypothesis ba_002: float64, float64 
[ 2022-12-13 23:30:40,211 ] 88 root - INFO - Hypothesis ba_003: float64, float64 
[ 2022-12-13 23:30:40,218 ] 88 root - INFO - Hypothesis ba_004: float64, float64 
[ 2022-12-13 23:30:40,225 ] 88 root - INFO - Hypothesis ba_005: float64, float64 
[ 2022-12-13 23:30:40,231 ] 88 root - INFO - Hypothesis ba_006: float64, float64 
[ 2022-12-13 23:30:40,238 ] 88 root - INFO - Hypothesis ba_007: float64, float64 
[ 2022-12-13 23:30:40,245 ] 88 root - INFO - Hypothesis ba_008: float64, float64 
[ 2022-12-13 23:30:40,250 ] 88 root - INFO - Hypothesis ba_009: float64, float64 
[ 2022-12-13 23:30:40,254 ] 88 root - INFO - Hypothesis bb_000: float64, float64 
[ 2022-12-13 23:30:40,261 ] 88 root - INFO - Hypothesis bc_000: float64, float64 
[ 2022-12-13 23:30:40,266 ] 88 root - INFO - Hypothesis bd_000: float64, float64 
[ 2022-12-13 23:30:40,272 ] 88 root - INFO - Hypothesis be_000: float64, float64 
[ 2022-12-13 23:30:40,278 ] 88 root - INFO - Hypothesis bf_000: float64, float64 
[ 2022-12-13 23:30:40,282 ] 88 root - INFO - Hypothesis bg_000: float64, float64 
[ 2022-12-13 23:30:40,289 ] 88 root - INFO - Hypothesis bh_000: float64, float64 
[ 2022-12-13 23:30:40,296 ] 88 root - INFO - Hypothesis bi_000: float64, float64 
[ 2022-12-13 23:30:40,303 ] 88 root - INFO - Hypothesis bj_000: float64, float64 
[ 2022-12-13 23:30:40,310 ] 88 root - INFO - Hypothesis bs_000: float64, float64 
[ 2022-12-13 23:30:40,317 ] 88 root - INFO - Hypothesis bt_000: float64, float64 
[ 2022-12-13 23:30:40,324 ] 88 root - INFO - Hypothesis bu_000: float64, float64 
[ 2022-12-13 23:30:40,331 ] 88 root - INFO - Hypothesis bv_000: float64, float64 
[ 2022-12-13 23:30:40,338 ] 88 root - INFO - Hypothesis bx_000: float64, float64 
[ 2022-12-13 23:30:40,345 ] 88 root - INFO - Hypothesis by_000: float64, float64 
[ 2022-12-13 23:30:40,351 ] 88 root - INFO - Hypothesis bz_000: float64, float64 
[ 2022-12-13 23:30:40,358 ] 88 root - INFO - Hypothesis ca_000: float64, float64 
[ 2022-12-13 23:30:40,364 ] 88 root - INFO - Hypothesis cb_000: float64, float64 
[ 2022-12-13 23:30:40,371 ] 88 root - INFO - Hypothesis cc_000: float64, float64 
[ 2022-12-13 23:30:40,378 ] 88 root - INFO - Hypothesis cd_000: float64, float64 
[ 2022-12-13 23:30:40,393 ] 88 root - INFO - Hypothesis ce_000: float64, float64 
[ 2022-12-13 23:30:40,399 ] 88 root - INFO - Hypothesis ci_000: float64, float64 
[ 2022-12-13 23:30:40,406 ] 88 root - INFO - Hypothesis cj_000: float64, float64 
[ 2022-12-13 23:30:40,410 ] 88 root - INFO - Hypothesis ck_000: float64, float64 
[ 2022-12-13 23:30:40,417 ] 88 root - INFO - Hypothesis cl_000: float64, float64 
[ 2022-12-13 23:30:40,421 ] 88 root - INFO - Hypothesis cm_000: float64, float64 
[ 2022-12-13 23:30:40,426 ] 88 root - INFO - Hypothesis cn_000: float64, float64 
[ 2022-12-13 23:30:40,441 ] 88 root - INFO - Hypothesis cn_001: float64, float64 
[ 2022-12-13 23:30:40,444 ] 88 root - INFO - Hypothesis cn_002: float64, float64 
[ 2022-12-13 23:30:40,450 ] 88 root - INFO - Hypothesis cn_003: float64, float64 
[ 2022-12-13 23:30:40,457 ] 88 root - INFO - Hypothesis cn_004: float64, float64 
[ 2022-12-13 23:30:40,464 ] 88 root - INFO - Hypothesis cn_005: float64, float64 
[ 2022-12-13 23:30:40,471 ] 88 root - INFO - Hypothesis cn_006: float64, float64 
[ 2022-12-13 23:30:40,477 ] 88 root - INFO - Hypothesis cn_007: float64, float64 
[ 2022-12-13 23:30:40,484 ] 88 root - INFO - Hypothesis cn_008: float64, float64 
[ 2022-12-13 23:30:40,490 ] 88 root - INFO - Hypothesis cn_009: float64, float64 
[ 2022-12-13 23:30:40,495 ] 88 root - INFO - Hypothesis cp_000: float64, float64 
[ 2022-12-13 23:30:40,500 ] 88 root - INFO - Hypothesis cq_000: float64, float64 
[ 2022-12-13 23:30:40,507 ] 88 root - INFO - Hypothesis cs_000: float64, float64 
[ 2022-12-13 23:30:40,513 ] 88 root - INFO - Hypothesis cs_001: float64, float64 
[ 2022-12-13 23:30:40,519 ] 88 root - INFO - Hypothesis cs_002: float64, float64 
[ 2022-12-13 23:30:40,526 ] 88 root - INFO - Hypothesis cs_003: float64, float64 
[ 2022-12-13 23:30:40,533 ] 88 root - INFO - Hypothesis cs_004: float64, float64 
[ 2022-12-13 23:30:40,540 ] 88 root - INFO - Hypothesis cs_005: float64, float64 
[ 2022-12-13 23:30:40,547 ] 88 root - INFO - Hypothesis cs_006: float64, float64 
[ 2022-12-13 23:30:40,554 ] 88 root - INFO - Hypothesis cs_007: float64, float64 
[ 2022-12-13 23:30:40,560 ] 88 root - INFO - Hypothesis cs_008: float64, float64 
[ 2022-12-13 23:30:40,566 ] 88 root - INFO - Hypothesis cs_009: float64, float64 
[ 2022-12-13 23:30:40,580 ] 88 root - INFO - Hypothesis dd_000: float64, float64 
[ 2022-12-13 23:30:40,587 ] 88 root - INFO - Hypothesis de_000: float64, float64 
[ 2022-12-13 23:30:40,592 ] 88 root - INFO - Hypothesis df_000: float64, float64 
[ 2022-12-13 23:30:40,607 ] 88 root - INFO - Hypothesis dg_000: float64, float64 
[ 2022-12-13 23:30:40,622 ] 88 root - INFO - Hypothesis dh_000: float64, float64 
[ 2022-12-13 23:30:40,625 ] 88 root - INFO - Hypothesis di_000: float64, float64 
[ 2022-12-13 23:30:40,629 ] 88 root - INFO - Hypothesis dj_000: float64, float64 
[ 2022-12-13 23:30:40,644 ] 88 root - INFO - Hypothesis dk_000: float64, float64 
[ 2022-12-13 23:30:40,659 ] 88 root - INFO - Hypothesis dl_000: float64, float64 
[ 2022-12-13 23:30:40,674 ] 88 root - INFO - Hypothesis dm_000: float64, float64 
[ 2022-12-13 23:30:40,689 ] 88 root - INFO - Hypothesis dn_000: float64, float64 
[ 2022-12-13 23:30:40,696 ] 88 root - INFO - Hypothesis do_000: float64, float64 
[ 2022-12-13 23:30:40,702 ] 88 root - INFO - Hypothesis dp_000: float64, float64 
[ 2022-12-13 23:30:40,708 ] 88 root - INFO - Hypothesis dq_000: float64, float64 
[ 2022-12-13 23:30:40,712 ] 88 root - INFO - Hypothesis dr_000: float64, float64 
[ 2022-12-13 23:30:40,716 ] 88 root - INFO - Hypothesis ds_000: float64, float64 
[ 2022-12-13 23:30:40,723 ] 88 root - INFO - Hypothesis dt_000: float64, float64 
[ 2022-12-13 23:30:40,729 ] 88 root - INFO - Hypothesis du_000: float64, float64 
[ 2022-12-13 23:30:40,736 ] 88 root - INFO - Hypothesis dv_000: float64, float64 
[ 2022-12-13 23:30:40,743 ] 88 root - INFO - Hypothesis dx_000: float64, float64 
[ 2022-12-13 23:30:40,747 ] 88 root - INFO - Hypothesis dy_000: float64, float64 
[ 2022-12-13 23:30:40,753 ] 88 root - INFO - Hypothesis dz_000: float64, float64 
[ 2022-12-13 23:30:40,768 ] 88 root - INFO - Hypothesis ea_000: float64, float64 
[ 2022-12-13 23:30:40,771 ] 88 root - INFO - Hypothesis eb_000: float64, float64 
[ 2022-12-13 23:30:40,777 ] 88 root - INFO - Hypothesis ec_00: float64, float64 
[ 2022-12-13 23:30:40,783 ] 88 root - INFO - Hypothesis ed_000: float64, float64 
[ 2022-12-13 23:30:40,789 ] 88 root - INFO - Hypothesis ee_000: float64, float64 
[ 2022-12-13 23:30:40,796 ] 88 root - INFO - Hypothesis ee_001: float64, float64 
[ 2022-12-13 23:30:40,803 ] 88 root - INFO - Hypothesis ee_002: float64, float64 
[ 2022-12-13 23:30:40,810 ] 88 root - INFO - Hypothesis ee_003: float64, float64 
[ 2022-12-13 23:30:40,817 ] 88 root - INFO - Hypothesis ee_004: float64, float64 
[ 2022-12-13 23:30:40,824 ] 88 root - INFO - Hypothesis ee_005: float64, float64 
[ 2022-12-13 23:30:40,831 ] 88 root - INFO - Hypothesis ee_006: float64, float64 
[ 2022-12-13 23:30:40,838 ] 88 root - INFO - Hypothesis ee_007: float64, float64 
[ 2022-12-13 23:30:40,844 ] 88 root - INFO - Hypothesis ee_008: float64, float64 
[ 2022-12-13 23:30:40,850 ] 88 root - INFO - Hypothesis ee_009: float64, float64 
[ 2022-12-13 23:30:40,855 ] 88 root - INFO - Hypothesis ef_000: float64, float64 
[ 2022-12-13 23:30:40,871 ] 88 root - INFO - Hypothesis eg_000: float64, float64 
[ 2022-12-13 23:30:40,887 ] 147 root - INFO - Write reprt in yaml file
[ 2022-12-13 23:30:40,955 ] 152 root - INFO - Data validation artifact: DataValidationArtifact(report_file_path='/config/workspace/artifact/12132022__233014/data_validation/report.yaml')
[ 2022-12-13 23:30:40,958 ] 24 root - INFO - >>>>>>>>>>>>>>>>>>>>>>>>>>>>>>>>>>>>>>>> Data Transformation <<<<<<<<<<<<<<<<<<<<<<<<<<<<<<<<<<<<<<<<
[ 2022-12-13 23:30:41,871 ] 75 root - INFO - Before resampling in training set Input: (28950, 170) Target:(28950,)
[ 2022-12-13 23:30:48,048 ] 77 root - INFO - After resampling in training set Input: (56200, 170) Target:(56200,)
[ 2022-12-13 23:30:48,048 ] 79 root - INFO - Before resampling in testing set Input: (7238, 170) Target:(7238,)
[ 2022-12-13 23:30:48,687 ] 81 root - INFO - After resampling in testing set Input: (14026, 170) Target:(14026,)
[ 2022-12-13 23:30:48,795 ] 54 root - INFO - Entered the save_object method of utils
[ 2022-12-13 23:30:48,798 ] 58 root - INFO - Exited the save_object method of utils
[ 2022-12-13 23:30:48,798 ] 54 root - INFO - Entered the save_object method of utils
[ 2022-12-13 23:30:48,798 ] 58 root - INFO - Exited the save_object method of utils
[ 2022-12-13 23:30:48,799 ] 112 root - INFO - Data transformation object DataTransformationArtifact(transform_object_path='/config/workspace/artifact/12132022__233014/data_transformation/transformer/transformer.pkl', transformed_train_path='/config/workspace/artifact/12132022__233014/data_transformation/transformed/train.npz', transformed_test_path='/config/workspace/artifact/12132022__233014/data_transformation/transformed/test.npz', target_encoder_path='/config/workspace/artifact/12132022__233014/data_transformation/target_encoder/target_encoder.pkl')
[ 2022-12-13 23:30:48,800 ] 18 root - INFO - >>>>>>>>>>>>>>>>>>>>>>>>>>>>>>>>>>>>>>>> Model Trainer <<<<<<<<<<<<<<<<<<<<<<<<<<<<<<<<<<<<<<<<
[ 2022-12-13 23:30:48,800 ] 45 root - INFO - Loading train and test array.
[ 2022-12-13 23:30:48,830 ] 49 root - INFO - Splitting input and target feature from both train and test arr.
[ 2022-12-13 23:30:48,831 ] 53 root - INFO - Train the model
[ 2022-12-13 23:31:02,398 ] 56 root - INFO - Calculating f1 train score
[ 2022-12-13 23:31:02,448 ] 60 root - INFO - Calculating f1 test score
[ 2022-12-13 23:31:02,465 ] 64 root - INFO - train score:1.0 and tests score 0.9848103088330573
[ 2022-12-13 23:31:02,466 ] 66 root - INFO - Checking if our model is underfitting or not
[ 2022-12-13 23:31:02,466 ] 71 root - INFO - Checking if our model is overfiiting or not
[ 2022-12-13 23:31:02,466 ] 78 root - INFO - Saving mode object
[ 2022-12-13 23:31:02,466 ] 54 root - INFO - Entered the save_object method of utils
[ 2022-12-13 23:31:02,471 ] 58 root - INFO - Exited the save_object method of utils
[ 2022-12-13 23:31:02,471 ] 82 root - INFO - Prepare the artifact
[ 2022-12-13 23:31:02,471 ] 85 root - INFO - Model trainer artifact: ModelTrainerArtifact(model_path='/config/workspace/artifact/12132022__233014/model_trainer/model/model.pkl', f1_train_score=1.0, f1_test_score=0.9848103088330573)
[ 2022-12-13 23:31:02,473 ] 19 root - INFO - >>>>>>>>>>>>>>>>>>>>>>>>>>>>>>>>>>>>>>>>  Model Evaluation <<<<<<<<<<<<<<<<<<<<<<<<<<<<<<<<<<<<<<<<
[ 2022-12-13 23:31:02,474 ] 39 root - INFO - Model evaluation artifact: ModelEvaluationArtifact(is_model_accepted=True, improved_accuracy=None)
[ 2022-12-13 23:31:02,474 ] 14 root - INFO - >>>>>>>>>>>>>>>>>>>>>>>>>>>>>>>>>>>>>>>> Data Transformation <<<<<<<<<<<<<<<<<<<<<<<<<<<<<<<<<<<<<<<<
[ 2022-12-13 23:31:02,474 ] 25 root - INFO - Loading transformer model and target encoder
[ 2022-12-13 23:31:02,480 ] 31 root - INFO - Saving model into model pusher directory
[ 2022-12-13 23:31:02,480 ] 54 root - INFO - Entered the save_object method of utils
[ 2022-12-13 23:31:02,482 ] 58 root - INFO - Exited the save_object method of utils
[ 2022-12-13 23:31:02,482 ] 54 root - INFO - Entered the save_object method of utils
[ 2022-12-13 23:31:02,488 ] 58 root - INFO - Exited the save_object method of utils
[ 2022-12-13 23:31:02,488 ] 54 root - INFO - Entered the save_object method of utils
[ 2022-12-13 23:31:02,488 ] 58 root - INFO - Exited the save_object method of utils
[ 2022-12-13 23:31:02,489 ] 38 root - INFO - Saving model in saved model dir
[ 2022-12-13 23:31:02,489 ] 54 root - INFO - Entered the save_object method of utils
[ 2022-12-13 23:31:02,491 ] 58 root - INFO - Exited the save_object method of utils
[ 2022-12-13 23:31:02,491 ] 54 root - INFO - Entered the save_object method of utils
[ 2022-12-13 23:31:02,495 ] 58 root - INFO - Exited the save_object method of utils
[ 2022-12-13 23:31:02,495 ] 54 root - INFO - Entered the save_object method of utils
[ 2022-12-13 23:31:02,496 ] 58 root - INFO - Exited the save_object method of utils
[ 2022-12-13 23:31:02,496 ] 49 root - INFO - Model pusher artifact: ModelPusherArtifact(pusher_model_dir='/config/workspace/artifact/12132022__233014/model_pusher/saved_models', saved_model_dir='saved_models')
