[ 2022-12-13 23:29:34,173 ] 15 root - INFO - >>>>>>>>>>>>>>>>>>>>>>>>>>>>>>>>>>>>>>>> Data Ingestion <<<<<<<<<<<<<<<<<<<<<<<<<<<<<<<<<<<<<<<<
[ 2022-12-13 23:29:34,173 ] 22 root - INFO - Exporting collection data as pandas dataframe
[ 2022-12-13 23:29:34,174 ] 21 root - INFO - Reading data from database: aps and collection: sensor
[ 2022-12-13 23:29:37,889 ] 23 root - INFO - Found columns: Index(['_id', 'class', 'aa_000', 'ab_000', 'ac_000', 'ad_000', 'ae_000',
       'af_000', 'ag_000', 'ag_001',
       ...
       'ee_002', 'ee_003', 'ee_004', 'ee_005', 'ee_006', 'ee_007', 'ee_008',
       'ee_009', 'ef_000', 'eg_000'],
      dtype='object', length=172)
[ 2022-12-13 23:29:37,890 ] 25 root - INFO - Dropping column: _id 
[ 2022-12-13 23:29:38,081 ] 27 root - INFO - Row and columns in df: (36188, 171)
[ 2022-12-13 23:29:38,082 ] 28 root - INFO - Save data in feature store
[ 2022-12-13 23:29:38,611 ] 34 root - INFO - Create feature store folder if not available
[ 2022-12-13 23:29:38,611 ] 38 root - INFO - Save df to feature store folder
[ 2022-12-13 23:29:41,060 ] 43 root - INFO - split dataset into train and test set
[ 2022-12-13 23:29:41,690 ] 47 root - INFO - create dataset directory folder if not available
[ 2022-12-13 23:29:41,690 ] 52 root - INFO - Save df to feature store folder
[ 2022-12-13 23:29:43,999 ] 64 root - INFO - Data ingestion artifact: DataIngestionArtifact(feature_store_file_path='/config/workspace/artifact/12132022__232934/data_ingestion/feature_store/sensor.csv', train_file_path='/config/workspace/artifact/12132022__232934/data_ingestion/dataset/train.csv', test_file_path='/config/workspace/artifact/12132022__232934/data_ingestion/dataset/test.csv')
[ 2022-12-13 23:29:44,499 ] 22 root - INFO - >>>>>>>>>>>>>>>>>>>>>>>>>>>>>>>>>>>>>>>> Data Validation <<<<<<<<<<<<<<<<<<<<<<<<<<<<<<<<<<<<<<<<
[ 2022-12-13 23:29:44,499 ] 110 root - INFO - Reading base dataframe
[ 2022-12-13 23:29:47,454 ] 113 root - INFO - Replace na value in base df
[ 2022-12-13 23:29:47,454 ] 115 root - INFO - Drop null values colums from base df
[ 2022-12-13 23:29:48,387 ] 44 root - INFO - selecting column name which contains null above to 0.2
[ 2022-12-13 23:29:48,387 ] 47 root - INFO - Columns to drop: ['ab_000', 'ad_000', 'bk_000', 'bl_000', 'bm_000', 'bn_000', 'bo_000', 'bp_000', 'bq_000', 'br_000', 'cf_000', 'cg_000', 'ch_000', 'co_000', 'cr_000', 'ct_000', 'cu_000', 'cv_000', 'cx_000', 'cy_000', 'cz_000', 'da_000', 'db_000', 'dc_000']
[ 2022-12-13 23:29:48,479 ] 118 root - INFO - Reading train dataframe
[ 2022-12-13 23:29:48,873 ] 120 root - INFO - Reading test dataframe
[ 2022-12-13 23:29:48,978 ] 123 root - INFO - Drop null values colums from train df
[ 2022-12-13 23:29:48,991 ] 44 root - INFO - selecting column name which contains null above to 0.2
[ 2022-12-13 23:29:48,991 ] 47 root - INFO - Columns to drop: ['ab_000', 'ad_000', 'bk_000', 'bl_000', 'bm_000', 'bn_000', 'bo_000', 'bp_000', 'bq_000', 'br_000', 'cf_000', 'cg_000', 'ch_000', 'co_000', 'cr_000', 'ct_000', 'cu_000', 'cv_000', 'cx_000', 'cy_000', 'cz_000', 'da_000', 'db_000', 'dc_000']
[ 2022-12-13 23:29:49,004 ] 125 root - INFO - Drop null values colums from test df
[ 2022-12-13 23:29:49,008 ] 44 root - INFO - selecting column name which contains null above to 0.2
[ 2022-12-13 23:29:49,009 ] 47 root - INFO - Columns to drop: ['ab_000', 'ad_000', 'bk_000', 'bl_000', 'bm_000', 'bn_000', 'bo_000', 'bp_000', 'bq_000', 'br_000', 'cf_000', 'cg_000', 'ch_000', 'co_000', 'cr_000', 'ct_000', 'cu_000', 'cv_000', 'cx_000', 'cy_000', 'cz_000', 'da_000', 'db_000', 'dc_000']
[ 2022-12-13 23:29:54,871 ] 134 root - INFO - Is all required columns present in train df
[ 2022-12-13 23:29:54,872 ] 136 root - INFO - Is all required columns present in test df
[ 2022-12-13 23:29:54,872 ] 140 root - INFO - As all column are available in train df hence detecting data drift
[ 2022-12-13 23:29:54,872 ] 88 root - INFO - Hypothesis class: object, object 
[ 2022-12-13 23:29:54,978 ] 88 root - INFO - Hypothesis aa_000: float64, float64 
[ 2022-12-13 23:29:55,019 ] 88 root - INFO - Hypothesis ac_000: float64, float64 
[ 2022-12-13 23:29:55,058 ] 88 root - INFO - Hypothesis ae_000: float64, float64 
[ 2022-12-13 23:29:55,093 ] 88 root - INFO - Hypothesis af_000: float64, float64 
[ 2022-12-13 23:29:55,128 ] 88 root - INFO - Hypothesis ag_000: float64, float64 
[ 2022-12-13 23:29:55,162 ] 88 root - INFO - Hypothesis ag_001: float64, float64 
[ 2022-12-13 23:29:55,197 ] 88 root - INFO - Hypothesis ag_002: float64, float64 
[ 2022-12-13 23:29:55,232 ] 88 root - INFO - Hypothesis ag_003: float64, float64 
[ 2022-12-13 23:29:55,269 ] 88 root - INFO - Hypothesis ag_004: float64, float64 
[ 2022-12-13 23:29:55,279 ] 88 root - INFO - Hypothesis ag_005: float64, float64 
[ 2022-12-13 23:29:55,289 ] 88 root - INFO - Hypothesis ag_006: float64, float64 
[ 2022-12-13 23:29:55,330 ] 88 root - INFO - Hypothesis ag_007: float64, float64 
[ 2022-12-13 23:29:55,339 ] 88 root - INFO - Hypothesis ag_008: float64, float64 
[ 2022-12-13 23:29:55,382 ] 88 root - INFO - Hypothesis ag_009: float64, float64 
[ 2022-12-13 23:29:55,420 ] 88 root - INFO - Hypothesis ah_000: float64, float64 
[ 2022-12-13 23:29:55,461 ] 88 root - INFO - Hypothesis ai_000: float64, float64 
[ 2022-12-13 23:29:55,497 ] 88 root - INFO - Hypothesis aj_000: float64, float64 
[ 2022-12-13 23:29:55,532 ] 88 root - INFO - Hypothesis ak_000: float64, float64 
[ 2022-12-13 23:29:55,568 ] 88 root - INFO - Hypothesis al_000: float64, float64 
[ 2022-12-13 23:29:55,606 ] 88 root - INFO - Hypothesis am_0: float64, float64 
[ 2022-12-13 23:29:55,644 ] 88 root - INFO - Hypothesis an_000: float64, float64 
[ 2022-12-13 23:29:55,685 ] 88 root - INFO - Hypothesis ao_000: float64, float64 
[ 2022-12-13 23:29:55,725 ] 88 root - INFO - Hypothesis ap_000: float64, float64 
[ 2022-12-13 23:29:55,736 ] 88 root - INFO - Hypothesis aq_000: float64, float64 
[ 2022-12-13 23:29:55,746 ] 88 root - INFO - Hypothesis ar_000: float64, float64 
[ 2022-12-13 23:29:55,781 ] 88 root - INFO - Hypothesis as_000: float64, float64 
[ 2022-12-13 23:29:55,815 ] 88 root - INFO - Hypothesis at_000: float64, float64 
[ 2022-12-13 23:29:55,851 ] 88 root - INFO - Hypothesis au_000: float64, float64 
[ 2022-12-13 23:29:55,888 ] 88 root - INFO - Hypothesis av_000: float64, float64 
[ 2022-12-13 23:29:55,896 ] 88 root - INFO - Hypothesis ax_000: float64, float64 
[ 2022-12-13 23:29:55,905 ] 88 root - INFO - Hypothesis ay_000: float64, float64 
[ 2022-12-13 23:29:55,940 ] 88 root - INFO - Hypothesis ay_001: float64, float64 
[ 2022-12-13 23:29:55,979 ] 88 root - INFO - Hypothesis ay_002: float64, float64 
[ 2022-12-13 23:29:56,014 ] 88 root - INFO - Hypothesis ay_003: float64, float64 
[ 2022-12-13 23:29:56,050 ] 88 root - INFO - Hypothesis ay_004: float64, float64 
[ 2022-12-13 23:29:56,086 ] 88 root - INFO - Hypothesis ay_005: float64, float64 
[ 2022-12-13 23:29:56,095 ] 88 root - INFO - Hypothesis ay_006: float64, float64 
[ 2022-12-13 23:29:56,134 ] 88 root - INFO - Hypothesis ay_007: float64, float64 
[ 2022-12-13 23:29:56,175 ] 88 root - INFO - Hypothesis ay_008: float64, float64 
[ 2022-12-13 23:29:56,185 ] 88 root - INFO - Hypothesis ay_009: float64, float64 
[ 2022-12-13 23:29:56,220 ] 88 root - INFO - Hypothesis az_000: float64, float64 
[ 2022-12-13 23:29:56,262 ] 88 root - INFO - Hypothesis az_001: float64, float64 
[ 2022-12-13 23:29:56,271 ] 88 root - INFO - Hypothesis az_002: float64, float64 
[ 2022-12-13 23:29:56,281 ] 88 root - INFO - Hypothesis az_003: float64, float64 
[ 2022-12-13 23:29:56,322 ] 88 root - INFO - Hypothesis az_004: float64, float64 
[ 2022-12-13 23:29:56,365 ] 88 root - INFO - Hypothesis az_005: float64, float64 
[ 2022-12-13 23:29:56,405 ] 88 root - INFO - Hypothesis az_006: float64, float64 
[ 2022-12-13 23:29:56,414 ] 88 root - INFO - Hypothesis az_007: float64, float64 
[ 2022-12-13 23:29:56,451 ] 88 root - INFO - Hypothesis az_008: float64, float64 
[ 2022-12-13 23:29:56,486 ] 88 root - INFO - Hypothesis az_009: float64, float64 
[ 2022-12-13 23:29:56,523 ] 88 root - INFO - Hypothesis ba_000: float64, float64 
[ 2022-12-13 23:29:56,565 ] 88 root - INFO - Hypothesis ba_001: float64, float64 
[ 2022-12-13 23:29:56,607 ] 88 root - INFO - Hypothesis ba_002: float64, float64 
[ 2022-12-13 23:29:56,647 ] 88 root - INFO - Hypothesis ba_003: float64, float64 
[ 2022-12-13 23:29:56,687 ] 88 root - INFO - Hypothesis ba_004: float64, float64 
[ 2022-12-13 23:29:56,727 ] 88 root - INFO - Hypothesis ba_005: float64, float64 
[ 2022-12-13 23:29:56,737 ] 88 root - INFO - Hypothesis ba_006: float64, float64 
[ 2022-12-13 23:29:56,747 ] 88 root - INFO - Hypothesis ba_007: float64, float64 
[ 2022-12-13 23:29:56,787 ] 88 root - INFO - Hypothesis ba_008: float64, float64 
[ 2022-12-13 23:29:56,824 ] 88 root - INFO - Hypothesis ba_009: float64, float64 
[ 2022-12-13 23:29:56,862 ] 88 root - INFO - Hypothesis bb_000: float64, float64 
[ 2022-12-13 23:29:56,872 ] 88 root - INFO - Hypothesis bc_000: float64, float64 
[ 2022-12-13 23:29:56,911 ] 88 root - INFO - Hypothesis bd_000: float64, float64 
[ 2022-12-13 23:29:56,920 ] 88 root - INFO - Hypothesis be_000: float64, float64 
[ 2022-12-13 23:29:56,962 ] 88 root - INFO - Hypothesis bf_000: float64, float64 
[ 2022-12-13 23:29:57,000 ] 88 root - INFO - Hypothesis bg_000: float64, float64 
[ 2022-12-13 23:29:57,045 ] 88 root - INFO - Hypothesis bh_000: float64, float64 
[ 2022-12-13 23:29:57,088 ] 88 root - INFO - Hypothesis bi_000: float64, float64 
[ 2022-12-13 23:29:57,100 ] 88 root - INFO - Hypothesis bj_000: float64, float64 
[ 2022-12-13 23:29:57,144 ] 88 root - INFO - Hypothesis bs_000: float64, float64 
[ 2022-12-13 23:29:57,155 ] 88 root - INFO - Hypothesis bt_000: float64, float64 
[ 2022-12-13 23:29:57,197 ] 88 root - INFO - Hypothesis bu_000: float64, float64 
[ 2022-12-13 23:29:57,209 ] 88 root - INFO - Hypothesis bv_000: float64, float64 
[ 2022-12-13 23:29:57,219 ] 88 root - INFO - Hypothesis bx_000: float64, float64 
[ 2022-12-13 23:29:57,262 ] 88 root - INFO - Hypothesis by_000: float64, float64 
[ 2022-12-13 23:29:57,302 ] 88 root - INFO - Hypothesis bz_000: float64, float64 
[ 2022-12-13 23:29:57,341 ] 88 root - INFO - Hypothesis ca_000: float64, float64 
[ 2022-12-13 23:29:57,352 ] 88 root - INFO - Hypothesis cb_000: float64, float64 
[ 2022-12-13 23:29:57,393 ] 88 root - INFO - Hypothesis cc_000: float64, float64 
[ 2022-12-13 23:29:57,433 ] 88 root - INFO - Hypothesis cd_000: float64, float64 
[ 2022-12-13 23:29:57,468 ] 88 root - INFO - Hypothesis ce_000: float64, float64 
[ 2022-12-13 23:29:57,478 ] 88 root - INFO - Hypothesis ci_000: float64, float64 
[ 2022-12-13 23:29:57,519 ] 88 root - INFO - Hypothesis cj_000: float64, float64 
[ 2022-12-13 23:29:57,557 ] 88 root - INFO - Hypothesis ck_000: float64, float64 
[ 2022-12-13 23:29:57,569 ] 88 root - INFO - Hypothesis cl_000: float64, float64 
[ 2022-12-13 23:29:57,575 ] 88 root - INFO - Hypothesis cm_000: float64, float64 
[ 2022-12-13 23:29:57,582 ] 88 root - INFO - Hypothesis cn_000: float64, float64 
[ 2022-12-13 23:29:57,618 ] 88 root - INFO - Hypothesis cn_001: float64, float64 
[ 2022-12-13 23:29:57,654 ] 88 root - INFO - Hypothesis cn_002: float64, float64 
[ 2022-12-13 23:29:57,662 ] 88 root - INFO - Hypothesis cn_003: float64, float64 
[ 2022-12-13 23:29:57,672 ] 88 root - INFO - Hypothesis cn_004: float64, float64 
[ 2022-12-13 23:29:57,713 ] 88 root - INFO - Hypothesis cn_005: float64, float64 
[ 2022-12-13 23:29:57,753 ] 88 root - INFO - Hypothesis cn_006: float64, float64 
[ 2022-12-13 23:29:57,763 ] 88 root - INFO - Hypothesis cn_007: float64, float64 
[ 2022-12-13 23:29:57,804 ] 88 root - INFO - Hypothesis cn_008: float64, float64 
[ 2022-12-13 23:29:57,843 ] 88 root - INFO - Hypothesis cn_009: float64, float64 
[ 2022-12-13 23:29:57,851 ] 88 root - INFO - Hypothesis cp_000: float64, float64 
[ 2022-12-13 23:29:57,890 ] 88 root - INFO - Hypothesis cq_000: float64, float64 
[ 2022-12-13 23:29:57,902 ] 88 root - INFO - Hypothesis cs_000: float64, float64 
[ 2022-12-13 23:29:57,943 ] 88 root - INFO - Hypothesis cs_001: float64, float64 
[ 2022-12-13 23:29:57,982 ] 88 root - INFO - Hypothesis cs_002: float64, float64 
[ 2022-12-13 23:29:58,022 ] 88 root - INFO - Hypothesis cs_003: float64, float64 
[ 2022-12-13 23:29:58,064 ] 88 root - INFO - Hypothesis cs_004: float64, float64 
[ 2022-12-13 23:29:58,106 ] 88 root - INFO - Hypothesis cs_005: float64, float64 
[ 2022-12-13 23:29:58,147 ] 88 root - INFO - Hypothesis cs_006: float64, float64 
[ 2022-12-13 23:29:58,189 ] 88 root - INFO - Hypothesis cs_007: float64, float64 
[ 2022-12-13 23:29:58,231 ] 88 root - INFO - Hypothesis cs_008: float64, float64 
[ 2022-12-13 23:29:58,239 ] 88 root - INFO - Hypothesis cs_009: float64, float64 
[ 2022-12-13 23:29:58,276 ] 88 root - INFO - Hypothesis dd_000: float64, float64 
[ 2022-12-13 23:29:58,316 ] 88 root - INFO - Hypothesis de_000: float64, float64 
[ 2022-12-13 23:29:58,354 ] 88 root - INFO - Hypothesis df_000: float64, float64 
[ 2022-12-13 23:29:58,389 ] 88 root - INFO - Hypothesis dg_000: float64, float64 
[ 2022-12-13 23:29:58,424 ] 88 root - INFO - Hypothesis dh_000: float64, float64 
[ 2022-12-13 23:29:58,461 ] 88 root - INFO - Hypothesis di_000: float64, float64 
[ 2022-12-13 23:29:58,467 ] 88 root - INFO - Hypothesis dj_000: float64, float64 
[ 2022-12-13 23:29:58,502 ] 88 root - INFO - Hypothesis dk_000: float64, float64 
[ 2022-12-13 23:29:58,536 ] 88 root - INFO - Hypothesis dl_000: float64, float64 
[ 2022-12-13 23:29:58,571 ] 88 root - INFO - Hypothesis dm_000: float64, float64 
[ 2022-12-13 23:29:58,606 ] 88 root - INFO - Hypothesis dn_000: float64, float64 
[ 2022-12-13 23:29:58,617 ] 88 root - INFO - Hypothesis do_000: float64, float64 
[ 2022-12-13 23:29:58,656 ] 88 root - INFO - Hypothesis dp_000: float64, float64 
[ 2022-12-13 23:29:58,696 ] 88 root - INFO - Hypothesis dq_000: float64, float64 
[ 2022-12-13 23:29:58,702 ] 88 root - INFO - Hypothesis dr_000: float64, float64 
[ 2022-12-13 23:29:58,709 ] 88 root - INFO - Hypothesis ds_000: float64, float64 
[ 2022-12-13 23:29:58,719 ] 88 root - INFO - Hypothesis dt_000: float64, float64 
[ 2022-12-13 23:29:58,728 ] 88 root - INFO - Hypothesis du_000: float64, float64 
[ 2022-12-13 23:29:58,768 ] 88 root - INFO - Hypothesis dv_000: float64, float64 
[ 2022-12-13 23:29:58,808 ] 88 root - INFO - Hypothesis dx_000: float64, float64 
[ 2022-12-13 23:29:58,845 ] 88 root - INFO - Hypothesis dy_000: float64, float64 
[ 2022-12-13 23:29:58,885 ] 88 root - INFO - Hypothesis dz_000: float64, float64 
[ 2022-12-13 23:29:58,919 ] 88 root - INFO - Hypothesis ea_000: float64, float64 
[ 2022-12-13 23:29:58,954 ] 88 root - INFO - Hypothesis eb_000: float64, float64 
[ 2022-12-13 23:29:58,963 ] 88 root - INFO - Hypothesis ec_00: float64, float64 
[ 2022-12-13 23:29:58,972 ] 88 root - INFO - Hypothesis ed_000: float64, float64 
[ 2022-12-13 23:29:58,981 ] 88 root - INFO - Hypothesis ee_000: float64, float64 
[ 2022-12-13 23:29:59,027 ] 88 root - INFO - Hypothesis ee_001: float64, float64 
[ 2022-12-13 23:29:59,068 ] 88 root - INFO - Hypothesis ee_002: float64, float64 
[ 2022-12-13 23:29:59,109 ] 88 root - INFO - Hypothesis ee_003: float64, float64 
[ 2022-12-13 23:29:59,150 ] 88 root - INFO - Hypothesis ee_004: float64, float64 
[ 2022-12-13 23:29:59,190 ] 88 root - INFO - Hypothesis ee_005: float64, float64 
[ 2022-12-13 23:29:59,231 ] 88 root - INFO - Hypothesis ee_006: float64, float64 
[ 2022-12-13 23:29:59,274 ] 88 root - INFO - Hypothesis ee_007: float64, float64 
[ 2022-12-13 23:29:59,285 ] 88 root - INFO - Hypothesis ee_008: float64, float64 
[ 2022-12-13 23:29:59,326 ] 88 root - INFO - Hypothesis ee_009: float64, float64 
[ 2022-12-13 23:29:59,334 ] 88 root - INFO - Hypothesis ef_000: float64, float64 
[ 2022-12-13 23:29:59,369 ] 88 root - INFO - Hypothesis eg_000: float64, float64 
[ 2022-12-13 23:29:59,404 ] 143 root - INFO - As all column are available in test df hence detecting data drift
[ 2022-12-13 23:29:59,404 ] 88 root - INFO - Hypothesis class: object, object 
[ 2022-12-13 23:29:59,468 ] 88 root - INFO - Hypothesis aa_000: float64, float64 
[ 2022-12-13 23:29:59,475 ] 88 root - INFO - Hypothesis ac_000: float64, float64 
[ 2022-12-13 23:29:59,480 ] 88 root - INFO - Hypothesis ae_000: float64, float64 
[ 2022-12-13 23:29:59,495 ] 88 root - INFO - Hypothesis af_000: float64, float64 
[ 2022-12-13 23:29:59,510 ] 88 root - INFO - Hypothesis ag_000: float64, float64 
[ 2022-12-13 23:29:59,525 ] 88 root - INFO - Hypothesis ag_001: float64, float64 
[ 2022-12-13 23:29:59,539 ] 88 root - INFO - Hypothesis ag_002: float64, float64 
[ 2022-12-13 23:29:59,543 ] 88 root - INFO - Hypothesis ag_003: float64, float64 
[ 2022-12-13 23:29:59,547 ] 88 root - INFO - Hypothesis ag_004: float64, float64 
[ 2022-12-13 23:29:59,553 ] 88 root - INFO - Hypothesis ag_005: float64, float64 
[ 2022-12-13 23:29:59,560 ] 88 root - INFO - Hypothesis ag_006: float64, float64 
[ 2022-12-13 23:29:59,567 ] 88 root - INFO - Hypothesis ag_007: float64, float64 
[ 2022-12-13 23:29:59,574 ] 88 root - INFO - Hypothesis ag_008: float64, float64 
[ 2022-12-13 23:29:59,579 ] 88 root - INFO - Hypothesis ag_009: float64, float64 
[ 2022-12-13 23:29:59,584 ] 88 root - INFO - Hypothesis ah_000: float64, float64 
[ 2022-12-13 23:29:59,591 ] 88 root - INFO - Hypothesis ai_000: float64, float64 
[ 2022-12-13 23:29:59,606 ] 88 root - INFO - Hypothesis aj_000: float64, float64 
[ 2022-12-13 23:29:59,610 ] 88 root - INFO - Hypothesis ak_000: float64, float64 
[ 2022-12-13 23:29:59,625 ] 88 root - INFO - Hypothesis al_000: float64, float64 
[ 2022-12-13 23:29:59,630 ] 88 root - INFO - Hypothesis am_0: float64, float64 
[ 2022-12-13 23:29:59,635 ] 88 root - INFO - Hypothesis an_000: float64, float64 
[ 2022-12-13 23:29:59,642 ] 88 root - INFO - Hypothesis ao_000: float64, float64 
[ 2022-12-13 23:29:59,649 ] 88 root - INFO - Hypothesis ap_000: float64, float64 
[ 2022-12-13 23:29:59,656 ] 88 root - INFO - Hypothesis aq_000: float64, float64 
[ 2022-12-13 23:29:59,663 ] 88 root - INFO - Hypothesis ar_000: float64, float64 
[ 2022-12-13 23:29:59,678 ] 88 root - INFO - Hypothesis as_000: float64, float64 
[ 2022-12-13 23:29:59,692 ] 88 root - INFO - Hypothesis at_000: float64, float64 
[ 2022-12-13 23:29:59,696 ] 88 root - INFO - Hypothesis au_000: float64, float64 
[ 2022-12-13 23:29:59,710 ] 88 root - INFO - Hypothesis av_000: float64, float64 
[ 2022-12-13 23:29:59,716 ] 88 root - INFO - Hypothesis ax_000: float64, float64 
[ 2022-12-13 23:29:59,721 ] 88 root - INFO - Hypothesis ay_000: float64, float64 
[ 2022-12-13 23:29:59,736 ] 88 root - INFO - Hypothesis ay_001: float64, float64 
[ 2022-12-13 23:29:59,750 ] 88 root - INFO - Hypothesis ay_002: float64, float64 
[ 2022-12-13 23:29:59,765 ] 88 root - INFO - Hypothesis ay_003: float64, float64 
[ 2022-12-13 23:29:59,779 ] 88 root - INFO - Hypothesis ay_004: float64, float64 
[ 2022-12-13 23:29:59,794 ] 88 root - INFO - Hypothesis ay_005: float64, float64 
[ 2022-12-13 23:29:59,799 ] 88 root - INFO - Hypothesis ay_006: float64, float64 
[ 2022-12-13 23:29:59,805 ] 88 root - INFO - Hypothesis ay_007: float64, float64 
[ 2022-12-13 23:29:59,812 ] 88 root - INFO - Hypothesis ay_008: float64, float64 
[ 2022-12-13 23:29:59,819 ] 88 root - INFO - Hypothesis ay_009: float64, float64 
[ 2022-12-13 23:29:59,833 ] 88 root - INFO - Hypothesis az_000: float64, float64 
[ 2022-12-13 23:29:59,840 ] 88 root - INFO - Hypothesis az_001: float64, float64 
[ 2022-12-13 23:29:59,846 ] 88 root - INFO - Hypothesis az_002: float64, float64 
[ 2022-12-13 23:29:59,852 ] 88 root - INFO - Hypothesis az_003: float64, float64 
[ 2022-12-13 23:29:59,859 ] 88 root - INFO - Hypothesis az_004: float64, float64 
[ 2022-12-13 23:29:59,866 ] 88 root - INFO - Hypothesis az_005: float64, float64 
[ 2022-12-13 23:29:59,873 ] 88 root - INFO - Hypothesis az_006: float64, float64 
[ 2022-12-13 23:29:59,879 ] 88 root - INFO - Hypothesis az_007: float64, float64 
[ 2022-12-13 23:29:59,883 ] 88 root - INFO - Hypothesis az_008: float64, float64 
[ 2022-12-13 23:29:59,886 ] 88 root - INFO - Hypothesis az_009: float64, float64 
[ 2022-12-13 23:29:59,901 ] 88 root - INFO - Hypothesis ba_000: float64, float64 
[ 2022-12-13 23:29:59,908 ] 88 root - INFO - Hypothesis ba_001: float64, float64 
[ 2022-12-13 23:29:59,915 ] 88 root - INFO - Hypothesis ba_002: float64, float64 
[ 2022-12-13 23:29:59,922 ] 88 root - INFO - Hypothesis ba_003: float64, float64 
[ 2022-12-13 23:29:59,929 ] 88 root - INFO - Hypothesis ba_004: float64, float64 
[ 2022-12-13 23:29:59,936 ] 88 root - INFO - Hypothesis ba_005: float64, float64 
[ 2022-12-13 23:29:59,943 ] 88 root - INFO - Hypothesis ba_006: float64, float64 
[ 2022-12-13 23:29:59,950 ] 88 root - INFO - Hypothesis ba_007: float64, float64 
[ 2022-12-13 23:29:59,956 ] 88 root - INFO - Hypothesis ba_008: float64, float64 
[ 2022-12-13 23:29:59,965 ] 88 root - INFO - Hypothesis ba_009: float64, float64 
[ 2022-12-13 23:29:59,970 ] 88 root - INFO - Hypothesis bb_000: float64, float64 
[ 2022-12-13 23:29:59,977 ] 88 root - INFO - Hypothesis bc_000: float64, float64 
[ 2022-12-13 23:29:59,983 ] 88 root - INFO - Hypothesis bd_000: float64, float64 
[ 2022-12-13 23:29:59,989 ] 88 root - INFO - Hypothesis be_000: float64, float64 
[ 2022-12-13 23:29:59,995 ] 88 root - INFO - Hypothesis bf_000: float64, float64 
[ 2022-12-13 23:29:59,999 ] 88 root - INFO - Hypothesis bg_000: float64, float64 
[ 2022-12-13 23:30:00,007 ] 88 root - INFO - Hypothesis bh_000: float64, float64 
[ 2022-12-13 23:30:00,014 ] 88 root - INFO - Hypothesis bi_000: float64, float64 
[ 2022-12-13 23:30:00,021 ] 88 root - INFO - Hypothesis bj_000: float64, float64 
[ 2022-12-13 23:30:00,029 ] 88 root - INFO - Hypothesis bs_000: float64, float64 
[ 2022-12-13 23:30:00,036 ] 88 root - INFO - Hypothesis bt_000: float64, float64 
[ 2022-12-13 23:30:00,044 ] 88 root - INFO - Hypothesis bu_000: float64, float64 
[ 2022-12-13 23:30:00,051 ] 88 root - INFO - Hypothesis bv_000: float64, float64 
[ 2022-12-13 23:30:00,059 ] 88 root - INFO - Hypothesis bx_000: float64, float64 
[ 2022-12-13 23:30:00,066 ] 88 root - INFO - Hypothesis by_000: float64, float64 
[ 2022-12-13 23:30:00,074 ] 88 root - INFO - Hypothesis bz_000: float64, float64 
[ 2022-12-13 23:30:00,080 ] 88 root - INFO - Hypothesis ca_000: float64, float64 
[ 2022-12-13 23:30:00,087 ] 88 root - INFO - Hypothesis cb_000: float64, float64 
[ 2022-12-13 23:30:00,095 ] 88 root - INFO - Hypothesis cc_000: float64, float64 
[ 2022-12-13 23:30:00,102 ] 88 root - INFO - Hypothesis cd_000: float64, float64 
[ 2022-12-13 23:30:00,118 ] 88 root - INFO - Hypothesis ce_000: float64, float64 
[ 2022-12-13 23:30:00,124 ] 88 root - INFO - Hypothesis ci_000: float64, float64 
[ 2022-12-13 23:30:00,132 ] 88 root - INFO - Hypothesis cj_000: float64, float64 
[ 2022-12-13 23:30:00,136 ] 88 root - INFO - Hypothesis ck_000: float64, float64 
[ 2022-12-13 23:30:00,143 ] 88 root - INFO - Hypothesis cl_000: float64, float64 
[ 2022-12-13 23:30:00,147 ] 88 root - INFO - Hypothesis cm_000: float64, float64 
[ 2022-12-13 23:30:00,152 ] 88 root - INFO - Hypothesis cn_000: float64, float64 
[ 2022-12-13 23:30:00,155 ] 88 root - INFO - Hypothesis cn_001: float64, float64 
[ 2022-12-13 23:30:00,159 ] 88 root - INFO - Hypothesis cn_002: float64, float64 
[ 2022-12-13 23:30:00,164 ] 88 root - INFO - Hypothesis cn_003: float64, float64 
[ 2022-12-13 23:30:00,172 ] 88 root - INFO - Hypothesis cn_004: float64, float64 
[ 2022-12-13 23:30:00,179 ] 88 root - INFO - Hypothesis cn_005: float64, float64 
[ 2022-12-13 23:30:00,186 ] 88 root - INFO - Hypothesis cn_006: float64, float64 
[ 2022-12-13 23:30:00,193 ] 88 root - INFO - Hypothesis cn_007: float64, float64 
[ 2022-12-13 23:30:00,200 ] 88 root - INFO - Hypothesis cn_008: float64, float64 
[ 2022-12-13 23:30:00,206 ] 88 root - INFO - Hypothesis cn_009: float64, float64 
[ 2022-12-13 23:30:00,211 ] 88 root - INFO - Hypothesis cp_000: float64, float64 
[ 2022-12-13 23:30:00,217 ] 88 root - INFO - Hypothesis cq_000: float64, float64 
[ 2022-12-13 23:30:00,224 ] 88 root - INFO - Hypothesis cs_000: float64, float64 
[ 2022-12-13 23:30:00,230 ] 88 root - INFO - Hypothesis cs_001: float64, float64 
[ 2022-12-13 23:30:00,236 ] 88 root - INFO - Hypothesis cs_002: float64, float64 
[ 2022-12-13 23:30:00,243 ] 88 root - INFO - Hypothesis cs_003: float64, float64 
[ 2022-12-13 23:30:00,250 ] 88 root - INFO - Hypothesis cs_004: float64, float64 
[ 2022-12-13 23:30:00,257 ] 88 root - INFO - Hypothesis cs_005: float64, float64 
[ 2022-12-13 23:30:00,264 ] 88 root - INFO - Hypothesis cs_006: float64, float64 
[ 2022-12-13 23:30:00,271 ] 88 root - INFO - Hypothesis cs_007: float64, float64 
[ 2022-12-13 23:30:00,278 ] 88 root - INFO - Hypothesis cs_008: float64, float64 
[ 2022-12-13 23:30:00,283 ] 88 root - INFO - Hypothesis cs_009: float64, float64 
[ 2022-12-13 23:30:00,298 ] 88 root - INFO - Hypothesis dd_000: float64, float64 
[ 2022-12-13 23:30:00,304 ] 88 root - INFO - Hypothesis de_000: float64, float64 
[ 2022-12-13 23:30:00,310 ] 88 root - INFO - Hypothesis df_000: float64, float64 
[ 2022-12-13 23:30:00,325 ] 88 root - INFO - Hypothesis dg_000: float64, float64 
[ 2022-12-13 23:30:00,339 ] 88 root - INFO - Hypothesis dh_000: float64, float64 
[ 2022-12-13 23:30:00,343 ] 88 root - INFO - Hypothesis di_000: float64, float64 
[ 2022-12-13 23:30:00,347 ] 88 root - INFO - Hypothesis dj_000: float64, float64 
[ 2022-12-13 23:30:00,362 ] 88 root - INFO - Hypothesis dk_000: float64, float64 
[ 2022-12-13 23:30:00,376 ] 88 root - INFO - Hypothesis dl_000: float64, float64 
[ 2022-12-13 23:30:00,391 ] 88 root - INFO - Hypothesis dm_000: float64, float64 
[ 2022-12-13 23:30:00,406 ] 88 root - INFO - Hypothesis dn_000: float64, float64 
[ 2022-12-13 23:30:00,414 ] 88 root - INFO - Hypothesis do_000: float64, float64 
[ 2022-12-13 23:30:00,421 ] 88 root - INFO - Hypothesis dp_000: float64, float64 
[ 2022-12-13 23:30:00,427 ] 88 root - INFO - Hypothesis dq_000: float64, float64 
[ 2022-12-13 23:30:00,432 ] 88 root - INFO - Hypothesis dr_000: float64, float64 
[ 2022-12-13 23:30:00,437 ] 88 root - INFO - Hypothesis ds_000: float64, float64 
[ 2022-12-13 23:30:00,444 ] 88 root - INFO - Hypothesis dt_000: float64, float64 
[ 2022-12-13 23:30:00,450 ] 88 root - INFO - Hypothesis du_000: float64, float64 
[ 2022-12-13 23:30:00,457 ] 88 root - INFO - Hypothesis dv_000: float64, float64 
[ 2022-12-13 23:30:00,464 ] 88 root - INFO - Hypothesis dx_000: float64, float64 
[ 2022-12-13 23:30:00,469 ] 88 root - INFO - Hypothesis dy_000: float64, float64 
[ 2022-12-13 23:30:00,475 ] 88 root - INFO - Hypothesis dz_000: float64, float64 
[ 2022-12-13 23:30:00,490 ] 88 root - INFO - Hypothesis ea_000: float64, float64 
[ 2022-12-13 23:30:00,505 ] 88 root - INFO - Hypothesis eb_000: float64, float64 
[ 2022-12-13 23:30:00,511 ] 88 root - INFO - Hypothesis ec_00: float64, float64 
[ 2022-12-13 23:30:00,518 ] 88 root - INFO - Hypothesis ed_000: float64, float64 
[ 2022-12-13 23:30:00,524 ] 88 root - INFO - Hypothesis ee_000: float64, float64 
[ 2022-12-13 23:30:00,531 ] 88 root - INFO - Hypothesis ee_001: float64, float64 
[ 2022-12-13 23:30:00,539 ] 88 root - INFO - Hypothesis ee_002: float64, float64 
[ 2022-12-13 23:30:00,546 ] 88 root - INFO - Hypothesis ee_003: float64, float64 
[ 2022-12-13 23:30:00,553 ] 88 root - INFO - Hypothesis ee_004: float64, float64 
[ 2022-12-13 23:30:00,560 ] 88 root - INFO - Hypothesis ee_005: float64, float64 
[ 2022-12-13 23:30:00,567 ] 88 root - INFO - Hypothesis ee_006: float64, float64 
[ 2022-12-13 23:30:00,574 ] 88 root - INFO - Hypothesis ee_007: float64, float64 
[ 2022-12-13 23:30:00,580 ] 88 root - INFO - Hypothesis ee_008: float64, float64 
[ 2022-12-13 23:30:00,586 ] 88 root - INFO - Hypothesis ee_009: float64, float64 
[ 2022-12-13 23:30:00,591 ] 88 root - INFO - Hypothesis ef_000: float64, float64 
[ 2022-12-13 23:30:00,606 ] 88 root - INFO - Hypothesis eg_000: float64, float64 
[ 2022-12-13 23:30:00,620 ] 147 root - INFO - Write reprt in yaml file
[ 2022-12-13 23:30:00,688 ] 152 root - INFO - Data validation artifact: DataValidationArtifact(report_file_path='/config/workspace/artifact/12132022__232934/data_validation/report.yaml')
[ 2022-12-13 23:30:00,690 ] 24 root - INFO - >>>>>>>>>>>>>>>>>>>>>>>>>>>>>>>>>>>>>>>> Data Transformation <<<<<<<<<<<<<<<<<<<<<<<<<<<<<<<<<<<<<<<<
[ 2022-12-13 23:30:01,598 ] 75 root - INFO - Before resampling in training set Input: (28950, 170) Target:(28950,)
[ 2022-12-13 23:30:08,372 ] 77 root - INFO - After resampling in training set Input: (56166, 170) Target:(56166,)
[ 2022-12-13 23:30:08,372 ] 79 root - INFO - Before resampling in testing set Input: (7238, 170) Target:(7238,)
[ 2022-12-13 23:30:09,058 ] 81 root - INFO - After resampling in testing set Input: (14028, 170) Target:(14028,)
[ 2022-12-13 23:30:09,183 ] 54 root - INFO - Entered the save_object method of utils
[ 2022-12-13 23:30:09,186 ] 58 root - INFO - Exited the save_object method of utils
[ 2022-12-13 23:30:09,186 ] 54 root - INFO - Entered the save_object method of utils
[ 2022-12-13 23:30:09,187 ] 58 root - INFO - Exited the save_object method of utils
[ 2022-12-13 23:30:09,187 ] 112 root - INFO - Data transformation object DataTransformationArtifact(transform_object_path='/config/workspace/artifact/12132022__232934/data_transformation/transformer/transformer.pkl', transformed_train_path='/config/workspace/artifact/12132022__232934/data_transformation/transformed/train.npz', transformed_test_path='/config/workspace/artifact/12132022__232934/data_transformation/transformed/test.npz', target_encoder_path='/config/workspace/artifact/12132022__232934/data_transformation/target_encoder/target_encoder.pkl')
[ 2022-12-13 23:30:09,188 ] 18 root - INFO - >>>>>>>>>>>>>>>>>>>>>>>>>>>>>>>>>>>>>>>> Model Trainer <<<<<<<<<<<<<<<<<<<<<<<<<<<<<<<<<<<<<<<<
[ 2022-12-13 23:30:09,188 ] 45 root - INFO - Loading train and test array.
[ 2022-12-13 23:30:09,218 ] 49 root - INFO - Splitting input and target feature from both train and test arr.
[ 2022-12-13 23:30:09,218 ] 53 root - INFO - Train the model
