[ 2022-12-14 00:00:11,902 ] 15 root - INFO - >>>>>>>>>>>>>>>>>>>>>>>>>>>>>>>>>>>>>>>> Data Ingestion <<<<<<<<<<<<<<<<<<<<<<<<<<<<<<<<<<<<<<<<
[ 2022-12-14 00:00:11,903 ] 22 root - INFO - Exporting collection data as pandas dataframe
[ 2022-12-14 00:00:11,903 ] 21 root - INFO - Reading data from database: aps and collection: sensor
[ 2022-12-14 00:00:15,785 ] 23 root - INFO - Found columns: Index(['_id', 'class', 'aa_000', 'ab_000', 'ac_000', 'ad_000', 'ae_000',
       'af_000', 'ag_000', 'ag_001',
       ...
       'ee_002', 'ee_003', 'ee_004', 'ee_005', 'ee_006', 'ee_007', 'ee_008',
       'ee_009', 'ef_000', 'eg_000'],
      dtype='object', length=172)
[ 2022-12-14 00:00:15,785 ] 25 root - INFO - Dropping column: _id 
[ 2022-12-14 00:00:15,991 ] 27 root - INFO - Row and columns in df: (36188, 171)
[ 2022-12-14 00:00:15,991 ] 28 root - INFO - Save data in feature store
[ 2022-12-14 00:00:16,589 ] 34 root - INFO - Create feature store folder if not available
[ 2022-12-14 00:00:16,590 ] 38 root - INFO - Save df to feature store folder
[ 2022-12-14 00:00:19,694 ] 43 root - INFO - split dataset into train and test set
[ 2022-12-14 00:00:20,382 ] 47 root - INFO - create dataset directory folder if not available
[ 2022-12-14 00:00:20,382 ] 52 root - INFO - Save df to feature store folder
[ 2022-12-14 00:00:22,602 ] 64 root - INFO - Data ingestion artifact: DataIngestionArtifact(feature_store_file_path='/config/workspace/artifact/12142022__000011/data_ingestion/feature_store/sensor.csv', train_file_path='/config/workspace/artifact/12142022__000011/data_ingestion/dataset/train.csv', test_file_path='/config/workspace/artifact/12142022__000011/data_ingestion/dataset/test.csv')
[ 2022-12-14 00:00:22,987 ] 22 root - INFO - >>>>>>>>>>>>>>>>>>>>>>>>>>>>>>>>>>>>>>>> Data Validation <<<<<<<<<<<<<<<<<<<<<<<<<<<<<<<<<<<<<<<<
[ 2022-12-14 00:00:22,988 ] 110 root - INFO - Reading base dataframe
[ 2022-12-14 00:00:26,110 ] 113 root - INFO - Replace na value in base df
[ 2022-12-14 00:00:26,110 ] 115 root - INFO - Drop null values colums from base df
[ 2022-12-14 00:00:27,004 ] 44 root - INFO - selecting column name which contains null above to 0.2
[ 2022-12-14 00:00:27,005 ] 47 root - INFO - Columns to drop: ['ab_000', 'ad_000', 'bk_000', 'bl_000', 'bm_000', 'bn_000', 'bo_000', 'bp_000', 'bq_000', 'br_000', 'cf_000', 'cg_000', 'ch_000', 'co_000', 'cr_000', 'ct_000', 'cu_000', 'cv_000', 'cx_000', 'cy_000', 'cz_000', 'da_000', 'db_000', 'dc_000']
[ 2022-12-14 00:00:27,102 ] 118 root - INFO - Reading train dataframe
[ 2022-12-14 00:00:27,560 ] 120 root - INFO - Reading test dataframe
[ 2022-12-14 00:00:27,690 ] 123 root - INFO - Drop null values colums from train df
[ 2022-12-14 00:00:27,703 ] 44 root - INFO - selecting column name which contains null above to 0.2
[ 2022-12-14 00:00:27,705 ] 47 root - INFO - Columns to drop: ['ab_000', 'ad_000', 'bk_000', 'bl_000', 'bm_000', 'bn_000', 'bo_000', 'bp_000', 'bq_000', 'br_000', 'cf_000', 'cg_000', 'ch_000', 'co_000', 'cr_000', 'ct_000', 'cu_000', 'cv_000', 'cx_000', 'cy_000', 'cz_000', 'da_000', 'db_000', 'dc_000']
[ 2022-12-14 00:00:27,718 ] 125 root - INFO - Drop null values colums from test df
[ 2022-12-14 00:00:27,724 ] 44 root - INFO - selecting column name which contains null above to 0.2
[ 2022-12-14 00:00:27,725 ] 47 root - INFO - Columns to drop: ['ab_000', 'ad_000', 'bk_000', 'bl_000', 'bm_000', 'bn_000', 'bo_000', 'bp_000', 'bq_000', 'br_000', 'cf_000', 'cg_000', 'ch_000', 'co_000', 'cr_000', 'ct_000', 'cu_000', 'cv_000', 'cx_000', 'cy_000', 'cz_000', 'da_000', 'db_000', 'dc_000']
[ 2022-12-14 00:00:34,417 ] 134 root - INFO - Is all required columns present in train df
[ 2022-12-14 00:00:34,418 ] 136 root - INFO - Is all required columns present in test df
[ 2022-12-14 00:00:34,419 ] 140 root - INFO - As all column are available in train df hence detecting data drift
[ 2022-12-14 00:00:34,420 ] 88 root - INFO - Hypothesis class: object, object 
[ 2022-12-14 00:00:34,566 ] 88 root - INFO - Hypothesis aa_000: float64, float64 
[ 2022-12-14 00:00:34,616 ] 88 root - INFO - Hypothesis ac_000: float64, float64 
[ 2022-12-14 00:00:34,664 ] 88 root - INFO - Hypothesis ae_000: float64, float64 
[ 2022-12-14 00:00:34,709 ] 88 root - INFO - Hypothesis af_000: float64, float64 
[ 2022-12-14 00:00:34,755 ] 88 root - INFO - Hypothesis ag_000: float64, float64 
[ 2022-12-14 00:00:34,799 ] 88 root - INFO - Hypothesis ag_001: float64, float64 
[ 2022-12-14 00:00:34,843 ] 88 root - INFO - Hypothesis ag_002: float64, float64 
[ 2022-12-14 00:00:34,888 ] 88 root - INFO - Hypothesis ag_003: float64, float64 
[ 2022-12-14 00:00:34,939 ] 88 root - INFO - Hypothesis ag_004: float64, float64 
[ 2022-12-14 00:00:34,950 ] 88 root - INFO - Hypothesis ag_005: float64, float64 
[ 2022-12-14 00:00:34,962 ] 88 root - INFO - Hypothesis ag_006: float64, float64 
[ 2022-12-14 00:00:35,015 ] 88 root - INFO - Hypothesis ag_007: float64, float64 
[ 2022-12-14 00:00:35,026 ] 88 root - INFO - Hypothesis ag_008: float64, float64 
[ 2022-12-14 00:00:35,077 ] 88 root - INFO - Hypothesis ag_009: float64, float64 
[ 2022-12-14 00:00:35,085 ] 88 root - INFO - Hypothesis ah_000: float64, float64 
[ 2022-12-14 00:00:35,097 ] 88 root - INFO - Hypothesis ai_000: float64, float64 
[ 2022-12-14 00:00:35,142 ] 88 root - INFO - Hypothesis aj_000: float64, float64 
[ 2022-12-14 00:00:35,190 ] 88 root - INFO - Hypothesis ak_000: float64, float64 
[ 2022-12-14 00:00:35,197 ] 88 root - INFO - Hypothesis al_000: float64, float64 
[ 2022-12-14 00:00:35,246 ] 88 root - INFO - Hypothesis am_0: float64, float64 
[ 2022-12-14 00:00:35,298 ] 88 root - INFO - Hypothesis an_000: float64, float64 
[ 2022-12-14 00:00:35,350 ] 88 root - INFO - Hypothesis ao_000: float64, float64 
[ 2022-12-14 00:00:35,403 ] 88 root - INFO - Hypothesis ap_000: float64, float64 
[ 2022-12-14 00:00:35,414 ] 88 root - INFO - Hypothesis aq_000: float64, float64 
[ 2022-12-14 00:00:35,465 ] 88 root - INFO - Hypothesis ar_000: float64, float64 
[ 2022-12-14 00:00:35,510 ] 88 root - INFO - Hypothesis as_000: float64, float64 
[ 2022-12-14 00:00:35,554 ] 88 root - INFO - Hypothesis at_000: float64, float64 
[ 2022-12-14 00:00:35,600 ] 88 root - INFO - Hypothesis au_000: float64, float64 
[ 2022-12-14 00:00:35,644 ] 88 root - INFO - Hypothesis av_000: float64, float64 
[ 2022-12-14 00:00:35,653 ] 88 root - INFO - Hypothesis ax_000: float64, float64 
[ 2022-12-14 00:00:35,662 ] 88 root - INFO - Hypothesis ay_000: float64, float64 
[ 2022-12-14 00:00:35,705 ] 88 root - INFO - Hypothesis ay_001: float64, float64 
[ 2022-12-14 00:00:35,749 ] 88 root - INFO - Hypothesis ay_002: float64, float64 
[ 2022-12-14 00:00:35,795 ] 88 root - INFO - Hypothesis ay_003: float64, float64 
[ 2022-12-14 00:00:35,842 ] 88 root - INFO - Hypothesis ay_004: float64, float64 
[ 2022-12-14 00:00:35,886 ] 88 root - INFO - Hypothesis ay_005: float64, float64 
[ 2022-12-14 00:00:35,896 ] 88 root - INFO - Hypothesis ay_006: float64, float64 
[ 2022-12-14 00:00:35,947 ] 88 root - INFO - Hypothesis ay_007: float64, float64 
[ 2022-12-14 00:00:35,999 ] 88 root - INFO - Hypothesis ay_008: float64, float64 
[ 2022-12-14 00:00:36,054 ] 88 root - INFO - Hypothesis ay_009: float64, float64 
[ 2022-12-14 00:00:36,100 ] 88 root - INFO - Hypothesis az_000: float64, float64 
[ 2022-12-14 00:00:36,150 ] 88 root - INFO - Hypothesis az_001: float64, float64 
[ 2022-12-14 00:00:36,200 ] 88 root - INFO - Hypothesis az_002: float64, float64 
[ 2022-12-14 00:00:36,211 ] 88 root - INFO - Hypothesis az_003: float64, float64 
[ 2022-12-14 00:00:36,222 ] 88 root - INFO - Hypothesis az_004: float64, float64 
[ 2022-12-14 00:00:36,276 ] 88 root - INFO - Hypothesis az_005: float64, float64 
[ 2022-12-14 00:00:36,288 ] 88 root - INFO - Hypothesis az_006: float64, float64 
[ 2022-12-14 00:00:36,299 ] 88 root - INFO - Hypothesis az_007: float64, float64 
[ 2022-12-14 00:00:36,348 ] 88 root - INFO - Hypothesis az_008: float64, float64 
[ 2022-12-14 00:00:36,393 ] 88 root - INFO - Hypothesis az_009: float64, float64 
[ 2022-12-14 00:00:36,437 ] 88 root - INFO - Hypothesis ba_000: float64, float64 
[ 2022-12-14 00:00:36,488 ] 88 root - INFO - Hypothesis ba_001: float64, float64 
[ 2022-12-14 00:00:36,500 ] 88 root - INFO - Hypothesis ba_002: float64, float64 
[ 2022-12-14 00:00:36,511 ] 88 root - INFO - Hypothesis ba_003: float64, float64 
[ 2022-12-14 00:00:36,562 ] 88 root - INFO - Hypothesis ba_004: float64, float64 
[ 2022-12-14 00:00:36,613 ] 88 root - INFO - Hypothesis ba_005: float64, float64 
[ 2022-12-14 00:00:36,624 ] 88 root - INFO - Hypothesis ba_006: float64, float64 
[ 2022-12-14 00:00:36,635 ] 88 root - INFO - Hypothesis ba_007: float64, float64 
[ 2022-12-14 00:00:36,685 ] 88 root - INFO - Hypothesis ba_008: float64, float64 
[ 2022-12-14 00:00:36,693 ] 88 root - INFO - Hypothesis ba_009: float64, float64 
[ 2022-12-14 00:00:36,740 ] 88 root - INFO - Hypothesis bb_000: float64, float64 
[ 2022-12-14 00:00:36,793 ] 88 root - INFO - Hypothesis bc_000: float64, float64 
[ 2022-12-14 00:00:36,801 ] 88 root - INFO - Hypothesis bd_000: float64, float64 
[ 2022-12-14 00:00:36,811 ] 88 root - INFO - Hypothesis be_000: float64, float64 
[ 2022-12-14 00:00:36,820 ] 88 root - INFO - Hypothesis bf_000: float64, float64 
[ 2022-12-14 00:00:36,868 ] 88 root - INFO - Hypothesis bg_000: float64, float64 
[ 2022-12-14 00:00:36,880 ] 88 root - INFO - Hypothesis bh_000: float64, float64 
[ 2022-12-14 00:00:36,893 ] 88 root - INFO - Hypothesis bi_000: float64, float64 
[ 2022-12-14 00:00:36,945 ] 88 root - INFO - Hypothesis bj_000: float64, float64 
[ 2022-12-14 00:00:36,959 ] 88 root - INFO - Hypothesis bs_000: float64, float64 
[ 2022-12-14 00:00:36,972 ] 88 root - INFO - Hypothesis bt_000: float64, float64 
[ 2022-12-14 00:00:37,024 ] 88 root - INFO - Hypothesis bu_000: float64, float64 
[ 2022-12-14 00:00:37,076 ] 88 root - INFO - Hypothesis bv_000: float64, float64 
[ 2022-12-14 00:00:37,127 ] 88 root - INFO - Hypothesis bx_000: float64, float64 
[ 2022-12-14 00:00:37,182 ] 88 root - INFO - Hypothesis by_000: float64, float64 
[ 2022-12-14 00:00:37,234 ] 88 root - INFO - Hypothesis bz_000: float64, float64 
[ 2022-12-14 00:00:37,244 ] 88 root - INFO - Hypothesis ca_000: float64, float64 
[ 2022-12-14 00:00:37,256 ] 88 root - INFO - Hypothesis cb_000: float64, float64 
[ 2022-12-14 00:00:37,307 ] 88 root - INFO - Hypothesis cc_000: float64, float64 
[ 2022-12-14 00:00:37,359 ] 88 root - INFO - Hypothesis cd_000: float64, float64 
[ 2022-12-14 00:00:37,407 ] 88 root - INFO - Hypothesis ce_000: float64, float64 
[ 2022-12-14 00:00:37,418 ] 88 root - INFO - Hypothesis ci_000: float64, float64 
[ 2022-12-14 00:00:37,430 ] 88 root - INFO - Hypothesis cj_000: float64, float64 
[ 2022-12-14 00:00:37,478 ] 88 root - INFO - Hypothesis ck_000: float64, float64 
[ 2022-12-14 00:00:37,490 ] 88 root - INFO - Hypothesis cl_000: float64, float64 
[ 2022-12-14 00:00:37,497 ] 88 root - INFO - Hypothesis cm_000: float64, float64 
[ 2022-12-14 00:00:37,544 ] 88 root - INFO - Hypothesis cn_000: float64, float64 
[ 2022-12-14 00:00:37,590 ] 88 root - INFO - Hypothesis cn_001: float64, float64 
[ 2022-12-14 00:00:37,640 ] 88 root - INFO - Hypothesis cn_002: float64, float64 
[ 2022-12-14 00:00:37,649 ] 88 root - INFO - Hypothesis cn_003: float64, float64 
[ 2022-12-14 00:00:37,702 ] 88 root - INFO - Hypothesis cn_004: float64, float64 
[ 2022-12-14 00:00:37,755 ] 88 root - INFO - Hypothesis cn_005: float64, float64 
[ 2022-12-14 00:00:37,806 ] 88 root - INFO - Hypothesis cn_006: float64, float64 
[ 2022-12-14 00:00:37,818 ] 88 root - INFO - Hypothesis cn_007: float64, float64 
[ 2022-12-14 00:00:37,871 ] 88 root - INFO - Hypothesis cn_008: float64, float64 
[ 2022-12-14 00:00:37,925 ] 88 root - INFO - Hypothesis cn_009: float64, float64 
[ 2022-12-14 00:00:37,976 ] 88 root - INFO - Hypothesis cp_000: float64, float64 
[ 2022-12-14 00:00:37,985 ] 88 root - INFO - Hypothesis cq_000: float64, float64 
[ 2022-12-14 00:00:38,037 ] 88 root - INFO - Hypothesis cs_000: float64, float64 
[ 2022-12-14 00:00:38,048 ] 88 root - INFO - Hypothesis cs_001: float64, float64 
[ 2022-12-14 00:00:38,100 ] 88 root - INFO - Hypothesis cs_002: float64, float64 
[ 2022-12-14 00:00:38,111 ] 88 root - INFO - Hypothesis cs_003: float64, float64 
[ 2022-12-14 00:00:38,162 ] 88 root - INFO - Hypothesis cs_004: float64, float64 
[ 2022-12-14 00:00:38,174 ] 88 root - INFO - Hypothesis cs_005: float64, float64 
[ 2022-12-14 00:00:38,225 ] 88 root - INFO - Hypothesis cs_006: float64, float64 
[ 2022-12-14 00:00:38,236 ] 88 root - INFO - Hypothesis cs_007: float64, float64 
[ 2022-12-14 00:00:38,248 ] 88 root - INFO - Hypothesis cs_008: float64, float64 
[ 2022-12-14 00:00:38,296 ] 88 root - INFO - Hypothesis cs_009: float64, float64 
[ 2022-12-14 00:00:38,340 ] 88 root - INFO - Hypothesis dd_000: float64, float64 
[ 2022-12-14 00:00:38,390 ] 88 root - INFO - Hypothesis de_000: float64, float64 
[ 2022-12-14 00:00:38,400 ] 88 root - INFO - Hypothesis df_000: float64, float64 
[ 2022-12-14 00:00:38,446 ] 88 root - INFO - Hypothesis dg_000: float64, float64 
[ 2022-12-14 00:00:38,452 ] 88 root - INFO - Hypothesis dh_000: float64, float64 
[ 2022-12-14 00:00:38,499 ] 88 root - INFO - Hypothesis di_000: float64, float64 
[ 2022-12-14 00:00:38,506 ] 88 root - INFO - Hypothesis dj_000: float64, float64 
[ 2022-12-14 00:00:38,551 ] 88 root - INFO - Hypothesis dk_000: float64, float64 
[ 2022-12-14 00:00:38,595 ] 88 root - INFO - Hypothesis dl_000: float64, float64 
[ 2022-12-14 00:00:38,640 ] 88 root - INFO - Hypothesis dm_000: float64, float64 
[ 2022-12-14 00:00:38,685 ] 88 root - INFO - Hypothesis dn_000: float64, float64 
[ 2022-12-14 00:00:38,697 ] 88 root - INFO - Hypothesis do_000: float64, float64 
[ 2022-12-14 00:00:38,746 ] 88 root - INFO - Hypothesis dp_000: float64, float64 
[ 2022-12-14 00:00:38,797 ] 88 root - INFO - Hypothesis dq_000: float64, float64 
[ 2022-12-14 00:00:38,805 ] 88 root - INFO - Hypothesis dr_000: float64, float64 
[ 2022-12-14 00:00:38,813 ] 88 root - INFO - Hypothesis ds_000: float64, float64 
[ 2022-12-14 00:00:38,824 ] 88 root - INFO - Hypothesis dt_000: float64, float64 
[ 2022-12-14 00:00:38,873 ] 88 root - INFO - Hypothesis du_000: float64, float64 
[ 2022-12-14 00:00:38,884 ] 88 root - INFO - Hypothesis dv_000: float64, float64 
[ 2022-12-14 00:00:38,898 ] 88 root - INFO - Hypothesis dx_000: float64, float64 
[ 2022-12-14 00:00:38,906 ] 88 root - INFO - Hypothesis dy_000: float64, float64 
[ 2022-12-14 00:00:38,953 ] 88 root - INFO - Hypothesis dz_000: float64, float64 
[ 2022-12-14 00:00:38,997 ] 88 root - INFO - Hypothesis ea_000: float64, float64 
[ 2022-12-14 00:00:39,042 ] 88 root - INFO - Hypothesis eb_000: float64, float64 
[ 2022-12-14 00:00:39,052 ] 88 root - INFO - Hypothesis ec_00: float64, float64 
[ 2022-12-14 00:00:39,103 ] 88 root - INFO - Hypothesis ed_000: float64, float64 
[ 2022-12-14 00:00:39,152 ] 88 root - INFO - Hypothesis ee_000: float64, float64 
[ 2022-12-14 00:00:39,164 ] 88 root - INFO - Hypothesis ee_001: float64, float64 
[ 2022-12-14 00:00:39,215 ] 88 root - INFO - Hypothesis ee_002: float64, float64 
[ 2022-12-14 00:00:39,265 ] 88 root - INFO - Hypothesis ee_003: float64, float64 
[ 2022-12-14 00:00:39,316 ] 88 root - INFO - Hypothesis ee_004: float64, float64 
[ 2022-12-14 00:00:39,367 ] 88 root - INFO - Hypothesis ee_005: float64, float64 
[ 2022-12-14 00:00:39,421 ] 88 root - INFO - Hypothesis ee_006: float64, float64 
[ 2022-12-14 00:00:39,471 ] 88 root - INFO - Hypothesis ee_007: float64, float64 
[ 2022-12-14 00:00:39,521 ] 88 root - INFO - Hypothesis ee_008: float64, float64 
[ 2022-12-14 00:00:39,571 ] 88 root - INFO - Hypothesis ee_009: float64, float64 
[ 2022-12-14 00:00:39,619 ] 88 root - INFO - Hypothesis ef_000: float64, float64 
[ 2022-12-14 00:00:39,664 ] 88 root - INFO - Hypothesis eg_000: float64, float64 
[ 2022-12-14 00:00:39,707 ] 143 root - INFO - As all column are available in test df hence detecting data drift
[ 2022-12-14 00:00:39,708 ] 88 root - INFO - Hypothesis class: object, object 
[ 2022-12-14 00:00:39,787 ] 88 root - INFO - Hypothesis aa_000: float64, float64 
[ 2022-12-14 00:00:39,794 ] 88 root - INFO - Hypothesis ac_000: float64, float64 
[ 2022-12-14 00:00:39,801 ] 88 root - INFO - Hypothesis ae_000: float64, float64 
[ 2022-12-14 00:00:39,820 ] 88 root - INFO - Hypothesis af_000: float64, float64 
[ 2022-12-14 00:00:39,839 ] 88 root - INFO - Hypothesis ag_000: float64, float64 
[ 2022-12-14 00:00:39,859 ] 88 root - INFO - Hypothesis ag_001: float64, float64 
[ 2022-12-14 00:00:39,878 ] 88 root - INFO - Hypothesis ag_002: float64, float64 
[ 2022-12-14 00:00:39,882 ] 88 root - INFO - Hypothesis ag_003: float64, float64 
[ 2022-12-14 00:00:39,887 ] 88 root - INFO - Hypothesis ag_004: float64, float64 
[ 2022-12-14 00:00:39,895 ] 88 root - INFO - Hypothesis ag_005: float64, float64 
[ 2022-12-14 00:00:39,903 ] 88 root - INFO - Hypothesis ag_006: float64, float64 
[ 2022-12-14 00:00:39,911 ] 88 root - INFO - Hypothesis ag_007: float64, float64 
[ 2022-12-14 00:00:39,918 ] 88 root - INFO - Hypothesis ag_008: float64, float64 
[ 2022-12-14 00:00:39,924 ] 88 root - INFO - Hypothesis ag_009: float64, float64 
[ 2022-12-14 00:00:39,930 ] 88 root - INFO - Hypothesis ah_000: float64, float64 
[ 2022-12-14 00:00:39,938 ] 88 root - INFO - Hypothesis ai_000: float64, float64 
[ 2022-12-14 00:00:39,961 ] 88 root - INFO - Hypothesis aj_000: float64, float64 
[ 2022-12-14 00:00:39,966 ] 88 root - INFO - Hypothesis ak_000: float64, float64 
[ 2022-12-14 00:00:39,970 ] 88 root - INFO - Hypothesis al_000: float64, float64 
[ 2022-12-14 00:00:39,976 ] 88 root - INFO - Hypothesis am_0: float64, float64 
[ 2022-12-14 00:00:39,982 ] 88 root - INFO - Hypothesis an_000: float64, float64 
[ 2022-12-14 00:00:39,990 ] 88 root - INFO - Hypothesis ao_000: float64, float64 
[ 2022-12-14 00:00:39,997 ] 88 root - INFO - Hypothesis ap_000: float64, float64 
[ 2022-12-14 00:00:40,006 ] 88 root - INFO - Hypothesis aq_000: float64, float64 
[ 2022-12-14 00:00:40,014 ] 88 root - INFO - Hypothesis ar_000: float64, float64 
[ 2022-12-14 00:00:40,018 ] 88 root - INFO - Hypothesis as_000: float64, float64 
[ 2022-12-14 00:00:40,037 ] 88 root - INFO - Hypothesis at_000: float64, float64 
[ 2022-12-14 00:00:40,042 ] 88 root - INFO - Hypothesis au_000: float64, float64 
[ 2022-12-14 00:00:40,061 ] 88 root - INFO - Hypothesis av_000: float64, float64 
[ 2022-12-14 00:00:40,067 ] 88 root - INFO - Hypothesis ax_000: float64, float64 
[ 2022-12-14 00:00:40,073 ] 88 root - INFO - Hypothesis ay_000: float64, float64 
[ 2022-12-14 00:00:40,092 ] 88 root - INFO - Hypothesis ay_001: float64, float64 
[ 2022-12-14 00:00:40,110 ] 88 root - INFO - Hypothesis ay_002: float64, float64 
[ 2022-12-14 00:00:40,129 ] 88 root - INFO - Hypothesis ay_003: float64, float64 
[ 2022-12-14 00:00:40,147 ] 88 root - INFO - Hypothesis ay_004: float64, float64 
[ 2022-12-14 00:00:40,166 ] 88 root - INFO - Hypothesis ay_005: float64, float64 
[ 2022-12-14 00:00:40,173 ] 88 root - INFO - Hypothesis ay_006: float64, float64 
[ 2022-12-14 00:00:40,179 ] 88 root - INFO - Hypothesis ay_007: float64, float64 
[ 2022-12-14 00:00:40,187 ] 88 root - INFO - Hypothesis ay_008: float64, float64 
[ 2022-12-14 00:00:40,195 ] 88 root - INFO - Hypothesis ay_009: float64, float64 
[ 2022-12-14 00:00:40,214 ] 88 root - INFO - Hypothesis az_000: float64, float64 
[ 2022-12-14 00:00:40,221 ] 88 root - INFO - Hypothesis az_001: float64, float64 
[ 2022-12-14 00:00:40,229 ] 88 root - INFO - Hypothesis az_002: float64, float64 
[ 2022-12-14 00:00:40,236 ] 88 root - INFO - Hypothesis az_003: float64, float64 
[ 2022-12-14 00:00:40,243 ] 88 root - INFO - Hypothesis az_004: float64, float64 
[ 2022-12-14 00:00:40,251 ] 88 root - INFO - Hypothesis az_005: float64, float64 
[ 2022-12-14 00:00:40,259 ] 88 root - INFO - Hypothesis az_006: float64, float64 
[ 2022-12-14 00:00:40,266 ] 88 root - INFO - Hypothesis az_007: float64, float64 
[ 2022-12-14 00:00:40,271 ] 88 root - INFO - Hypothesis az_008: float64, float64 
[ 2022-12-14 00:00:40,290 ] 88 root - INFO - Hypothesis az_009: float64, float64 
[ 2022-12-14 00:00:40,309 ] 88 root - INFO - Hypothesis ba_000: float64, float64 
[ 2022-12-14 00:00:40,317 ] 88 root - INFO - Hypothesis ba_001: float64, float64 
[ 2022-12-14 00:00:40,324 ] 88 root - INFO - Hypothesis ba_002: float64, float64 
[ 2022-12-14 00:00:40,332 ] 88 root - INFO - Hypothesis ba_003: float64, float64 
[ 2022-12-14 00:00:40,340 ] 88 root - INFO - Hypothesis ba_004: float64, float64 
[ 2022-12-14 00:00:40,348 ] 88 root - INFO - Hypothesis ba_005: float64, float64 
[ 2022-12-14 00:00:40,355 ] 88 root - INFO - Hypothesis ba_006: float64, float64 
[ 2022-12-14 00:00:40,363 ] 88 root - INFO - Hypothesis ba_007: float64, float64 
[ 2022-12-14 00:00:40,370 ] 88 root - INFO - Hypothesis ba_008: float64, float64 
[ 2022-12-14 00:00:40,376 ] 88 root - INFO - Hypothesis ba_009: float64, float64 
[ 2022-12-14 00:00:40,381 ] 88 root - INFO - Hypothesis bb_000: float64, float64 
[ 2022-12-14 00:00:40,389 ] 88 root - INFO - Hypothesis bc_000: float64, float64 
[ 2022-12-14 00:00:40,395 ] 88 root - INFO - Hypothesis bd_000: float64, float64 
[ 2022-12-14 00:00:40,402 ] 88 root - INFO - Hypothesis be_000: float64, float64 
[ 2022-12-14 00:00:40,408 ] 88 root - INFO - Hypothesis bf_000: float64, float64 
[ 2022-12-14 00:00:40,414 ] 88 root - INFO - Hypothesis bg_000: float64, float64 
[ 2022-12-14 00:00:40,422 ] 88 root - INFO - Hypothesis bh_000: float64, float64 
[ 2022-12-14 00:00:40,429 ] 88 root - INFO - Hypothesis bi_000: float64, float64 
[ 2022-12-14 00:00:40,437 ] 88 root - INFO - Hypothesis bj_000: float64, float64 
[ 2022-12-14 00:00:40,445 ] 88 root - INFO - Hypothesis bs_000: float64, float64 
[ 2022-12-14 00:00:40,453 ] 88 root - INFO - Hypothesis bt_000: float64, float64 
[ 2022-12-14 00:00:40,461 ] 88 root - INFO - Hypothesis bu_000: float64, float64 
[ 2022-12-14 00:00:40,469 ] 88 root - INFO - Hypothesis bv_000: float64, float64 
[ 2022-12-14 00:00:40,477 ] 88 root - INFO - Hypothesis bx_000: float64, float64 
[ 2022-12-14 00:00:40,484 ] 88 root - INFO - Hypothesis by_000: float64, float64 
[ 2022-12-14 00:00:40,492 ] 88 root - INFO - Hypothesis bz_000: float64, float64 
[ 2022-12-14 00:00:40,499 ] 88 root - INFO - Hypothesis ca_000: float64, float64 
[ 2022-12-14 00:00:40,506 ] 88 root - INFO - Hypothesis cb_000: float64, float64 
[ 2022-12-14 00:00:40,514 ] 88 root - INFO - Hypothesis cc_000: float64, float64 
[ 2022-12-14 00:00:40,522 ] 88 root - INFO - Hypothesis cd_000: float64, float64 
[ 2022-12-14 00:00:40,541 ] 88 root - INFO - Hypothesis ce_000: float64, float64 
[ 2022-12-14 00:00:40,548 ] 88 root - INFO - Hypothesis ci_000: float64, float64 
[ 2022-12-14 00:00:40,555 ] 88 root - INFO - Hypothesis cj_000: float64, float64 
[ 2022-12-14 00:00:40,560 ] 88 root - INFO - Hypothesis ck_000: float64, float64 
[ 2022-12-14 00:00:40,568 ] 88 root - INFO - Hypothesis cl_000: float64, float64 
[ 2022-12-14 00:00:40,573 ] 88 root - INFO - Hypothesis cm_000: float64, float64 
[ 2022-12-14 00:00:40,579 ] 88 root - INFO - Hypothesis cn_000: float64, float64 
[ 2022-12-14 00:00:40,583 ] 88 root - INFO - Hypothesis cn_001: float64, float64 
[ 2022-12-14 00:00:40,587 ] 88 root - INFO - Hypothesis cn_002: float64, float64 
[ 2022-12-14 00:00:40,593 ] 88 root - INFO - Hypothesis cn_003: float64, float64 
[ 2022-12-14 00:00:40,602 ] 88 root - INFO - Hypothesis cn_004: float64, float64 
[ 2022-12-14 00:00:40,610 ] 88 root - INFO - Hypothesis cn_005: float64, float64 
[ 2022-12-14 00:00:40,618 ] 88 root - INFO - Hypothesis cn_006: float64, float64 
[ 2022-12-14 00:00:40,625 ] 88 root - INFO - Hypothesis cn_007: float64, float64 
[ 2022-12-14 00:00:40,633 ] 88 root - INFO - Hypothesis cn_008: float64, float64 
[ 2022-12-14 00:00:40,640 ] 88 root - INFO - Hypothesis cn_009: float64, float64 
[ 2022-12-14 00:00:40,646 ] 88 root - INFO - Hypothesis cp_000: float64, float64 
[ 2022-12-14 00:00:40,652 ] 88 root - INFO - Hypothesis cq_000: float64, float64 
[ 2022-12-14 00:00:40,660 ] 88 root - INFO - Hypothesis cs_000: float64, float64 
[ 2022-12-14 00:00:40,667 ] 88 root - INFO - Hypothesis cs_001: float64, float64 
[ 2022-12-14 00:00:40,674 ] 88 root - INFO - Hypothesis cs_002: float64, float64 
[ 2022-12-14 00:00:40,682 ] 88 root - INFO - Hypothesis cs_003: float64, float64 
[ 2022-12-14 00:00:40,689 ] 88 root - INFO - Hypothesis cs_004: float64, float64 
[ 2022-12-14 00:00:40,697 ] 88 root - INFO - Hypothesis cs_005: float64, float64 
[ 2022-12-14 00:00:40,705 ] 88 root - INFO - Hypothesis cs_006: float64, float64 
[ 2022-12-14 00:00:40,713 ] 88 root - INFO - Hypothesis cs_007: float64, float64 
[ 2022-12-14 00:00:40,721 ] 88 root - INFO - Hypothesis cs_008: float64, float64 
[ 2022-12-14 00:00:40,727 ] 88 root - INFO - Hypothesis cs_009: float64, float64 
[ 2022-12-14 00:00:40,745 ] 88 root - INFO - Hypothesis dd_000: float64, float64 
[ 2022-12-14 00:00:40,753 ] 88 root - INFO - Hypothesis de_000: float64, float64 
[ 2022-12-14 00:00:40,759 ] 88 root - INFO - Hypothesis df_000: float64, float64 
[ 2022-12-14 00:00:40,763 ] 88 root - INFO - Hypothesis dg_000: float64, float64 
[ 2022-12-14 00:00:40,767 ] 88 root - INFO - Hypothesis dh_000: float64, float64 
[ 2022-12-14 00:00:40,772 ] 88 root - INFO - Hypothesis di_000: float64, float64 
[ 2022-12-14 00:00:40,776 ] 88 root - INFO - Hypothesis dj_000: float64, float64 
[ 2022-12-14 00:00:40,780 ] 88 root - INFO - Hypothesis dk_000: float64, float64 
[ 2022-12-14 00:00:40,784 ] 88 root - INFO - Hypothesis dl_000: float64, float64 
[ 2022-12-14 00:00:40,789 ] 88 root - INFO - Hypothesis dm_000: float64, float64 
[ 2022-12-14 00:00:40,793 ] 88 root - INFO - Hypothesis dn_000: float64, float64 
[ 2022-12-14 00:00:40,800 ] 88 root - INFO - Hypothesis do_000: float64, float64 
[ 2022-12-14 00:00:40,807 ] 88 root - INFO - Hypothesis dp_000: float64, float64 
[ 2022-12-14 00:00:40,814 ] 88 root - INFO - Hypothesis dq_000: float64, float64 
[ 2022-12-14 00:00:40,820 ] 88 root - INFO - Hypothesis dr_000: float64, float64 
[ 2022-12-14 00:00:40,825 ] 88 root - INFO - Hypothesis ds_000: float64, float64 
[ 2022-12-14 00:00:40,832 ] 88 root - INFO - Hypothesis dt_000: float64, float64 
[ 2022-12-14 00:00:40,840 ] 88 root - INFO - Hypothesis du_000: float64, float64 
[ 2022-12-14 00:00:40,848 ] 88 root - INFO - Hypothesis dv_000: float64, float64 
[ 2022-12-14 00:00:40,855 ] 88 root - INFO - Hypothesis dx_000: float64, float64 
[ 2022-12-14 00:00:40,861 ] 88 root - INFO - Hypothesis dy_000: float64, float64 
[ 2022-12-14 00:00:40,866 ] 88 root - INFO - Hypothesis dz_000: float64, float64 
[ 2022-12-14 00:00:40,886 ] 88 root - INFO - Hypothesis ea_000: float64, float64 
[ 2022-12-14 00:00:40,890 ] 88 root - INFO - Hypothesis eb_000: float64, float64 
[ 2022-12-14 00:00:40,896 ] 88 root - INFO - Hypothesis ec_00: float64, float64 
[ 2022-12-14 00:00:40,904 ] 88 root - INFO - Hypothesis ed_000: float64, float64 
[ 2022-12-14 00:00:40,911 ] 88 root - INFO - Hypothesis ee_000: float64, float64 
[ 2022-12-14 00:00:40,919 ] 88 root - INFO - Hypothesis ee_001: float64, float64 
[ 2022-12-14 00:00:40,929 ] 88 root - INFO - Hypothesis ee_002: float64, float64 
[ 2022-12-14 00:00:40,937 ] 88 root - INFO - Hypothesis ee_003: float64, float64 
[ 2022-12-14 00:00:40,945 ] 88 root - INFO - Hypothesis ee_004: float64, float64 
[ 2022-12-14 00:00:40,952 ] 88 root - INFO - Hypothesis ee_005: float64, float64 
[ 2022-12-14 00:00:40,960 ] 88 root - INFO - Hypothesis ee_006: float64, float64 
[ 2022-12-14 00:00:40,968 ] 88 root - INFO - Hypothesis ee_007: float64, float64 
[ 2022-12-14 00:00:40,975 ] 88 root - INFO - Hypothesis ee_008: float64, float64 
[ 2022-12-14 00:00:40,982 ] 88 root - INFO - Hypothesis ee_009: float64, float64 
[ 2022-12-14 00:00:40,988 ] 88 root - INFO - Hypothesis ef_000: float64, float64 
[ 2022-12-14 00:00:41,008 ] 88 root - INFO - Hypothesis eg_000: float64, float64 
[ 2022-12-14 00:00:41,027 ] 147 root - INFO - Write reprt in yaml file
[ 2022-12-14 00:00:41,298 ] 152 root - INFO - Data validation artifact: DataValidationArtifact(report_file_path='/config/workspace/artifact/12142022__000011/data_validation/report.yaml')
[ 2022-12-14 00:00:41,302 ] 24 root - INFO - >>>>>>>>>>>>>>>>>>>>>>>>>>>>>>>>>>>>>>>> Data Transformation <<<<<<<<<<<<<<<<<<<<<<<<<<<<<<<<<<<<<<<<
[ 2022-12-14 00:00:42,340 ] 75 root - INFO - Before resampling in training set Input: (28950, 170) Target:(28950,)
[ 2022-12-14 00:00:48,140 ] 77 root - INFO - After resampling in training set Input: (56166, 170) Target:(56166,)
[ 2022-12-14 00:00:48,141 ] 79 root - INFO - Before resampling in testing set Input: (7238, 170) Target:(7238,)
[ 2022-12-14 00:00:49,004 ] 81 root - INFO - After resampling in testing set Input: (14026, 170) Target:(14026,)
[ 2022-12-14 00:00:49,121 ] 54 root - INFO - Entered the save_object method of utils
[ 2022-12-14 00:00:49,132 ] 58 root - INFO - Exited the save_object method of utils
[ 2022-12-14 00:00:49,133 ] 54 root - INFO - Entered the save_object method of utils
[ 2022-12-14 00:00:49,134 ] 58 root - INFO - Exited the save_object method of utils
[ 2022-12-14 00:00:49,135 ] 112 root - INFO - Data transformation object DataTransformationArtifact(transform_object_path='/config/workspace/artifact/12142022__000011/data_transformation/transformer/transformer.pkl', transformed_train_path='/config/workspace/artifact/12142022__000011/data_transformation/transformed/train.npz', transformed_test_path='/config/workspace/artifact/12142022__000011/data_transformation/transformed/test.npz', target_encoder_path='/config/workspace/artifact/12142022__000011/data_transformation/target_encoder/target_encoder.pkl')
[ 2022-12-14 00:00:49,137 ] 18 root - INFO - >>>>>>>>>>>>>>>>>>>>>>>>>>>>>>>>>>>>>>>> Model Trainer <<<<<<<<<<<<<<<<<<<<<<<<<<<<<<<<<<<<<<<<
[ 2022-12-14 00:00:49,137 ] 45 root - INFO - Loading train and test array.
[ 2022-12-14 00:00:49,186 ] 49 root - INFO - Splitting input and target feature from both train and test arr.
[ 2022-12-14 00:00:49,186 ] 53 root - INFO - Train the model
[ 2022-12-14 00:01:00,008 ] 56 root - INFO - Calculating f1 train score
[ 2022-12-14 00:01:00,063 ] 60 root - INFO - Calculating f1 test score
[ 2022-12-14 00:01:00,084 ] 64 root - INFO - train score:0.9999821953173685 and tests score 0.983731644111719
[ 2022-12-14 00:01:00,084 ] 66 root - INFO - Checking if our model is underfitting or not
[ 2022-12-14 00:01:00,084 ] 71 root - INFO - Checking if our model is overfiiting or not
[ 2022-12-14 00:01:00,085 ] 78 root - INFO - Saving mode object
[ 2022-12-14 00:01:00,085 ] 54 root - INFO - Entered the save_object method of utils
[ 2022-12-14 00:01:00,094 ] 58 root - INFO - Exited the save_object method of utils
[ 2022-12-14 00:01:00,094 ] 82 root - INFO - Prepare the artifact
[ 2022-12-14 00:01:00,095 ] 85 root - INFO - Model trainer artifact: ModelTrainerArtifact(model_path='/config/workspace/artifact/12142022__000011/model_trainer/model/model.pkl', f1_train_score=0.9999821953173685, f1_test_score=0.983731644111719)
[ 2022-12-14 00:01:00,097 ] 19 root - INFO - >>>>>>>>>>>>>>>>>>>>>>>>>>>>>>>>>>>>>>>>  Model Evaluation <<<<<<<<<<<<<<<<<<<<<<<<<<<<<<<<<<<<<<<<
[ 2022-12-14 00:01:00,097 ] 47 root - INFO - Previous trained objects of transformer, model and target encoder
