[ 2022-12-13 20:14:41,427 ] 15 root - INFO - >>>>>>>>>>>>>>>>>>>>>>>>>>>>>>>>>>>>>>>> Data Ingestion <<<<<<<<<<<<<<<<<<<<<<<<<<<<<<<<<<<<<<<<
[ 2022-12-13 20:14:41,427 ] 22 root - INFO - Exporting collection data as pandas dataframe
[ 2022-12-13 20:14:41,427 ] 21 root - INFO - Reading data from database: aps and collection: sensor
[ 2022-12-13 20:14:44,948 ] 23 root - INFO - Found columns: Index(['_id', 'class', 'aa_000', 'ab_000', 'ac_000', 'ad_000', 'ae_000',
       'af_000', 'ag_000', 'ag_001',
       ...
       'ee_002', 'ee_003', 'ee_004', 'ee_005', 'ee_006', 'ee_007', 'ee_008',
       'ee_009', 'ef_000', 'eg_000'],
      dtype='object', length=172)
[ 2022-12-13 20:14:44,948 ] 25 root - INFO - Dropping column: _id 
[ 2022-12-13 20:14:45,151 ] 27 root - INFO - Row and columns in df: (36188, 171)
[ 2022-12-13 20:14:45,151 ] 28 root - INFO - Save data in feature store
[ 2022-12-13 20:14:45,680 ] 34 root - INFO - Create feature store folder if not available
[ 2022-12-13 20:14:45,681 ] 38 root - INFO - Save df to feature store folder
[ 2022-12-13 20:14:48,134 ] 43 root - INFO - split dataset into train and test set
[ 2022-12-13 20:14:48,679 ] 47 root - INFO - create dataset directory folder if not available
[ 2022-12-13 20:14:48,679 ] 52 root - INFO - Save df to feature store folder
[ 2022-12-13 20:14:50,848 ] 64 root - INFO - Data ingestion artifact: DataIngestionArtifact(feature_store_file_path='/config/workspace/artifact/12132022__201441/data_ingestion/feature_store/sensor.csv', train_file_path='/config/workspace/artifact/12132022__201441/data_ingestion/dataset/train.csv', test_file_path='/config/workspace/artifact/12132022__201441/data_ingestion/dataset/test.csv')
[ 2022-12-13 20:14:51,289 ] 22 root - INFO - >>>>>>>>>>>>>>>>>>>>>>>>>>>>>>>>>>>>>>>> Data Validation <<<<<<<<<<<<<<<<<<<<<<<<<<<<<<<<<<<<<<<<
[ 2022-12-13 20:14:51,289 ] 110 root - INFO - Reading base dataframe
[ 2022-12-13 20:14:54,089 ] 113 root - INFO - Replace na value in base df
[ 2022-12-13 20:14:54,089 ] 115 root - INFO - Drop null values colums from base df
[ 2022-12-13 20:14:54,980 ] 44 root - INFO - selecting column name which contains null above to 0.2
[ 2022-12-13 20:14:54,981 ] 47 root - INFO - Columns to drop: ['ab_000', 'ad_000', 'bk_000', 'bl_000', 'bm_000', 'bn_000', 'bo_000', 'bp_000', 'bq_000', 'br_000', 'cf_000', 'cg_000', 'ch_000', 'co_000', 'cr_000', 'ct_000', 'cu_000', 'cv_000', 'cx_000', 'cy_000', 'cz_000', 'da_000', 'db_000', 'dc_000']
[ 2022-12-13 20:14:55,060 ] 118 root - INFO - Reading train dataframe
[ 2022-12-13 20:14:55,440 ] 120 root - INFO - Reading test dataframe
[ 2022-12-13 20:14:55,537 ] 123 root - INFO - Drop null values colums from train df
[ 2022-12-13 20:14:55,549 ] 44 root - INFO - selecting column name which contains null above to 0.2
[ 2022-12-13 20:14:55,549 ] 47 root - INFO - Columns to drop: ['ab_000', 'ad_000', 'bk_000', 'bl_000', 'bm_000', 'bn_000', 'bo_000', 'bp_000', 'bq_000', 'br_000', 'cf_000', 'cg_000', 'ch_000', 'co_000', 'cr_000', 'ct_000', 'cu_000', 'cv_000', 'cx_000', 'cy_000', 'cz_000', 'da_000', 'db_000', 'dc_000']
[ 2022-12-13 20:14:55,558 ] 125 root - INFO - Drop null values colums from test df
[ 2022-12-13 20:14:55,562 ] 44 root - INFO - selecting column name which contains null above to 0.2
[ 2022-12-13 20:14:55,562 ] 47 root - INFO - Columns to drop: ['ab_000', 'ad_000', 'bk_000', 'bl_000', 'bm_000', 'bn_000', 'bo_000', 'bp_000', 'bq_000', 'br_000', 'cf_000', 'cg_000', 'ch_000', 'co_000', 'cr_000', 'ct_000', 'cu_000', 'cv_000', 'cx_000', 'cy_000', 'cz_000', 'da_000', 'db_000', 'dc_000']
[ 2022-12-13 20:15:01,437 ] 134 root - INFO - Is all required columns present in train df
[ 2022-12-13 20:15:01,438 ] 136 root - INFO - Is all required columns present in test df
[ 2022-12-13 20:15:01,438 ] 140 root - INFO - As all column are available in train df hence detecting data drift
[ 2022-12-13 20:15:01,438 ] 88 root - INFO - Hypothesis class: object, object 
[ 2022-12-13 20:15:01,574 ] 88 root - INFO - Hypothesis aa_000: float64, float64 
[ 2022-12-13 20:15:01,584 ] 88 root - INFO - Hypothesis ac_000: float64, float64 
[ 2022-12-13 20:15:01,624 ] 88 root - INFO - Hypothesis ae_000: float64, float64 
[ 2022-12-13 20:15:01,661 ] 88 root - INFO - Hypothesis af_000: float64, float64 
[ 2022-12-13 20:15:01,696 ] 88 root - INFO - Hypothesis ag_000: float64, float64 
[ 2022-12-13 20:15:01,731 ] 88 root - INFO - Hypothesis ag_001: float64, float64 
[ 2022-12-13 20:15:01,766 ] 88 root - INFO - Hypothesis ag_002: float64, float64 
[ 2022-12-13 20:15:01,802 ] 88 root - INFO - Hypothesis ag_003: float64, float64 
[ 2022-12-13 20:15:01,840 ] 88 root - INFO - Hypothesis ag_004: float64, float64 
[ 2022-12-13 20:15:01,881 ] 88 root - INFO - Hypothesis ag_005: float64, float64 
[ 2022-12-13 20:15:01,926 ] 88 root - INFO - Hypothesis ag_006: float64, float64 
[ 2022-12-13 20:15:01,936 ] 88 root - INFO - Hypothesis ag_007: float64, float64 
[ 2022-12-13 20:15:01,946 ] 88 root - INFO - Hypothesis ag_008: float64, float64 
[ 2022-12-13 20:15:01,954 ] 88 root - INFO - Hypothesis ag_009: float64, float64 
[ 2022-12-13 20:15:01,992 ] 88 root - INFO - Hypothesis ah_000: float64, float64 
[ 2022-12-13 20:15:02,003 ] 88 root - INFO - Hypothesis ai_000: float64, float64 
[ 2022-12-13 20:15:02,039 ] 88 root - INFO - Hypothesis aj_000: float64, float64 
[ 2022-12-13 20:15:02,076 ] 88 root - INFO - Hypothesis ak_000: float64, float64 
[ 2022-12-13 20:15:02,112 ] 88 root - INFO - Hypothesis al_000: float64, float64 
[ 2022-12-13 20:15:02,150 ] 88 root - INFO - Hypothesis am_0: float64, float64 
[ 2022-12-13 20:15:02,188 ] 88 root - INFO - Hypothesis an_000: float64, float64 
[ 2022-12-13 20:15:02,201 ] 88 root - INFO - Hypothesis ao_000: float64, float64 
[ 2022-12-13 20:15:02,212 ] 88 root - INFO - Hypothesis ap_000: float64, float64 
[ 2022-12-13 20:15:02,222 ] 88 root - INFO - Hypothesis aq_000: float64, float64 
[ 2022-12-13 20:15:02,233 ] 88 root - INFO - Hypothesis ar_000: float64, float64 
[ 2022-12-13 20:15:02,269 ] 88 root - INFO - Hypothesis as_000: float64, float64 
[ 2022-12-13 20:15:02,273 ] 88 root - INFO - Hypothesis at_000: float64, float64 
[ 2022-12-13 20:15:02,309 ] 88 root - INFO - Hypothesis au_000: float64, float64 
[ 2022-12-13 20:15:02,345 ] 88 root - INFO - Hypothesis av_000: float64, float64 
[ 2022-12-13 20:15:02,385 ] 88 root - INFO - Hypothesis ax_000: float64, float64 
[ 2022-12-13 20:15:02,424 ] 88 root - INFO - Hypothesis ay_000: float64, float64 
[ 2022-12-13 20:15:02,460 ] 88 root - INFO - Hypothesis ay_001: float64, float64 
[ 2022-12-13 20:15:02,495 ] 88 root - INFO - Hypothesis ay_002: float64, float64 
[ 2022-12-13 20:15:02,529 ] 88 root - INFO - Hypothesis ay_003: float64, float64 
[ 2022-12-13 20:15:02,565 ] 88 root - INFO - Hypothesis ay_004: float64, float64 
[ 2022-12-13 20:15:02,601 ] 88 root - INFO - Hypothesis ay_005: float64, float64 
[ 2022-12-13 20:15:02,610 ] 88 root - INFO - Hypothesis ay_006: float64, float64 
[ 2022-12-13 20:15:02,619 ] 88 root - INFO - Hypothesis ay_007: float64, float64 
[ 2022-12-13 20:15:02,630 ] 88 root - INFO - Hypothesis ay_008: float64, float64 
[ 2022-12-13 20:15:02,640 ] 88 root - INFO - Hypothesis ay_009: float64, float64 
[ 2022-12-13 20:15:02,675 ] 88 root - INFO - Hypothesis az_000: float64, float64 
[ 2022-12-13 20:15:02,686 ] 88 root - INFO - Hypothesis az_001: float64, float64 
[ 2022-12-13 20:15:02,695 ] 88 root - INFO - Hypothesis az_002: float64, float64 
[ 2022-12-13 20:15:02,705 ] 88 root - INFO - Hypothesis az_003: float64, float64 
[ 2022-12-13 20:15:02,715 ] 88 root - INFO - Hypothesis az_004: float64, float64 
[ 2022-12-13 20:15:02,725 ] 88 root - INFO - Hypothesis az_005: float64, float64 
[ 2022-12-13 20:15:02,736 ] 88 root - INFO - Hypothesis az_006: float64, float64 
[ 2022-12-13 20:15:02,777 ] 88 root - INFO - Hypothesis az_007: float64, float64 
[ 2022-12-13 20:15:02,814 ] 88 root - INFO - Hypothesis az_008: float64, float64 
[ 2022-12-13 20:15:02,852 ] 88 root - INFO - Hypothesis az_009: float64, float64 
[ 2022-12-13 20:15:02,893 ] 88 root - INFO - Hypothesis ba_000: float64, float64 
[ 2022-12-13 20:15:02,904 ] 88 root - INFO - Hypothesis ba_001: float64, float64 
[ 2022-12-13 20:15:02,915 ] 88 root - INFO - Hypothesis ba_002: float64, float64 
[ 2022-12-13 20:15:02,926 ] 88 root - INFO - Hypothesis ba_003: float64, float64 
[ 2022-12-13 20:15:02,936 ] 88 root - INFO - Hypothesis ba_004: float64, float64 
[ 2022-12-13 20:15:02,949 ] 88 root - INFO - Hypothesis ba_005: float64, float64 
[ 2022-12-13 20:15:02,960 ] 88 root - INFO - Hypothesis ba_006: float64, float64 
[ 2022-12-13 20:15:02,970 ] 88 root - INFO - Hypothesis ba_007: float64, float64 
[ 2022-12-13 20:15:02,979 ] 88 root - INFO - Hypothesis ba_008: float64, float64 
[ 2022-12-13 20:15:03,018 ] 88 root - INFO - Hypothesis ba_009: float64, float64 
[ 2022-12-13 20:15:03,056 ] 88 root - INFO - Hypothesis bb_000: float64, float64 
[ 2022-12-13 20:15:03,066 ] 88 root - INFO - Hypothesis bc_000: float64, float64 
[ 2022-12-13 20:15:03,074 ] 88 root - INFO - Hypothesis bd_000: float64, float64 
[ 2022-12-13 20:15:03,082 ] 88 root - INFO - Hypothesis be_000: float64, float64 
[ 2022-12-13 20:15:03,090 ] 88 root - INFO - Hypothesis bf_000: float64, float64 
[ 2022-12-13 20:15:03,097 ] 88 root - INFO - Hypothesis bg_000: float64, float64 
[ 2022-12-13 20:15:03,107 ] 88 root - INFO - Hypothesis bh_000: float64, float64 
[ 2022-12-13 20:15:03,117 ] 88 root - INFO - Hypothesis bi_000: float64, float64 
[ 2022-12-13 20:15:03,128 ] 88 root - INFO - Hypothesis bj_000: float64, float64 
[ 2022-12-13 20:15:03,139 ] 88 root - INFO - Hypothesis bs_000: float64, float64 
[ 2022-12-13 20:15:03,181 ] 88 root - INFO - Hypothesis bt_000: float64, float64 
[ 2022-12-13 20:15:03,192 ] 88 root - INFO - Hypothesis bu_000: float64, float64 
[ 2022-12-13 20:15:03,204 ] 88 root - INFO - Hypothesis bv_000: float64, float64 
[ 2022-12-13 20:15:03,214 ] 88 root - INFO - Hypothesis bx_000: float64, float64 
[ 2022-12-13 20:15:03,224 ] 88 root - INFO - Hypothesis by_000: float64, float64 
[ 2022-12-13 20:15:03,234 ] 88 root - INFO - Hypothesis bz_000: float64, float64 
[ 2022-12-13 20:15:03,244 ] 88 root - INFO - Hypothesis ca_000: float64, float64 
[ 2022-12-13 20:15:03,254 ] 88 root - INFO - Hypothesis cb_000: float64, float64 
[ 2022-12-13 20:15:03,297 ] 88 root - INFO - Hypothesis cc_000: float64, float64 
[ 2022-12-13 20:15:03,308 ] 88 root - INFO - Hypothesis cd_000: float64, float64 
[ 2022-12-13 20:15:03,312 ] 88 root - INFO - Hypothesis ce_000: float64, float64 
[ 2022-12-13 20:15:03,352 ] 88 root - INFO - Hypothesis ci_000: float64, float64 
[ 2022-12-13 20:15:03,363 ] 88 root - INFO - Hypothesis cj_000: float64, float64 
[ 2022-12-13 20:15:03,369 ] 88 root - INFO - Hypothesis ck_000: float64, float64 
[ 2022-12-13 20:15:03,379 ] 88 root - INFO - Hypothesis cl_000: float64, float64 
[ 2022-12-13 20:15:03,416 ] 88 root - INFO - Hypothesis cm_000: float64, float64 
[ 2022-12-13 20:15:03,454 ] 88 root - INFO - Hypothesis cn_000: float64, float64 
[ 2022-12-13 20:15:03,490 ] 88 root - INFO - Hypothesis cn_001: float64, float64 
[ 2022-12-13 20:15:03,526 ] 88 root - INFO - Hypothesis cn_002: float64, float64 
[ 2022-12-13 20:15:03,564 ] 88 root - INFO - Hypothesis cn_003: float64, float64 
[ 2022-12-13 20:15:03,575 ] 88 root - INFO - Hypothesis cn_004: float64, float64 
[ 2022-12-13 20:15:03,585 ] 88 root - INFO - Hypothesis cn_005: float64, float64 
[ 2022-12-13 20:15:03,595 ] 88 root - INFO - Hypothesis cn_006: float64, float64 
[ 2022-12-13 20:15:03,605 ] 88 root - INFO - Hypothesis cn_007: float64, float64 
[ 2022-12-13 20:15:03,615 ] 88 root - INFO - Hypothesis cn_008: float64, float64 
[ 2022-12-13 20:15:03,624 ] 88 root - INFO - Hypothesis cn_009: float64, float64 
[ 2022-12-13 20:15:03,631 ] 88 root - INFO - Hypothesis cp_000: float64, float64 
[ 2022-12-13 20:15:03,670 ] 88 root - INFO - Hypothesis cq_000: float64, float64 
[ 2022-12-13 20:15:03,681 ] 88 root - INFO - Hypothesis cs_000: float64, float64 
[ 2022-12-13 20:15:03,691 ] 88 root - INFO - Hypothesis cs_001: float64, float64 
[ 2022-12-13 20:15:03,699 ] 88 root - INFO - Hypothesis cs_002: float64, float64 
[ 2022-12-13 20:15:03,709 ] 88 root - INFO - Hypothesis cs_003: float64, float64 
[ 2022-12-13 20:15:03,720 ] 88 root - INFO - Hypothesis cs_004: float64, float64 
[ 2022-12-13 20:15:03,731 ] 88 root - INFO - Hypothesis cs_005: float64, float64 
[ 2022-12-13 20:15:03,741 ] 88 root - INFO - Hypothesis cs_006: float64, float64 
[ 2022-12-13 20:15:03,752 ] 88 root - INFO - Hypothesis cs_007: float64, float64 
[ 2022-12-13 20:15:03,762 ] 88 root - INFO - Hypothesis cs_008: float64, float64 
[ 2022-12-13 20:15:03,801 ] 88 root - INFO - Hypothesis cs_009: float64, float64 
[ 2022-12-13 20:15:03,838 ] 88 root - INFO - Hypothesis dd_000: float64, float64 
[ 2022-12-13 20:15:03,847 ] 88 root - INFO - Hypothesis de_000: float64, float64 
[ 2022-12-13 20:15:03,886 ] 88 root - INFO - Hypothesis df_000: float64, float64 
[ 2022-12-13 20:15:03,924 ] 88 root - INFO - Hypothesis dg_000: float64, float64 
[ 2022-12-13 20:15:03,960 ] 88 root - INFO - Hypothesis dh_000: float64, float64 
[ 2022-12-13 20:15:03,996 ] 88 root - INFO - Hypothesis di_000: float64, float64 
[ 2022-12-13 20:15:04,002 ] 88 root - INFO - Hypothesis dj_000: float64, float64 
[ 2022-12-13 20:15:04,038 ] 88 root - INFO - Hypothesis dk_000: float64, float64 
[ 2022-12-13 20:15:04,074 ] 88 root - INFO - Hypothesis dl_000: float64, float64 
[ 2022-12-13 20:15:04,110 ] 88 root - INFO - Hypothesis dm_000: float64, float64 
[ 2022-12-13 20:15:04,146 ] 88 root - INFO - Hypothesis dn_000: float64, float64 
[ 2022-12-13 20:15:04,156 ] 88 root - INFO - Hypothesis do_000: float64, float64 
[ 2022-12-13 20:15:04,166 ] 88 root - INFO - Hypothesis dp_000: float64, float64 
[ 2022-12-13 20:15:04,175 ] 88 root - INFO - Hypothesis dq_000: float64, float64 
[ 2022-12-13 20:15:04,181 ] 88 root - INFO - Hypothesis dr_000: float64, float64 
[ 2022-12-13 20:15:04,187 ] 88 root - INFO - Hypothesis ds_000: float64, float64 
[ 2022-12-13 20:15:04,229 ] 88 root - INFO - Hypothesis dt_000: float64, float64 
[ 2022-12-13 20:15:04,240 ] 88 root - INFO - Hypothesis du_000: float64, float64 
[ 2022-12-13 20:15:04,250 ] 88 root - INFO - Hypothesis dv_000: float64, float64 
[ 2022-12-13 20:15:04,260 ] 88 root - INFO - Hypothesis dx_000: float64, float64 
[ 2022-12-13 20:15:04,267 ] 88 root - INFO - Hypothesis dy_000: float64, float64 
[ 2022-12-13 20:15:04,305 ] 88 root - INFO - Hypothesis dz_000: float64, float64 
[ 2022-12-13 20:15:04,340 ] 88 root - INFO - Hypothesis ea_000: float64, float64 
[ 2022-12-13 20:15:04,375 ] 88 root - INFO - Hypothesis eb_000: float64, float64 
[ 2022-12-13 20:15:04,384 ] 88 root - INFO - Hypothesis ec_00: float64, float64 
[ 2022-12-13 20:15:04,425 ] 88 root - INFO - Hypothesis ed_000: float64, float64 
[ 2022-12-13 20:15:04,465 ] 88 root - INFO - Hypothesis ee_000: float64, float64 
[ 2022-12-13 20:15:04,476 ] 88 root - INFO - Hypothesis ee_001: float64, float64 
[ 2022-12-13 20:15:04,487 ] 88 root - INFO - Hypothesis ee_002: float64, float64 
[ 2022-12-13 20:15:04,497 ] 88 root - INFO - Hypothesis ee_003: float64, float64 
[ 2022-12-13 20:15:04,507 ] 88 root - INFO - Hypothesis ee_004: float64, float64 
[ 2022-12-13 20:15:04,517 ] 88 root - INFO - Hypothesis ee_005: float64, float64 
[ 2022-12-13 20:15:04,527 ] 88 root - INFO - Hypothesis ee_006: float64, float64 
[ 2022-12-13 20:15:04,569 ] 88 root - INFO - Hypothesis ee_007: float64, float64 
[ 2022-12-13 20:15:04,614 ] 88 root - INFO - Hypothesis ee_008: float64, float64 
[ 2022-12-13 20:15:04,623 ] 88 root - INFO - Hypothesis ee_009: float64, float64 
[ 2022-12-13 20:15:04,663 ] 88 root - INFO - Hypothesis ef_000: float64, float64 
[ 2022-12-13 20:15:04,698 ] 88 root - INFO - Hypothesis eg_000: float64, float64 
[ 2022-12-13 20:15:04,733 ] 143 root - INFO - As all column are available in test df hence detecting data drift
[ 2022-12-13 20:15:04,733 ] 88 root - INFO - Hypothesis class: object, object 
[ 2022-12-13 20:15:04,807 ] 88 root - INFO - Hypothesis aa_000: float64, float64 
[ 2022-12-13 20:15:04,814 ] 88 root - INFO - Hypothesis ac_000: float64, float64 
[ 2022-12-13 20:15:04,819 ] 88 root - INFO - Hypothesis ae_000: float64, float64 
[ 2022-12-13 20:15:04,834 ] 88 root - INFO - Hypothesis af_000: float64, float64 
[ 2022-12-13 20:15:04,850 ] 88 root - INFO - Hypothesis ag_000: float64, float64 
[ 2022-12-13 20:15:04,865 ] 88 root - INFO - Hypothesis ag_001: float64, float64 
[ 2022-12-13 20:15:04,880 ] 88 root - INFO - Hypothesis ag_002: float64, float64 
[ 2022-12-13 20:15:04,896 ] 88 root - INFO - Hypothesis ag_003: float64, float64 
[ 2022-12-13 20:15:04,901 ] 88 root - INFO - Hypothesis ag_004: float64, float64 
[ 2022-12-13 20:15:04,908 ] 88 root - INFO - Hypothesis ag_005: float64, float64 
[ 2022-12-13 20:15:04,915 ] 88 root - INFO - Hypothesis ag_006: float64, float64 
[ 2022-12-13 20:15:04,922 ] 88 root - INFO - Hypothesis ag_007: float64, float64 
[ 2022-12-13 20:15:04,928 ] 88 root - INFO - Hypothesis ag_008: float64, float64 
[ 2022-12-13 20:15:04,934 ] 88 root - INFO - Hypothesis ag_009: float64, float64 
[ 2022-12-13 20:15:04,939 ] 88 root - INFO - Hypothesis ah_000: float64, float64 
[ 2022-12-13 20:15:04,946 ] 88 root - INFO - Hypothesis ai_000: float64, float64 
[ 2022-12-13 20:15:04,963 ] 88 root - INFO - Hypothesis aj_000: float64, float64 
[ 2022-12-13 20:15:04,967 ] 88 root - INFO - Hypothesis ak_000: float64, float64 
[ 2022-12-13 20:15:04,982 ] 88 root - INFO - Hypothesis al_000: float64, float64 
[ 2022-12-13 20:15:04,987 ] 88 root - INFO - Hypothesis am_0: float64, float64 
[ 2022-12-13 20:15:04,992 ] 88 root - INFO - Hypothesis an_000: float64, float64 
[ 2022-12-13 20:15:04,999 ] 88 root - INFO - Hypothesis ao_000: float64, float64 
[ 2022-12-13 20:15:05,006 ] 88 root - INFO - Hypothesis ap_000: float64, float64 
[ 2022-12-13 20:15:05,014 ] 88 root - INFO - Hypothesis aq_000: float64, float64 
[ 2022-12-13 20:15:05,021 ] 88 root - INFO - Hypothesis ar_000: float64, float64 
[ 2022-12-13 20:15:05,036 ] 88 root - INFO - Hypothesis as_000: float64, float64 
[ 2022-12-13 20:15:05,051 ] 88 root - INFO - Hypothesis at_000: float64, float64 
[ 2022-12-13 20:15:05,066 ] 88 root - INFO - Hypothesis au_000: float64, float64 
[ 2022-12-13 20:15:05,081 ] 88 root - INFO - Hypothesis av_000: float64, float64 
[ 2022-12-13 20:15:05,086 ] 88 root - INFO - Hypothesis ax_000: float64, float64 
[ 2022-12-13 20:15:05,092 ] 88 root - INFO - Hypothesis ay_000: float64, float64 
[ 2022-12-13 20:15:05,106 ] 88 root - INFO - Hypothesis ay_001: float64, float64 
[ 2022-12-13 20:15:05,121 ] 88 root - INFO - Hypothesis ay_002: float64, float64 
[ 2022-12-13 20:15:05,136 ] 88 root - INFO - Hypothesis ay_003: float64, float64 
[ 2022-12-13 20:15:05,150 ] 88 root - INFO - Hypothesis ay_004: float64, float64 
[ 2022-12-13 20:15:05,166 ] 88 root - INFO - Hypothesis ay_005: float64, float64 
[ 2022-12-13 20:15:05,171 ] 88 root - INFO - Hypothesis ay_006: float64, float64 
[ 2022-12-13 20:15:05,177 ] 88 root - INFO - Hypothesis ay_007: float64, float64 
[ 2022-12-13 20:15:05,184 ] 88 root - INFO - Hypothesis ay_008: float64, float64 
[ 2022-12-13 20:15:05,191 ] 88 root - INFO - Hypothesis ay_009: float64, float64 
[ 2022-12-13 20:15:05,207 ] 88 root - INFO - Hypothesis az_000: float64, float64 
[ 2022-12-13 20:15:05,215 ] 88 root - INFO - Hypothesis az_001: float64, float64 
[ 2022-12-13 20:15:05,222 ] 88 root - INFO - Hypothesis az_002: float64, float64 
[ 2022-12-13 20:15:05,230 ] 88 root - INFO - Hypothesis az_003: float64, float64 
[ 2022-12-13 20:15:05,237 ] 88 root - INFO - Hypothesis az_004: float64, float64 
[ 2022-12-13 20:15:05,244 ] 88 root - INFO - Hypothesis az_005: float64, float64 
[ 2022-12-13 20:15:05,251 ] 88 root - INFO - Hypothesis az_006: float64, float64 
[ 2022-12-13 20:15:05,257 ] 88 root - INFO - Hypothesis az_007: float64, float64 
[ 2022-12-13 20:15:05,273 ] 88 root - INFO - Hypothesis az_008: float64, float64 
[ 2022-12-13 20:15:05,288 ] 88 root - INFO - Hypothesis az_009: float64, float64 
[ 2022-12-13 20:15:05,303 ] 88 root - INFO - Hypothesis ba_000: float64, float64 
[ 2022-12-13 20:15:05,311 ] 88 root - INFO - Hypothesis ba_001: float64, float64 
[ 2022-12-13 20:15:05,317 ] 88 root - INFO - Hypothesis ba_002: float64, float64 
[ 2022-12-13 20:15:05,324 ] 88 root - INFO - Hypothesis ba_003: float64, float64 
[ 2022-12-13 20:15:05,331 ] 88 root - INFO - Hypothesis ba_004: float64, float64 
[ 2022-12-13 20:15:05,338 ] 88 root - INFO - Hypothesis ba_005: float64, float64 
[ 2022-12-13 20:15:05,345 ] 88 root - INFO - Hypothesis ba_006: float64, float64 
[ 2022-12-13 20:15:05,352 ] 88 root - INFO - Hypothesis ba_007: float64, float64 
[ 2022-12-13 20:15:05,358 ] 88 root - INFO - Hypothesis ba_008: float64, float64 
[ 2022-12-13 20:15:05,364 ] 88 root - INFO - Hypothesis ba_009: float64, float64 
[ 2022-12-13 20:15:05,368 ] 88 root - INFO - Hypothesis bb_000: float64, float64 
[ 2022-12-13 20:15:05,375 ] 88 root - INFO - Hypothesis bc_000: float64, float64 
[ 2022-12-13 20:15:05,380 ] 88 root - INFO - Hypothesis bd_000: float64, float64 
[ 2022-12-13 20:15:05,386 ] 88 root - INFO - Hypothesis be_000: float64, float64 
[ 2022-12-13 20:15:05,392 ] 88 root - INFO - Hypothesis bf_000: float64, float64 
[ 2022-12-13 20:15:05,396 ] 88 root - INFO - Hypothesis bg_000: float64, float64 
[ 2022-12-13 20:15:05,403 ] 88 root - INFO - Hypothesis bh_000: float64, float64 
[ 2022-12-13 20:15:05,410 ] 88 root - INFO - Hypothesis bi_000: float64, float64 
[ 2022-12-13 20:15:05,417 ] 88 root - INFO - Hypothesis bj_000: float64, float64 
[ 2022-12-13 20:15:05,424 ] 88 root - INFO - Hypothesis bs_000: float64, float64 
[ 2022-12-13 20:15:05,431 ] 88 root - INFO - Hypothesis bt_000: float64, float64 
[ 2022-12-13 20:15:05,439 ] 88 root - INFO - Hypothesis bu_000: float64, float64 
[ 2022-12-13 20:15:05,445 ] 88 root - INFO - Hypothesis bv_000: float64, float64 
[ 2022-12-13 20:15:05,453 ] 88 root - INFO - Hypothesis bx_000: float64, float64 
[ 2022-12-13 20:15:05,460 ] 88 root - INFO - Hypothesis by_000: float64, float64 
[ 2022-12-13 20:15:05,467 ] 88 root - INFO - Hypothesis bz_000: float64, float64 
[ 2022-12-13 20:15:05,473 ] 88 root - INFO - Hypothesis ca_000: float64, float64 
[ 2022-12-13 20:15:05,479 ] 88 root - INFO - Hypothesis cb_000: float64, float64 
[ 2022-12-13 20:15:05,487 ] 88 root - INFO - Hypothesis cc_000: float64, float64 
[ 2022-12-13 20:15:05,493 ] 88 root - INFO - Hypothesis cd_000: float64, float64 
[ 2022-12-13 20:15:05,497 ] 88 root - INFO - Hypothesis ce_000: float64, float64 
[ 2022-12-13 20:15:05,503 ] 88 root - INFO - Hypothesis ci_000: float64, float64 
[ 2022-12-13 20:15:05,510 ] 88 root - INFO - Hypothesis cj_000: float64, float64 
[ 2022-12-13 20:15:05,514 ] 88 root - INFO - Hypothesis ck_000: float64, float64 
[ 2022-12-13 20:15:05,521 ] 88 root - INFO - Hypothesis cl_000: float64, float64 
[ 2022-12-13 20:15:05,525 ] 88 root - INFO - Hypothesis cm_000: float64, float64 
[ 2022-12-13 20:15:05,530 ] 88 root - INFO - Hypothesis cn_000: float64, float64 
[ 2022-12-13 20:15:05,545 ] 88 root - INFO - Hypothesis cn_001: float64, float64 
[ 2022-12-13 20:15:05,561 ] 88 root - INFO - Hypothesis cn_002: float64, float64 
[ 2022-12-13 20:15:05,566 ] 88 root - INFO - Hypothesis cn_003: float64, float64 
[ 2022-12-13 20:15:05,573 ] 88 root - INFO - Hypothesis cn_004: float64, float64 
[ 2022-12-13 20:15:05,580 ] 88 root - INFO - Hypothesis cn_005: float64, float64 
[ 2022-12-13 20:15:05,587 ] 88 root - INFO - Hypothesis cn_006: float64, float64 
[ 2022-12-13 20:15:05,594 ] 88 root - INFO - Hypothesis cn_007: float64, float64 
[ 2022-12-13 20:15:05,601 ] 88 root - INFO - Hypothesis cn_008: float64, float64 
[ 2022-12-13 20:15:05,607 ] 88 root - INFO - Hypothesis cn_009: float64, float64 
[ 2022-12-13 20:15:05,612 ] 88 root - INFO - Hypothesis cp_000: float64, float64 
[ 2022-12-13 20:15:05,617 ] 88 root - INFO - Hypothesis cq_000: float64, float64 
[ 2022-12-13 20:15:05,624 ] 88 root - INFO - Hypothesis cs_000: float64, float64 
[ 2022-12-13 20:15:05,631 ] 88 root - INFO - Hypothesis cs_001: float64, float64 
[ 2022-12-13 20:15:05,637 ] 88 root - INFO - Hypothesis cs_002: float64, float64 
[ 2022-12-13 20:15:05,643 ] 88 root - INFO - Hypothesis cs_003: float64, float64 
[ 2022-12-13 20:15:05,650 ] 88 root - INFO - Hypothesis cs_004: float64, float64 
[ 2022-12-13 20:15:05,657 ] 88 root - INFO - Hypothesis cs_005: float64, float64 
[ 2022-12-13 20:15:05,664 ] 88 root - INFO - Hypothesis cs_006: float64, float64 
[ 2022-12-13 20:15:05,671 ] 88 root - INFO - Hypothesis cs_007: float64, float64 
[ 2022-12-13 20:15:05,678 ] 88 root - INFO - Hypothesis cs_008: float64, float64 
[ 2022-12-13 20:15:05,683 ] 88 root - INFO - Hypothesis cs_009: float64, float64 
[ 2022-12-13 20:15:05,700 ] 88 root - INFO - Hypothesis dd_000: float64, float64 
[ 2022-12-13 20:15:05,706 ] 88 root - INFO - Hypothesis de_000: float64, float64 
[ 2022-12-13 20:15:05,712 ] 88 root - INFO - Hypothesis df_000: float64, float64 
[ 2022-12-13 20:15:05,727 ] 88 root - INFO - Hypothesis dg_000: float64, float64 
[ 2022-12-13 20:15:05,730 ] 88 root - INFO - Hypothesis dh_000: float64, float64 
[ 2022-12-13 20:15:05,734 ] 88 root - INFO - Hypothesis di_000: float64, float64 
[ 2022-12-13 20:15:05,738 ] 88 root - INFO - Hypothesis dj_000: float64, float64 
[ 2022-12-13 20:15:05,753 ] 88 root - INFO - Hypothesis dk_000: float64, float64 
[ 2022-12-13 20:15:05,768 ] 88 root - INFO - Hypothesis dl_000: float64, float64 
[ 2022-12-13 20:15:05,783 ] 88 root - INFO - Hypothesis dm_000: float64, float64 
[ 2022-12-13 20:15:05,799 ] 88 root - INFO - Hypothesis dn_000: float64, float64 
[ 2022-12-13 20:15:05,805 ] 88 root - INFO - Hypothesis do_000: float64, float64 
[ 2022-12-13 20:15:05,812 ] 88 root - INFO - Hypothesis dp_000: float64, float64 
[ 2022-12-13 20:15:05,818 ] 88 root - INFO - Hypothesis dq_000: float64, float64 
[ 2022-12-13 20:15:05,822 ] 88 root - INFO - Hypothesis dr_000: float64, float64 
[ 2022-12-13 20:15:05,827 ] 88 root - INFO - Hypothesis ds_000: float64, float64 
[ 2022-12-13 20:15:05,834 ] 88 root - INFO - Hypothesis dt_000: float64, float64 
[ 2022-12-13 20:15:05,840 ] 88 root - INFO - Hypothesis du_000: float64, float64 
[ 2022-12-13 20:15:05,849 ] 88 root - INFO - Hypothesis dv_000: float64, float64 
[ 2022-12-13 20:15:05,856 ] 88 root - INFO - Hypothesis dx_000: float64, float64 
[ 2022-12-13 20:15:05,861 ] 88 root - INFO - Hypothesis dy_000: float64, float64 
[ 2022-12-13 20:15:05,866 ] 88 root - INFO - Hypothesis dz_000: float64, float64 
[ 2022-12-13 20:15:05,882 ] 88 root - INFO - Hypothesis ea_000: float64, float64 
[ 2022-12-13 20:15:05,898 ] 88 root - INFO - Hypothesis eb_000: float64, float64 
[ 2022-12-13 20:15:05,904 ] 88 root - INFO - Hypothesis ec_00: float64, float64 
[ 2022-12-13 20:15:05,911 ] 88 root - INFO - Hypothesis ed_000: float64, float64 
[ 2022-12-13 20:15:05,918 ] 88 root - INFO - Hypothesis ee_000: float64, float64 
[ 2022-12-13 20:15:05,926 ] 88 root - INFO - Hypothesis ee_001: float64, float64 
[ 2022-12-13 20:15:05,934 ] 88 root - INFO - Hypothesis ee_002: float64, float64 
[ 2022-12-13 20:15:05,941 ] 88 root - INFO - Hypothesis ee_003: float64, float64 
[ 2022-12-13 20:15:05,949 ] 88 root - INFO - Hypothesis ee_004: float64, float64 
[ 2022-12-13 20:15:05,960 ] 88 root - INFO - Hypothesis ee_005: float64, float64 
[ 2022-12-13 20:15:05,968 ] 88 root - INFO - Hypothesis ee_006: float64, float64 
[ 2022-12-13 20:15:05,975 ] 88 root - INFO - Hypothesis ee_007: float64, float64 
[ 2022-12-13 20:15:05,982 ] 88 root - INFO - Hypothesis ee_008: float64, float64 
[ 2022-12-13 20:15:05,988 ] 88 root - INFO - Hypothesis ee_009: float64, float64 
[ 2022-12-13 20:15:05,993 ] 88 root - INFO - Hypothesis ef_000: float64, float64 
[ 2022-12-13 20:15:06,009 ] 88 root - INFO - Hypothesis eg_000: float64, float64 
[ 2022-12-13 20:15:06,025 ] 147 root - INFO - Write reprt in yaml file
[ 2022-12-13 20:15:06,094 ] 152 root - INFO - Data validation artifact: DataValidationArtifact(report_file_path='/config/workspace/artifact/12132022__201441/data_validation/report.yaml')
[ 2022-12-13 20:15:06,097 ] 24 root - INFO - >>>>>>>>>>>>>>>>>>>>>>>>>>>>>>>>>>>>>>>> Data Transformation <<<<<<<<<<<<<<<<<<<<<<<<<<<<<<<<<<<<<<<<
[ 2022-12-13 20:15:06,988 ] 75 root - INFO - Before resampling in training set Input: (28950, 170) Target:(28950,)
[ 2022-12-13 20:15:12,943 ] 77 root - INFO - After resampling in training set Input: (56162, 170) Target:(56162,)
[ 2022-12-13 20:15:12,943 ] 79 root - INFO - Before resampling in testing set Input: (7238, 170) Target:(7238,)
[ 2022-12-13 20:15:13,573 ] 81 root - INFO - After resampling in testing set Input: (14022, 170) Target:(14022,)
[ 2022-12-13 20:15:13,685 ] 54 root - INFO - Entered the save_object method of utils
[ 2022-12-13 20:15:13,688 ] 58 root - INFO - Exited the save_object method of utils
[ 2022-12-13 20:15:13,688 ] 54 root - INFO - Entered the save_object method of utils
[ 2022-12-13 20:15:13,689 ] 58 root - INFO - Exited the save_object method of utils
[ 2022-12-13 20:15:13,689 ] 112 root - INFO - Data transformation object DataTransformationArtifact(transform_object_path='/config/workspace/artifact/12132022__201441/data_transformation/transformer/transformer.pkl', transformed_train_path='/config/workspace/artifact/12132022__201441/data_transformation/transformed/train.npz', transformed_test_path='/config/workspace/artifact/12132022__201441/data_transformation/transformed/test.npz', target_encoder_path='/config/workspace/artifact/12132022__201441/data_transformation/target_encoder/target_encoder.pkl')
[ 2022-12-13 20:15:13,690 ] 18 root - INFO - >>>>>>>>>>>>>>>>>>>>>>>>>>>>>>>>>>>>>>>> Model Trainer <<<<<<<<<<<<<<<<<<<<<<<<<<<<<<<<<<<<<<<<
[ 2022-12-13 20:15:13,690 ] 45 root - INFO - Loading train and test array.
[ 2022-12-13 20:15:13,721 ] 49 root - INFO - Splitting input and target feature from both train and test arr.
[ 2022-12-13 20:15:13,721 ] 53 root - INFO - Train the model
[ 2022-12-13 20:15:24,338 ] 56 root - INFO - Calculating f1 train score
[ 2022-12-13 20:15:24,390 ] 60 root - INFO - Calculating f1 test score
[ 2022-12-13 20:15:24,408 ] 64 root - INFO - train score:0.9999821940492513 and tests score 0.9619992649761118
[ 2022-12-13 20:15:24,408 ] 66 root - INFO - Checking if our model is underfitting or not
[ 2022-12-13 20:15:24,408 ] 71 root - INFO - Checking if our model is overfiiting or not
[ 2022-12-13 20:15:24,408 ] 78 root - INFO - Saving mode object
[ 2022-12-13 20:15:24,408 ] 54 root - INFO - Entered the save_object method of utils
[ 2022-12-13 20:15:24,413 ] 58 root - INFO - Exited the save_object method of utils
[ 2022-12-13 20:15:24,414 ] 82 root - INFO - Prepare the artifact
[ 2022-12-13 20:15:24,414 ] 85 root - INFO - Model trainer artifact: ModelTrainerArtifact(model_path='/config/workspace/artifact/12132022__201441/model_trainer/model/model.pkl', f1_train_score=0.9999821940492513, f1_test_score=0.9619992649761118)
[ 2022-12-13 20:15:24,416 ] 19 root - INFO - >>>>>>>>>>>>>>>>>>>>>>>>>>>>>>>>>>>>>>>>  Model Evaluation <<<<<<<<<<<<<<<<<<<<<<<<<<<<<<<<<<<<<<<<
[ 2022-12-13 20:15:24,416 ] 39 root - INFO - Model evaluation artifact: ModelEvaluationArtifact(is_model_accepted=True, improved_accuracy=None)
