[ 2022-12-13 23:45:52,936 ] 15 root - INFO - >>>>>>>>>>>>>>>>>>>>>>>>>>>>>>>>>>>>>>>> Data Ingestion <<<<<<<<<<<<<<<<<<<<<<<<<<<<<<<<<<<<<<<<
[ 2022-12-13 23:45:52,937 ] 22 root - INFO - Exporting collection data as pandas dataframe
[ 2022-12-13 23:45:52,937 ] 21 root - INFO - Reading data from database: aps and collection: sensor
[ 2022-12-13 23:45:57,287 ] 23 root - INFO - Found columns: Index(['_id', 'class', 'aa_000', 'ab_000', 'ac_000', 'ad_000', 'ae_000',
       'af_000', 'ag_000', 'ag_001',
       ...
       'ee_002', 'ee_003', 'ee_004', 'ee_005', 'ee_006', 'ee_007', 'ee_008',
       'ee_009', 'ef_000', 'eg_000'],
      dtype='object', length=172)
[ 2022-12-13 23:45:57,288 ] 25 root - INFO - Dropping column: _id 
[ 2022-12-13 23:45:58,178 ] 27 root - INFO - Row and columns in df: (36188, 171)
[ 2022-12-13 23:45:58,179 ] 28 root - INFO - Save data in feature store
[ 2022-12-13 23:45:58,810 ] 34 root - INFO - Create feature store folder if not available
[ 2022-12-13 23:45:58,811 ] 38 root - INFO - Save df to feature store folder
[ 2022-12-13 23:46:02,146 ] 43 root - INFO - split dataset into train and test set
[ 2022-12-13 23:46:02,864 ] 47 root - INFO - create dataset directory folder if not available
[ 2022-12-13 23:46:02,864 ] 52 root - INFO - Save df to feature store folder
[ 2022-12-13 23:46:05,273 ] 64 root - INFO - Data ingestion artifact: DataIngestionArtifact(feature_store_file_path='/config/workspace/artifact/12132022__234552/data_ingestion/feature_store/sensor.csv', train_file_path='/config/workspace/artifact/12132022__234552/data_ingestion/dataset/train.csv', test_file_path='/config/workspace/artifact/12132022__234552/data_ingestion/dataset/test.csv')
[ 2022-12-13 23:46:05,748 ] 22 root - INFO - >>>>>>>>>>>>>>>>>>>>>>>>>>>>>>>>>>>>>>>> Data Validation <<<<<<<<<<<<<<<<<<<<<<<<<<<<<<<<<<<<<<<<
[ 2022-12-13 23:46:05,748 ] 110 root - INFO - Reading base dataframe
[ 2022-12-13 23:46:08,918 ] 113 root - INFO - Replace na value in base df
[ 2022-12-13 23:46:08,918 ] 115 root - INFO - Drop null values colums from base df
[ 2022-12-13 23:46:09,873 ] 44 root - INFO - selecting column name which contains null above to 0.2
[ 2022-12-13 23:46:09,874 ] 47 root - INFO - Columns to drop: ['ab_000', 'ad_000', 'bk_000', 'bl_000', 'bm_000', 'bn_000', 'bo_000', 'bp_000', 'bq_000', 'br_000', 'cf_000', 'cg_000', 'ch_000', 'co_000', 'cr_000', 'ct_000', 'cu_000', 'cv_000', 'cx_000', 'cy_000', 'cz_000', 'da_000', 'db_000', 'dc_000']
[ 2022-12-13 23:46:09,982 ] 118 root - INFO - Reading train dataframe
[ 2022-12-13 23:46:10,429 ] 120 root - INFO - Reading test dataframe
[ 2022-12-13 23:46:10,556 ] 123 root - INFO - Drop null values colums from train df
[ 2022-12-13 23:46:10,570 ] 44 root - INFO - selecting column name which contains null above to 0.2
[ 2022-12-13 23:46:10,571 ] 47 root - INFO - Columns to drop: ['ab_000', 'ad_000', 'bk_000', 'bl_000', 'bm_000', 'bn_000', 'bo_000', 'bp_000', 'bq_000', 'br_000', 'cf_000', 'cg_000', 'ch_000', 'co_000', 'cr_000', 'ct_000', 'cu_000', 'cv_000', 'cx_000', 'cy_000', 'cz_000', 'da_000', 'db_000', 'dc_000']
[ 2022-12-13 23:46:10,594 ] 125 root - INFO - Drop null values colums from test df
[ 2022-12-13 23:46:10,600 ] 44 root - INFO - selecting column name which contains null above to 0.2
[ 2022-12-13 23:46:10,601 ] 47 root - INFO - Columns to drop: ['ab_000', 'ad_000', 'bk_000', 'bl_000', 'bm_000', 'bn_000', 'bo_000', 'bp_000', 'bq_000', 'br_000', 'cf_000', 'cg_000', 'ch_000', 'co_000', 'cr_000', 'ct_000', 'cu_000', 'cv_000', 'cx_000', 'cy_000', 'cz_000', 'da_000', 'db_000', 'dc_000']
[ 2022-12-13 23:46:17,250 ] 134 root - INFO - Is all required columns present in train df
[ 2022-12-13 23:46:17,251 ] 136 root - INFO - Is all required columns present in test df
[ 2022-12-13 23:46:17,252 ] 140 root - INFO - As all column are available in train df hence detecting data drift
[ 2022-12-13 23:46:17,252 ] 88 root - INFO - Hypothesis class: object, object 
[ 2022-12-13 23:46:17,398 ] 88 root - INFO - Hypothesis aa_000: float64, float64 
[ 2022-12-13 23:46:17,409 ] 88 root - INFO - Hypothesis ac_000: float64, float64 
[ 2022-12-13 23:46:17,456 ] 88 root - INFO - Hypothesis ae_000: float64, float64 
[ 2022-12-13 23:46:17,499 ] 88 root - INFO - Hypothesis af_000: float64, float64 
[ 2022-12-13 23:46:17,543 ] 88 root - INFO - Hypothesis ag_000: float64, float64 
[ 2022-12-13 23:46:17,586 ] 88 root - INFO - Hypothesis ag_001: float64, float64 
[ 2022-12-13 23:46:17,631 ] 88 root - INFO - Hypothesis ag_002: float64, float64 
[ 2022-12-13 23:46:17,674 ] 88 root - INFO - Hypothesis ag_003: float64, float64 
[ 2022-12-13 23:46:17,719 ] 88 root - INFO - Hypothesis ag_004: float64, float64 
[ 2022-12-13 23:46:17,768 ] 88 root - INFO - Hypothesis ag_005: float64, float64 
[ 2022-12-13 23:46:17,817 ] 88 root - INFO - Hypothesis ag_006: float64, float64 
[ 2022-12-13 23:46:17,829 ] 88 root - INFO - Hypothesis ag_007: float64, float64 
[ 2022-12-13 23:46:17,877 ] 88 root - INFO - Hypothesis ag_008: float64, float64 
[ 2022-12-13 23:46:17,927 ] 88 root - INFO - Hypothesis ag_009: float64, float64 
[ 2022-12-13 23:46:17,971 ] 88 root - INFO - Hypothesis ah_000: float64, float64 
[ 2022-12-13 23:46:17,983 ] 88 root - INFO - Hypothesis ai_000: float64, float64 
[ 2022-12-13 23:46:18,032 ] 88 root - INFO - Hypothesis aj_000: float64, float64 
[ 2022-12-13 23:46:18,039 ] 88 root - INFO - Hypothesis ak_000: float64, float64 
[ 2022-12-13 23:46:18,083 ] 88 root - INFO - Hypothesis al_000: float64, float64 
[ 2022-12-13 23:46:18,130 ] 88 root - INFO - Hypothesis am_0: float64, float64 
[ 2022-12-13 23:46:18,180 ] 88 root - INFO - Hypothesis an_000: float64, float64 
[ 2022-12-13 23:46:18,193 ] 88 root - INFO - Hypothesis ao_000: float64, float64 
[ 2022-12-13 23:46:18,206 ] 88 root - INFO - Hypothesis ap_000: float64, float64 
[ 2022-12-13 23:46:18,218 ] 88 root - INFO - Hypothesis aq_000: float64, float64 
[ 2022-12-13 23:46:18,230 ] 88 root - INFO - Hypothesis ar_000: float64, float64 
[ 2022-12-13 23:46:18,275 ] 88 root - INFO - Hypothesis as_000: float64, float64 
[ 2022-12-13 23:46:18,318 ] 88 root - INFO - Hypothesis at_000: float64, float64 
[ 2022-12-13 23:46:18,363 ] 88 root - INFO - Hypothesis au_000: float64, float64 
[ 2022-12-13 23:46:18,407 ] 88 root - INFO - Hypothesis av_000: float64, float64 
[ 2022-12-13 23:46:18,454 ] 88 root - INFO - Hypothesis ax_000: float64, float64 
[ 2022-12-13 23:46:18,501 ] 88 root - INFO - Hypothesis ay_000: float64, float64 
[ 2022-12-13 23:46:18,543 ] 88 root - INFO - Hypothesis ay_001: float64, float64 
[ 2022-12-13 23:46:18,586 ] 88 root - INFO - Hypothesis ay_002: float64, float64 
[ 2022-12-13 23:46:18,629 ] 88 root - INFO - Hypothesis ay_003: float64, float64 
[ 2022-12-13 23:46:18,673 ] 88 root - INFO - Hypothesis ay_004: float64, float64 
[ 2022-12-13 23:46:18,716 ] 88 root - INFO - Hypothesis ay_005: float64, float64 
[ 2022-12-13 23:46:18,725 ] 88 root - INFO - Hypothesis ay_006: float64, float64 
[ 2022-12-13 23:46:18,776 ] 88 root - INFO - Hypothesis ay_007: float64, float64 
[ 2022-12-13 23:46:18,786 ] 88 root - INFO - Hypothesis ay_008: float64, float64 
[ 2022-12-13 23:46:18,836 ] 88 root - INFO - Hypothesis ay_009: float64, float64 
[ 2022-12-13 23:46:18,879 ] 88 root - INFO - Hypothesis az_000: float64, float64 
[ 2022-12-13 23:46:18,890 ] 88 root - INFO - Hypothesis az_001: float64, float64 
[ 2022-12-13 23:46:18,900 ] 88 root - INFO - Hypothesis az_002: float64, float64 
[ 2022-12-13 23:46:18,911 ] 88 root - INFO - Hypothesis az_003: float64, float64 
[ 2022-12-13 23:46:18,965 ] 88 root - INFO - Hypothesis az_004: float64, float64 
[ 2022-12-13 23:46:19,014 ] 88 root - INFO - Hypothesis az_005: float64, float64 
[ 2022-12-13 23:46:19,067 ] 88 root - INFO - Hypothesis az_006: float64, float64 
[ 2022-12-13 23:46:19,077 ] 88 root - INFO - Hypothesis az_007: float64, float64 
[ 2022-12-13 23:46:19,122 ] 88 root - INFO - Hypothesis az_008: float64, float64 
[ 2022-12-13 23:46:19,167 ] 88 root - INFO - Hypothesis az_009: float64, float64 
[ 2022-12-13 23:46:19,210 ] 88 root - INFO - Hypothesis ba_000: float64, float64 
[ 2022-12-13 23:46:19,261 ] 88 root - INFO - Hypothesis ba_001: float64, float64 
[ 2022-12-13 23:46:19,272 ] 88 root - INFO - Hypothesis ba_002: float64, float64 
[ 2022-12-13 23:46:19,322 ] 88 root - INFO - Hypothesis ba_003: float64, float64 
[ 2022-12-13 23:46:19,371 ] 88 root - INFO - Hypothesis ba_004: float64, float64 
[ 2022-12-13 23:46:19,421 ] 88 root - INFO - Hypothesis ba_005: float64, float64 
[ 2022-12-13 23:46:19,471 ] 88 root - INFO - Hypothesis ba_006: float64, float64 
[ 2022-12-13 23:46:19,524 ] 88 root - INFO - Hypothesis ba_007: float64, float64 
[ 2022-12-13 23:46:19,535 ] 88 root - INFO - Hypothesis ba_008: float64, float64 
[ 2022-12-13 23:46:19,544 ] 88 root - INFO - Hypothesis ba_009: float64, float64 
[ 2022-12-13 23:46:19,590 ] 88 root - INFO - Hypothesis bb_000: float64, float64 
[ 2022-12-13 23:46:19,602 ] 88 root - INFO - Hypothesis bc_000: float64, float64 
[ 2022-12-13 23:46:19,648 ] 88 root - INFO - Hypothesis bd_000: float64, float64 
[ 2022-12-13 23:46:19,658 ] 88 root - INFO - Hypothesis be_000: float64, float64 
[ 2022-12-13 23:46:19,667 ] 88 root - INFO - Hypothesis bf_000: float64, float64 
[ 2022-12-13 23:46:19,714 ] 88 root - INFO - Hypothesis bg_000: float64, float64 
[ 2022-12-13 23:46:19,725 ] 88 root - INFO - Hypothesis bh_000: float64, float64 
[ 2022-12-13 23:46:19,737 ] 88 root - INFO - Hypothesis bi_000: float64, float64 
[ 2022-12-13 23:46:19,749 ] 88 root - INFO - Hypothesis bj_000: float64, float64 
[ 2022-12-13 23:46:19,760 ] 88 root - INFO - Hypothesis bs_000: float64, float64 
[ 2022-12-13 23:46:19,772 ] 88 root - INFO - Hypothesis bt_000: float64, float64 
[ 2022-12-13 23:46:19,783 ] 88 root - INFO - Hypothesis bu_000: float64, float64 
[ 2022-12-13 23:46:19,795 ] 88 root - INFO - Hypothesis bv_000: float64, float64 
[ 2022-12-13 23:46:19,806 ] 88 root - INFO - Hypothesis bx_000: float64, float64 
[ 2022-12-13 23:46:19,817 ] 88 root - INFO - Hypothesis by_000: float64, float64 
[ 2022-12-13 23:46:19,867 ] 88 root - INFO - Hypothesis bz_000: float64, float64 
[ 2022-12-13 23:46:19,877 ] 88 root - INFO - Hypothesis ca_000: float64, float64 
[ 2022-12-13 23:46:19,888 ] 88 root - INFO - Hypothesis cb_000: float64, float64 
[ 2022-12-13 23:46:19,900 ] 88 root - INFO - Hypothesis cc_000: float64, float64 
[ 2022-12-13 23:46:19,953 ] 88 root - INFO - Hypothesis cd_000: float64, float64 
[ 2022-12-13 23:46:19,998 ] 88 root - INFO - Hypothesis ce_000: float64, float64 
[ 2022-12-13 23:46:20,008 ] 88 root - INFO - Hypothesis ci_000: float64, float64 
[ 2022-12-13 23:46:20,020 ] 88 root - INFO - Hypothesis cj_000: float64, float64 
[ 2022-12-13 23:46:20,065 ] 88 root - INFO - Hypothesis ck_000: float64, float64 
[ 2022-12-13 23:46:20,076 ] 88 root - INFO - Hypothesis cl_000: float64, float64 
[ 2022-12-13 23:46:20,083 ] 88 root - INFO - Hypothesis cm_000: float64, float64 
[ 2022-12-13 23:46:20,091 ] 88 root - INFO - Hypothesis cn_000: float64, float64 
[ 2022-12-13 23:46:20,135 ] 88 root - INFO - Hypothesis cn_001: float64, float64 
[ 2022-12-13 23:46:20,180 ] 88 root - INFO - Hypothesis cn_002: float64, float64 
[ 2022-12-13 23:46:20,227 ] 88 root - INFO - Hypothesis cn_003: float64, float64 
[ 2022-12-13 23:46:20,278 ] 88 root - INFO - Hypothesis cn_004: float64, float64 
[ 2022-12-13 23:46:20,290 ] 88 root - INFO - Hypothesis cn_005: float64, float64 
[ 2022-12-13 23:46:20,339 ] 88 root - INFO - Hypothesis cn_006: float64, float64 
[ 2022-12-13 23:46:20,389 ] 88 root - INFO - Hypothesis cn_007: float64, float64 
[ 2022-12-13 23:46:20,438 ] 88 root - INFO - Hypothesis cn_008: float64, float64 
[ 2022-12-13 23:46:20,486 ] 88 root - INFO - Hypothesis cn_009: float64, float64 
[ 2022-12-13 23:46:20,534 ] 88 root - INFO - Hypothesis cp_000: float64, float64 
[ 2022-12-13 23:46:20,582 ] 88 root - INFO - Hypothesis cq_000: float64, float64 
[ 2022-12-13 23:46:20,594 ] 88 root - INFO - Hypothesis cs_000: float64, float64 
[ 2022-12-13 23:46:20,643 ] 88 root - INFO - Hypothesis cs_001: float64, float64 
[ 2022-12-13 23:46:20,691 ] 88 root - INFO - Hypothesis cs_002: float64, float64 
[ 2022-12-13 23:46:20,740 ] 88 root - INFO - Hypothesis cs_003: float64, float64 
[ 2022-12-13 23:46:20,790 ] 88 root - INFO - Hypothesis cs_004: float64, float64 
[ 2022-12-13 23:46:20,838 ] 88 root - INFO - Hypothesis cs_005: float64, float64 
[ 2022-12-13 23:46:20,892 ] 88 root - INFO - Hypothesis cs_006: float64, float64 
[ 2022-12-13 23:46:20,904 ] 88 root - INFO - Hypothesis cs_007: float64, float64 
[ 2022-12-13 23:46:20,915 ] 88 root - INFO - Hypothesis cs_008: float64, float64 
[ 2022-12-13 23:46:20,966 ] 88 root - INFO - Hypothesis cs_009: float64, float64 
[ 2022-12-13 23:46:21,009 ] 88 root - INFO - Hypothesis dd_000: float64, float64 
[ 2022-12-13 23:46:21,059 ] 88 root - INFO - Hypothesis de_000: float64, float64 
[ 2022-12-13 23:46:21,106 ] 88 root - INFO - Hypothesis df_000: float64, float64 
[ 2022-12-13 23:46:21,150 ] 88 root - INFO - Hypothesis dg_000: float64, float64 
[ 2022-12-13 23:46:21,194 ] 88 root - INFO - Hypothesis dh_000: float64, float64 
[ 2022-12-13 23:46:21,239 ] 88 root - INFO - Hypothesis di_000: float64, float64 
[ 2022-12-13 23:46:21,287 ] 88 root - INFO - Hypothesis dj_000: float64, float64 
[ 2022-12-13 23:46:21,330 ] 88 root - INFO - Hypothesis dk_000: float64, float64 
[ 2022-12-13 23:46:21,374 ] 88 root - INFO - Hypothesis dl_000: float64, float64 
[ 2022-12-13 23:46:21,417 ] 88 root - INFO - Hypothesis dm_000: float64, float64 
[ 2022-12-13 23:46:21,460 ] 88 root - INFO - Hypothesis dn_000: float64, float64 
[ 2022-12-13 23:46:21,472 ] 88 root - INFO - Hypothesis do_000: float64, float64 
[ 2022-12-13 23:46:21,482 ] 88 root - INFO - Hypothesis dp_000: float64, float64 
[ 2022-12-13 23:46:21,532 ] 88 root - INFO - Hypothesis dq_000: float64, float64 
[ 2022-12-13 23:46:21,577 ] 88 root - INFO - Hypothesis dr_000: float64, float64 
[ 2022-12-13 23:46:21,621 ] 88 root - INFO - Hypothesis ds_000: float64, float64 
[ 2022-12-13 23:46:21,671 ] 88 root - INFO - Hypothesis dt_000: float64, float64 
[ 2022-12-13 23:46:21,720 ] 88 root - INFO - Hypothesis du_000: float64, float64 
[ 2022-12-13 23:46:21,769 ] 88 root - INFO - Hypothesis dv_000: float64, float64 
[ 2022-12-13 23:46:21,819 ] 88 root - INFO - Hypothesis dx_000: float64, float64 
[ 2022-12-13 23:46:21,827 ] 88 root - INFO - Hypothesis dy_000: float64, float64 
[ 2022-12-13 23:46:21,835 ] 88 root - INFO - Hypothesis dz_000: float64, float64 
[ 2022-12-13 23:46:21,878 ] 88 root - INFO - Hypothesis ea_000: float64, float64 
[ 2022-12-13 23:46:21,921 ] 88 root - INFO - Hypothesis eb_000: float64, float64 
[ 2022-12-13 23:46:21,931 ] 88 root - INFO - Hypothesis ec_00: float64, float64 
[ 2022-12-13 23:46:21,980 ] 88 root - INFO - Hypothesis ed_000: float64, float64 
[ 2022-12-13 23:46:22,029 ] 88 root - INFO - Hypothesis ee_000: float64, float64 
[ 2022-12-13 23:46:22,079 ] 88 root - INFO - Hypothesis ee_001: float64, float64 
[ 2022-12-13 23:46:22,128 ] 88 root - INFO - Hypothesis ee_002: float64, float64 
[ 2022-12-13 23:46:22,178 ] 88 root - INFO - Hypothesis ee_003: float64, float64 
[ 2022-12-13 23:46:22,189 ] 88 root - INFO - Hypothesis ee_004: float64, float64 
[ 2022-12-13 23:46:22,200 ] 88 root - INFO - Hypothesis ee_005: float64, float64 
[ 2022-12-13 23:46:22,212 ] 88 root - INFO - Hypothesis ee_006: float64, float64 
[ 2022-12-13 23:46:22,261 ] 88 root - INFO - Hypothesis ee_007: float64, float64 
[ 2022-12-13 23:46:22,310 ] 88 root - INFO - Hypothesis ee_008: float64, float64 
[ 2022-12-13 23:46:22,358 ] 88 root - INFO - Hypothesis ee_009: float64, float64 
[ 2022-12-13 23:46:22,406 ] 88 root - INFO - Hypothesis ef_000: float64, float64 
[ 2022-12-13 23:46:22,450 ] 88 root - INFO - Hypothesis eg_000: float64, float64 
[ 2022-12-13 23:46:22,493 ] 143 root - INFO - As all column are available in test df hence detecting data drift
[ 2022-12-13 23:46:22,494 ] 88 root - INFO - Hypothesis class: object, object 
[ 2022-12-13 23:46:22,572 ] 88 root - INFO - Hypothesis aa_000: float64, float64 
[ 2022-12-13 23:46:22,580 ] 88 root - INFO - Hypothesis ac_000: float64, float64 
[ 2022-12-13 23:46:22,587 ] 88 root - INFO - Hypothesis ae_000: float64, float64 
[ 2022-12-13 23:46:22,605 ] 88 root - INFO - Hypothesis af_000: float64, float64 
[ 2022-12-13 23:46:22,624 ] 88 root - INFO - Hypothesis ag_000: float64, float64 
[ 2022-12-13 23:46:22,642 ] 88 root - INFO - Hypothesis ag_001: float64, float64 
[ 2022-12-13 23:46:22,660 ] 88 root - INFO - Hypothesis ag_002: float64, float64 
[ 2022-12-13 23:46:22,665 ] 88 root - INFO - Hypothesis ag_003: float64, float64 
[ 2022-12-13 23:46:22,670 ] 88 root - INFO - Hypothesis ag_004: float64, float64 
[ 2022-12-13 23:46:22,677 ] 88 root - INFO - Hypothesis ag_005: float64, float64 
[ 2022-12-13 23:46:22,685 ] 88 root - INFO - Hypothesis ag_006: float64, float64 
[ 2022-12-13 23:46:22,693 ] 88 root - INFO - Hypothesis ag_007: float64, float64 
[ 2022-12-13 23:46:22,700 ] 88 root - INFO - Hypothesis ag_008: float64, float64 
[ 2022-12-13 23:46:22,707 ] 88 root - INFO - Hypothesis ag_009: float64, float64 
[ 2022-12-13 23:46:22,727 ] 88 root - INFO - Hypothesis ah_000: float64, float64 
[ 2022-12-13 23:46:22,736 ] 88 root - INFO - Hypothesis ai_000: float64, float64 
[ 2022-12-13 23:46:22,755 ] 88 root - INFO - Hypothesis aj_000: float64, float64 
[ 2022-12-13 23:46:22,759 ] 88 root - INFO - Hypothesis ak_000: float64, float64 
[ 2022-12-13 23:46:22,764 ] 88 root - INFO - Hypothesis al_000: float64, float64 
[ 2022-12-13 23:46:22,770 ] 88 root - INFO - Hypothesis am_0: float64, float64 
[ 2022-12-13 23:46:22,775 ] 88 root - INFO - Hypothesis an_000: float64, float64 
[ 2022-12-13 23:46:22,783 ] 88 root - INFO - Hypothesis ao_000: float64, float64 
[ 2022-12-13 23:46:22,791 ] 88 root - INFO - Hypothesis ap_000: float64, float64 
[ 2022-12-13 23:46:22,799 ] 88 root - INFO - Hypothesis aq_000: float64, float64 
[ 2022-12-13 23:46:22,807 ] 88 root - INFO - Hypothesis ar_000: float64, float64 
[ 2022-12-13 23:46:22,827 ] 88 root - INFO - Hypothesis as_000: float64, float64 
[ 2022-12-13 23:46:22,845 ] 88 root - INFO - Hypothesis at_000: float64, float64 
[ 2022-12-13 23:46:22,864 ] 88 root - INFO - Hypothesis au_000: float64, float64 
[ 2022-12-13 23:46:22,883 ] 88 root - INFO - Hypothesis av_000: float64, float64 
[ 2022-12-13 23:46:22,889 ] 88 root - INFO - Hypothesis ax_000: float64, float64 
[ 2022-12-13 23:46:22,896 ] 88 root - INFO - Hypothesis ay_000: float64, float64 
[ 2022-12-13 23:46:22,914 ] 88 root - INFO - Hypothesis ay_001: float64, float64 
[ 2022-12-13 23:46:22,932 ] 88 root - INFO - Hypothesis ay_002: float64, float64 
[ 2022-12-13 23:46:22,951 ] 88 root - INFO - Hypothesis ay_003: float64, float64 
[ 2022-12-13 23:46:22,969 ] 88 root - INFO - Hypothesis ay_004: float64, float64 
[ 2022-12-13 23:46:22,988 ] 88 root - INFO - Hypothesis ay_005: float64, float64 
[ 2022-12-13 23:46:22,995 ] 88 root - INFO - Hypothesis ay_006: float64, float64 
[ 2022-12-13 23:46:23,002 ] 88 root - INFO - Hypothesis ay_007: float64, float64 
[ 2022-12-13 23:46:23,010 ] 88 root - INFO - Hypothesis ay_008: float64, float64 
[ 2022-12-13 23:46:23,017 ] 88 root - INFO - Hypothesis ay_009: float64, float64 
[ 2022-12-13 23:46:23,036 ] 88 root - INFO - Hypothesis az_000: float64, float64 
[ 2022-12-13 23:46:23,044 ] 88 root - INFO - Hypothesis az_001: float64, float64 
[ 2022-12-13 23:46:23,051 ] 88 root - INFO - Hypothesis az_002: float64, float64 
[ 2022-12-13 23:46:23,058 ] 88 root - INFO - Hypothesis az_003: float64, float64 
[ 2022-12-13 23:46:23,065 ] 88 root - INFO - Hypothesis az_004: float64, float64 
[ 2022-12-13 23:46:23,073 ] 88 root - INFO - Hypothesis az_005: float64, float64 
[ 2022-12-13 23:46:23,081 ] 88 root - INFO - Hypothesis az_006: float64, float64 
[ 2022-12-13 23:46:23,088 ] 88 root - INFO - Hypothesis az_007: float64, float64 
[ 2022-12-13 23:46:23,093 ] 88 root - INFO - Hypothesis az_008: float64, float64 
[ 2022-12-13 23:46:23,098 ] 88 root - INFO - Hypothesis az_009: float64, float64 
[ 2022-12-13 23:46:23,116 ] 88 root - INFO - Hypothesis ba_000: float64, float64 
[ 2022-12-13 23:46:23,124 ] 88 root - INFO - Hypothesis ba_001: float64, float64 
[ 2022-12-13 23:46:23,132 ] 88 root - INFO - Hypothesis ba_002: float64, float64 
[ 2022-12-13 23:46:23,140 ] 88 root - INFO - Hypothesis ba_003: float64, float64 
[ 2022-12-13 23:46:23,148 ] 88 root - INFO - Hypothesis ba_004: float64, float64 
[ 2022-12-13 23:46:23,155 ] 88 root - INFO - Hypothesis ba_005: float64, float64 
[ 2022-12-13 23:46:23,163 ] 88 root - INFO - Hypothesis ba_006: float64, float64 
[ 2022-12-13 23:46:23,170 ] 88 root - INFO - Hypothesis ba_007: float64, float64 
[ 2022-12-13 23:46:23,178 ] 88 root - INFO - Hypothesis ba_008: float64, float64 
[ 2022-12-13 23:46:23,184 ] 88 root - INFO - Hypothesis ba_009: float64, float64 
[ 2022-12-13 23:46:23,190 ] 88 root - INFO - Hypothesis bb_000: float64, float64 
[ 2022-12-13 23:46:23,199 ] 88 root - INFO - Hypothesis bc_000: float64, float64 
[ 2022-12-13 23:46:23,207 ] 88 root - INFO - Hypothesis bd_000: float64, float64 
[ 2022-12-13 23:46:23,216 ] 88 root - INFO - Hypothesis be_000: float64, float64 
[ 2022-12-13 23:46:23,225 ] 88 root - INFO - Hypothesis bf_000: float64, float64 
[ 2022-12-13 23:46:23,231 ] 88 root - INFO - Hypothesis bg_000: float64, float64 
[ 2022-12-13 23:46:23,240 ] 88 root - INFO - Hypothesis bh_000: float64, float64 
[ 2022-12-13 23:46:23,248 ] 88 root - INFO - Hypothesis bi_000: float64, float64 
[ 2022-12-13 23:46:23,256 ] 88 root - INFO - Hypothesis bj_000: float64, float64 
[ 2022-12-13 23:46:23,264 ] 88 root - INFO - Hypothesis bs_000: float64, float64 
[ 2022-12-13 23:46:23,272 ] 88 root - INFO - Hypothesis bt_000: float64, float64 
[ 2022-12-13 23:46:23,281 ] 88 root - INFO - Hypothesis bu_000: float64, float64 
[ 2022-12-13 23:46:23,289 ] 88 root - INFO - Hypothesis bv_000: float64, float64 
[ 2022-12-13 23:46:23,297 ] 88 root - INFO - Hypothesis bx_000: float64, float64 
[ 2022-12-13 23:46:23,305 ] 88 root - INFO - Hypothesis by_000: float64, float64 
[ 2022-12-13 23:46:23,313 ] 88 root - INFO - Hypothesis bz_000: float64, float64 
[ 2022-12-13 23:46:23,320 ] 88 root - INFO - Hypothesis ca_000: float64, float64 
[ 2022-12-13 23:46:23,328 ] 88 root - INFO - Hypothesis cb_000: float64, float64 
[ 2022-12-13 23:46:23,336 ] 88 root - INFO - Hypothesis cc_000: float64, float64 
[ 2022-12-13 23:46:23,344 ] 88 root - INFO - Hypothesis cd_000: float64, float64 
[ 2022-12-13 23:46:23,362 ] 88 root - INFO - Hypothesis ce_000: float64, float64 
[ 2022-12-13 23:46:23,370 ] 88 root - INFO - Hypothesis ci_000: float64, float64 
[ 2022-12-13 23:46:23,378 ] 88 root - INFO - Hypothesis cj_000: float64, float64 
[ 2022-12-13 23:46:23,397 ] 88 root - INFO - Hypothesis ck_000: float64, float64 
[ 2022-12-13 23:46:23,405 ] 88 root - INFO - Hypothesis cl_000: float64, float64 
[ 2022-12-13 23:46:23,410 ] 88 root - INFO - Hypothesis cm_000: float64, float64 
[ 2022-12-13 23:46:23,416 ] 88 root - INFO - Hypothesis cn_000: float64, float64 
[ 2022-12-13 23:46:23,435 ] 88 root - INFO - Hypothesis cn_001: float64, float64 
[ 2022-12-13 23:46:23,440 ] 88 root - INFO - Hypothesis cn_002: float64, float64 
[ 2022-12-13 23:46:23,447 ] 88 root - INFO - Hypothesis cn_003: float64, float64 
[ 2022-12-13 23:46:23,456 ] 88 root - INFO - Hypothesis cn_004: float64, float64 
[ 2022-12-13 23:46:23,466 ] 88 root - INFO - Hypothesis cn_005: float64, float64 
[ 2022-12-13 23:46:23,475 ] 88 root - INFO - Hypothesis cn_006: float64, float64 
[ 2022-12-13 23:46:23,484 ] 88 root - INFO - Hypothesis cn_007: float64, float64 
[ 2022-12-13 23:46:23,493 ] 88 root - INFO - Hypothesis cn_008: float64, float64 
[ 2022-12-13 23:46:23,501 ] 88 root - INFO - Hypothesis cn_009: float64, float64 
[ 2022-12-13 23:46:23,508 ] 88 root - INFO - Hypothesis cp_000: float64, float64 
[ 2022-12-13 23:46:23,516 ] 88 root - INFO - Hypothesis cq_000: float64, float64 
[ 2022-12-13 23:46:23,525 ] 88 root - INFO - Hypothesis cs_000: float64, float64 
[ 2022-12-13 23:46:23,533 ] 88 root - INFO - Hypothesis cs_001: float64, float64 
[ 2022-12-13 23:46:23,540 ] 88 root - INFO - Hypothesis cs_002: float64, float64 
[ 2022-12-13 23:46:23,547 ] 88 root - INFO - Hypothesis cs_003: float64, float64 
[ 2022-12-13 23:46:23,555 ] 88 root - INFO - Hypothesis cs_004: float64, float64 
[ 2022-12-13 23:46:23,563 ] 88 root - INFO - Hypothesis cs_005: float64, float64 
[ 2022-12-13 23:46:23,571 ] 88 root - INFO - Hypothesis cs_006: float64, float64 
[ 2022-12-13 23:46:23,579 ] 88 root - INFO - Hypothesis cs_007: float64, float64 
[ 2022-12-13 23:46:23,587 ] 88 root - INFO - Hypothesis cs_008: float64, float64 
[ 2022-12-13 23:46:23,593 ] 88 root - INFO - Hypothesis cs_009: float64, float64 
[ 2022-12-13 23:46:23,611 ] 88 root - INFO - Hypothesis dd_000: float64, float64 
[ 2022-12-13 23:46:23,619 ] 88 root - INFO - Hypothesis de_000: float64, float64 
[ 2022-12-13 23:46:23,625 ] 88 root - INFO - Hypothesis df_000: float64, float64 
[ 2022-12-13 23:46:23,644 ] 88 root - INFO - Hypothesis dg_000: float64, float64 
[ 2022-12-13 23:46:23,662 ] 88 root - INFO - Hypothesis dh_000: float64, float64 
[ 2022-12-13 23:46:23,667 ] 88 root - INFO - Hypothesis di_000: float64, float64 
[ 2022-12-13 23:46:23,672 ] 88 root - INFO - Hypothesis dj_000: float64, float64 
[ 2022-12-13 23:46:23,691 ] 88 root - INFO - Hypothesis dk_000: float64, float64 
[ 2022-12-13 23:46:23,710 ] 88 root - INFO - Hypothesis dl_000: float64, float64 
[ 2022-12-13 23:46:23,729 ] 88 root - INFO - Hypothesis dm_000: float64, float64 
[ 2022-12-13 23:46:23,747 ] 88 root - INFO - Hypothesis dn_000: float64, float64 
[ 2022-12-13 23:46:23,755 ] 88 root - INFO - Hypothesis do_000: float64, float64 
[ 2022-12-13 23:46:23,762 ] 88 root - INFO - Hypothesis dp_000: float64, float64 
[ 2022-12-13 23:46:23,769 ] 88 root - INFO - Hypothesis dq_000: float64, float64 
[ 2022-12-13 23:46:23,774 ] 88 root - INFO - Hypothesis dr_000: float64, float64 
[ 2022-12-13 23:46:23,794 ] 88 root - INFO - Hypothesis ds_000: float64, float64 
[ 2022-12-13 23:46:23,802 ] 88 root - INFO - Hypothesis dt_000: float64, float64 
[ 2022-12-13 23:46:23,809 ] 88 root - INFO - Hypothesis du_000: float64, float64 
[ 2022-12-13 23:46:23,817 ] 88 root - INFO - Hypothesis dv_000: float64, float64 
[ 2022-12-13 23:46:23,825 ] 88 root - INFO - Hypothesis dx_000: float64, float64 
[ 2022-12-13 23:46:23,831 ] 88 root - INFO - Hypothesis dy_000: float64, float64 
[ 2022-12-13 23:46:23,837 ] 88 root - INFO - Hypothesis dz_000: float64, float64 
[ 2022-12-13 23:46:23,856 ] 88 root - INFO - Hypothesis ea_000: float64, float64 
[ 2022-12-13 23:46:23,876 ] 88 root - INFO - Hypothesis eb_000: float64, float64 
[ 2022-12-13 23:46:23,883 ] 88 root - INFO - Hypothesis ec_00: float64, float64 
[ 2022-12-13 23:46:23,890 ] 88 root - INFO - Hypothesis ed_000: float64, float64 
[ 2022-12-13 23:46:23,897 ] 88 root - INFO - Hypothesis ee_000: float64, float64 
[ 2022-12-13 23:46:23,905 ] 88 root - INFO - Hypothesis ee_001: float64, float64 
[ 2022-12-13 23:46:23,913 ] 88 root - INFO - Hypothesis ee_002: float64, float64 
[ 2022-12-13 23:46:23,921 ] 88 root - INFO - Hypothesis ee_003: float64, float64 
[ 2022-12-13 23:46:23,929 ] 88 root - INFO - Hypothesis ee_004: float64, float64 
[ 2022-12-13 23:46:23,937 ] 88 root - INFO - Hypothesis ee_005: float64, float64 
[ 2022-12-13 23:46:23,945 ] 88 root - INFO - Hypothesis ee_006: float64, float64 
[ 2022-12-13 23:46:23,952 ] 88 root - INFO - Hypothesis ee_007: float64, float64 
[ 2022-12-13 23:46:23,960 ] 88 root - INFO - Hypothesis ee_008: float64, float64 
[ 2022-12-13 23:46:23,967 ] 88 root - INFO - Hypothesis ee_009: float64, float64 
[ 2022-12-13 23:46:23,972 ] 88 root - INFO - Hypothesis ef_000: float64, float64 
[ 2022-12-13 23:46:23,991 ] 88 root - INFO - Hypothesis eg_000: float64, float64 
[ 2022-12-13 23:46:24,010 ] 147 root - INFO - Write reprt in yaml file
[ 2022-12-13 23:46:24,306 ] 152 root - INFO - Data validation artifact: DataValidationArtifact(report_file_path='/config/workspace/artifact/12132022__234552/data_validation/report.yaml')
[ 2022-12-13 23:46:24,310 ] 24 root - INFO - >>>>>>>>>>>>>>>>>>>>>>>>>>>>>>>>>>>>>>>> Data Transformation <<<<<<<<<<<<<<<<<<<<<<<<<<<<<<<<<<<<<<<<
[ 2022-12-13 23:46:25,403 ] 75 root - INFO - Before resampling in training set Input: (28950, 170) Target:(28950,)
[ 2022-12-13 23:46:32,218 ] 77 root - INFO - After resampling in training set Input: (56096, 170) Target:(56096,)
[ 2022-12-13 23:46:32,219 ] 79 root - INFO - Before resampling in testing set Input: (7238, 170) Target:(7238,)
[ 2022-12-13 23:46:32,799 ] 81 root - INFO - After resampling in testing set Input: (14082, 170) Target:(14082,)
[ 2022-12-13 23:46:32,913 ] 54 root - INFO - Entered the save_object method of utils
[ 2022-12-13 23:46:32,924 ] 58 root - INFO - Exited the save_object method of utils
[ 2022-12-13 23:46:32,924 ] 54 root - INFO - Entered the save_object method of utils
[ 2022-12-13 23:46:32,926 ] 58 root - INFO - Exited the save_object method of utils
[ 2022-12-13 23:46:32,926 ] 112 root - INFO - Data transformation object DataTransformationArtifact(transform_object_path='/config/workspace/artifact/12132022__234552/data_transformation/transformer/transformer.pkl', transformed_train_path='/config/workspace/artifact/12132022__234552/data_transformation/transformed/train.npz', transformed_test_path='/config/workspace/artifact/12132022__234552/data_transformation/transformed/test.npz', target_encoder_path='/config/workspace/artifact/12132022__234552/data_transformation/target_encoder/target_encoder.pkl')
[ 2022-12-13 23:46:32,928 ] 18 root - INFO - >>>>>>>>>>>>>>>>>>>>>>>>>>>>>>>>>>>>>>>> Model Trainer <<<<<<<<<<<<<<<<<<<<<<<<<<<<<<<<<<<<<<<<
[ 2022-12-13 23:46:32,928 ] 45 root - INFO - Loading train and test array.
[ 2022-12-13 23:46:32,979 ] 49 root - INFO - Splitting input and target feature from both train and test arr.
[ 2022-12-13 23:46:32,980 ] 53 root - INFO - Train the model
[ 2022-12-13 23:46:43,774 ] 56 root - INFO - Calculating f1 train score
[ 2022-12-13 23:46:43,827 ] 60 root - INFO - Calculating f1 test score
[ 2022-12-13 23:46:43,847 ] 64 root - INFO - train score:1.0 and tests score 0.9832089552238806
[ 2022-12-13 23:46:43,847 ] 66 root - INFO - Checking if our model is underfitting or not
[ 2022-12-13 23:46:43,848 ] 71 root - INFO - Checking if our model is overfiiting or not
[ 2022-12-13 23:46:43,848 ] 78 root - INFO - Saving mode object
[ 2022-12-13 23:46:43,848 ] 54 root - INFO - Entered the save_object method of utils
[ 2022-12-13 23:46:43,856 ] 58 root - INFO - Exited the save_object method of utils
[ 2022-12-13 23:46:43,857 ] 82 root - INFO - Prepare the artifact
[ 2022-12-13 23:46:43,857 ] 85 root - INFO - Model trainer artifact: ModelTrainerArtifact(model_path='/config/workspace/artifact/12132022__234552/model_trainer/model/model.pkl', f1_train_score=1.0, f1_test_score=0.9832089552238806)
[ 2022-12-13 23:46:43,859 ] 19 root - INFO - >>>>>>>>>>>>>>>>>>>>>>>>>>>>>>>>>>>>>>>>  Model Evaluation <<<<<<<<<<<<<<<<<<<<<<<<<<<<<<<<<<<<<<<<
[ 2022-12-13 23:46:43,860 ] 47 root - INFO - Previous trained objects of transformer, model and target encoder
