[ 2022-12-13 22:19:54,631 ] 15 root - INFO - >>>>>>>>>>>>>>>>>>>>>>>>>>>>>>>>>>>>>>>> Data Ingestion <<<<<<<<<<<<<<<<<<<<<<<<<<<<<<<<<<<<<<<<
[ 2022-12-13 22:19:54,631 ] 22 root - INFO - Exporting collection data as pandas dataframe
[ 2022-12-13 22:19:54,631 ] 21 root - INFO - Reading data from database: aps and collection: sensor
[ 2022-12-13 22:19:58,186 ] 23 root - INFO - Found columns: Index(['_id', 'class', 'aa_000', 'ab_000', 'ac_000', 'ad_000', 'ae_000',
       'af_000', 'ag_000', 'ag_001',
       ...
       'ee_002', 'ee_003', 'ee_004', 'ee_005', 'ee_006', 'ee_007', 'ee_008',
       'ee_009', 'ef_000', 'eg_000'],
      dtype='object', length=172)
[ 2022-12-13 22:19:58,186 ] 25 root - INFO - Dropping column: _id 
[ 2022-12-13 22:19:58,378 ] 27 root - INFO - Row and columns in df: (36188, 171)
[ 2022-12-13 22:19:58,378 ] 28 root - INFO - Save data in feature store
[ 2022-12-13 22:19:58,900 ] 34 root - INFO - Create feature store folder if not available
[ 2022-12-13 22:19:58,901 ] 38 root - INFO - Save df to feature store folder
[ 2022-12-13 22:20:01,331 ] 43 root - INFO - split dataset into train and test set
[ 2022-12-13 22:20:01,848 ] 47 root - INFO - create dataset directory folder if not available
[ 2022-12-13 22:20:01,848 ] 52 root - INFO - Save df to feature store folder
[ 2022-12-13 22:20:04,036 ] 64 root - INFO - Data ingestion artifact: DataIngestionArtifact(feature_store_file_path='/config/workspace/artifact/12132022__221954/data_ingestion/feature_store/sensor.csv', train_file_path='/config/workspace/artifact/12132022__221954/data_ingestion/dataset/train.csv', test_file_path='/config/workspace/artifact/12132022__221954/data_ingestion/dataset/test.csv')
[ 2022-12-13 22:20:04,444 ] 22 root - INFO - >>>>>>>>>>>>>>>>>>>>>>>>>>>>>>>>>>>>>>>> Data Validation <<<<<<<<<<<<<<<<<<<<<<<<<<<<<<<<<<<<<<<<
[ 2022-12-13 22:20:04,444 ] 110 root - INFO - Reading base dataframe
[ 2022-12-13 22:20:07,201 ] 113 root - INFO - Replace na value in base df
[ 2022-12-13 22:20:07,201 ] 115 root - INFO - Drop null values colums from base df
[ 2022-12-13 22:20:08,112 ] 44 root - INFO - selecting column name which contains null above to 0.2
[ 2022-12-13 22:20:08,112 ] 47 root - INFO - Columns to drop: ['ab_000', 'ad_000', 'bk_000', 'bl_000', 'bm_000', 'bn_000', 'bo_000', 'bp_000', 'bq_000', 'br_000', 'cf_000', 'cg_000', 'ch_000', 'co_000', 'cr_000', 'ct_000', 'cu_000', 'cv_000', 'cx_000', 'cy_000', 'cz_000', 'da_000', 'db_000', 'dc_000']
[ 2022-12-13 22:20:08,224 ] 118 root - INFO - Reading train dataframe
[ 2022-12-13 22:20:08,611 ] 120 root - INFO - Reading test dataframe
[ 2022-12-13 22:20:08,713 ] 123 root - INFO - Drop null values colums from train df
[ 2022-12-13 22:20:08,725 ] 44 root - INFO - selecting column name which contains null above to 0.2
[ 2022-12-13 22:20:08,726 ] 47 root - INFO - Columns to drop: ['ab_000', 'ad_000', 'bk_000', 'bl_000', 'bm_000', 'bn_000', 'bo_000', 'bp_000', 'bq_000', 'br_000', 'cf_000', 'cg_000', 'ch_000', 'co_000', 'cr_000', 'ct_000', 'cu_000', 'cv_000', 'cx_000', 'cy_000', 'cz_000', 'da_000', 'db_000', 'dc_000']
[ 2022-12-13 22:20:08,738 ] 125 root - INFO - Drop null values colums from test df
[ 2022-12-13 22:20:08,742 ] 44 root - INFO - selecting column name which contains null above to 0.2
[ 2022-12-13 22:20:08,742 ] 47 root - INFO - Columns to drop: ['ab_000', 'ad_000', 'bk_000', 'bl_000', 'bm_000', 'bn_000', 'bo_000', 'bp_000', 'bq_000', 'br_000', 'cf_000', 'cg_000', 'ch_000', 'co_000', 'cr_000', 'ct_000', 'cu_000', 'cv_000', 'cx_000', 'cy_000', 'cz_000', 'da_000', 'db_000', 'dc_000']
[ 2022-12-13 22:20:14,532 ] 134 root - INFO - Is all required columns present in train df
[ 2022-12-13 22:20:14,533 ] 136 root - INFO - Is all required columns present in test df
[ 2022-12-13 22:20:14,533 ] 140 root - INFO - As all column are available in train df hence detecting data drift
[ 2022-12-13 22:20:14,533 ] 88 root - INFO - Hypothesis class: object, object 
[ 2022-12-13 22:20:14,637 ] 88 root - INFO - Hypothesis aa_000: float64, float64 
[ 2022-12-13 22:20:14,680 ] 88 root - INFO - Hypothesis ac_000: float64, float64 
[ 2022-12-13 22:20:14,721 ] 88 root - INFO - Hypothesis ae_000: float64, float64 
[ 2022-12-13 22:20:14,757 ] 88 root - INFO - Hypothesis af_000: float64, float64 
[ 2022-12-13 22:20:14,794 ] 88 root - INFO - Hypothesis ag_000: float64, float64 
[ 2022-12-13 22:20:14,829 ] 88 root - INFO - Hypothesis ag_001: float64, float64 
[ 2022-12-13 22:20:14,864 ] 88 root - INFO - Hypothesis ag_002: float64, float64 
[ 2022-12-13 22:20:14,901 ] 88 root - INFO - Hypothesis ag_003: float64, float64 
[ 2022-12-13 22:20:14,938 ] 88 root - INFO - Hypothesis ag_004: float64, float64 
[ 2022-12-13 22:20:14,979 ] 88 root - INFO - Hypothesis ag_005: float64, float64 
[ 2022-12-13 22:20:15,022 ] 88 root - INFO - Hypothesis ag_006: float64, float64 
[ 2022-12-13 22:20:15,065 ] 88 root - INFO - Hypothesis ag_007: float64, float64 
[ 2022-12-13 22:20:15,105 ] 88 root - INFO - Hypothesis ag_008: float64, float64 
[ 2022-12-13 22:20:15,114 ] 88 root - INFO - Hypothesis ag_009: float64, float64 
[ 2022-12-13 22:20:15,121 ] 88 root - INFO - Hypothesis ah_000: float64, float64 
[ 2022-12-13 22:20:15,131 ] 88 root - INFO - Hypothesis ai_000: float64, float64 
[ 2022-12-13 22:20:15,168 ] 88 root - INFO - Hypothesis aj_000: float64, float64 
[ 2022-12-13 22:20:15,174 ] 88 root - INFO - Hypothesis ak_000: float64, float64 
[ 2022-12-13 22:20:15,211 ] 88 root - INFO - Hypothesis al_000: float64, float64 
[ 2022-12-13 22:20:15,219 ] 88 root - INFO - Hypothesis am_0: float64, float64 
[ 2022-12-13 22:20:15,226 ] 88 root - INFO - Hypothesis an_000: float64, float64 
[ 2022-12-13 22:20:15,237 ] 88 root - INFO - Hypothesis ao_000: float64, float64 
[ 2022-12-13 22:20:15,247 ] 88 root - INFO - Hypothesis ap_000: float64, float64 
[ 2022-12-13 22:20:15,290 ] 88 root - INFO - Hypothesis aq_000: float64, float64 
[ 2022-12-13 22:20:15,332 ] 88 root - INFO - Hypothesis ar_000: float64, float64 
[ 2022-12-13 22:20:15,369 ] 88 root - INFO - Hypothesis as_000: float64, float64 
[ 2022-12-13 22:20:15,404 ] 88 root - INFO - Hypothesis at_000: float64, float64 
[ 2022-12-13 22:20:15,441 ] 88 root - INFO - Hypothesis au_000: float64, float64 
[ 2022-12-13 22:20:15,476 ] 88 root - INFO - Hypothesis av_000: float64, float64 
[ 2022-12-13 22:20:15,516 ] 88 root - INFO - Hypothesis ax_000: float64, float64 
[ 2022-12-13 22:20:15,555 ] 88 root - INFO - Hypothesis ay_000: float64, float64 
[ 2022-12-13 22:20:15,591 ] 88 root - INFO - Hypothesis ay_001: float64, float64 
[ 2022-12-13 22:20:15,631 ] 88 root - INFO - Hypothesis ay_002: float64, float64 
[ 2022-12-13 22:20:15,667 ] 88 root - INFO - Hypothesis ay_003: float64, float64 
[ 2022-12-13 22:20:15,703 ] 88 root - INFO - Hypothesis ay_004: float64, float64 
[ 2022-12-13 22:20:15,738 ] 88 root - INFO - Hypothesis ay_005: float64, float64 
[ 2022-12-13 22:20:15,778 ] 88 root - INFO - Hypothesis ay_006: float64, float64 
[ 2022-12-13 22:20:15,820 ] 88 root - INFO - Hypothesis ay_007: float64, float64 
[ 2022-12-13 22:20:15,830 ] 88 root - INFO - Hypothesis ay_008: float64, float64 
[ 2022-12-13 22:20:15,873 ] 88 root - INFO - Hypothesis ay_009: float64, float64 
[ 2022-12-13 22:20:15,908 ] 88 root - INFO - Hypothesis az_000: float64, float64 
[ 2022-12-13 22:20:15,950 ] 88 root - INFO - Hypothesis az_001: float64, float64 
[ 2022-12-13 22:20:15,960 ] 88 root - INFO - Hypothesis az_002: float64, float64 
[ 2022-12-13 22:20:15,969 ] 88 root - INFO - Hypothesis az_003: float64, float64 
[ 2022-12-13 22:20:15,980 ] 88 root - INFO - Hypothesis az_004: float64, float64 
[ 2022-12-13 22:20:16,022 ] 88 root - INFO - Hypothesis az_005: float64, float64 
[ 2022-12-13 22:20:16,033 ] 88 root - INFO - Hypothesis az_006: float64, float64 
[ 2022-12-13 22:20:16,075 ] 88 root - INFO - Hypothesis az_007: float64, float64 
[ 2022-12-13 22:20:16,081 ] 88 root - INFO - Hypothesis az_008: float64, float64 
[ 2022-12-13 22:20:16,117 ] 88 root - INFO - Hypothesis az_009: float64, float64 
[ 2022-12-13 22:20:16,154 ] 88 root - INFO - Hypothesis ba_000: float64, float64 
[ 2022-12-13 22:20:16,197 ] 88 root - INFO - Hypothesis ba_001: float64, float64 
[ 2022-12-13 22:20:16,239 ] 88 root - INFO - Hypothesis ba_002: float64, float64 
[ 2022-12-13 22:20:16,282 ] 88 root - INFO - Hypothesis ba_003: float64, float64 
[ 2022-12-13 22:20:16,292 ] 88 root - INFO - Hypothesis ba_004: float64, float64 
[ 2022-12-13 22:20:16,334 ] 88 root - INFO - Hypothesis ba_005: float64, float64 
[ 2022-12-13 22:20:16,344 ] 88 root - INFO - Hypothesis ba_006: float64, float64 
[ 2022-12-13 22:20:16,354 ] 88 root - INFO - Hypothesis ba_007: float64, float64 
[ 2022-12-13 22:20:16,363 ] 88 root - INFO - Hypothesis ba_008: float64, float64 
[ 2022-12-13 22:20:16,403 ] 88 root - INFO - Hypothesis ba_009: float64, float64 
[ 2022-12-13 22:20:16,441 ] 88 root - INFO - Hypothesis bb_000: float64, float64 
[ 2022-12-13 22:20:16,452 ] 88 root - INFO - Hypothesis bc_000: float64, float64 
[ 2022-12-13 22:20:16,491 ] 88 root - INFO - Hypothesis bd_000: float64, float64 
[ 2022-12-13 22:20:16,533 ] 88 root - INFO - Hypothesis be_000: float64, float64 
[ 2022-12-13 22:20:16,541 ] 88 root - INFO - Hypothesis bf_000: float64, float64 
[ 2022-12-13 22:20:16,548 ] 88 root - INFO - Hypothesis bg_000: float64, float64 
[ 2022-12-13 22:20:16,559 ] 88 root - INFO - Hypothesis bh_000: float64, float64 
[ 2022-12-13 22:20:16,601 ] 88 root - INFO - Hypothesis bi_000: float64, float64 
[ 2022-12-13 22:20:16,611 ] 88 root - INFO - Hypothesis bj_000: float64, float64 
[ 2022-12-13 22:20:16,654 ] 88 root - INFO - Hypothesis bs_000: float64, float64 
[ 2022-12-13 22:20:16,665 ] 88 root - INFO - Hypothesis bt_000: float64, float64 
[ 2022-12-13 22:20:16,675 ] 88 root - INFO - Hypothesis bu_000: float64, float64 
[ 2022-12-13 22:20:16,686 ] 88 root - INFO - Hypothesis bv_000: float64, float64 
[ 2022-12-13 22:20:16,696 ] 88 root - INFO - Hypothesis bx_000: float64, float64 
[ 2022-12-13 22:20:16,706 ] 88 root - INFO - Hypothesis by_000: float64, float64 
[ 2022-12-13 22:20:16,748 ] 88 root - INFO - Hypothesis bz_000: float64, float64 
[ 2022-12-13 22:20:16,788 ] 88 root - INFO - Hypothesis ca_000: float64, float64 
[ 2022-12-13 22:20:16,830 ] 88 root - INFO - Hypothesis cb_000: float64, float64 
[ 2022-12-13 22:20:16,873 ] 88 root - INFO - Hypothesis cc_000: float64, float64 
[ 2022-12-13 22:20:16,884 ] 88 root - INFO - Hypothesis cd_000: float64, float64 
[ 2022-12-13 22:20:16,920 ] 88 root - INFO - Hypothesis ce_000: float64, float64 
[ 2022-12-13 22:20:16,961 ] 88 root - INFO - Hypothesis ci_000: float64, float64 
[ 2022-12-13 22:20:16,972 ] 88 root - INFO - Hypothesis cj_000: float64, float64 
[ 2022-12-13 22:20:17,009 ] 88 root - INFO - Hypothesis ck_000: float64, float64 
[ 2022-12-13 22:20:17,052 ] 88 root - INFO - Hypothesis cl_000: float64, float64 
[ 2022-12-13 22:20:17,089 ] 88 root - INFO - Hypothesis cm_000: float64, float64 
[ 2022-12-13 22:20:17,128 ] 88 root - INFO - Hypothesis cn_000: float64, float64 
[ 2022-12-13 22:20:17,164 ] 88 root - INFO - Hypothesis cn_001: float64, float64 
[ 2022-12-13 22:20:17,202 ] 88 root - INFO - Hypothesis cn_002: float64, float64 
[ 2022-12-13 22:20:17,210 ] 88 root - INFO - Hypothesis cn_003: float64, float64 
[ 2022-12-13 22:20:17,252 ] 88 root - INFO - Hypothesis cn_004: float64, float64 
[ 2022-12-13 22:20:17,294 ] 88 root - INFO - Hypothesis cn_005: float64, float64 
[ 2022-12-13 22:20:17,337 ] 88 root - INFO - Hypothesis cn_006: float64, float64 
[ 2022-12-13 22:20:17,379 ] 88 root - INFO - Hypothesis cn_007: float64, float64 
[ 2022-12-13 22:20:17,420 ] 88 root - INFO - Hypothesis cn_008: float64, float64 
[ 2022-12-13 22:20:17,430 ] 88 root - INFO - Hypothesis cn_009: float64, float64 
[ 2022-12-13 22:20:17,469 ] 88 root - INFO - Hypothesis cp_000: float64, float64 
[ 2022-12-13 22:20:17,508 ] 88 root - INFO - Hypothesis cq_000: float64, float64 
[ 2022-12-13 22:20:17,518 ] 88 root - INFO - Hypothesis cs_000: float64, float64 
[ 2022-12-13 22:20:17,560 ] 88 root - INFO - Hypothesis cs_001: float64, float64 
[ 2022-12-13 22:20:17,601 ] 88 root - INFO - Hypothesis cs_002: float64, float64 
[ 2022-12-13 22:20:17,643 ] 88 root - INFO - Hypothesis cs_003: float64, float64 
[ 2022-12-13 22:20:17,686 ] 88 root - INFO - Hypothesis cs_004: float64, float64 
[ 2022-12-13 22:20:17,729 ] 88 root - INFO - Hypothesis cs_005: float64, float64 
[ 2022-12-13 22:20:17,771 ] 88 root - INFO - Hypothesis cs_006: float64, float64 
[ 2022-12-13 22:20:17,782 ] 88 root - INFO - Hypothesis cs_007: float64, float64 
[ 2022-12-13 22:20:17,792 ] 88 root - INFO - Hypothesis cs_008: float64, float64 
[ 2022-12-13 22:20:17,831 ] 88 root - INFO - Hypothesis cs_009: float64, float64 
[ 2022-12-13 22:20:17,867 ] 88 root - INFO - Hypothesis dd_000: float64, float64 
[ 2022-12-13 22:20:17,911 ] 88 root - INFO - Hypothesis de_000: float64, float64 
[ 2022-12-13 22:20:17,920 ] 88 root - INFO - Hypothesis df_000: float64, float64 
[ 2022-12-13 22:20:17,956 ] 88 root - INFO - Hypothesis dg_000: float64, float64 
[ 2022-12-13 22:20:17,996 ] 88 root - INFO - Hypothesis dh_000: float64, float64 
[ 2022-12-13 22:20:18,034 ] 88 root - INFO - Hypothesis di_000: float64, float64 
[ 2022-12-13 22:20:18,074 ] 88 root - INFO - Hypothesis dj_000: float64, float64 
[ 2022-12-13 22:20:18,110 ] 88 root - INFO - Hypothesis dk_000: float64, float64 
[ 2022-12-13 22:20:18,147 ] 88 root - INFO - Hypothesis dl_000: float64, float64 
[ 2022-12-13 22:20:18,183 ] 88 root - INFO - Hypothesis dm_000: float64, float64 
[ 2022-12-13 22:20:18,221 ] 88 root - INFO - Hypothesis dn_000: float64, float64 
[ 2022-12-13 22:20:18,263 ] 88 root - INFO - Hypothesis do_000: float64, float64 
[ 2022-12-13 22:20:18,305 ] 88 root - INFO - Hypothesis dp_000: float64, float64 
[ 2022-12-13 22:20:18,346 ] 88 root - INFO - Hypothesis dq_000: float64, float64 
[ 2022-12-13 22:20:18,353 ] 88 root - INFO - Hypothesis dr_000: float64, float64 
[ 2022-12-13 22:20:18,360 ] 88 root - INFO - Hypothesis ds_000: float64, float64 
[ 2022-12-13 22:20:18,370 ] 88 root - INFO - Hypothesis dt_000: float64, float64 
[ 2022-12-13 22:20:18,412 ] 88 root - INFO - Hypothesis du_000: float64, float64 
[ 2022-12-13 22:20:18,422 ] 88 root - INFO - Hypothesis dv_000: float64, float64 
[ 2022-12-13 22:20:18,432 ] 88 root - INFO - Hypothesis dx_000: float64, float64 
[ 2022-12-13 22:20:18,470 ] 88 root - INFO - Hypothesis dy_000: float64, float64 
[ 2022-12-13 22:20:18,509 ] 88 root - INFO - Hypothesis dz_000: float64, float64 
[ 2022-12-13 22:20:18,544 ] 88 root - INFO - Hypothesis ea_000: float64, float64 
[ 2022-12-13 22:20:18,580 ] 88 root - INFO - Hypothesis eb_000: float64, float64 
[ 2022-12-13 22:20:18,620 ] 88 root - INFO - Hypothesis ec_00: float64, float64 
[ 2022-12-13 22:20:18,661 ] 88 root - INFO - Hypothesis ed_000: float64, float64 
[ 2022-12-13 22:20:18,701 ] 88 root - INFO - Hypothesis ee_000: float64, float64 
[ 2022-12-13 22:20:18,742 ] 88 root - INFO - Hypothesis ee_001: float64, float64 
[ 2022-12-13 22:20:18,753 ] 88 root - INFO - Hypothesis ee_002: float64, float64 
[ 2022-12-13 22:20:18,795 ] 88 root - INFO - Hypothesis ee_003: float64, float64 
[ 2022-12-13 22:20:18,837 ] 88 root - INFO - Hypothesis ee_004: float64, float64 
[ 2022-12-13 22:20:18,879 ] 88 root - INFO - Hypothesis ee_005: float64, float64 
[ 2022-12-13 22:20:18,922 ] 88 root - INFO - Hypothesis ee_006: float64, float64 
[ 2022-12-13 22:20:18,964 ] 88 root - INFO - Hypothesis ee_007: float64, float64 
[ 2022-12-13 22:20:19,005 ] 88 root - INFO - Hypothesis ee_008: float64, float64 
[ 2022-12-13 22:20:19,047 ] 88 root - INFO - Hypothesis ee_009: float64, float64 
[ 2022-12-13 22:20:19,055 ] 88 root - INFO - Hypothesis ef_000: float64, float64 
[ 2022-12-13 22:20:19,091 ] 88 root - INFO - Hypothesis eg_000: float64, float64 
[ 2022-12-13 22:20:19,127 ] 143 root - INFO - As all column are available in test df hence detecting data drift
[ 2022-12-13 22:20:19,128 ] 88 root - INFO - Hypothesis class: object, object 
[ 2022-12-13 22:20:19,192 ] 88 root - INFO - Hypothesis aa_000: float64, float64 
[ 2022-12-13 22:20:19,199 ] 88 root - INFO - Hypothesis ac_000: float64, float64 
[ 2022-12-13 22:20:19,204 ] 88 root - INFO - Hypothesis ae_000: float64, float64 
[ 2022-12-13 22:20:19,208 ] 88 root - INFO - Hypothesis af_000: float64, float64 
[ 2022-12-13 22:20:19,211 ] 88 root - INFO - Hypothesis ag_000: float64, float64 
[ 2022-12-13 22:20:19,226 ] 88 root - INFO - Hypothesis ag_001: float64, float64 
[ 2022-12-13 22:20:19,242 ] 88 root - INFO - Hypothesis ag_002: float64, float64 
[ 2022-12-13 22:20:19,258 ] 88 root - INFO - Hypothesis ag_003: float64, float64 
[ 2022-12-13 22:20:19,276 ] 88 root - INFO - Hypothesis ag_004: float64, float64 
[ 2022-12-13 22:20:19,296 ] 88 root - INFO - Hypothesis ag_005: float64, float64 
[ 2022-12-13 22:20:19,304 ] 88 root - INFO - Hypothesis ag_006: float64, float64 
[ 2022-12-13 22:20:19,312 ] 88 root - INFO - Hypothesis ag_007: float64, float64 
[ 2022-12-13 22:20:19,318 ] 88 root - INFO - Hypothesis ag_008: float64, float64 
[ 2022-12-13 22:20:19,325 ] 88 root - INFO - Hypothesis ag_009: float64, float64 
[ 2022-12-13 22:20:19,330 ] 88 root - INFO - Hypothesis ah_000: float64, float64 
[ 2022-12-13 22:20:19,338 ] 88 root - INFO - Hypothesis ai_000: float64, float64 
[ 2022-12-13 22:20:19,342 ] 88 root - INFO - Hypothesis aj_000: float64, float64 
[ 2022-12-13 22:20:19,347 ] 88 root - INFO - Hypothesis ak_000: float64, float64 
[ 2022-12-13 22:20:19,351 ] 88 root - INFO - Hypothesis al_000: float64, float64 
[ 2022-12-13 22:20:19,356 ] 88 root - INFO - Hypothesis am_0: float64, float64 
[ 2022-12-13 22:20:19,362 ] 88 root - INFO - Hypothesis an_000: float64, float64 
[ 2022-12-13 22:20:19,370 ] 88 root - INFO - Hypothesis ao_000: float64, float64 
[ 2022-12-13 22:20:19,378 ] 88 root - INFO - Hypothesis ap_000: float64, float64 
[ 2022-12-13 22:20:19,386 ] 88 root - INFO - Hypothesis aq_000: float64, float64 
[ 2022-12-13 22:20:19,394 ] 88 root - INFO - Hypothesis ar_000: float64, float64 
[ 2022-12-13 22:20:19,398 ] 88 root - INFO - Hypothesis as_000: float64, float64 
[ 2022-12-13 22:20:19,414 ] 88 root - INFO - Hypothesis at_000: float64, float64 
[ 2022-12-13 22:20:19,429 ] 88 root - INFO - Hypothesis au_000: float64, float64 
[ 2022-12-13 22:20:19,445 ] 88 root - INFO - Hypothesis av_000: float64, float64 
[ 2022-12-13 22:20:19,450 ] 88 root - INFO - Hypothesis ax_000: float64, float64 
[ 2022-12-13 22:20:19,456 ] 88 root - INFO - Hypothesis ay_000: float64, float64 
[ 2022-12-13 22:20:19,470 ] 88 root - INFO - Hypothesis ay_001: float64, float64 
[ 2022-12-13 22:20:19,485 ] 88 root - INFO - Hypothesis ay_002: float64, float64 
[ 2022-12-13 22:20:19,500 ] 88 root - INFO - Hypothesis ay_003: float64, float64 
[ 2022-12-13 22:20:19,515 ] 88 root - INFO - Hypothesis ay_004: float64, float64 
[ 2022-12-13 22:20:19,530 ] 88 root - INFO - Hypothesis ay_005: float64, float64 
[ 2022-12-13 22:20:19,536 ] 88 root - INFO - Hypothesis ay_006: float64, float64 
[ 2022-12-13 22:20:19,542 ] 88 root - INFO - Hypothesis ay_007: float64, float64 
[ 2022-12-13 22:20:19,548 ] 88 root - INFO - Hypothesis ay_008: float64, float64 
[ 2022-12-13 22:20:19,555 ] 88 root - INFO - Hypothesis ay_009: float64, float64 
[ 2022-12-13 22:20:19,570 ] 88 root - INFO - Hypothesis az_000: float64, float64 
[ 2022-12-13 22:20:19,576 ] 88 root - INFO - Hypothesis az_001: float64, float64 
[ 2022-12-13 22:20:19,583 ] 88 root - INFO - Hypothesis az_002: float64, float64 
[ 2022-12-13 22:20:19,589 ] 88 root - INFO - Hypothesis az_003: float64, float64 
[ 2022-12-13 22:20:19,596 ] 88 root - INFO - Hypothesis az_004: float64, float64 
[ 2022-12-13 22:20:19,603 ] 88 root - INFO - Hypothesis az_005: float64, float64 
[ 2022-12-13 22:20:19,610 ] 88 root - INFO - Hypothesis az_006: float64, float64 
[ 2022-12-13 22:20:19,616 ] 88 root - INFO - Hypothesis az_007: float64, float64 
[ 2022-12-13 22:20:19,620 ] 88 root - INFO - Hypothesis az_008: float64, float64 
[ 2022-12-13 22:20:19,623 ] 88 root - INFO - Hypothesis az_009: float64, float64 
[ 2022-12-13 22:20:19,638 ] 88 root - INFO - Hypothesis ba_000: float64, float64 
[ 2022-12-13 22:20:19,646 ] 88 root - INFO - Hypothesis ba_001: float64, float64 
[ 2022-12-13 22:20:19,652 ] 88 root - INFO - Hypothesis ba_002: float64, float64 
[ 2022-12-13 22:20:19,659 ] 88 root - INFO - Hypothesis ba_003: float64, float64 
[ 2022-12-13 22:20:19,666 ] 88 root - INFO - Hypothesis ba_004: float64, float64 
[ 2022-12-13 22:20:19,673 ] 88 root - INFO - Hypothesis ba_005: float64, float64 
[ 2022-12-13 22:20:19,680 ] 88 root - INFO - Hypothesis ba_006: float64, float64 
[ 2022-12-13 22:20:19,686 ] 88 root - INFO - Hypothesis ba_007: float64, float64 
[ 2022-12-13 22:20:19,693 ] 88 root - INFO - Hypothesis ba_008: float64, float64 
[ 2022-12-13 22:20:19,698 ] 88 root - INFO - Hypothesis ba_009: float64, float64 
[ 2022-12-13 22:20:19,703 ] 88 root - INFO - Hypothesis bb_000: float64, float64 
[ 2022-12-13 22:20:19,709 ] 88 root - INFO - Hypothesis bc_000: float64, float64 
[ 2022-12-13 22:20:19,714 ] 88 root - INFO - Hypothesis bd_000: float64, float64 
[ 2022-12-13 22:20:19,720 ] 88 root - INFO - Hypothesis be_000: float64, float64 
[ 2022-12-13 22:20:19,726 ] 88 root - INFO - Hypothesis bf_000: float64, float64 
[ 2022-12-13 22:20:19,730 ] 88 root - INFO - Hypothesis bg_000: float64, float64 
[ 2022-12-13 22:20:19,737 ] 88 root - INFO - Hypothesis bh_000: float64, float64 
[ 2022-12-13 22:20:19,744 ] 88 root - INFO - Hypothesis bi_000: float64, float64 
[ 2022-12-13 22:20:19,751 ] 88 root - INFO - Hypothesis bj_000: float64, float64 
[ 2022-12-13 22:20:19,758 ] 88 root - INFO - Hypothesis bs_000: float64, float64 
[ 2022-12-13 22:20:19,765 ] 88 root - INFO - Hypothesis bt_000: float64, float64 
[ 2022-12-13 22:20:19,772 ] 88 root - INFO - Hypothesis bu_000: float64, float64 
[ 2022-12-13 22:20:19,779 ] 88 root - INFO - Hypothesis bv_000: float64, float64 
[ 2022-12-13 22:20:19,787 ] 88 root - INFO - Hypothesis bx_000: float64, float64 
[ 2022-12-13 22:20:19,794 ] 88 root - INFO - Hypothesis by_000: float64, float64 
[ 2022-12-13 22:20:19,801 ] 88 root - INFO - Hypothesis bz_000: float64, float64 
[ 2022-12-13 22:20:19,807 ] 88 root - INFO - Hypothesis ca_000: float64, float64 
[ 2022-12-13 22:20:19,815 ] 88 root - INFO - Hypothesis cb_000: float64, float64 
[ 2022-12-13 22:20:19,823 ] 88 root - INFO - Hypothesis cc_000: float64, float64 
[ 2022-12-13 22:20:19,830 ] 88 root - INFO - Hypothesis cd_000: float64, float64 
[ 2022-12-13 22:20:19,845 ] 88 root - INFO - Hypothesis ce_000: float64, float64 
[ 2022-12-13 22:20:19,851 ] 88 root - INFO - Hypothesis ci_000: float64, float64 
[ 2022-12-13 22:20:19,858 ] 88 root - INFO - Hypothesis cj_000: float64, float64 
[ 2022-12-13 22:20:19,875 ] 88 root - INFO - Hypothesis ck_000: float64, float64 
[ 2022-12-13 22:20:19,883 ] 88 root - INFO - Hypothesis cl_000: float64, float64 
[ 2022-12-13 22:20:19,887 ] 88 root - INFO - Hypothesis cm_000: float64, float64 
[ 2022-12-13 22:20:19,892 ] 88 root - INFO - Hypothesis cn_000: float64, float64 
[ 2022-12-13 22:20:19,907 ] 88 root - INFO - Hypothesis cn_001: float64, float64 
[ 2022-12-13 22:20:19,923 ] 88 root - INFO - Hypothesis cn_002: float64, float64 
[ 2022-12-13 22:20:19,929 ] 88 root - INFO - Hypothesis cn_003: float64, float64 
[ 2022-12-13 22:20:19,936 ] 88 root - INFO - Hypothesis cn_004: float64, float64 
[ 2022-12-13 22:20:19,944 ] 88 root - INFO - Hypothesis cn_005: float64, float64 
[ 2022-12-13 22:20:19,951 ] 88 root - INFO - Hypothesis cn_006: float64, float64 
[ 2022-12-13 22:20:19,958 ] 88 root - INFO - Hypothesis cn_007: float64, float64 
[ 2022-12-13 22:20:19,964 ] 88 root - INFO - Hypothesis cn_008: float64, float64 
[ 2022-12-13 22:20:19,971 ] 88 root - INFO - Hypothesis cn_009: float64, float64 
[ 2022-12-13 22:20:19,976 ] 88 root - INFO - Hypothesis cp_000: float64, float64 
[ 2022-12-13 22:20:19,981 ] 88 root - INFO - Hypothesis cq_000: float64, float64 
[ 2022-12-13 22:20:19,988 ] 88 root - INFO - Hypothesis cs_000: float64, float64 
[ 2022-12-13 22:20:19,995 ] 88 root - INFO - Hypothesis cs_001: float64, float64 
[ 2022-12-13 22:20:20,002 ] 88 root - INFO - Hypothesis cs_002: float64, float64 
[ 2022-12-13 22:20:20,010 ] 88 root - INFO - Hypothesis cs_003: float64, float64 
[ 2022-12-13 22:20:20,017 ] 88 root - INFO - Hypothesis cs_004: float64, float64 
[ 2022-12-13 22:20:20,024 ] 88 root - INFO - Hypothesis cs_005: float64, float64 
[ 2022-12-13 22:20:20,031 ] 88 root - INFO - Hypothesis cs_006: float64, float64 
[ 2022-12-13 22:20:20,038 ] 88 root - INFO - Hypothesis cs_007: float64, float64 
[ 2022-12-13 22:20:20,046 ] 88 root - INFO - Hypothesis cs_008: float64, float64 
[ 2022-12-13 22:20:20,052 ] 88 root - INFO - Hypothesis cs_009: float64, float64 
[ 2022-12-13 22:20:20,067 ] 88 root - INFO - Hypothesis dd_000: float64, float64 
[ 2022-12-13 22:20:20,073 ] 88 root - INFO - Hypothesis de_000: float64, float64 
[ 2022-12-13 22:20:20,079 ] 88 root - INFO - Hypothesis df_000: float64, float64 
[ 2022-12-13 22:20:20,082 ] 88 root - INFO - Hypothesis dg_000: float64, float64 
[ 2022-12-13 22:20:20,085 ] 88 root - INFO - Hypothesis dh_000: float64, float64 
[ 2022-12-13 22:20:20,089 ] 88 root - INFO - Hypothesis di_000: float64, float64 
[ 2022-12-13 22:20:20,093 ] 88 root - INFO - Hypothesis dj_000: float64, float64 
[ 2022-12-13 22:20:20,108 ] 88 root - INFO - Hypothesis dk_000: float64, float64 
[ 2022-12-13 22:20:20,124 ] 88 root - INFO - Hypothesis dl_000: float64, float64 
[ 2022-12-13 22:20:20,127 ] 88 root - INFO - Hypothesis dm_000: float64, float64 
[ 2022-12-13 22:20:20,131 ] 88 root - INFO - Hypothesis dn_000: float64, float64 
[ 2022-12-13 22:20:20,138 ] 88 root - INFO - Hypothesis do_000: float64, float64 
[ 2022-12-13 22:20:20,144 ] 88 root - INFO - Hypothesis dp_000: float64, float64 
[ 2022-12-13 22:20:20,151 ] 88 root - INFO - Hypothesis dq_000: float64, float64 
[ 2022-12-13 22:20:20,155 ] 88 root - INFO - Hypothesis dr_000: float64, float64 
[ 2022-12-13 22:20:20,159 ] 88 root - INFO - Hypothesis ds_000: float64, float64 
[ 2022-12-13 22:20:20,166 ] 88 root - INFO - Hypothesis dt_000: float64, float64 
[ 2022-12-13 22:20:20,173 ] 88 root - INFO - Hypothesis du_000: float64, float64 
[ 2022-12-13 22:20:20,180 ] 88 root - INFO - Hypothesis dv_000: float64, float64 
[ 2022-12-13 22:20:20,187 ] 88 root - INFO - Hypothesis dx_000: float64, float64 
[ 2022-12-13 22:20:20,192 ] 88 root - INFO - Hypothesis dy_000: float64, float64 
[ 2022-12-13 22:20:20,197 ] 88 root - INFO - Hypothesis dz_000: float64, float64 
[ 2022-12-13 22:20:20,200 ] 88 root - INFO - Hypothesis ea_000: float64, float64 
[ 2022-12-13 22:20:20,203 ] 88 root - INFO - Hypothesis eb_000: float64, float64 
[ 2022-12-13 22:20:20,210 ] 88 root - INFO - Hypothesis ec_00: float64, float64 
[ 2022-12-13 22:20:20,216 ] 88 root - INFO - Hypothesis ed_000: float64, float64 
[ 2022-12-13 22:20:20,222 ] 88 root - INFO - Hypothesis ee_000: float64, float64 
[ 2022-12-13 22:20:20,230 ] 88 root - INFO - Hypothesis ee_001: float64, float64 
[ 2022-12-13 22:20:20,237 ] 88 root - INFO - Hypothesis ee_002: float64, float64 
[ 2022-12-13 22:20:20,244 ] 88 root - INFO - Hypothesis ee_003: float64, float64 
[ 2022-12-13 22:20:20,251 ] 88 root - INFO - Hypothesis ee_004: float64, float64 
[ 2022-12-13 22:20:20,258 ] 88 root - INFO - Hypothesis ee_005: float64, float64 
[ 2022-12-13 22:20:20,265 ] 88 root - INFO - Hypothesis ee_006: float64, float64 
[ 2022-12-13 22:20:20,271 ] 88 root - INFO - Hypothesis ee_007: float64, float64 
[ 2022-12-13 22:20:20,278 ] 88 root - INFO - Hypothesis ee_008: float64, float64 
[ 2022-12-13 22:20:20,284 ] 88 root - INFO - Hypothesis ee_009: float64, float64 
[ 2022-12-13 22:20:20,289 ] 88 root - INFO - Hypothesis ef_000: float64, float64 
[ 2022-12-13 22:20:20,292 ] 88 root - INFO - Hypothesis eg_000: float64, float64 
[ 2022-12-13 22:20:20,295 ] 147 root - INFO - Write reprt in yaml file
[ 2022-12-13 22:20:20,362 ] 152 root - INFO - Data validation artifact: DataValidationArtifact(report_file_path='/config/workspace/artifact/12132022__221954/data_validation/report.yaml')
[ 2022-12-13 22:20:20,364 ] 24 root - INFO - >>>>>>>>>>>>>>>>>>>>>>>>>>>>>>>>>>>>>>>> Data Transformation <<<<<<<<<<<<<<<<<<<<<<<<<<<<<<<<<<<<<<<<
[ 2022-12-13 22:20:21,283 ] 75 root - INFO - Before resampling in training set Input: (28950, 170) Target:(28950,)
[ 2022-12-13 22:20:27,849 ] 77 root - INFO - After resampling in training set Input: (56156, 170) Target:(56156,)
[ 2022-12-13 22:20:27,849 ] 79 root - INFO - Before resampling in testing set Input: (7238, 170) Target:(7238,)
[ 2022-12-13 22:20:28,535 ] 81 root - INFO - After resampling in testing set Input: (14028, 170) Target:(14028,)
[ 2022-12-13 22:20:28,644 ] 54 root - INFO - Entered the save_object method of utils
[ 2022-12-13 22:20:28,646 ] 58 root - INFO - Exited the save_object method of utils
[ 2022-12-13 22:20:28,646 ] 54 root - INFO - Entered the save_object method of utils
[ 2022-12-13 22:20:28,647 ] 58 root - INFO - Exited the save_object method of utils
[ 2022-12-13 22:20:28,647 ] 112 root - INFO - Data transformation object DataTransformationArtifact(transform_object_path='/config/workspace/artifact/12132022__221954/data_transformation/transformer/transformer.pkl', transformed_train_path='/config/workspace/artifact/12132022__221954/data_transformation/transformed/train.npz', transformed_test_path='/config/workspace/artifact/12132022__221954/data_transformation/transformed/test.npz', target_encoder_path='/config/workspace/artifact/12132022__221954/data_transformation/target_encoder/target_encoder.pkl')
[ 2022-12-13 22:20:28,648 ] 18 root - INFO - >>>>>>>>>>>>>>>>>>>>>>>>>>>>>>>>>>>>>>>> Model Trainer <<<<<<<<<<<<<<<<<<<<<<<<<<<<<<<<<<<<<<<<
[ 2022-12-13 22:20:28,648 ] 45 root - INFO - Loading train and test array.
[ 2022-12-13 22:20:28,678 ] 49 root - INFO - Splitting input and target feature from both train and test arr.
[ 2022-12-13 22:20:28,678 ] 53 root - INFO - Train the model
[ 2022-12-13 22:20:42,056 ] 56 root - INFO - Calculating f1 train score
[ 2022-12-13 22:20:42,107 ] 60 root - INFO - Calculating f1 test score
[ 2022-12-13 22:20:42,127 ] 64 root - INFO - train score:1.0 and tests score 0.9614592527213887
[ 2022-12-13 22:20:42,127 ] 66 root - INFO - Checking if our model is underfitting or not
[ 2022-12-13 22:20:42,127 ] 71 root - INFO - Checking if our model is overfiiting or not
[ 2022-12-13 22:20:42,127 ] 78 root - INFO - Saving mode object
[ 2022-12-13 22:20:42,127 ] 54 root - INFO - Entered the save_object method of utils
[ 2022-12-13 22:20:42,132 ] 58 root - INFO - Exited the save_object method of utils
[ 2022-12-13 22:20:42,132 ] 82 root - INFO - Prepare the artifact
[ 2022-12-13 22:20:42,132 ] 85 root - INFO - Model trainer artifact: ModelTrainerArtifact(model_path='/config/workspace/artifact/12132022__221954/model_trainer/model/model.pkl', f1_train_score=1.0, f1_test_score=0.9614592527213887)
[ 2022-12-13 22:20:42,134 ] 19 root - INFO - >>>>>>>>>>>>>>>>>>>>>>>>>>>>>>>>>>>>>>>>  Model Evaluation <<<<<<<<<<<<<<<<<<<<<<<<<<<<<<<<<<<<<<<<
[ 2022-12-13 22:20:42,134 ] 39 root - INFO - Model evaluation artifact: ModelEvaluationArtifact(is_model_accepted=True, improved_accuracy=None)
[ 2022-12-13 22:20:42,134 ] 23 root - INFO - Loading transformer and target encoder objects
[ 2022-12-13 22:20:42,140 ] 29 root - INFO - Saving model into model pusher dir
[ 2022-12-13 22:20:42,140 ] 54 root - INFO - Entered the save_object method of utils
[ 2022-12-13 22:20:42,142 ] 58 root - INFO - Exited the save_object method of utils
[ 2022-12-13 22:20:42,142 ] 54 root - INFO - Entered the save_object method of utils
[ 2022-12-13 22:20:42,147 ] 58 root - INFO - Exited the save_object method of utils
[ 2022-12-13 22:20:42,147 ] 54 root - INFO - Entered the save_object method of utils
[ 2022-12-13 22:20:42,147 ] 58 root - INFO - Exited the save_object method of utils
[ 2022-12-13 22:20:42,148 ] 35 root - INFO - Saving model in saved mvdel dir
