[ 2022-12-13 21:19:15,363 ] 15 root - INFO - >>>>>>>>>>>>>>>>>>>>>>>>>>>>>>>>>>>>>>>> Data Ingestion <<<<<<<<<<<<<<<<<<<<<<<<<<<<<<<<<<<<<<<<
[ 2022-12-13 21:19:15,363 ] 22 root - INFO - Exporting collection data as pandas dataframe
[ 2022-12-13 21:19:15,363 ] 21 root - INFO - Reading data from database: aps and collection: sensor
[ 2022-12-13 21:19:18,827 ] 23 root - INFO - Found columns: Index(['_id', 'class', 'aa_000', 'ab_000', 'ac_000', 'ad_000', 'ae_000',
       'af_000', 'ag_000', 'ag_001',
       ...
       'ee_002', 'ee_003', 'ee_004', 'ee_005', 'ee_006', 'ee_007', 'ee_008',
       'ee_009', 'ef_000', 'eg_000'],
      dtype='object', length=172)
[ 2022-12-13 21:19:18,827 ] 25 root - INFO - Dropping column: _id 
[ 2022-12-13 21:19:19,022 ] 27 root - INFO - Row and columns in df: (36188, 171)
[ 2022-12-13 21:19:19,022 ] 28 root - INFO - Save data in feature store
[ 2022-12-13 21:19:19,544 ] 34 root - INFO - Create feature store folder if not available
[ 2022-12-13 21:19:19,544 ] 38 root - INFO - Save df to feature store folder
[ 2022-12-13 21:19:21,882 ] 43 root - INFO - split dataset into train and test set
[ 2022-12-13 21:19:22,404 ] 47 root - INFO - create dataset directory folder if not available
[ 2022-12-13 21:19:22,404 ] 52 root - INFO - Save df to feature store folder
[ 2022-12-13 21:19:24,522 ] 64 root - INFO - Data ingestion artifact: DataIngestionArtifact(feature_store_file_path='/config/workspace/artifact/12132022__211915/data_ingestion/feature_store/sensor.csv', train_file_path='/config/workspace/artifact/12132022__211915/data_ingestion/dataset/train.csv', test_file_path='/config/workspace/artifact/12132022__211915/data_ingestion/dataset/test.csv')
[ 2022-12-13 21:19:24,965 ] 22 root - INFO - >>>>>>>>>>>>>>>>>>>>>>>>>>>>>>>>>>>>>>>> Data Validation <<<<<<<<<<<<<<<<<<<<<<<<<<<<<<<<<<<<<<<<
[ 2022-12-13 21:19:24,965 ] 110 root - INFO - Reading base dataframe
[ 2022-12-13 21:19:27,804 ] 113 root - INFO - Replace na value in base df
[ 2022-12-13 21:19:27,805 ] 115 root - INFO - Drop null values colums from base df
[ 2022-12-13 21:19:28,681 ] 44 root - INFO - selecting column name which contains null above to 0.2
[ 2022-12-13 21:19:28,682 ] 47 root - INFO - Columns to drop: ['ab_000', 'ad_000', 'bk_000', 'bl_000', 'bm_000', 'bn_000', 'bo_000', 'bp_000', 'bq_000', 'br_000', 'cf_000', 'cg_000', 'ch_000', 'co_000', 'cr_000', 'ct_000', 'cu_000', 'cv_000', 'cx_000', 'cy_000', 'cz_000', 'da_000', 'db_000', 'dc_000']
[ 2022-12-13 21:19:28,762 ] 118 root - INFO - Reading train dataframe
[ 2022-12-13 21:19:29,146 ] 120 root - INFO - Reading test dataframe
[ 2022-12-13 21:19:29,244 ] 123 root - INFO - Drop null values colums from train df
[ 2022-12-13 21:19:29,255 ] 44 root - INFO - selecting column name which contains null above to 0.2
[ 2022-12-13 21:19:29,256 ] 47 root - INFO - Columns to drop: ['ab_000', 'ad_000', 'bk_000', 'bl_000', 'bm_000', 'bn_000', 'bo_000', 'bp_000', 'bq_000', 'br_000', 'cf_000', 'cg_000', 'ch_000', 'co_000', 'cr_000', 'ct_000', 'cu_000', 'cv_000', 'cx_000', 'cy_000', 'cz_000', 'da_000', 'db_000', 'dc_000']
[ 2022-12-13 21:19:29,265 ] 125 root - INFO - Drop null values colums from test df
[ 2022-12-13 21:19:29,269 ] 44 root - INFO - selecting column name which contains null above to 0.2
[ 2022-12-13 21:19:29,269 ] 47 root - INFO - Columns to drop: ['ab_000', 'ad_000', 'bk_000', 'bl_000', 'bm_000', 'bn_000', 'bo_000', 'bp_000', 'bq_000', 'br_000', 'cf_000', 'cg_000', 'ch_000', 'co_000', 'cr_000', 'ct_000', 'cu_000', 'cv_000', 'cx_000', 'cy_000', 'cz_000', 'da_000', 'db_000', 'dc_000']
[ 2022-12-13 21:19:35,146 ] 134 root - INFO - Is all required columns present in train df
[ 2022-12-13 21:19:35,147 ] 136 root - INFO - Is all required columns present in test df
[ 2022-12-13 21:19:35,147 ] 140 root - INFO - As all column are available in train df hence detecting data drift
[ 2022-12-13 21:19:35,147 ] 88 root - INFO - Hypothesis class: object, object 
[ 2022-12-13 21:19:35,285 ] 88 root - INFO - Hypothesis aa_000: float64, float64 
[ 2022-12-13 21:19:35,327 ] 88 root - INFO - Hypothesis ac_000: float64, float64 
[ 2022-12-13 21:19:35,367 ] 88 root - INFO - Hypothesis ae_000: float64, float64 
[ 2022-12-13 21:19:35,406 ] 88 root - INFO - Hypothesis af_000: float64, float64 
[ 2022-12-13 21:19:35,442 ] 88 root - INFO - Hypothesis ag_000: float64, float64 
[ 2022-12-13 21:19:35,477 ] 88 root - INFO - Hypothesis ag_001: float64, float64 
[ 2022-12-13 21:19:35,513 ] 88 root - INFO - Hypothesis ag_002: float64, float64 
[ 2022-12-13 21:19:35,548 ] 88 root - INFO - Hypothesis ag_003: float64, float64 
[ 2022-12-13 21:19:35,586 ] 88 root - INFO - Hypothesis ag_004: float64, float64 
[ 2022-12-13 21:19:35,628 ] 88 root - INFO - Hypothesis ag_005: float64, float64 
[ 2022-12-13 21:19:35,670 ] 88 root - INFO - Hypothesis ag_006: float64, float64 
[ 2022-12-13 21:19:35,713 ] 88 root - INFO - Hypothesis ag_007: float64, float64 
[ 2022-12-13 21:19:35,755 ] 88 root - INFO - Hypothesis ag_008: float64, float64 
[ 2022-12-13 21:19:35,794 ] 88 root - INFO - Hypothesis ag_009: float64, float64 
[ 2022-12-13 21:19:35,832 ] 88 root - INFO - Hypothesis ah_000: float64, float64 
[ 2022-12-13 21:19:35,876 ] 88 root - INFO - Hypothesis ai_000: float64, float64 
[ 2022-12-13 21:19:35,915 ] 88 root - INFO - Hypothesis aj_000: float64, float64 
[ 2022-12-13 21:19:35,953 ] 88 root - INFO - Hypothesis ak_000: float64, float64 
[ 2022-12-13 21:19:35,990 ] 88 root - INFO - Hypothesis al_000: float64, float64 
[ 2022-12-13 21:19:36,029 ] 88 root - INFO - Hypothesis am_0: float64, float64 
[ 2022-12-13 21:19:36,067 ] 88 root - INFO - Hypothesis an_000: float64, float64 
[ 2022-12-13 21:19:36,108 ] 88 root - INFO - Hypothesis ao_000: float64, float64 
[ 2022-12-13 21:19:36,150 ] 88 root - INFO - Hypothesis ap_000: float64, float64 
[ 2022-12-13 21:19:36,162 ] 88 root - INFO - Hypothesis aq_000: float64, float64 
[ 2022-12-13 21:19:36,205 ] 88 root - INFO - Hypothesis ar_000: float64, float64 
[ 2022-12-13 21:19:36,241 ] 88 root - INFO - Hypothesis as_000: float64, float64 
[ 2022-12-13 21:19:36,245 ] 88 root - INFO - Hypothesis at_000: float64, float64 
[ 2022-12-13 21:19:36,281 ] 88 root - INFO - Hypothesis au_000: float64, float64 
[ 2022-12-13 21:19:36,316 ] 88 root - INFO - Hypothesis av_000: float64, float64 
[ 2022-12-13 21:19:36,356 ] 88 root - INFO - Hypothesis ax_000: float64, float64 
[ 2022-12-13 21:19:36,395 ] 88 root - INFO - Hypothesis ay_000: float64, float64 
[ 2022-12-13 21:19:36,430 ] 88 root - INFO - Hypothesis ay_001: float64, float64 
[ 2022-12-13 21:19:36,465 ] 88 root - INFO - Hypothesis ay_002: float64, float64 
[ 2022-12-13 21:19:36,502 ] 88 root - INFO - Hypothesis ay_003: float64, float64 
[ 2022-12-13 21:19:36,538 ] 88 root - INFO - Hypothesis ay_004: float64, float64 
[ 2022-12-13 21:19:36,575 ] 88 root - INFO - Hypothesis ay_005: float64, float64 
[ 2022-12-13 21:19:36,614 ] 88 root - INFO - Hypothesis ay_006: float64, float64 
[ 2022-12-13 21:19:36,654 ] 88 root - INFO - Hypothesis ay_007: float64, float64 
[ 2022-12-13 21:19:36,664 ] 88 root - INFO - Hypothesis ay_008: float64, float64 
[ 2022-12-13 21:19:36,706 ] 88 root - INFO - Hypothesis ay_009: float64, float64 
[ 2022-12-13 21:19:36,741 ] 88 root - INFO - Hypothesis az_000: float64, float64 
[ 2022-12-13 21:19:36,783 ] 88 root - INFO - Hypothesis az_001: float64, float64 
[ 2022-12-13 21:19:36,824 ] 88 root - INFO - Hypothesis az_002: float64, float64 
[ 2022-12-13 21:19:36,866 ] 88 root - INFO - Hypothesis az_003: float64, float64 
[ 2022-12-13 21:19:36,910 ] 88 root - INFO - Hypothesis az_004: float64, float64 
[ 2022-12-13 21:19:36,952 ] 88 root - INFO - Hypothesis az_005: float64, float64 
[ 2022-12-13 21:19:36,994 ] 88 root - INFO - Hypothesis az_006: float64, float64 
[ 2022-12-13 21:19:37,004 ] 88 root - INFO - Hypothesis az_007: float64, float64 
[ 2022-12-13 21:19:37,042 ] 88 root - INFO - Hypothesis az_008: float64, float64 
[ 2022-12-13 21:19:37,078 ] 88 root - INFO - Hypothesis az_009: float64, float64 
[ 2022-12-13 21:19:37,114 ] 88 root - INFO - Hypothesis ba_000: float64, float64 
[ 2022-12-13 21:19:37,156 ] 88 root - INFO - Hypothesis ba_001: float64, float64 
[ 2022-12-13 21:19:37,201 ] 88 root - INFO - Hypothesis ba_002: float64, float64 
[ 2022-12-13 21:19:37,245 ] 88 root - INFO - Hypothesis ba_003: float64, float64 
[ 2022-12-13 21:19:37,288 ] 88 root - INFO - Hypothesis ba_004: float64, float64 
[ 2022-12-13 21:19:37,333 ] 88 root - INFO - Hypothesis ba_005: float64, float64 
[ 2022-12-13 21:19:37,374 ] 88 root - INFO - Hypothesis ba_006: float64, float64 
[ 2022-12-13 21:19:37,418 ] 88 root - INFO - Hypothesis ba_007: float64, float64 
[ 2022-12-13 21:19:37,459 ] 88 root - INFO - Hypothesis ba_008: float64, float64 
[ 2022-12-13 21:19:37,498 ] 88 root - INFO - Hypothesis ba_009: float64, float64 
[ 2022-12-13 21:19:37,505 ] 88 root - INFO - Hypothesis bb_000: float64, float64 
[ 2022-12-13 21:19:37,546 ] 88 root - INFO - Hypothesis bc_000: float64, float64 
[ 2022-12-13 21:19:37,584 ] 88 root - INFO - Hypothesis bd_000: float64, float64 
[ 2022-12-13 21:19:37,593 ] 88 root - INFO - Hypothesis be_000: float64, float64 
[ 2022-12-13 21:19:37,632 ] 88 root - INFO - Hypothesis bf_000: float64, float64 
[ 2022-12-13 21:19:37,671 ] 88 root - INFO - Hypothesis bg_000: float64, float64 
[ 2022-12-13 21:19:37,712 ] 88 root - INFO - Hypothesis bh_000: float64, float64 
[ 2022-12-13 21:19:37,755 ] 88 root - INFO - Hypothesis bi_000: float64, float64 
[ 2022-12-13 21:19:37,797 ] 88 root - INFO - Hypothesis bj_000: float64, float64 
[ 2022-12-13 21:19:37,808 ] 88 root - INFO - Hypothesis bs_000: float64, float64 
[ 2022-12-13 21:19:37,819 ] 88 root - INFO - Hypothesis bt_000: float64, float64 
[ 2022-12-13 21:19:37,862 ] 88 root - INFO - Hypothesis bu_000: float64, float64 
[ 2022-12-13 21:19:37,904 ] 88 root - INFO - Hypothesis bv_000: float64, float64 
[ 2022-12-13 21:19:37,945 ] 88 root - INFO - Hypothesis bx_000: float64, float64 
[ 2022-12-13 21:19:37,989 ] 88 root - INFO - Hypothesis by_000: float64, float64 
[ 2022-12-13 21:19:38,032 ] 88 root - INFO - Hypothesis bz_000: float64, float64 
[ 2022-12-13 21:19:38,041 ] 88 root - INFO - Hypothesis ca_000: float64, float64 
[ 2022-12-13 21:19:38,083 ] 88 root - INFO - Hypothesis cb_000: float64, float64 
[ 2022-12-13 21:19:38,094 ] 88 root - INFO - Hypothesis cc_000: float64, float64 
[ 2022-12-13 21:19:38,137 ] 88 root - INFO - Hypothesis cd_000: float64, float64 
[ 2022-12-13 21:19:38,142 ] 88 root - INFO - Hypothesis ce_000: float64, float64 
[ 2022-12-13 21:19:38,183 ] 88 root - INFO - Hypothesis ci_000: float64, float64 
[ 2022-12-13 21:19:38,225 ] 88 root - INFO - Hypothesis cj_000: float64, float64 
[ 2022-12-13 21:19:38,266 ] 88 root - INFO - Hypothesis ck_000: float64, float64 
[ 2022-12-13 21:19:38,309 ] 88 root - INFO - Hypothesis cl_000: float64, float64 
[ 2022-12-13 21:19:38,347 ] 88 root - INFO - Hypothesis cm_000: float64, float64 
[ 2022-12-13 21:19:38,385 ] 88 root - INFO - Hypothesis cn_000: float64, float64 
[ 2022-12-13 21:19:38,421 ] 88 root - INFO - Hypothesis cn_001: float64, float64 
[ 2022-12-13 21:19:38,427 ] 88 root - INFO - Hypothesis cn_002: float64, float64 
[ 2022-12-13 21:19:38,466 ] 88 root - INFO - Hypothesis cn_003: float64, float64 
[ 2022-12-13 21:19:38,509 ] 88 root - INFO - Hypothesis cn_004: float64, float64 
[ 2022-12-13 21:19:38,552 ] 88 root - INFO - Hypothesis cn_005: float64, float64 
[ 2022-12-13 21:19:38,593 ] 88 root - INFO - Hypothesis cn_006: float64, float64 
[ 2022-12-13 21:19:38,635 ] 88 root - INFO - Hypothesis cn_007: float64, float64 
[ 2022-12-13 21:19:38,676 ] 88 root - INFO - Hypothesis cn_008: float64, float64 
[ 2022-12-13 21:19:38,717 ] 88 root - INFO - Hypothesis cn_009: float64, float64 
[ 2022-12-13 21:19:38,756 ] 88 root - INFO - Hypothesis cp_000: float64, float64 
[ 2022-12-13 21:19:38,764 ] 88 root - INFO - Hypothesis cq_000: float64, float64 
[ 2022-12-13 21:19:38,805 ] 88 root - INFO - Hypothesis cs_000: float64, float64 
[ 2022-12-13 21:19:38,815 ] 88 root - INFO - Hypothesis cs_001: float64, float64 
[ 2022-12-13 21:19:38,858 ] 88 root - INFO - Hypothesis cs_002: float64, float64 
[ 2022-12-13 21:19:38,899 ] 88 root - INFO - Hypothesis cs_003: float64, float64 
[ 2022-12-13 21:19:38,911 ] 88 root - INFO - Hypothesis cs_004: float64, float64 
[ 2022-12-13 21:19:38,954 ] 88 root - INFO - Hypothesis cs_005: float64, float64 
[ 2022-12-13 21:19:38,996 ] 88 root - INFO - Hypothesis cs_006: float64, float64 
[ 2022-12-13 21:19:39,037 ] 88 root - INFO - Hypothesis cs_007: float64, float64 
[ 2022-12-13 21:19:39,078 ] 88 root - INFO - Hypothesis cs_008: float64, float64 
[ 2022-12-13 21:19:39,115 ] 88 root - INFO - Hypothesis cs_009: float64, float64 
[ 2022-12-13 21:19:39,160 ] 88 root - INFO - Hypothesis dd_000: float64, float64 
[ 2022-12-13 21:19:39,169 ] 88 root - INFO - Hypothesis de_000: float64, float64 
[ 2022-12-13 21:19:39,177 ] 88 root - INFO - Hypothesis df_000: float64, float64 
[ 2022-12-13 21:19:39,214 ] 88 root - INFO - Hypothesis dg_000: float64, float64 
[ 2022-12-13 21:19:39,250 ] 88 root - INFO - Hypothesis dh_000: float64, float64 
[ 2022-12-13 21:19:39,287 ] 88 root - INFO - Hypothesis di_000: float64, float64 
[ 2022-12-13 21:19:39,324 ] 88 root - INFO - Hypothesis dj_000: float64, float64 
[ 2022-12-13 21:19:39,362 ] 88 root - INFO - Hypothesis dk_000: float64, float64 
[ 2022-12-13 21:19:39,397 ] 88 root - INFO - Hypothesis dl_000: float64, float64 
[ 2022-12-13 21:19:39,434 ] 88 root - INFO - Hypothesis dm_000: float64, float64 
[ 2022-12-13 21:19:39,470 ] 88 root - INFO - Hypothesis dn_000: float64, float64 
[ 2022-12-13 21:19:39,511 ] 88 root - INFO - Hypothesis do_000: float64, float64 
[ 2022-12-13 21:19:39,553 ] 88 root - INFO - Hypothesis dp_000: float64, float64 
[ 2022-12-13 21:19:39,593 ] 88 root - INFO - Hypothesis dq_000: float64, float64 
[ 2022-12-13 21:19:39,631 ] 88 root - INFO - Hypothesis dr_000: float64, float64 
[ 2022-12-13 21:19:39,669 ] 88 root - INFO - Hypothesis ds_000: float64, float64 
[ 2022-12-13 21:19:39,710 ] 88 root - INFO - Hypothesis dt_000: float64, float64 
[ 2022-12-13 21:19:39,751 ] 88 root - INFO - Hypothesis du_000: float64, float64 
[ 2022-12-13 21:19:39,792 ] 88 root - INFO - Hypothesis dv_000: float64, float64 
[ 2022-12-13 21:19:39,834 ] 88 root - INFO - Hypothesis dx_000: float64, float64 
[ 2022-12-13 21:19:39,875 ] 88 root - INFO - Hypothesis dy_000: float64, float64 
[ 2022-12-13 21:19:39,915 ] 88 root - INFO - Hypothesis dz_000: float64, float64 
[ 2022-12-13 21:19:39,952 ] 88 root - INFO - Hypothesis ea_000: float64, float64 
[ 2022-12-13 21:19:39,988 ] 88 root - INFO - Hypothesis eb_000: float64, float64 
[ 2022-12-13 21:19:39,996 ] 88 root - INFO - Hypothesis ec_00: float64, float64 
[ 2022-12-13 21:19:40,006 ] 88 root - INFO - Hypothesis ed_000: float64, float64 
[ 2022-12-13 21:19:40,016 ] 88 root - INFO - Hypothesis ee_000: float64, float64 
[ 2022-12-13 21:19:40,063 ] 88 root - INFO - Hypothesis ee_001: float64, float64 
[ 2022-12-13 21:19:40,106 ] 88 root - INFO - Hypothesis ee_002: float64, float64 
[ 2022-12-13 21:19:40,148 ] 88 root - INFO - Hypothesis ee_003: float64, float64 
[ 2022-12-13 21:19:40,189 ] 88 root - INFO - Hypothesis ee_004: float64, float64 
[ 2022-12-13 21:19:40,232 ] 88 root - INFO - Hypothesis ee_005: float64, float64 
[ 2022-12-13 21:19:40,273 ] 88 root - INFO - Hypothesis ee_006: float64, float64 
[ 2022-12-13 21:19:40,283 ] 88 root - INFO - Hypothesis ee_007: float64, float64 
[ 2022-12-13 21:19:40,293 ] 88 root - INFO - Hypothesis ee_008: float64, float64 
[ 2022-12-13 21:19:40,302 ] 88 root - INFO - Hypothesis ee_009: float64, float64 
[ 2022-12-13 21:19:40,309 ] 88 root - INFO - Hypothesis ef_000: float64, float64 
[ 2022-12-13 21:19:40,345 ] 88 root - INFO - Hypothesis eg_000: float64, float64 
[ 2022-12-13 21:19:40,380 ] 143 root - INFO - As all column are available in test df hence detecting data drift
[ 2022-12-13 21:19:40,380 ] 88 root - INFO - Hypothesis class: object, object 
[ 2022-12-13 21:19:40,456 ] 88 root - INFO - Hypothesis aa_000: float64, float64 
[ 2022-12-13 21:19:40,463 ] 88 root - INFO - Hypothesis ac_000: float64, float64 
[ 2022-12-13 21:19:40,469 ] 88 root - INFO - Hypothesis ae_000: float64, float64 
[ 2022-12-13 21:19:40,486 ] 88 root - INFO - Hypothesis af_000: float64, float64 
[ 2022-12-13 21:19:40,501 ] 88 root - INFO - Hypothesis ag_000: float64, float64 
[ 2022-12-13 21:19:40,517 ] 88 root - INFO - Hypothesis ag_001: float64, float64 
[ 2022-12-13 21:19:40,532 ] 88 root - INFO - Hypothesis ag_002: float64, float64 
[ 2022-12-13 21:19:40,536 ] 88 root - INFO - Hypothesis ag_003: float64, float64 
[ 2022-12-13 21:19:40,540 ] 88 root - INFO - Hypothesis ag_004: float64, float64 
[ 2022-12-13 21:19:40,547 ] 88 root - INFO - Hypothesis ag_005: float64, float64 
[ 2022-12-13 21:19:40,554 ] 88 root - INFO - Hypothesis ag_006: float64, float64 
[ 2022-12-13 21:19:40,561 ] 88 root - INFO - Hypothesis ag_007: float64, float64 
[ 2022-12-13 21:19:40,580 ] 88 root - INFO - Hypothesis ag_008: float64, float64 
[ 2022-12-13 21:19:40,586 ] 88 root - INFO - Hypothesis ag_009: float64, float64 
[ 2022-12-13 21:19:40,591 ] 88 root - INFO - Hypothesis ah_000: float64, float64 
[ 2022-12-13 21:19:40,598 ] 88 root - INFO - Hypothesis ai_000: float64, float64 
[ 2022-12-13 21:19:40,601 ] 88 root - INFO - Hypothesis aj_000: float64, float64 
[ 2022-12-13 21:19:40,605 ] 88 root - INFO - Hypothesis ak_000: float64, float64 
[ 2022-12-13 21:19:40,621 ] 88 root - INFO - Hypothesis al_000: float64, float64 
[ 2022-12-13 21:19:40,626 ] 88 root - INFO - Hypothesis am_0: float64, float64 
[ 2022-12-13 21:19:40,631 ] 88 root - INFO - Hypothesis an_000: float64, float64 
[ 2022-12-13 21:19:40,638 ] 88 root - INFO - Hypothesis ao_000: float64, float64 
[ 2022-12-13 21:19:40,645 ] 88 root - INFO - Hypothesis ap_000: float64, float64 
[ 2022-12-13 21:19:40,652 ] 88 root - INFO - Hypothesis aq_000: float64, float64 
[ 2022-12-13 21:19:40,659 ] 88 root - INFO - Hypothesis ar_000: float64, float64 
[ 2022-12-13 21:19:40,675 ] 88 root - INFO - Hypothesis as_000: float64, float64 
[ 2022-12-13 21:19:40,689 ] 88 root - INFO - Hypothesis at_000: float64, float64 
[ 2022-12-13 21:19:40,705 ] 88 root - INFO - Hypothesis au_000: float64, float64 
[ 2022-12-13 21:19:40,719 ] 88 root - INFO - Hypothesis av_000: float64, float64 
[ 2022-12-13 21:19:40,725 ] 88 root - INFO - Hypothesis ax_000: float64, float64 
[ 2022-12-13 21:19:40,730 ] 88 root - INFO - Hypothesis ay_000: float64, float64 
[ 2022-12-13 21:19:40,745 ] 88 root - INFO - Hypothesis ay_001: float64, float64 
[ 2022-12-13 21:19:40,760 ] 88 root - INFO - Hypothesis ay_002: float64, float64 
[ 2022-12-13 21:19:40,775 ] 88 root - INFO - Hypothesis ay_003: float64, float64 
[ 2022-12-13 21:19:40,791 ] 88 root - INFO - Hypothesis ay_004: float64, float64 
[ 2022-12-13 21:19:40,794 ] 88 root - INFO - Hypothesis ay_005: float64, float64 
[ 2022-12-13 21:19:40,799 ] 88 root - INFO - Hypothesis ay_006: float64, float64 
[ 2022-12-13 21:19:40,805 ] 88 root - INFO - Hypothesis ay_007: float64, float64 
[ 2022-12-13 21:19:40,812 ] 88 root - INFO - Hypothesis ay_008: float64, float64 
[ 2022-12-13 21:19:40,819 ] 88 root - INFO - Hypothesis ay_009: float64, float64 
[ 2022-12-13 21:19:40,833 ] 88 root - INFO - Hypothesis az_000: float64, float64 
[ 2022-12-13 21:19:40,840 ] 88 root - INFO - Hypothesis az_001: float64, float64 
[ 2022-12-13 21:19:40,846 ] 88 root - INFO - Hypothesis az_002: float64, float64 
[ 2022-12-13 21:19:40,852 ] 88 root - INFO - Hypothesis az_003: float64, float64 
[ 2022-12-13 21:19:40,859 ] 88 root - INFO - Hypothesis az_004: float64, float64 
[ 2022-12-13 21:19:40,866 ] 88 root - INFO - Hypothesis az_005: float64, float64 
[ 2022-12-13 21:19:40,873 ] 88 root - INFO - Hypothesis az_006: float64, float64 
[ 2022-12-13 21:19:40,879 ] 88 root - INFO - Hypothesis az_007: float64, float64 
[ 2022-12-13 21:19:40,895 ] 88 root - INFO - Hypothesis az_008: float64, float64 
[ 2022-12-13 21:19:40,910 ] 88 root - INFO - Hypothesis az_009: float64, float64 
[ 2022-12-13 21:19:40,925 ] 88 root - INFO - Hypothesis ba_000: float64, float64 
[ 2022-12-13 21:19:40,933 ] 88 root - INFO - Hypothesis ba_001: float64, float64 
[ 2022-12-13 21:19:40,940 ] 88 root - INFO - Hypothesis ba_002: float64, float64 
[ 2022-12-13 21:19:40,946 ] 88 root - INFO - Hypothesis ba_003: float64, float64 
[ 2022-12-13 21:19:40,953 ] 88 root - INFO - Hypothesis ba_004: float64, float64 
[ 2022-12-13 21:19:40,960 ] 88 root - INFO - Hypothesis ba_005: float64, float64 
[ 2022-12-13 21:19:40,967 ] 88 root - INFO - Hypothesis ba_006: float64, float64 
[ 2022-12-13 21:19:40,974 ] 88 root - INFO - Hypothesis ba_007: float64, float64 
[ 2022-12-13 21:19:40,982 ] 88 root - INFO - Hypothesis ba_008: float64, float64 
[ 2022-12-13 21:19:40,990 ] 88 root - INFO - Hypothesis ba_009: float64, float64 
[ 2022-12-13 21:19:40,995 ] 88 root - INFO - Hypothesis bb_000: float64, float64 
[ 2022-12-13 21:19:41,002 ] 88 root - INFO - Hypothesis bc_000: float64, float64 
[ 2022-12-13 21:19:41,008 ] 88 root - INFO - Hypothesis bd_000: float64, float64 
[ 2022-12-13 21:19:41,013 ] 88 root - INFO - Hypothesis be_000: float64, float64 
[ 2022-12-13 21:19:41,019 ] 88 root - INFO - Hypothesis bf_000: float64, float64 
[ 2022-12-13 21:19:41,024 ] 88 root - INFO - Hypothesis bg_000: float64, float64 
[ 2022-12-13 21:19:41,031 ] 88 root - INFO - Hypothesis bh_000: float64, float64 
[ 2022-12-13 21:19:41,038 ] 88 root - INFO - Hypothesis bi_000: float64, float64 
[ 2022-12-13 21:19:41,045 ] 88 root - INFO - Hypothesis bj_000: float64, float64 
[ 2022-12-13 21:19:41,052 ] 88 root - INFO - Hypothesis bs_000: float64, float64 
[ 2022-12-13 21:19:41,059 ] 88 root - INFO - Hypothesis bt_000: float64, float64 
[ 2022-12-13 21:19:41,066 ] 88 root - INFO - Hypothesis bu_000: float64, float64 
[ 2022-12-13 21:19:41,073 ] 88 root - INFO - Hypothesis bv_000: float64, float64 
[ 2022-12-13 21:19:41,080 ] 88 root - INFO - Hypothesis bx_000: float64, float64 
[ 2022-12-13 21:19:41,087 ] 88 root - INFO - Hypothesis by_000: float64, float64 
[ 2022-12-13 21:19:41,094 ] 88 root - INFO - Hypothesis bz_000: float64, float64 
[ 2022-12-13 21:19:41,100 ] 88 root - INFO - Hypothesis ca_000: float64, float64 
[ 2022-12-13 21:19:41,106 ] 88 root - INFO - Hypothesis cb_000: float64, float64 
[ 2022-12-13 21:19:41,114 ] 88 root - INFO - Hypothesis cc_000: float64, float64 
[ 2022-12-13 21:19:41,123 ] 88 root - INFO - Hypothesis cd_000: float64, float64 
[ 2022-12-13 21:19:41,126 ] 88 root - INFO - Hypothesis ce_000: float64, float64 
[ 2022-12-13 21:19:41,132 ] 88 root - INFO - Hypothesis ci_000: float64, float64 
[ 2022-12-13 21:19:41,139 ] 88 root - INFO - Hypothesis cj_000: float64, float64 
[ 2022-12-13 21:19:41,143 ] 88 root - INFO - Hypothesis ck_000: float64, float64 
[ 2022-12-13 21:19:41,150 ] 88 root - INFO - Hypothesis cl_000: float64, float64 
[ 2022-12-13 21:19:41,166 ] 88 root - INFO - Hypothesis cm_000: float64, float64 
[ 2022-12-13 21:19:41,170 ] 88 root - INFO - Hypothesis cn_000: float64, float64 
[ 2022-12-13 21:19:41,173 ] 88 root - INFO - Hypothesis cn_001: float64, float64 
[ 2022-12-13 21:19:41,177 ] 88 root - INFO - Hypothesis cn_002: float64, float64 
[ 2022-12-13 21:19:41,182 ] 88 root - INFO - Hypothesis cn_003: float64, float64 
[ 2022-12-13 21:19:41,189 ] 88 root - INFO - Hypothesis cn_004: float64, float64 
[ 2022-12-13 21:19:41,197 ] 88 root - INFO - Hypothesis cn_005: float64, float64 
[ 2022-12-13 21:19:41,204 ] 88 root - INFO - Hypothesis cn_006: float64, float64 
[ 2022-12-13 21:19:41,211 ] 88 root - INFO - Hypothesis cn_007: float64, float64 
[ 2022-12-13 21:19:41,217 ] 88 root - INFO - Hypothesis cn_008: float64, float64 
[ 2022-12-13 21:19:41,223 ] 88 root - INFO - Hypothesis cn_009: float64, float64 
[ 2022-12-13 21:19:41,228 ] 88 root - INFO - Hypothesis cp_000: float64, float64 
[ 2022-12-13 21:19:41,233 ] 88 root - INFO - Hypothesis cq_000: float64, float64 
[ 2022-12-13 21:19:41,240 ] 88 root - INFO - Hypothesis cs_000: float64, float64 
[ 2022-12-13 21:19:41,247 ] 88 root - INFO - Hypothesis cs_001: float64, float64 
[ 2022-12-13 21:19:41,253 ] 88 root - INFO - Hypothesis cs_002: float64, float64 
[ 2022-12-13 21:19:41,259 ] 88 root - INFO - Hypothesis cs_003: float64, float64 
[ 2022-12-13 21:19:41,266 ] 88 root - INFO - Hypothesis cs_004: float64, float64 
[ 2022-12-13 21:19:41,273 ] 88 root - INFO - Hypothesis cs_005: float64, float64 
[ 2022-12-13 21:19:41,280 ] 88 root - INFO - Hypothesis cs_006: float64, float64 
[ 2022-12-13 21:19:41,287 ] 88 root - INFO - Hypothesis cs_007: float64, float64 
[ 2022-12-13 21:19:41,294 ] 88 root - INFO - Hypothesis cs_008: float64, float64 
[ 2022-12-13 21:19:41,299 ] 88 root - INFO - Hypothesis cs_009: float64, float64 
[ 2022-12-13 21:19:41,314 ] 88 root - INFO - Hypothesis dd_000: float64, float64 
[ 2022-12-13 21:19:41,321 ] 88 root - INFO - Hypothesis de_000: float64, float64 
[ 2022-12-13 21:19:41,326 ] 88 root - INFO - Hypothesis df_000: float64, float64 
[ 2022-12-13 21:19:41,329 ] 88 root - INFO - Hypothesis dg_000: float64, float64 
[ 2022-12-13 21:19:41,333 ] 88 root - INFO - Hypothesis dh_000: float64, float64 
[ 2022-12-13 21:19:41,348 ] 88 root - INFO - Hypothesis di_000: float64, float64 
[ 2022-12-13 21:19:41,364 ] 88 root - INFO - Hypothesis dj_000: float64, float64 
[ 2022-12-13 21:19:41,379 ] 88 root - INFO - Hypothesis dk_000: float64, float64 
[ 2022-12-13 21:19:41,394 ] 88 root - INFO - Hypothesis dl_000: float64, float64 
[ 2022-12-13 21:19:41,397 ] 88 root - INFO - Hypothesis dm_000: float64, float64 
[ 2022-12-13 21:19:41,400 ] 88 root - INFO - Hypothesis dn_000: float64, float64 
[ 2022-12-13 21:19:41,407 ] 88 root - INFO - Hypothesis do_000: float64, float64 
[ 2022-12-13 21:19:41,413 ] 88 root - INFO - Hypothesis dp_000: float64, float64 
[ 2022-12-13 21:19:41,419 ] 88 root - INFO - Hypothesis dq_000: float64, float64 
[ 2022-12-13 21:19:41,424 ] 88 root - INFO - Hypothesis dr_000: float64, float64 
[ 2022-12-13 21:19:41,428 ] 88 root - INFO - Hypothesis ds_000: float64, float64 
[ 2022-12-13 21:19:41,434 ] 88 root - INFO - Hypothesis dt_000: float64, float64 
[ 2022-12-13 21:19:41,453 ] 88 root - INFO - Hypothesis du_000: float64, float64 
[ 2022-12-13 21:19:41,460 ] 88 root - INFO - Hypothesis dv_000: float64, float64 
[ 2022-12-13 21:19:41,466 ] 88 root - INFO - Hypothesis dx_000: float64, float64 
[ 2022-12-13 21:19:41,484 ] 88 root - INFO - Hypothesis dy_000: float64, float64 
[ 2022-12-13 21:19:41,488 ] 88 root - INFO - Hypothesis dz_000: float64, float64 
[ 2022-12-13 21:19:41,503 ] 88 root - INFO - Hypothesis ea_000: float64, float64 
[ 2022-12-13 21:19:41,518 ] 88 root - INFO - Hypothesis eb_000: float64, float64 
[ 2022-12-13 21:19:41,525 ] 88 root - INFO - Hypothesis ec_00: float64, float64 
[ 2022-12-13 21:19:41,533 ] 88 root - INFO - Hypothesis ed_000: float64, float64 
[ 2022-12-13 21:19:41,539 ] 88 root - INFO - Hypothesis ee_000: float64, float64 
[ 2022-12-13 21:19:41,546 ] 88 root - INFO - Hypothesis ee_001: float64, float64 
[ 2022-12-13 21:19:41,553 ] 88 root - INFO - Hypothesis ee_002: float64, float64 
[ 2022-12-13 21:19:41,561 ] 88 root - INFO - Hypothesis ee_003: float64, float64 
[ 2022-12-13 21:19:41,568 ] 88 root - INFO - Hypothesis ee_004: float64, float64 
[ 2022-12-13 21:19:41,575 ] 88 root - INFO - Hypothesis ee_005: float64, float64 
[ 2022-12-13 21:19:41,582 ] 88 root - INFO - Hypothesis ee_006: float64, float64 
[ 2022-12-13 21:19:41,588 ] 88 root - INFO - Hypothesis ee_007: float64, float64 
[ 2022-12-13 21:19:41,595 ] 88 root - INFO - Hypothesis ee_008: float64, float64 
[ 2022-12-13 21:19:41,601 ] 88 root - INFO - Hypothesis ee_009: float64, float64 
[ 2022-12-13 21:19:41,606 ] 88 root - INFO - Hypothesis ef_000: float64, float64 
[ 2022-12-13 21:19:41,622 ] 88 root - INFO - Hypothesis eg_000: float64, float64 
[ 2022-12-13 21:19:41,638 ] 147 root - INFO - Write reprt in yaml file
[ 2022-12-13 21:19:41,705 ] 152 root - INFO - Data validation artifact: DataValidationArtifact(report_file_path='/config/workspace/artifact/12132022__211915/data_validation/report.yaml')
[ 2022-12-13 21:19:41,707 ] 24 root - INFO - >>>>>>>>>>>>>>>>>>>>>>>>>>>>>>>>>>>>>>>> Data Transformation <<<<<<<<<<<<<<<<<<<<<<<<<<<<<<<<<<<<<<<<
[ 2022-12-13 21:19:42,607 ] 75 root - INFO - Before resampling in training set Input: (28950, 170) Target:(28950,)
[ 2022-12-13 21:19:48,311 ] 77 root - INFO - After resampling in training set Input: (56178, 170) Target:(56178,)
[ 2022-12-13 21:19:48,311 ] 79 root - INFO - Before resampling in testing set Input: (7238, 170) Target:(7238,)
[ 2022-12-13 21:19:49,105 ] 81 root - INFO - After resampling in testing set Input: (14024, 170) Target:(14024,)
[ 2022-12-13 21:19:49,210 ] 54 root - INFO - Entered the save_object method of utils
[ 2022-12-13 21:19:49,214 ] 58 root - INFO - Exited the save_object method of utils
[ 2022-12-13 21:19:49,214 ] 54 root - INFO - Entered the save_object method of utils
[ 2022-12-13 21:19:49,215 ] 58 root - INFO - Exited the save_object method of utils
[ 2022-12-13 21:19:49,215 ] 112 root - INFO - Data transformation object DataTransformationArtifact(transform_object_path='/config/workspace/artifact/12132022__211915/data_transformation/transformer/transformer.pkl', transformed_train_path='/config/workspace/artifact/12132022__211915/data_transformation/transformed/train.npz', transformed_test_path='/config/workspace/artifact/12132022__211915/data_transformation/transformed/test.npz', target_encoder_path='/config/workspace/artifact/12132022__211915/data_transformation/target_encoder/target_encoder.pkl')
[ 2022-12-13 21:19:49,217 ] 18 root - INFO - >>>>>>>>>>>>>>>>>>>>>>>>>>>>>>>>>>>>>>>> Model Trainer <<<<<<<<<<<<<<<<<<<<<<<<<<<<<<<<<<<<<<<<
[ 2022-12-13 21:19:49,217 ] 45 root - INFO - Loading train and test array.
[ 2022-12-13 21:19:49,245 ] 49 root - INFO - Splitting input and target feature from both train and test arr.
[ 2022-12-13 21:19:49,245 ] 53 root - INFO - Train the model
[ 2022-12-13 21:19:59,963 ] 56 root - INFO - Calculating f1 train score
[ 2022-12-13 21:20:00,023 ] 60 root - INFO - Calculating f1 test score
[ 2022-12-13 21:20:00,042 ] 64 root - INFO - train score:1.0 and tests score 0.9835829493087558
[ 2022-12-13 21:20:00,042 ] 66 root - INFO - Checking if our model is underfitting or not
[ 2022-12-13 21:20:00,042 ] 71 root - INFO - Checking if our model is overfiiting or not
[ 2022-12-13 21:20:00,042 ] 78 root - INFO - Saving mode object
[ 2022-12-13 21:20:00,042 ] 54 root - INFO - Entered the save_object method of utils
[ 2022-12-13 21:20:00,048 ] 58 root - INFO - Exited the save_object method of utils
[ 2022-12-13 21:20:00,048 ] 82 root - INFO - Prepare the artifact
[ 2022-12-13 21:20:00,048 ] 85 root - INFO - Model trainer artifact: ModelTrainerArtifact(model_path='/config/workspace/artifact/12132022__211915/model_trainer/model/model.pkl', f1_train_score=1.0, f1_test_score=0.9835829493087558)
[ 2022-12-13 21:20:00,049 ] 19 root - INFO - >>>>>>>>>>>>>>>>>>>>>>>>>>>>>>>>>>>>>>>>  Model Evaluation <<<<<<<<<<<<<<<<<<<<<<<<<<<<<<<<<<<<<<<<
[ 2022-12-13 21:20:00,050 ] 39 root - INFO - Model evaluation artifact: ModelEvaluationArtifact(is_model_accepted=True, improved_accuracy=None)
