[ 2022-12-13 19:35:18,114 ] 15 root - INFO - >>>>>>>>>>>>>>>>>>>>>>>>>>>>>>>>>>>>>>>> Data Ingestion <<<<<<<<<<<<<<<<<<<<<<<<<<<<<<<<<<<<<<<<
[ 2022-12-13 19:35:18,114 ] 22 root - INFO - Exporting collection data as pandas dataframe
[ 2022-12-13 19:35:18,114 ] 21 root - INFO - Reading data from database: aps and collection: sensor
[ 2022-12-13 19:35:21,845 ] 23 root - INFO - Found columns: Index(['_id', 'class', 'aa_000', 'ab_000', 'ac_000', 'ad_000', 'ae_000',
       'af_000', 'ag_000', 'ag_001',
       ...
       'ee_002', 'ee_003', 'ee_004', 'ee_005', 'ee_006', 'ee_007', 'ee_008',
       'ee_009', 'ef_000', 'eg_000'],
      dtype='object', length=172)
[ 2022-12-13 19:35:21,845 ] 25 root - INFO - Dropping column: _id 
[ 2022-12-13 19:35:22,166 ] 27 root - INFO - Row and columns in df: (36188, 171)
[ 2022-12-13 19:35:22,166 ] 28 root - INFO - Save data in feature store
[ 2022-12-13 19:35:22,765 ] 34 root - INFO - Create feature store folder if not available
[ 2022-12-13 19:35:22,766 ] 38 root - INFO - Save df to feature store folder
[ 2022-12-13 19:35:25,235 ] 43 root - INFO - split dataset into train and test set
[ 2022-12-13 19:35:25,857 ] 47 root - INFO - create dataset directory folder if not available
[ 2022-12-13 19:35:25,857 ] 52 root - INFO - Save df to feature store folder
[ 2022-12-13 19:35:28,079 ] 64 root - INFO - Data ingestion artifact: DataIngestionArtifact(feature_store_file_path='/config/workspace/artifact/12132022__193518/data_ingestion/feature_store/sensor.csv', train_file_path='/config/workspace/artifact/12132022__193518/data_ingestion/dataset/train.csv', test_file_path='/config/workspace/artifact/12132022__193518/data_ingestion/dataset/test.csv')
[ 2022-12-13 19:35:28,480 ] 22 root - INFO - >>>>>>>>>>>>>>>>>>>>>>>>>>>>>>>>>>>>>>>> Data Validation <<<<<<<<<<<<<<<<<<<<<<<<<<<<<<<<<<<<<<<<
[ 2022-12-13 19:35:28,481 ] 110 root - INFO - Reading base dataframe
[ 2022-12-13 19:35:31,445 ] 113 root - INFO - Replace na value in base df
[ 2022-12-13 19:35:31,445 ] 115 root - INFO - Drop null values colums from base df
[ 2022-12-13 19:35:32,373 ] 44 root - INFO - selecting column name which contains null above to 0.2
[ 2022-12-13 19:35:32,374 ] 47 root - INFO - Columns to drop: ['ab_000', 'ad_000', 'bk_000', 'bl_000', 'bm_000', 'bn_000', 'bo_000', 'bp_000', 'bq_000', 'br_000', 'cf_000', 'cg_000', 'ch_000', 'co_000', 'cr_000', 'ct_000', 'cu_000', 'cv_000', 'cx_000', 'cy_000', 'cz_000', 'da_000', 'db_000', 'dc_000']
[ 2022-12-13 19:35:32,460 ] 118 root - INFO - Reading train dataframe
[ 2022-12-13 19:35:32,843 ] 120 root - INFO - Reading test dataframe
[ 2022-12-13 19:35:32,953 ] 123 root - INFO - Drop null values colums from train df
[ 2022-12-13 19:35:32,966 ] 44 root - INFO - selecting column name which contains null above to 0.2
[ 2022-12-13 19:35:32,967 ] 47 root - INFO - Columns to drop: ['ab_000', 'ad_000', 'bk_000', 'bl_000', 'bm_000', 'bn_000', 'bo_000', 'bp_000', 'bq_000', 'br_000', 'cf_000', 'cg_000', 'ch_000', 'co_000', 'cr_000', 'ct_000', 'cu_000', 'cv_000', 'cx_000', 'cy_000', 'cz_000', 'da_000', 'db_000', 'dc_000']
[ 2022-12-13 19:35:32,980 ] 125 root - INFO - Drop null values colums from test df
[ 2022-12-13 19:35:32,984 ] 44 root - INFO - selecting column name which contains null above to 0.2
[ 2022-12-13 19:35:32,985 ] 47 root - INFO - Columns to drop: ['ab_000', 'ad_000', 'bk_000', 'bl_000', 'bm_000', 'bn_000', 'bo_000', 'bp_000', 'bq_000', 'br_000', 'cf_000', 'cg_000', 'ch_000', 'co_000', 'cr_000', 'ct_000', 'cu_000', 'cv_000', 'cx_000', 'cy_000', 'cz_000', 'da_000', 'db_000', 'dc_000']
[ 2022-12-13 19:35:38,965 ] 134 root - INFO - Is all required columns present in train df
[ 2022-12-13 19:35:38,966 ] 136 root - INFO - Is all required columns present in test df
[ 2022-12-13 19:35:38,966 ] 140 root - INFO - As all column are available in train df hence detecting data drift
[ 2022-12-13 19:35:38,966 ] 88 root - INFO - Hypothesis class: object, object 
[ 2022-12-13 19:35:39,096 ] 88 root - INFO - Hypothesis aa_000: float64, float64 
[ 2022-12-13 19:35:39,137 ] 88 root - INFO - Hypothesis ac_000: float64, float64 
[ 2022-12-13 19:35:39,178 ] 88 root - INFO - Hypothesis ae_000: float64, float64 
[ 2022-12-13 19:35:39,214 ] 88 root - INFO - Hypothesis af_000: float64, float64 
[ 2022-12-13 19:35:39,249 ] 88 root - INFO - Hypothesis ag_000: float64, float64 
[ 2022-12-13 19:35:39,284 ] 88 root - INFO - Hypothesis ag_001: float64, float64 
[ 2022-12-13 19:35:39,319 ] 88 root - INFO - Hypothesis ag_002: float64, float64 
[ 2022-12-13 19:35:39,355 ] 88 root - INFO - Hypothesis ag_003: float64, float64 
[ 2022-12-13 19:35:39,394 ] 88 root - INFO - Hypothesis ag_004: float64, float64 
[ 2022-12-13 19:35:39,435 ] 88 root - INFO - Hypothesis ag_005: float64, float64 
[ 2022-12-13 19:35:39,446 ] 88 root - INFO - Hypothesis ag_006: float64, float64 
[ 2022-12-13 19:35:39,489 ] 88 root - INFO - Hypothesis ag_007: float64, float64 
[ 2022-12-13 19:35:39,530 ] 88 root - INFO - Hypothesis ag_008: float64, float64 
[ 2022-12-13 19:35:39,569 ] 88 root - INFO - Hypothesis ag_009: float64, float64 
[ 2022-12-13 19:35:39,608 ] 88 root - INFO - Hypothesis ah_000: float64, float64 
[ 2022-12-13 19:35:39,650 ] 88 root - INFO - Hypothesis ai_000: float64, float64 
[ 2022-12-13 19:35:39,686 ] 88 root - INFO - Hypothesis aj_000: float64, float64 
[ 2022-12-13 19:35:39,722 ] 88 root - INFO - Hypothesis ak_000: float64, float64 
[ 2022-12-13 19:35:39,758 ] 88 root - INFO - Hypothesis al_000: float64, float64 
[ 2022-12-13 19:35:39,765 ] 88 root - INFO - Hypothesis am_0: float64, float64 
[ 2022-12-13 19:35:39,772 ] 88 root - INFO - Hypothesis an_000: float64, float64 
[ 2022-12-13 19:35:39,813 ] 88 root - INFO - Hypothesis ao_000: float64, float64 
[ 2022-12-13 19:35:39,856 ] 88 root - INFO - Hypothesis ap_000: float64, float64 
[ 2022-12-13 19:35:39,896 ] 88 root - INFO - Hypothesis aq_000: float64, float64 
[ 2022-12-13 19:35:39,942 ] 88 root - INFO - Hypothesis ar_000: float64, float64 
[ 2022-12-13 19:35:39,981 ] 88 root - INFO - Hypothesis as_000: float64, float64 
[ 2022-12-13 19:35:40,016 ] 88 root - INFO - Hypothesis at_000: float64, float64 
[ 2022-12-13 19:35:40,054 ] 88 root - INFO - Hypothesis au_000: float64, float64 
[ 2022-12-13 19:35:40,089 ] 88 root - INFO - Hypothesis av_000: float64, float64 
[ 2022-12-13 19:35:40,128 ] 88 root - INFO - Hypothesis ax_000: float64, float64 
[ 2022-12-13 19:35:40,167 ] 88 root - INFO - Hypothesis ay_000: float64, float64 
[ 2022-12-13 19:35:40,202 ] 88 root - INFO - Hypothesis ay_001: float64, float64 
[ 2022-12-13 19:35:40,237 ] 88 root - INFO - Hypothesis ay_002: float64, float64 
[ 2022-12-13 19:35:40,273 ] 88 root - INFO - Hypothesis ay_003: float64, float64 
[ 2022-12-13 19:35:40,309 ] 88 root - INFO - Hypothesis ay_004: float64, float64 
[ 2022-12-13 19:35:40,345 ] 88 root - INFO - Hypothesis ay_005: float64, float64 
[ 2022-12-13 19:35:40,384 ] 88 root - INFO - Hypothesis ay_006: float64, float64 
[ 2022-12-13 19:35:40,425 ] 88 root - INFO - Hypothesis ay_007: float64, float64 
[ 2022-12-13 19:35:40,466 ] 88 root - INFO - Hypothesis ay_008: float64, float64 
[ 2022-12-13 19:35:40,476 ] 88 root - INFO - Hypothesis ay_009: float64, float64 
[ 2022-12-13 19:35:40,511 ] 88 root - INFO - Hypothesis az_000: float64, float64 
[ 2022-12-13 19:35:40,552 ] 88 root - INFO - Hypothesis az_001: float64, float64 
[ 2022-12-13 19:35:40,592 ] 88 root - INFO - Hypothesis az_002: float64, float64 
[ 2022-12-13 19:35:40,632 ] 88 root - INFO - Hypothesis az_003: float64, float64 
[ 2022-12-13 19:35:40,643 ] 88 root - INFO - Hypothesis az_004: float64, float64 
[ 2022-12-13 19:35:40,685 ] 88 root - INFO - Hypothesis az_005: float64, float64 
[ 2022-12-13 19:35:40,727 ] 88 root - INFO - Hypothesis az_006: float64, float64 
[ 2022-12-13 19:35:40,736 ] 88 root - INFO - Hypothesis az_007: float64, float64 
[ 2022-12-13 19:35:40,742 ] 88 root - INFO - Hypothesis az_008: float64, float64 
[ 2022-12-13 19:35:40,777 ] 88 root - INFO - Hypothesis az_009: float64, float64 
[ 2022-12-13 19:35:40,813 ] 88 root - INFO - Hypothesis ba_000: float64, float64 
[ 2022-12-13 19:35:40,862 ] 88 root - INFO - Hypothesis ba_001: float64, float64 
[ 2022-12-13 19:35:40,904 ] 88 root - INFO - Hypothesis ba_002: float64, float64 
[ 2022-12-13 19:35:40,948 ] 88 root - INFO - Hypothesis ba_003: float64, float64 
[ 2022-12-13 19:35:40,989 ] 88 root - INFO - Hypothesis ba_004: float64, float64 
[ 2022-12-13 19:35:41,031 ] 88 root - INFO - Hypothesis ba_005: float64, float64 
[ 2022-12-13 19:35:41,072 ] 88 root - INFO - Hypothesis ba_006: float64, float64 
[ 2022-12-13 19:35:41,113 ] 88 root - INFO - Hypothesis ba_007: float64, float64 
[ 2022-12-13 19:35:41,123 ] 88 root - INFO - Hypothesis ba_008: float64, float64 
[ 2022-12-13 19:35:41,131 ] 88 root - INFO - Hypothesis ba_009: float64, float64 
[ 2022-12-13 19:35:41,137 ] 88 root - INFO - Hypothesis bb_000: float64, float64 
[ 2022-12-13 19:35:41,178 ] 88 root - INFO - Hypothesis bc_000: float64, float64 
[ 2022-12-13 19:35:41,186 ] 88 root - INFO - Hypothesis bd_000: float64, float64 
[ 2022-12-13 19:35:41,195 ] 88 root - INFO - Hypothesis be_000: float64, float64 
[ 2022-12-13 19:35:41,233 ] 88 root - INFO - Hypothesis bf_000: float64, float64 
[ 2022-12-13 19:35:41,240 ] 88 root - INFO - Hypothesis bg_000: float64, float64 
[ 2022-12-13 19:35:41,281 ] 88 root - INFO - Hypothesis bh_000: float64, float64 
[ 2022-12-13 19:35:41,322 ] 88 root - INFO - Hypothesis bi_000: float64, float64 
[ 2022-12-13 19:35:41,364 ] 88 root - INFO - Hypothesis bj_000: float64, float64 
[ 2022-12-13 19:35:41,406 ] 88 root - INFO - Hypothesis bs_000: float64, float64 
[ 2022-12-13 19:35:41,448 ] 88 root - INFO - Hypothesis bt_000: float64, float64 
[ 2022-12-13 19:35:41,492 ] 88 root - INFO - Hypothesis bu_000: float64, float64 
[ 2022-12-13 19:35:41,533 ] 88 root - INFO - Hypothesis bv_000: float64, float64 
[ 2022-12-13 19:35:41,575 ] 88 root - INFO - Hypothesis bx_000: float64, float64 
[ 2022-12-13 19:35:41,616 ] 88 root - INFO - Hypothesis by_000: float64, float64 
[ 2022-12-13 19:35:41,658 ] 88 root - INFO - Hypothesis bz_000: float64, float64 
[ 2022-12-13 19:35:41,667 ] 88 root - INFO - Hypothesis ca_000: float64, float64 
[ 2022-12-13 19:35:41,707 ] 88 root - INFO - Hypothesis cb_000: float64, float64 
[ 2022-12-13 19:35:41,749 ] 88 root - INFO - Hypothesis cc_000: float64, float64 
[ 2022-12-13 19:35:41,791 ] 88 root - INFO - Hypothesis cd_000: float64, float64 
[ 2022-12-13 19:35:41,827 ] 88 root - INFO - Hypothesis ce_000: float64, float64 
[ 2022-12-13 19:35:41,837 ] 88 root - INFO - Hypothesis ci_000: float64, float64 
[ 2022-12-13 19:35:41,881 ] 88 root - INFO - Hypothesis cj_000: float64, float64 
[ 2022-12-13 19:35:41,917 ] 88 root - INFO - Hypothesis ck_000: float64, float64 
[ 2022-12-13 19:35:41,965 ] 88 root - INFO - Hypothesis cl_000: float64, float64 
[ 2022-12-13 19:35:42,008 ] 88 root - INFO - Hypothesis cm_000: float64, float64 
[ 2022-12-13 19:35:42,046 ] 88 root - INFO - Hypothesis cn_000: float64, float64 
[ 2022-12-13 19:35:42,081 ] 88 root - INFO - Hypothesis cn_001: float64, float64 
[ 2022-12-13 19:35:42,118 ] 88 root - INFO - Hypothesis cn_002: float64, float64 
[ 2022-12-13 19:35:42,126 ] 88 root - INFO - Hypothesis cn_003: float64, float64 
[ 2022-12-13 19:35:42,136 ] 88 root - INFO - Hypothesis cn_004: float64, float64 
[ 2022-12-13 19:35:42,178 ] 88 root - INFO - Hypothesis cn_005: float64, float64 
[ 2022-12-13 19:35:42,219 ] 88 root - INFO - Hypothesis cn_006: float64, float64 
[ 2022-12-13 19:35:42,229 ] 88 root - INFO - Hypothesis cn_007: float64, float64 
[ 2022-12-13 19:35:42,270 ] 88 root - INFO - Hypothesis cn_008: float64, float64 
[ 2022-12-13 19:35:42,310 ] 88 root - INFO - Hypothesis cn_009: float64, float64 
[ 2022-12-13 19:35:42,317 ] 88 root - INFO - Hypothesis cp_000: float64, float64 
[ 2022-12-13 19:35:42,325 ] 88 root - INFO - Hypothesis cq_000: float64, float64 
[ 2022-12-13 19:35:42,366 ] 88 root - INFO - Hypothesis cs_000: float64, float64 
[ 2022-12-13 19:35:42,376 ] 88 root - INFO - Hypothesis cs_001: float64, float64 
[ 2022-12-13 19:35:42,416 ] 88 root - INFO - Hypothesis cs_002: float64, float64 
[ 2022-12-13 19:35:42,426 ] 88 root - INFO - Hypothesis cs_003: float64, float64 
[ 2022-12-13 19:35:42,436 ] 88 root - INFO - Hypothesis cs_004: float64, float64 
[ 2022-12-13 19:35:42,477 ] 88 root - INFO - Hypothesis cs_005: float64, float64 
[ 2022-12-13 19:35:42,518 ] 88 root - INFO - Hypothesis cs_006: float64, float64 
[ 2022-12-13 19:35:42,529 ] 88 root - INFO - Hypothesis cs_007: float64, float64 
[ 2022-12-13 19:35:42,540 ] 88 root - INFO - Hypothesis cs_008: float64, float64 
[ 2022-12-13 19:35:42,579 ] 88 root - INFO - Hypothesis cs_009: float64, float64 
[ 2022-12-13 19:35:42,615 ] 88 root - INFO - Hypothesis dd_000: float64, float64 
[ 2022-12-13 19:35:42,655 ] 88 root - INFO - Hypothesis de_000: float64, float64 
[ 2022-12-13 19:35:42,694 ] 88 root - INFO - Hypothesis df_000: float64, float64 
[ 2022-12-13 19:35:42,730 ] 88 root - INFO - Hypothesis dg_000: float64, float64 
[ 2022-12-13 19:35:42,764 ] 88 root - INFO - Hypothesis dh_000: float64, float64 
[ 2022-12-13 19:35:42,800 ] 88 root - INFO - Hypothesis di_000: float64, float64 
[ 2022-12-13 19:35:42,838 ] 88 root - INFO - Hypothesis dj_000: float64, float64 
[ 2022-12-13 19:35:42,875 ] 88 root - INFO - Hypothesis dk_000: float64, float64 
[ 2022-12-13 19:35:42,910 ] 88 root - INFO - Hypothesis dl_000: float64, float64 
[ 2022-12-13 19:35:42,950 ] 88 root - INFO - Hypothesis dm_000: float64, float64 
[ 2022-12-13 19:35:42,986 ] 88 root - INFO - Hypothesis dn_000: float64, float64 
[ 2022-12-13 19:35:43,027 ] 88 root - INFO - Hypothesis do_000: float64, float64 
[ 2022-12-13 19:35:43,068 ] 88 root - INFO - Hypothesis dp_000: float64, float64 
[ 2022-12-13 19:35:43,107 ] 88 root - INFO - Hypothesis dq_000: float64, float64 
[ 2022-12-13 19:35:43,114 ] 88 root - INFO - Hypothesis dr_000: float64, float64 
[ 2022-12-13 19:35:43,120 ] 88 root - INFO - Hypothesis ds_000: float64, float64 
[ 2022-12-13 19:35:43,161 ] 88 root - INFO - Hypothesis dt_000: float64, float64 
[ 2022-12-13 19:35:43,172 ] 88 root - INFO - Hypothesis du_000: float64, float64 
[ 2022-12-13 19:35:43,214 ] 88 root - INFO - Hypothesis dv_000: float64, float64 
[ 2022-12-13 19:35:43,225 ] 88 root - INFO - Hypothesis dx_000: float64, float64 
[ 2022-12-13 19:35:43,232 ] 88 root - INFO - Hypothesis dy_000: float64, float64 
[ 2022-12-13 19:35:43,269 ] 88 root - INFO - Hypothesis dz_000: float64, float64 
[ 2022-12-13 19:35:43,305 ] 88 root - INFO - Hypothesis ea_000: float64, float64 
[ 2022-12-13 19:35:43,344 ] 88 root - INFO - Hypothesis eb_000: float64, float64 
[ 2022-12-13 19:35:43,384 ] 88 root - INFO - Hypothesis ec_00: float64, float64 
[ 2022-12-13 19:35:43,425 ] 88 root - INFO - Hypothesis ed_000: float64, float64 
[ 2022-12-13 19:35:43,464 ] 88 root - INFO - Hypothesis ee_000: float64, float64 
[ 2022-12-13 19:35:43,506 ] 88 root - INFO - Hypothesis ee_001: float64, float64 
[ 2022-12-13 19:35:43,548 ] 88 root - INFO - Hypothesis ee_002: float64, float64 
[ 2022-12-13 19:35:43,589 ] 88 root - INFO - Hypothesis ee_003: float64, float64 
[ 2022-12-13 19:35:43,630 ] 88 root - INFO - Hypothesis ee_004: float64, float64 
[ 2022-12-13 19:35:43,672 ] 88 root - INFO - Hypothesis ee_005: float64, float64 
[ 2022-12-13 19:35:43,713 ] 88 root - INFO - Hypothesis ee_006: float64, float64 
[ 2022-12-13 19:35:43,723 ] 88 root - INFO - Hypothesis ee_007: float64, float64 
[ 2022-12-13 19:35:43,733 ] 88 root - INFO - Hypothesis ee_008: float64, float64 
[ 2022-12-13 19:35:43,773 ] 88 root - INFO - Hypothesis ee_009: float64, float64 
[ 2022-12-13 19:35:43,812 ] 88 root - INFO - Hypothesis ef_000: float64, float64 
[ 2022-12-13 19:35:43,848 ] 88 root - INFO - Hypothesis eg_000: float64, float64 
[ 2022-12-13 19:35:43,885 ] 143 root - INFO - As all column are available in test df hence detecting data drift
[ 2022-12-13 19:35:43,885 ] 88 root - INFO - Hypothesis class: object, object 
[ 2022-12-13 19:35:43,962 ] 88 root - INFO - Hypothesis aa_000: float64, float64 
[ 2022-12-13 19:35:43,969 ] 88 root - INFO - Hypothesis ac_000: float64, float64 
[ 2022-12-13 19:35:43,975 ] 88 root - INFO - Hypothesis ae_000: float64, float64 
[ 2022-12-13 19:35:43,979 ] 88 root - INFO - Hypothesis af_000: float64, float64 
[ 2022-12-13 19:35:43,982 ] 88 root - INFO - Hypothesis ag_000: float64, float64 
[ 2022-12-13 19:35:43,997 ] 88 root - INFO - Hypothesis ag_001: float64, float64 
[ 2022-12-13 19:35:44,013 ] 88 root - INFO - Hypothesis ag_002: float64, float64 
[ 2022-12-13 19:35:44,028 ] 88 root - INFO - Hypothesis ag_003: float64, float64 
[ 2022-12-13 19:35:44,033 ] 88 root - INFO - Hypothesis ag_004: float64, float64 
[ 2022-12-13 19:35:44,041 ] 88 root - INFO - Hypothesis ag_005: float64, float64 
[ 2022-12-13 19:35:44,048 ] 88 root - INFO - Hypothesis ag_006: float64, float64 
[ 2022-12-13 19:35:44,056 ] 88 root - INFO - Hypothesis ag_007: float64, float64 
[ 2022-12-13 19:35:44,062 ] 88 root - INFO - Hypothesis ag_008: float64, float64 
[ 2022-12-13 19:35:44,068 ] 88 root - INFO - Hypothesis ag_009: float64, float64 
[ 2022-12-13 19:35:44,072 ] 88 root - INFO - Hypothesis ah_000: float64, float64 
[ 2022-12-13 19:35:44,080 ] 88 root - INFO - Hypothesis ai_000: float64, float64 
[ 2022-12-13 19:35:44,083 ] 88 root - INFO - Hypothesis aj_000: float64, float64 
[ 2022-12-13 19:35:44,087 ] 88 root - INFO - Hypothesis ak_000: float64, float64 
[ 2022-12-13 19:35:44,102 ] 88 root - INFO - Hypothesis al_000: float64, float64 
[ 2022-12-13 19:35:44,107 ] 88 root - INFO - Hypothesis am_0: float64, float64 
[ 2022-12-13 19:35:44,112 ] 88 root - INFO - Hypothesis an_000: float64, float64 
[ 2022-12-13 19:35:44,119 ] 88 root - INFO - Hypothesis ao_000: float64, float64 
[ 2022-12-13 19:35:44,126 ] 88 root - INFO - Hypothesis ap_000: float64, float64 
[ 2022-12-13 19:35:44,133 ] 88 root - INFO - Hypothesis aq_000: float64, float64 
[ 2022-12-13 19:35:44,140 ] 88 root - INFO - Hypothesis ar_000: float64, float64 
[ 2022-12-13 19:35:44,156 ] 88 root - INFO - Hypothesis as_000: float64, float64 
[ 2022-12-13 19:35:44,170 ] 88 root - INFO - Hypothesis at_000: float64, float64 
[ 2022-12-13 19:35:44,174 ] 88 root - INFO - Hypothesis au_000: float64, float64 
[ 2022-12-13 19:35:44,188 ] 88 root - INFO - Hypothesis av_000: float64, float64 
[ 2022-12-13 19:35:44,194 ] 88 root - INFO - Hypothesis ax_000: float64, float64 
[ 2022-12-13 19:35:44,199 ] 88 root - INFO - Hypothesis ay_000: float64, float64 
[ 2022-12-13 19:35:44,213 ] 88 root - INFO - Hypothesis ay_001: float64, float64 
[ 2022-12-13 19:35:44,228 ] 88 root - INFO - Hypothesis ay_002: float64, float64 
[ 2022-12-13 19:35:44,243 ] 88 root - INFO - Hypothesis ay_003: float64, float64 
[ 2022-12-13 19:35:44,257 ] 88 root - INFO - Hypothesis ay_004: float64, float64 
[ 2022-12-13 19:35:44,272 ] 88 root - INFO - Hypothesis ay_005: float64, float64 
[ 2022-12-13 19:35:44,278 ] 88 root - INFO - Hypothesis ay_006: float64, float64 
[ 2022-12-13 19:35:44,284 ] 88 root - INFO - Hypothesis ay_007: float64, float64 
[ 2022-12-13 19:35:44,291 ] 88 root - INFO - Hypothesis ay_008: float64, float64 
[ 2022-12-13 19:35:44,298 ] 88 root - INFO - Hypothesis ay_009: float64, float64 
[ 2022-12-13 19:35:44,312 ] 88 root - INFO - Hypothesis az_000: float64, float64 
[ 2022-12-13 19:35:44,319 ] 88 root - INFO - Hypothesis az_001: float64, float64 
[ 2022-12-13 19:35:44,325 ] 88 root - INFO - Hypothesis az_002: float64, float64 
[ 2022-12-13 19:35:44,332 ] 88 root - INFO - Hypothesis az_003: float64, float64 
[ 2022-12-13 19:35:44,338 ] 88 root - INFO - Hypothesis az_004: float64, float64 
[ 2022-12-13 19:35:44,345 ] 88 root - INFO - Hypothesis az_005: float64, float64 
[ 2022-12-13 19:35:44,352 ] 88 root - INFO - Hypothesis az_006: float64, float64 
[ 2022-12-13 19:35:44,358 ] 88 root - INFO - Hypothesis az_007: float64, float64 
[ 2022-12-13 19:35:44,363 ] 88 root - INFO - Hypothesis az_008: float64, float64 
[ 2022-12-13 19:35:44,378 ] 88 root - INFO - Hypothesis az_009: float64, float64 
[ 2022-12-13 19:35:44,393 ] 88 root - INFO - Hypothesis ba_000: float64, float64 
[ 2022-12-13 19:35:44,400 ] 88 root - INFO - Hypothesis ba_001: float64, float64 
[ 2022-12-13 19:35:44,407 ] 88 root - INFO - Hypothesis ba_002: float64, float64 
[ 2022-12-13 19:35:44,414 ] 88 root - INFO - Hypothesis ba_003: float64, float64 
[ 2022-12-13 19:35:44,421 ] 88 root - INFO - Hypothesis ba_004: float64, float64 
[ 2022-12-13 19:35:44,428 ] 88 root - INFO - Hypothesis ba_005: float64, float64 
[ 2022-12-13 19:35:44,434 ] 88 root - INFO - Hypothesis ba_006: float64, float64 
[ 2022-12-13 19:35:44,441 ] 88 root - INFO - Hypothesis ba_007: float64, float64 
[ 2022-12-13 19:35:44,448 ] 88 root - INFO - Hypothesis ba_008: float64, float64 
[ 2022-12-13 19:35:44,453 ] 88 root - INFO - Hypothesis ba_009: float64, float64 
[ 2022-12-13 19:35:44,458 ] 88 root - INFO - Hypothesis bb_000: float64, float64 
[ 2022-12-13 19:35:44,464 ] 88 root - INFO - Hypothesis bc_000: float64, float64 
[ 2022-12-13 19:35:44,470 ] 88 root - INFO - Hypothesis bd_000: float64, float64 
[ 2022-12-13 19:35:44,475 ] 88 root - INFO - Hypothesis be_000: float64, float64 
[ 2022-12-13 19:35:44,481 ] 88 root - INFO - Hypothesis bf_000: float64, float64 
[ 2022-12-13 19:35:44,486 ] 88 root - INFO - Hypothesis bg_000: float64, float64 
[ 2022-12-13 19:35:44,493 ] 88 root - INFO - Hypothesis bh_000: float64, float64 
[ 2022-12-13 19:35:44,500 ] 88 root - INFO - Hypothesis bi_000: float64, float64 
[ 2022-12-13 19:35:44,507 ] 88 root - INFO - Hypothesis bj_000: float64, float64 
[ 2022-12-13 19:35:44,514 ] 88 root - INFO - Hypothesis bs_000: float64, float64 
[ 2022-12-13 19:35:44,521 ] 88 root - INFO - Hypothesis bt_000: float64, float64 
[ 2022-12-13 19:35:44,528 ] 88 root - INFO - Hypothesis bu_000: float64, float64 
[ 2022-12-13 19:35:44,536 ] 88 root - INFO - Hypothesis bv_000: float64, float64 
[ 2022-12-13 19:35:44,544 ] 88 root - INFO - Hypothesis bx_000: float64, float64 
[ 2022-12-13 19:35:44,551 ] 88 root - INFO - Hypothesis by_000: float64, float64 
[ 2022-12-13 19:35:44,557 ] 88 root - INFO - Hypothesis bz_000: float64, float64 
[ 2022-12-13 19:35:44,564 ] 88 root - INFO - Hypothesis ca_000: float64, float64 
[ 2022-12-13 19:35:44,570 ] 88 root - INFO - Hypothesis cb_000: float64, float64 
[ 2022-12-13 19:35:44,578 ] 88 root - INFO - Hypothesis cc_000: float64, float64 
[ 2022-12-13 19:35:44,585 ] 88 root - INFO - Hypothesis cd_000: float64, float64 
[ 2022-12-13 19:35:44,600 ] 88 root - INFO - Hypothesis ce_000: float64, float64 
[ 2022-12-13 19:35:44,607 ] 88 root - INFO - Hypothesis ci_000: float64, float64 
[ 2022-12-13 19:35:44,614 ] 88 root - INFO - Hypothesis cj_000: float64, float64 
[ 2022-12-13 19:35:44,618 ] 88 root - INFO - Hypothesis ck_000: float64, float64 
[ 2022-12-13 19:35:44,626 ] 88 root - INFO - Hypothesis cl_000: float64, float64 
[ 2022-12-13 19:35:44,630 ] 88 root - INFO - Hypothesis cm_000: float64, float64 
[ 2022-12-13 19:35:44,634 ] 88 root - INFO - Hypothesis cn_000: float64, float64 
[ 2022-12-13 19:35:44,649 ] 88 root - INFO - Hypothesis cn_001: float64, float64 
[ 2022-12-13 19:35:44,653 ] 88 root - INFO - Hypothesis cn_002: float64, float64 
[ 2022-12-13 19:35:44,659 ] 88 root - INFO - Hypothesis cn_003: float64, float64 
[ 2022-12-13 19:35:44,666 ] 88 root - INFO - Hypothesis cn_004: float64, float64 
[ 2022-12-13 19:35:44,673 ] 88 root - INFO - Hypothesis cn_005: float64, float64 
[ 2022-12-13 19:35:44,680 ] 88 root - INFO - Hypothesis cn_006: float64, float64 
[ 2022-12-13 19:35:44,687 ] 88 root - INFO - Hypothesis cn_007: float64, float64 
[ 2022-12-13 19:35:44,693 ] 88 root - INFO - Hypothesis cn_008: float64, float64 
[ 2022-12-13 19:35:44,699 ] 88 root - INFO - Hypothesis cn_009: float64, float64 
[ 2022-12-13 19:35:44,704 ] 88 root - INFO - Hypothesis cp_000: float64, float64 
[ 2022-12-13 19:35:44,710 ] 88 root - INFO - Hypothesis cq_000: float64, float64 
[ 2022-12-13 19:35:44,717 ] 88 root - INFO - Hypothesis cs_000: float64, float64 
[ 2022-12-13 19:35:44,723 ] 88 root - INFO - Hypothesis cs_001: float64, float64 
[ 2022-12-13 19:35:44,729 ] 88 root - INFO - Hypothesis cs_002: float64, float64 
[ 2022-12-13 19:35:44,736 ] 88 root - INFO - Hypothesis cs_003: float64, float64 
[ 2022-12-13 19:35:44,743 ] 88 root - INFO - Hypothesis cs_004: float64, float64 
[ 2022-12-13 19:35:44,750 ] 88 root - INFO - Hypothesis cs_005: float64, float64 
[ 2022-12-13 19:35:44,758 ] 88 root - INFO - Hypothesis cs_006: float64, float64 
[ 2022-12-13 19:35:44,765 ] 88 root - INFO - Hypothesis cs_007: float64, float64 
[ 2022-12-13 19:35:44,772 ] 88 root - INFO - Hypothesis cs_008: float64, float64 
[ 2022-12-13 19:35:44,777 ] 88 root - INFO - Hypothesis cs_009: float64, float64 
[ 2022-12-13 19:35:44,793 ] 88 root - INFO - Hypothesis dd_000: float64, float64 
[ 2022-12-13 19:35:44,799 ] 88 root - INFO - Hypothesis de_000: float64, float64 
[ 2022-12-13 19:35:44,805 ] 88 root - INFO - Hypothesis df_000: float64, float64 
[ 2022-12-13 19:35:44,808 ] 88 root - INFO - Hypothesis dg_000: float64, float64 
[ 2022-12-13 19:35:44,811 ] 88 root - INFO - Hypothesis dh_000: float64, float64 
[ 2022-12-13 19:35:44,815 ] 88 root - INFO - Hypothesis di_000: float64, float64 
[ 2022-12-13 19:35:44,819 ] 88 root - INFO - Hypothesis dj_000: float64, float64 
[ 2022-12-13 19:35:44,834 ] 88 root - INFO - Hypothesis dk_000: float64, float64 
[ 2022-12-13 19:35:44,849 ] 88 root - INFO - Hypothesis dl_000: float64, float64 
[ 2022-12-13 19:35:44,865 ] 88 root - INFO - Hypothesis dm_000: float64, float64 
[ 2022-12-13 19:35:44,880 ] 88 root - INFO - Hypothesis dn_000: float64, float64 
[ 2022-12-13 19:35:44,886 ] 88 root - INFO - Hypothesis do_000: float64, float64 
[ 2022-12-13 19:35:44,893 ] 88 root - INFO - Hypothesis dp_000: float64, float64 
[ 2022-12-13 19:35:44,899 ] 88 root - INFO - Hypothesis dq_000: float64, float64 
[ 2022-12-13 19:35:44,903 ] 88 root - INFO - Hypothesis dr_000: float64, float64 
[ 2022-12-13 19:35:44,907 ] 88 root - INFO - Hypothesis ds_000: float64, float64 
[ 2022-12-13 19:35:44,914 ] 88 root - INFO - Hypothesis dt_000: float64, float64 
[ 2022-12-13 19:35:44,921 ] 88 root - INFO - Hypothesis du_000: float64, float64 
[ 2022-12-13 19:35:44,930 ] 88 root - INFO - Hypothesis dv_000: float64, float64 
[ 2022-12-13 19:35:44,937 ] 88 root - INFO - Hypothesis dx_000: float64, float64 
[ 2022-12-13 19:35:44,942 ] 88 root - INFO - Hypothesis dy_000: float64, float64 
[ 2022-12-13 19:35:44,948 ] 88 root - INFO - Hypothesis dz_000: float64, float64 
[ 2022-12-13 19:35:44,963 ] 88 root - INFO - Hypothesis ea_000: float64, float64 
[ 2022-12-13 19:35:44,978 ] 88 root - INFO - Hypothesis eb_000: float64, float64 
[ 2022-12-13 19:35:44,984 ] 88 root - INFO - Hypothesis ec_00: float64, float64 
[ 2022-12-13 19:35:44,990 ] 88 root - INFO - Hypothesis ed_000: float64, float64 
[ 2022-12-13 19:35:44,996 ] 88 root - INFO - Hypothesis ee_000: float64, float64 
[ 2022-12-13 19:35:45,004 ] 88 root - INFO - Hypothesis ee_001: float64, float64 
[ 2022-12-13 19:35:45,011 ] 88 root - INFO - Hypothesis ee_002: float64, float64 
[ 2022-12-13 19:35:45,018 ] 88 root - INFO - Hypothesis ee_003: float64, float64 
[ 2022-12-13 19:35:45,025 ] 88 root - INFO - Hypothesis ee_004: float64, float64 
[ 2022-12-13 19:35:45,032 ] 88 root - INFO - Hypothesis ee_005: float64, float64 
[ 2022-12-13 19:35:45,039 ] 88 root - INFO - Hypothesis ee_006: float64, float64 
[ 2022-12-13 19:35:45,046 ] 88 root - INFO - Hypothesis ee_007: float64, float64 
[ 2022-12-13 19:35:45,053 ] 88 root - INFO - Hypothesis ee_008: float64, float64 
[ 2022-12-13 19:35:45,059 ] 88 root - INFO - Hypothesis ee_009: float64, float64 
[ 2022-12-13 19:35:45,064 ] 88 root - INFO - Hypothesis ef_000: float64, float64 
[ 2022-12-13 19:35:45,080 ] 88 root - INFO - Hypothesis eg_000: float64, float64 
[ 2022-12-13 19:35:45,095 ] 147 root - INFO - Write reprt in yaml file
[ 2022-12-13 19:35:45,162 ] 152 root - INFO - Data validation artifact: DataValidationArtifact(report_file_path='/config/workspace/artifact/12132022__193518/data_validation/report.yaml')
[ 2022-12-13 19:35:45,164 ] 24 root - INFO - >>>>>>>>>>>>>>>>>>>>>>>>>>>>>>>>>>>>>>>> Data Transformation <<<<<<<<<<<<<<<<<<<<<<<<<<<<<<<<<<<<<<<<
[ 2022-12-13 19:35:46,054 ] 75 root - INFO - Before resampling in training set Input: (28950, 170) Target:(28950,)
[ 2022-12-13 19:35:51,842 ] 77 root - INFO - After resampling in training set Input: (56164, 170) Target:(56164,)
[ 2022-12-13 19:35:51,843 ] 79 root - INFO - Before resampling in testing set Input: (7238, 170) Target:(7238,)
[ 2022-12-13 19:35:52,511 ] 81 root - INFO - After resampling in testing set Input: (14006, 170) Target:(14006,)
[ 2022-12-13 19:35:52,622 ] 54 root - INFO - Entered the save_object method of utils
[ 2022-12-13 19:35:52,625 ] 58 root - INFO - Exited the save_object method of utils
[ 2022-12-13 19:35:52,625 ] 54 root - INFO - Entered the save_object method of utils
[ 2022-12-13 19:35:52,626 ] 58 root - INFO - Exited the save_object method of utils
[ 2022-12-13 19:35:52,626 ] 112 root - INFO - Data transformation object DataTransformationArtifact(transform_object_path='/config/workspace/artifact/12132022__193518/data_transformation/transformer/transformer.pkl', transformed_train_path='/config/workspace/artifact/12132022__193518/data_transformation/transformed/train.npz', transformed_test_path='/config/workspace/artifact/12132022__193518/data_transformation/transformed/test.npz', target_encoder_path='/config/workspace/artifact/12132022__193518/data_transformation/target_encoder/target_encoder.pkl')
[ 2022-12-13 19:35:52,628 ] 18 root - INFO - >>>>>>>>>>>>>>>>>>>>>>>>>>>>>>>>>>>>>>>> Model Trainer <<<<<<<<<<<<<<<<<<<<<<<<<<<<<<<<<<<<<<<<
[ 2022-12-13 19:35:52,628 ] 45 root - INFO - Loading train and test array.
[ 2022-12-13 19:35:52,657 ] 49 root - INFO - Splitting input and target feature from both train and test arr.
[ 2022-12-13 19:35:52,657 ] 53 root - INFO - Train the model
[ 2022-12-13 19:36:02,682 ] 56 root - INFO - Calculating f1 train score
[ 2022-12-13 19:36:02,738 ] 60 root - INFO - Calculating f1 test score
[ 2022-12-13 19:36:02,754 ] 64 root - INFO - train score:1.0 and tests score 0.9871324850837466
[ 2022-12-13 19:36:02,754 ] 66 root - INFO - Checking if our model is underfitting or not
[ 2022-12-13 19:36:02,754 ] 71 root - INFO - Checking if our model is overfiiting or not
[ 2022-12-13 19:36:02,754 ] 78 root - INFO - Saving mode object
[ 2022-12-13 19:36:02,754 ] 54 root - INFO - Entered the save_object method of utils
[ 2022-12-13 19:36:02,759 ] 58 root - INFO - Exited the save_object method of utils
[ 2022-12-13 19:36:02,759 ] 82 root - INFO - Prepare the artifact
[ 2022-12-13 19:36:02,760 ] 85 root - INFO - Model trainer artifact: ModelTrainerArtifact(model_path='/config/workspace/artifact/12132022__193518/model_trainer/model/model.pkl', f1_train_score=1.0, f1_test_score=0.9871324850837466)
[ 2022-12-13 19:36:02,761 ] 19 root - INFO - >>>>>>>>>>>>>>>>>>>>>>>>>>>>>>>>>>>>>>>>  Model Evaluation <<<<<<<<<<<<<<<<<<<<<<<<<<<<<<<<<<<<<<<<
[ 2022-12-13 19:36:02,761 ] 39 root - INFO - Model evaluation artifact: ModelEvaluationArtifact(is_model_accepted=True, improved_accuracy=None)
