[ 2022-12-13 20:16:42,662 ] 15 root - INFO - >>>>>>>>>>>>>>>>>>>>>>>>>>>>>>>>>>>>>>>> Data Ingestion <<<<<<<<<<<<<<<<<<<<<<<<<<<<<<<<<<<<<<<<
[ 2022-12-13 20:16:42,662 ] 22 root - INFO - Exporting collection data as pandas dataframe
[ 2022-12-13 20:16:42,662 ] 21 root - INFO - Reading data from database: aps and collection: sensor
[ 2022-12-13 20:16:46,162 ] 23 root - INFO - Found columns: Index(['_id', 'class', 'aa_000', 'ab_000', 'ac_000', 'ad_000', 'ae_000',
       'af_000', 'ag_000', 'ag_001',
       ...
       'ee_002', 'ee_003', 'ee_004', 'ee_005', 'ee_006', 'ee_007', 'ee_008',
       'ee_009', 'ef_000', 'eg_000'],
      dtype='object', length=172)
[ 2022-12-13 20:16:46,162 ] 25 root - INFO - Dropping column: _id 
[ 2022-12-13 20:16:46,413 ] 27 root - INFO - Row and columns in df: (36188, 171)
[ 2022-12-13 20:16:46,413 ] 28 root - INFO - Save data in feature store
[ 2022-12-13 20:16:47,130 ] 34 root - INFO - Create feature store folder if not available
[ 2022-12-13 20:16:47,130 ] 38 root - INFO - Save df to feature store folder
[ 2022-12-13 20:16:49,465 ] 43 root - INFO - split dataset into train and test set
[ 2022-12-13 20:16:50,198 ] 47 root - INFO - create dataset directory folder if not available
[ 2022-12-13 20:16:50,198 ] 52 root - INFO - Save df to feature store folder
[ 2022-12-13 20:16:52,400 ] 64 root - INFO - Data ingestion artifact: DataIngestionArtifact(feature_store_file_path='/config/workspace/artifact/12132022__201642/data_ingestion/feature_store/sensor.csv', train_file_path='/config/workspace/artifact/12132022__201642/data_ingestion/dataset/train.csv', test_file_path='/config/workspace/artifact/12132022__201642/data_ingestion/dataset/test.csv')
[ 2022-12-13 20:16:52,864 ] 22 root - INFO - >>>>>>>>>>>>>>>>>>>>>>>>>>>>>>>>>>>>>>>> Data Validation <<<<<<<<<<<<<<<<<<<<<<<<<<<<<<<<<<<<<<<<
[ 2022-12-13 20:16:52,865 ] 110 root - INFO - Reading base dataframe
[ 2022-12-13 20:16:55,713 ] 113 root - INFO - Replace na value in base df
[ 2022-12-13 20:16:55,713 ] 115 root - INFO - Drop null values colums from base df
[ 2022-12-13 20:16:56,653 ] 44 root - INFO - selecting column name which contains null above to 0.2
[ 2022-12-13 20:16:56,653 ] 47 root - INFO - Columns to drop: ['ab_000', 'ad_000', 'bk_000', 'bl_000', 'bm_000', 'bn_000', 'bo_000', 'bp_000', 'bq_000', 'br_000', 'cf_000', 'cg_000', 'ch_000', 'co_000', 'cr_000', 'ct_000', 'cu_000', 'cv_000', 'cx_000', 'cy_000', 'cz_000', 'da_000', 'db_000', 'dc_000']
[ 2022-12-13 20:16:56,751 ] 118 root - INFO - Reading train dataframe
[ 2022-12-13 20:16:57,164 ] 120 root - INFO - Reading test dataframe
[ 2022-12-13 20:16:57,269 ] 123 root - INFO - Drop null values colums from train df
[ 2022-12-13 20:16:57,281 ] 44 root - INFO - selecting column name which contains null above to 0.2
[ 2022-12-13 20:16:57,281 ] 47 root - INFO - Columns to drop: ['ab_000', 'ad_000', 'bk_000', 'bl_000', 'bm_000', 'bn_000', 'bo_000', 'bp_000', 'bq_000', 'br_000', 'cf_000', 'cg_000', 'ch_000', 'co_000', 'cr_000', 'ct_000', 'cu_000', 'cv_000', 'cx_000', 'cy_000', 'cz_000', 'da_000', 'db_000', 'dc_000']
[ 2022-12-13 20:16:57,293 ] 125 root - INFO - Drop null values colums from test df
[ 2022-12-13 20:16:57,297 ] 44 root - INFO - selecting column name which contains null above to 0.2
[ 2022-12-13 20:16:57,297 ] 47 root - INFO - Columns to drop: ['ab_000', 'ad_000', 'bk_000', 'bl_000', 'bm_000', 'bn_000', 'bo_000', 'bp_000', 'bq_000', 'br_000', 'cf_000', 'cg_000', 'ch_000', 'co_000', 'cr_000', 'ct_000', 'cu_000', 'cv_000', 'cx_000', 'cy_000', 'cz_000', 'da_000', 'db_000', 'dc_000']
[ 2022-12-13 20:17:03,277 ] 134 root - INFO - Is all required columns present in train df
[ 2022-12-13 20:17:03,278 ] 136 root - INFO - Is all required columns present in test df
[ 2022-12-13 20:17:03,278 ] 140 root - INFO - As all column are available in train df hence detecting data drift
[ 2022-12-13 20:17:03,278 ] 88 root - INFO - Hypothesis class: object, object 
[ 2022-12-13 20:17:03,412 ] 88 root - INFO - Hypothesis aa_000: float64, float64 
[ 2022-12-13 20:17:03,423 ] 88 root - INFO - Hypothesis ac_000: float64, float64 
[ 2022-12-13 20:17:03,463 ] 88 root - INFO - Hypothesis ae_000: float64, float64 
[ 2022-12-13 20:17:03,499 ] 88 root - INFO - Hypothesis af_000: float64, float64 
[ 2022-12-13 20:17:03,536 ] 88 root - INFO - Hypothesis ag_000: float64, float64 
[ 2022-12-13 20:17:03,572 ] 88 root - INFO - Hypothesis ag_001: float64, float64 
[ 2022-12-13 20:17:03,607 ] 88 root - INFO - Hypothesis ag_002: float64, float64 
[ 2022-12-13 20:17:03,643 ] 88 root - INFO - Hypothesis ag_003: float64, float64 
[ 2022-12-13 20:17:03,679 ] 88 root - INFO - Hypothesis ag_004: float64, float64 
[ 2022-12-13 20:17:03,689 ] 88 root - INFO - Hypothesis ag_005: float64, float64 
[ 2022-12-13 20:17:03,700 ] 88 root - INFO - Hypothesis ag_006: float64, float64 
[ 2022-12-13 20:17:03,742 ] 88 root - INFO - Hypothesis ag_007: float64, float64 
[ 2022-12-13 20:17:03,782 ] 88 root - INFO - Hypothesis ag_008: float64, float64 
[ 2022-12-13 20:17:03,822 ] 88 root - INFO - Hypothesis ag_009: float64, float64 
[ 2022-12-13 20:17:03,862 ] 88 root - INFO - Hypothesis ah_000: float64, float64 
[ 2022-12-13 20:17:03,905 ] 88 root - INFO - Hypothesis ai_000: float64, float64 
[ 2022-12-13 20:17:03,942 ] 88 root - INFO - Hypothesis aj_000: float64, float64 
[ 2022-12-13 20:17:03,981 ] 88 root - INFO - Hypothesis ak_000: float64, float64 
[ 2022-12-13 20:17:04,018 ] 88 root - INFO - Hypothesis al_000: float64, float64 
[ 2022-12-13 20:17:04,056 ] 88 root - INFO - Hypothesis am_0: float64, float64 
[ 2022-12-13 20:17:04,095 ] 88 root - INFO - Hypothesis an_000: float64, float64 
[ 2022-12-13 20:17:04,137 ] 88 root - INFO - Hypothesis ao_000: float64, float64 
[ 2022-12-13 20:17:04,180 ] 88 root - INFO - Hypothesis ap_000: float64, float64 
[ 2022-12-13 20:17:04,229 ] 88 root - INFO - Hypothesis aq_000: float64, float64 
[ 2022-12-13 20:17:04,271 ] 88 root - INFO - Hypothesis ar_000: float64, float64 
[ 2022-12-13 20:17:04,305 ] 88 root - INFO - Hypothesis as_000: float64, float64 
[ 2022-12-13 20:17:04,340 ] 88 root - INFO - Hypothesis at_000: float64, float64 
[ 2022-12-13 20:17:04,376 ] 88 root - INFO - Hypothesis au_000: float64, float64 
[ 2022-12-13 20:17:04,411 ] 88 root - INFO - Hypothesis av_000: float64, float64 
[ 2022-12-13 20:17:04,419 ] 88 root - INFO - Hypothesis ax_000: float64, float64 
[ 2022-12-13 20:17:04,427 ] 88 root - INFO - Hypothesis ay_000: float64, float64 
[ 2022-12-13 20:17:04,461 ] 88 root - INFO - Hypothesis ay_001: float64, float64 
[ 2022-12-13 20:17:04,497 ] 88 root - INFO - Hypothesis ay_002: float64, float64 
[ 2022-12-13 20:17:04,537 ] 88 root - INFO - Hypothesis ay_003: float64, float64 
[ 2022-12-13 20:17:04,573 ] 88 root - INFO - Hypothesis ay_004: float64, float64 
[ 2022-12-13 20:17:04,609 ] 88 root - INFO - Hypothesis ay_005: float64, float64 
[ 2022-12-13 20:17:04,649 ] 88 root - INFO - Hypothesis ay_006: float64, float64 
[ 2022-12-13 20:17:04,692 ] 88 root - INFO - Hypothesis ay_007: float64, float64 
[ 2022-12-13 20:17:04,735 ] 88 root - INFO - Hypothesis ay_008: float64, float64 
[ 2022-12-13 20:17:04,777 ] 88 root - INFO - Hypothesis ay_009: float64, float64 
[ 2022-12-13 20:17:04,812 ] 88 root - INFO - Hypothesis az_000: float64, float64 
[ 2022-12-13 20:17:04,823 ] 88 root - INFO - Hypothesis az_001: float64, float64 
[ 2022-12-13 20:17:04,863 ] 88 root - INFO - Hypothesis az_002: float64, float64 
[ 2022-12-13 20:17:04,905 ] 88 root - INFO - Hypothesis az_003: float64, float64 
[ 2022-12-13 20:17:04,918 ] 88 root - INFO - Hypothesis az_004: float64, float64 
[ 2022-12-13 20:17:04,928 ] 88 root - INFO - Hypothesis az_005: float64, float64 
[ 2022-12-13 20:17:04,939 ] 88 root - INFO - Hypothesis az_006: float64, float64 
[ 2022-12-13 20:17:04,979 ] 88 root - INFO - Hypothesis az_007: float64, float64 
[ 2022-12-13 20:17:05,017 ] 88 root - INFO - Hypothesis az_008: float64, float64 
[ 2022-12-13 20:17:05,055 ] 88 root - INFO - Hypothesis az_009: float64, float64 
[ 2022-12-13 20:17:05,091 ] 88 root - INFO - Hypothesis ba_000: float64, float64 
[ 2022-12-13 20:17:05,133 ] 88 root - INFO - Hypothesis ba_001: float64, float64 
[ 2022-12-13 20:17:05,176 ] 88 root - INFO - Hypothesis ba_002: float64, float64 
[ 2022-12-13 20:17:05,219 ] 88 root - INFO - Hypothesis ba_003: float64, float64 
[ 2022-12-13 20:17:05,230 ] 88 root - INFO - Hypothesis ba_004: float64, float64 
[ 2022-12-13 20:17:05,271 ] 88 root - INFO - Hypothesis ba_005: float64, float64 
[ 2022-12-13 20:17:05,313 ] 88 root - INFO - Hypothesis ba_006: float64, float64 
[ 2022-12-13 20:17:05,323 ] 88 root - INFO - Hypothesis ba_007: float64, float64 
[ 2022-12-13 20:17:05,332 ] 88 root - INFO - Hypothesis ba_008: float64, float64 
[ 2022-12-13 20:17:05,372 ] 88 root - INFO - Hypothesis ba_009: float64, float64 
[ 2022-12-13 20:17:05,410 ] 88 root - INFO - Hypothesis bb_000: float64, float64 
[ 2022-12-13 20:17:05,452 ] 88 root - INFO - Hypothesis bc_000: float64, float64 
[ 2022-12-13 20:17:05,491 ] 88 root - INFO - Hypothesis bd_000: float64, float64 
[ 2022-12-13 20:17:05,531 ] 88 root - INFO - Hypothesis be_000: float64, float64 
[ 2022-12-13 20:17:05,539 ] 88 root - INFO - Hypothesis bf_000: float64, float64 
[ 2022-12-13 20:17:05,546 ] 88 root - INFO - Hypothesis bg_000: float64, float64 
[ 2022-12-13 20:17:05,587 ] 88 root - INFO - Hypothesis bh_000: float64, float64 
[ 2022-12-13 20:17:05,628 ] 88 root - INFO - Hypothesis bi_000: float64, float64 
[ 2022-12-13 20:17:05,639 ] 88 root - INFO - Hypothesis bj_000: float64, float64 
[ 2022-12-13 20:17:05,681 ] 88 root - INFO - Hypothesis bs_000: float64, float64 
[ 2022-12-13 20:17:05,723 ] 88 root - INFO - Hypothesis bt_000: float64, float64 
[ 2022-12-13 20:17:05,734 ] 88 root - INFO - Hypothesis bu_000: float64, float64 
[ 2022-12-13 20:17:05,777 ] 88 root - INFO - Hypothesis bv_000: float64, float64 
[ 2022-12-13 20:17:05,822 ] 88 root - INFO - Hypothesis bx_000: float64, float64 
[ 2022-12-13 20:17:05,832 ] 88 root - INFO - Hypothesis by_000: float64, float64 
[ 2022-12-13 20:17:05,843 ] 88 root - INFO - Hypothesis bz_000: float64, float64 
[ 2022-12-13 20:17:05,884 ] 88 root - INFO - Hypothesis ca_000: float64, float64 
[ 2022-12-13 20:17:05,896 ] 88 root - INFO - Hypothesis cb_000: float64, float64 
[ 2022-12-13 20:17:05,907 ] 88 root - INFO - Hypothesis cc_000: float64, float64 
[ 2022-12-13 20:17:05,918 ] 88 root - INFO - Hypothesis cd_000: float64, float64 
[ 2022-12-13 20:17:05,954 ] 88 root - INFO - Hypothesis ce_000: float64, float64 
[ 2022-12-13 20:17:05,964 ] 88 root - INFO - Hypothesis ci_000: float64, float64 
[ 2022-12-13 20:17:05,975 ] 88 root - INFO - Hypothesis cj_000: float64, float64 
[ 2022-12-13 20:17:05,981 ] 88 root - INFO - Hypothesis ck_000: float64, float64 
[ 2022-12-13 20:17:05,991 ] 88 root - INFO - Hypothesis cl_000: float64, float64 
[ 2022-12-13 20:17:06,029 ] 88 root - INFO - Hypothesis cm_000: float64, float64 
[ 2022-12-13 20:17:06,037 ] 88 root - INFO - Hypothesis cn_000: float64, float64 
[ 2022-12-13 20:17:06,078 ] 88 root - INFO - Hypothesis cn_001: float64, float64 
[ 2022-12-13 20:17:06,115 ] 88 root - INFO - Hypothesis cn_002: float64, float64 
[ 2022-12-13 20:17:06,154 ] 88 root - INFO - Hypothesis cn_003: float64, float64 
[ 2022-12-13 20:17:06,165 ] 88 root - INFO - Hypothesis cn_004: float64, float64 
[ 2022-12-13 20:17:06,175 ] 88 root - INFO - Hypothesis cn_005: float64, float64 
[ 2022-12-13 20:17:06,217 ] 88 root - INFO - Hypothesis cn_006: float64, float64 
[ 2022-12-13 20:17:06,260 ] 88 root - INFO - Hypothesis cn_007: float64, float64 
[ 2022-12-13 20:17:06,269 ] 88 root - INFO - Hypothesis cn_008: float64, float64 
[ 2022-12-13 20:17:06,279 ] 88 root - INFO - Hypothesis cn_009: float64, float64 
[ 2022-12-13 20:17:06,318 ] 88 root - INFO - Hypothesis cp_000: float64, float64 
[ 2022-12-13 20:17:06,326 ] 88 root - INFO - Hypothesis cq_000: float64, float64 
[ 2022-12-13 20:17:06,367 ] 88 root - INFO - Hypothesis cs_000: float64, float64 
[ 2022-12-13 20:17:06,377 ] 88 root - INFO - Hypothesis cs_001: float64, float64 
[ 2022-12-13 20:17:06,386 ] 88 root - INFO - Hypothesis cs_002: float64, float64 
[ 2022-12-13 20:17:06,396 ] 88 root - INFO - Hypothesis cs_003: float64, float64 
[ 2022-12-13 20:17:06,438 ] 88 root - INFO - Hypothesis cs_004: float64, float64 
[ 2022-12-13 20:17:06,449 ] 88 root - INFO - Hypothesis cs_005: float64, float64 
[ 2022-12-13 20:17:06,459 ] 88 root - INFO - Hypothesis cs_006: float64, float64 
[ 2022-12-13 20:17:06,470 ] 88 root - INFO - Hypothesis cs_007: float64, float64 
[ 2022-12-13 20:17:06,480 ] 88 root - INFO - Hypothesis cs_008: float64, float64 
[ 2022-12-13 20:17:06,488 ] 88 root - INFO - Hypothesis cs_009: float64, float64 
[ 2022-12-13 20:17:06,523 ] 88 root - INFO - Hypothesis dd_000: float64, float64 
[ 2022-12-13 20:17:06,532 ] 88 root - INFO - Hypothesis de_000: float64, float64 
[ 2022-12-13 20:17:06,541 ] 88 root - INFO - Hypothesis df_000: float64, float64 
[ 2022-12-13 20:17:06,576 ] 88 root - INFO - Hypothesis dg_000: float64, float64 
[ 2022-12-13 20:17:06,611 ] 88 root - INFO - Hypothesis dh_000: float64, float64 
[ 2022-12-13 20:17:06,617 ] 88 root - INFO - Hypothesis di_000: float64, float64 
[ 2022-12-13 20:17:06,623 ] 88 root - INFO - Hypothesis dj_000: float64, float64 
[ 2022-12-13 20:17:06,659 ] 88 root - INFO - Hypothesis dk_000: float64, float64 
[ 2022-12-13 20:17:06,695 ] 88 root - INFO - Hypothesis dl_000: float64, float64 
[ 2022-12-13 20:17:06,731 ] 88 root - INFO - Hypothesis dm_000: float64, float64 
[ 2022-12-13 20:17:06,767 ] 88 root - INFO - Hypothesis dn_000: float64, float64 
[ 2022-12-13 20:17:06,809 ] 88 root - INFO - Hypothesis do_000: float64, float64 
[ 2022-12-13 20:17:06,818 ] 88 root - INFO - Hypothesis dp_000: float64, float64 
[ 2022-12-13 20:17:06,828 ] 88 root - INFO - Hypothesis dq_000: float64, float64 
[ 2022-12-13 20:17:06,866 ] 88 root - INFO - Hypothesis dr_000: float64, float64 
[ 2022-12-13 20:17:06,903 ] 88 root - INFO - Hypothesis ds_000: float64, float64 
[ 2022-12-13 20:17:06,913 ] 88 root - INFO - Hypothesis dt_000: float64, float64 
[ 2022-12-13 20:17:06,924 ] 88 root - INFO - Hypothesis du_000: float64, float64 
[ 2022-12-13 20:17:06,934 ] 88 root - INFO - Hypothesis dv_000: float64, float64 
[ 2022-12-13 20:17:06,944 ] 88 root - INFO - Hypothesis dx_000: float64, float64 
[ 2022-12-13 20:17:06,952 ] 88 root - INFO - Hypothesis dy_000: float64, float64 
[ 2022-12-13 20:17:06,963 ] 88 root - INFO - Hypothesis dz_000: float64, float64 
[ 2022-12-13 20:17:06,999 ] 88 root - INFO - Hypothesis ea_000: float64, float64 
[ 2022-12-13 20:17:07,036 ] 88 root - INFO - Hypothesis eb_000: float64, float64 
[ 2022-12-13 20:17:07,076 ] 88 root - INFO - Hypothesis ec_00: float64, float64 
[ 2022-12-13 20:17:07,086 ] 88 root - INFO - Hypothesis ed_000: float64, float64 
[ 2022-12-13 20:17:07,095 ] 88 root - INFO - Hypothesis ee_000: float64, float64 
[ 2022-12-13 20:17:07,106 ] 88 root - INFO - Hypothesis ee_001: float64, float64 
[ 2022-12-13 20:17:07,116 ] 88 root - INFO - Hypothesis ee_002: float64, float64 
[ 2022-12-13 20:17:07,126 ] 88 root - INFO - Hypothesis ee_003: float64, float64 
[ 2022-12-13 20:17:07,168 ] 88 root - INFO - Hypothesis ee_004: float64, float64 
[ 2022-12-13 20:17:07,178 ] 88 root - INFO - Hypothesis ee_005: float64, float64 
[ 2022-12-13 20:17:07,219 ] 88 root - INFO - Hypothesis ee_006: float64, float64 
[ 2022-12-13 20:17:07,229 ] 88 root - INFO - Hypothesis ee_007: float64, float64 
[ 2022-12-13 20:17:07,239 ] 88 root - INFO - Hypothesis ee_008: float64, float64 
[ 2022-12-13 20:17:07,248 ] 88 root - INFO - Hypothesis ee_009: float64, float64 
[ 2022-12-13 20:17:07,256 ] 88 root - INFO - Hypothesis ef_000: float64, float64 
[ 2022-12-13 20:17:07,293 ] 88 root - INFO - Hypothesis eg_000: float64, float64 
[ 2022-12-13 20:17:07,329 ] 143 root - INFO - As all column are available in test df hence detecting data drift
[ 2022-12-13 20:17:07,329 ] 88 root - INFO - Hypothesis class: object, object 
[ 2022-12-13 20:17:07,402 ] 88 root - INFO - Hypothesis aa_000: float64, float64 
[ 2022-12-13 20:17:07,409 ] 88 root - INFO - Hypothesis ac_000: float64, float64 
[ 2022-12-13 20:17:07,415 ] 88 root - INFO - Hypothesis ae_000: float64, float64 
[ 2022-12-13 20:17:07,430 ] 88 root - INFO - Hypothesis af_000: float64, float64 
[ 2022-12-13 20:17:07,445 ] 88 root - INFO - Hypothesis ag_000: float64, float64 
[ 2022-12-13 20:17:07,460 ] 88 root - INFO - Hypothesis ag_001: float64, float64 
[ 2022-12-13 20:17:07,475 ] 88 root - INFO - Hypothesis ag_002: float64, float64 
[ 2022-12-13 20:17:07,478 ] 88 root - INFO - Hypothesis ag_003: float64, float64 
[ 2022-12-13 20:17:07,482 ] 88 root - INFO - Hypothesis ag_004: float64, float64 
[ 2022-12-13 20:17:07,489 ] 88 root - INFO - Hypothesis ag_005: float64, float64 
[ 2022-12-13 20:17:07,496 ] 88 root - INFO - Hypothesis ag_006: float64, float64 
[ 2022-12-13 20:17:07,503 ] 88 root - INFO - Hypothesis ag_007: float64, float64 
[ 2022-12-13 20:17:07,509 ] 88 root - INFO - Hypothesis ag_008: float64, float64 
[ 2022-12-13 20:17:07,515 ] 88 root - INFO - Hypothesis ag_009: float64, float64 
[ 2022-12-13 20:17:07,520 ] 88 root - INFO - Hypothesis ah_000: float64, float64 
[ 2022-12-13 20:17:07,527 ] 88 root - INFO - Hypothesis ai_000: float64, float64 
[ 2022-12-13 20:17:07,530 ] 88 root - INFO - Hypothesis aj_000: float64, float64 
[ 2022-12-13 20:17:07,546 ] 88 root - INFO - Hypothesis ak_000: float64, float64 
[ 2022-12-13 20:17:07,562 ] 88 root - INFO - Hypothesis al_000: float64, float64 
[ 2022-12-13 20:17:07,567 ] 88 root - INFO - Hypothesis am_0: float64, float64 
[ 2022-12-13 20:17:07,571 ] 88 root - INFO - Hypothesis an_000: float64, float64 
[ 2022-12-13 20:17:07,578 ] 88 root - INFO - Hypothesis ao_000: float64, float64 
[ 2022-12-13 20:17:07,585 ] 88 root - INFO - Hypothesis ap_000: float64, float64 
[ 2022-12-13 20:17:07,593 ] 88 root - INFO - Hypothesis aq_000: float64, float64 
[ 2022-12-13 20:17:07,600 ] 88 root - INFO - Hypothesis ar_000: float64, float64 
[ 2022-12-13 20:17:07,615 ] 88 root - INFO - Hypothesis as_000: float64, float64 
[ 2022-12-13 20:17:07,629 ] 88 root - INFO - Hypothesis at_000: float64, float64 
[ 2022-12-13 20:17:07,633 ] 88 root - INFO - Hypothesis au_000: float64, float64 
[ 2022-12-13 20:17:07,648 ] 88 root - INFO - Hypothesis av_000: float64, float64 
[ 2022-12-13 20:17:07,654 ] 88 root - INFO - Hypothesis ax_000: float64, float64 
[ 2022-12-13 20:17:07,659 ] 88 root - INFO - Hypothesis ay_000: float64, float64 
[ 2022-12-13 20:17:07,674 ] 88 root - INFO - Hypothesis ay_001: float64, float64 
[ 2022-12-13 20:17:07,689 ] 88 root - INFO - Hypothesis ay_002: float64, float64 
[ 2022-12-13 20:17:07,704 ] 88 root - INFO - Hypothesis ay_003: float64, float64 
[ 2022-12-13 20:17:07,719 ] 88 root - INFO - Hypothesis ay_004: float64, float64 
[ 2022-12-13 20:17:07,734 ] 88 root - INFO - Hypothesis ay_005: float64, float64 
[ 2022-12-13 20:17:07,740 ] 88 root - INFO - Hypothesis ay_006: float64, float64 
[ 2022-12-13 20:17:07,747 ] 88 root - INFO - Hypothesis ay_007: float64, float64 
[ 2022-12-13 20:17:07,754 ] 88 root - INFO - Hypothesis ay_008: float64, float64 
[ 2022-12-13 20:17:07,761 ] 88 root - INFO - Hypothesis ay_009: float64, float64 
[ 2022-12-13 20:17:07,776 ] 88 root - INFO - Hypothesis az_000: float64, float64 
[ 2022-12-13 20:17:07,782 ] 88 root - INFO - Hypothesis az_001: float64, float64 
[ 2022-12-13 20:17:07,789 ] 88 root - INFO - Hypothesis az_002: float64, float64 
[ 2022-12-13 20:17:07,795 ] 88 root - INFO - Hypothesis az_003: float64, float64 
[ 2022-12-13 20:17:07,802 ] 88 root - INFO - Hypothesis az_004: float64, float64 
[ 2022-12-13 20:17:07,809 ] 88 root - INFO - Hypothesis az_005: float64, float64 
[ 2022-12-13 20:17:07,816 ] 88 root - INFO - Hypothesis az_006: float64, float64 
[ 2022-12-13 20:17:07,823 ] 88 root - INFO - Hypothesis az_007: float64, float64 
[ 2022-12-13 20:17:07,827 ] 88 root - INFO - Hypothesis az_008: float64, float64 
[ 2022-12-13 20:17:07,843 ] 88 root - INFO - Hypothesis az_009: float64, float64 
[ 2022-12-13 20:17:07,859 ] 88 root - INFO - Hypothesis ba_000: float64, float64 
[ 2022-12-13 20:17:07,866 ] 88 root - INFO - Hypothesis ba_001: float64, float64 
[ 2022-12-13 20:17:07,873 ] 88 root - INFO - Hypothesis ba_002: float64, float64 
[ 2022-12-13 20:17:07,880 ] 88 root - INFO - Hypothesis ba_003: float64, float64 
[ 2022-12-13 20:17:07,887 ] 88 root - INFO - Hypothesis ba_004: float64, float64 
[ 2022-12-13 20:17:07,894 ] 88 root - INFO - Hypothesis ba_005: float64, float64 
[ 2022-12-13 20:17:07,901 ] 88 root - INFO - Hypothesis ba_006: float64, float64 
[ 2022-12-13 20:17:07,908 ] 88 root - INFO - Hypothesis ba_007: float64, float64 
[ 2022-12-13 20:17:07,916 ] 88 root - INFO - Hypothesis ba_008: float64, float64 
[ 2022-12-13 20:17:07,922 ] 88 root - INFO - Hypothesis ba_009: float64, float64 
[ 2022-12-13 20:17:07,926 ] 88 root - INFO - Hypothesis bb_000: float64, float64 
[ 2022-12-13 20:17:07,934 ] 88 root - INFO - Hypothesis bc_000: float64, float64 
[ 2022-12-13 20:17:07,939 ] 88 root - INFO - Hypothesis bd_000: float64, float64 
[ 2022-12-13 20:17:07,945 ] 88 root - INFO - Hypothesis be_000: float64, float64 
[ 2022-12-13 20:17:07,951 ] 88 root - INFO - Hypothesis bf_000: float64, float64 
[ 2022-12-13 20:17:07,956 ] 88 root - INFO - Hypothesis bg_000: float64, float64 
[ 2022-12-13 20:17:07,963 ] 88 root - INFO - Hypothesis bh_000: float64, float64 
[ 2022-12-13 20:17:07,970 ] 88 root - INFO - Hypothesis bi_000: float64, float64 
[ 2022-12-13 20:17:07,977 ] 88 root - INFO - Hypothesis bj_000: float64, float64 
[ 2022-12-13 20:17:07,985 ] 88 root - INFO - Hypothesis bs_000: float64, float64 
[ 2022-12-13 20:17:07,992 ] 88 root - INFO - Hypothesis bt_000: float64, float64 
[ 2022-12-13 20:17:07,999 ] 88 root - INFO - Hypothesis bu_000: float64, float64 
[ 2022-12-13 20:17:08,007 ] 88 root - INFO - Hypothesis bv_000: float64, float64 
[ 2022-12-13 20:17:08,014 ] 88 root - INFO - Hypothesis bx_000: float64, float64 
[ 2022-12-13 20:17:08,021 ] 88 root - INFO - Hypothesis by_000: float64, float64 
[ 2022-12-13 20:17:08,028 ] 88 root - INFO - Hypothesis bz_000: float64, float64 
[ 2022-12-13 20:17:08,034 ] 88 root - INFO - Hypothesis ca_000: float64, float64 
[ 2022-12-13 20:17:08,041 ] 88 root - INFO - Hypothesis cb_000: float64, float64 
[ 2022-12-13 20:17:08,049 ] 88 root - INFO - Hypothesis cc_000: float64, float64 
[ 2022-12-13 20:17:08,055 ] 88 root - INFO - Hypothesis cd_000: float64, float64 
[ 2022-12-13 20:17:08,071 ] 88 root - INFO - Hypothesis ce_000: float64, float64 
[ 2022-12-13 20:17:08,077 ] 88 root - INFO - Hypothesis ci_000: float64, float64 
[ 2022-12-13 20:17:08,084 ] 88 root - INFO - Hypothesis cj_000: float64, float64 
[ 2022-12-13 20:17:08,088 ] 88 root - INFO - Hypothesis ck_000: float64, float64 
[ 2022-12-13 20:17:08,095 ] 88 root - INFO - Hypothesis cl_000: float64, float64 
[ 2022-12-13 20:17:08,100 ] 88 root - INFO - Hypothesis cm_000: float64, float64 
[ 2022-12-13 20:17:08,104 ] 88 root - INFO - Hypothesis cn_000: float64, float64 
[ 2022-12-13 20:17:08,107 ] 88 root - INFO - Hypothesis cn_001: float64, float64 
[ 2022-12-13 20:17:08,111 ] 88 root - INFO - Hypothesis cn_002: float64, float64 
[ 2022-12-13 20:17:08,117 ] 88 root - INFO - Hypothesis cn_003: float64, float64 
[ 2022-12-13 20:17:08,124 ] 88 root - INFO - Hypothesis cn_004: float64, float64 
[ 2022-12-13 20:17:08,131 ] 88 root - INFO - Hypothesis cn_005: float64, float64 
[ 2022-12-13 20:17:08,138 ] 88 root - INFO - Hypothesis cn_006: float64, float64 
[ 2022-12-13 20:17:08,145 ] 88 root - INFO - Hypothesis cn_007: float64, float64 
[ 2022-12-13 20:17:08,151 ] 88 root - INFO - Hypothesis cn_008: float64, float64 
[ 2022-12-13 20:17:08,157 ] 88 root - INFO - Hypothesis cn_009: float64, float64 
[ 2022-12-13 20:17:08,163 ] 88 root - INFO - Hypothesis cp_000: float64, float64 
[ 2022-12-13 20:17:08,168 ] 88 root - INFO - Hypothesis cq_000: float64, float64 
[ 2022-12-13 20:17:08,175 ] 88 root - INFO - Hypothesis cs_000: float64, float64 
[ 2022-12-13 20:17:08,182 ] 88 root - INFO - Hypothesis cs_001: float64, float64 
[ 2022-12-13 20:17:08,188 ] 88 root - INFO - Hypothesis cs_002: float64, float64 
[ 2022-12-13 20:17:08,194 ] 88 root - INFO - Hypothesis cs_003: float64, float64 
[ 2022-12-13 20:17:08,201 ] 88 root - INFO - Hypothesis cs_004: float64, float64 
[ 2022-12-13 20:17:08,208 ] 88 root - INFO - Hypothesis cs_005: float64, float64 
[ 2022-12-13 20:17:08,216 ] 88 root - INFO - Hypothesis cs_006: float64, float64 
[ 2022-12-13 20:17:08,223 ] 88 root - INFO - Hypothesis cs_007: float64, float64 
[ 2022-12-13 20:17:08,231 ] 88 root - INFO - Hypothesis cs_008: float64, float64 
[ 2022-12-13 20:17:08,237 ] 88 root - INFO - Hypothesis cs_009: float64, float64 
[ 2022-12-13 20:17:08,252 ] 88 root - INFO - Hypothesis dd_000: float64, float64 
[ 2022-12-13 20:17:08,258 ] 88 root - INFO - Hypothesis de_000: float64, float64 
[ 2022-12-13 20:17:08,264 ] 88 root - INFO - Hypothesis df_000: float64, float64 
[ 2022-12-13 20:17:08,278 ] 88 root - INFO - Hypothesis dg_000: float64, float64 
[ 2022-12-13 20:17:08,293 ] 88 root - INFO - Hypothesis dh_000: float64, float64 
[ 2022-12-13 20:17:08,297 ] 88 root - INFO - Hypothesis di_000: float64, float64 
[ 2022-12-13 20:17:08,301 ] 88 root - INFO - Hypothesis dj_000: float64, float64 
[ 2022-12-13 20:17:08,316 ] 88 root - INFO - Hypothesis dk_000: float64, float64 
[ 2022-12-13 20:17:08,331 ] 88 root - INFO - Hypothesis dl_000: float64, float64 
[ 2022-12-13 20:17:08,346 ] 88 root - INFO - Hypothesis dm_000: float64, float64 
[ 2022-12-13 20:17:08,361 ] 88 root - INFO - Hypothesis dn_000: float64, float64 
[ 2022-12-13 20:17:08,368 ] 88 root - INFO - Hypothesis do_000: float64, float64 
[ 2022-12-13 20:17:08,374 ] 88 root - INFO - Hypothesis dp_000: float64, float64 
[ 2022-12-13 20:17:08,380 ] 88 root - INFO - Hypothesis dq_000: float64, float64 
[ 2022-12-13 20:17:08,385 ] 88 root - INFO - Hypothesis dr_000: float64, float64 
[ 2022-12-13 20:17:08,389 ] 88 root - INFO - Hypothesis ds_000: float64, float64 
[ 2022-12-13 20:17:08,396 ] 88 root - INFO - Hypothesis dt_000: float64, float64 
[ 2022-12-13 20:17:08,402 ] 88 root - INFO - Hypothesis du_000: float64, float64 
[ 2022-12-13 20:17:08,409 ] 88 root - INFO - Hypothesis dv_000: float64, float64 
[ 2022-12-13 20:17:08,416 ] 88 root - INFO - Hypothesis dx_000: float64, float64 
[ 2022-12-13 20:17:08,421 ] 88 root - INFO - Hypothesis dy_000: float64, float64 
[ 2022-12-13 20:17:08,426 ] 88 root - INFO - Hypothesis dz_000: float64, float64 
[ 2022-12-13 20:17:08,441 ] 88 root - INFO - Hypothesis ea_000: float64, float64 
[ 2022-12-13 20:17:08,444 ] 88 root - INFO - Hypothesis eb_000: float64, float64 
[ 2022-12-13 20:17:08,450 ] 88 root - INFO - Hypothesis ec_00: float64, float64 
[ 2022-12-13 20:17:08,457 ] 88 root - INFO - Hypothesis ed_000: float64, float64 
[ 2022-12-13 20:17:08,463 ] 88 root - INFO - Hypothesis ee_000: float64, float64 
[ 2022-12-13 20:17:08,470 ] 88 root - INFO - Hypothesis ee_001: float64, float64 
[ 2022-12-13 20:17:08,477 ] 88 root - INFO - Hypothesis ee_002: float64, float64 
[ 2022-12-13 20:17:08,484 ] 88 root - INFO - Hypothesis ee_003: float64, float64 
[ 2022-12-13 20:17:08,491 ] 88 root - INFO - Hypothesis ee_004: float64, float64 
[ 2022-12-13 20:17:08,498 ] 88 root - INFO - Hypothesis ee_005: float64, float64 
[ 2022-12-13 20:17:08,505 ] 88 root - INFO - Hypothesis ee_006: float64, float64 
[ 2022-12-13 20:17:08,511 ] 88 root - INFO - Hypothesis ee_007: float64, float64 
[ 2022-12-13 20:17:08,518 ] 88 root - INFO - Hypothesis ee_008: float64, float64 
[ 2022-12-13 20:17:08,524 ] 88 root - INFO - Hypothesis ee_009: float64, float64 
[ 2022-12-13 20:17:08,529 ] 88 root - INFO - Hypothesis ef_000: float64, float64 
[ 2022-12-13 20:17:08,544 ] 88 root - INFO - Hypothesis eg_000: float64, float64 
[ 2022-12-13 20:17:08,560 ] 147 root - INFO - Write reprt in yaml file
[ 2022-12-13 20:17:08,628 ] 152 root - INFO - Data validation artifact: DataValidationArtifact(report_file_path='/config/workspace/artifact/12132022__201642/data_validation/report.yaml')
[ 2022-12-13 20:17:08,631 ] 24 root - INFO - >>>>>>>>>>>>>>>>>>>>>>>>>>>>>>>>>>>>>>>> Data Transformation <<<<<<<<<<<<<<<<<<<<<<<<<<<<<<<<<<<<<<<<
[ 2022-12-13 20:17:09,528 ] 75 root - INFO - Before resampling in training set Input: (28950, 170) Target:(28950,)
[ 2022-12-13 20:17:14,989 ] 77 root - INFO - After resampling in training set Input: (56140, 170) Target:(56140,)
[ 2022-12-13 20:17:14,990 ] 79 root - INFO - Before resampling in testing set Input: (7238, 170) Target:(7238,)
[ 2022-12-13 20:17:15,528 ] 81 root - INFO - After resampling in testing set Input: (14058, 170) Target:(14058,)
[ 2022-12-13 20:17:15,637 ] 54 root - INFO - Entered the save_object method of utils
[ 2022-12-13 20:17:15,639 ] 58 root - INFO - Exited the save_object method of utils
[ 2022-12-13 20:17:15,639 ] 54 root - INFO - Entered the save_object method of utils
[ 2022-12-13 20:17:15,640 ] 58 root - INFO - Exited the save_object method of utils
[ 2022-12-13 20:17:15,640 ] 112 root - INFO - Data transformation object DataTransformationArtifact(transform_object_path='/config/workspace/artifact/12132022__201642/data_transformation/transformer/transformer.pkl', transformed_train_path='/config/workspace/artifact/12132022__201642/data_transformation/transformed/train.npz', transformed_test_path='/config/workspace/artifact/12132022__201642/data_transformation/transformed/test.npz', target_encoder_path='/config/workspace/artifact/12132022__201642/data_transformation/target_encoder/target_encoder.pkl')
[ 2022-12-13 20:17:15,641 ] 18 root - INFO - >>>>>>>>>>>>>>>>>>>>>>>>>>>>>>>>>>>>>>>> Model Trainer <<<<<<<<<<<<<<<<<<<<<<<<<<<<<<<<<<<<<<<<
[ 2022-12-13 20:17:15,642 ] 45 root - INFO - Loading train and test array.
[ 2022-12-13 20:17:15,672 ] 49 root - INFO - Splitting input and target feature from both train and test arr.
[ 2022-12-13 20:17:15,672 ] 53 root - INFO - Train the model
[ 2022-12-13 20:17:26,121 ] 56 root - INFO - Calculating f1 train score
[ 2022-12-13 20:17:26,182 ] 60 root - INFO - Calculating f1 test score
[ 2022-12-13 20:17:26,199 ] 64 root - INFO - train score:1.0 and tests score 0.98581865062312
[ 2022-12-13 20:17:26,199 ] 66 root - INFO - Checking if our model is underfitting or not
[ 2022-12-13 20:17:26,199 ] 71 root - INFO - Checking if our model is overfiiting or not
[ 2022-12-13 20:17:26,199 ] 78 root - INFO - Saving mode object
[ 2022-12-13 20:17:26,199 ] 54 root - INFO - Entered the save_object method of utils
[ 2022-12-13 20:17:26,206 ] 58 root - INFO - Exited the save_object method of utils
[ 2022-12-13 20:17:26,207 ] 82 root - INFO - Prepare the artifact
[ 2022-12-13 20:17:26,207 ] 85 root - INFO - Model trainer artifact: ModelTrainerArtifact(model_path='/config/workspace/artifact/12132022__201642/model_trainer/model/model.pkl', f1_train_score=1.0, f1_test_score=0.98581865062312)
[ 2022-12-13 20:17:26,209 ] 19 root - INFO - >>>>>>>>>>>>>>>>>>>>>>>>>>>>>>>>>>>>>>>>  Model Evaluation <<<<<<<<<<<<<<<<<<<<<<<<<<<<<<<<<<<<<<<<
[ 2022-12-13 20:17:26,209 ] 39 root - INFO - Model evaluation artifact: ModelEvaluationArtifact(is_model_accepted=True, improved_accuracy=None)
