[ 2022-12-13 23:47:31,975 ] 15 root - INFO - >>>>>>>>>>>>>>>>>>>>>>>>>>>>>>>>>>>>>>>> Data Ingestion <<<<<<<<<<<<<<<<<<<<<<<<<<<<<<<<<<<<<<<<
[ 2022-12-13 23:49:26,651 ] 22 root - INFO - Exporting collection data as pandas dataframe
[ 2022-12-13 23:49:26,652 ] 21 root - INFO - Reading data from database: aps and collection: sensor
[ 2022-12-13 23:49:30,626 ] 23 root - INFO - Found columns: Index(['_id', 'class', 'aa_000', 'ab_000', 'ac_000', 'ad_000', 'ae_000',
       'af_000', 'ag_000', 'ag_001',
       ...
       'ee_002', 'ee_003', 'ee_004', 'ee_005', 'ee_006', 'ee_007', 'ee_008',
       'ee_009', 'ef_000', 'eg_000'],
      dtype='object', length=172)
[ 2022-12-13 23:49:30,627 ] 25 root - INFO - Dropping column: _id 
[ 2022-12-13 23:49:30,841 ] 27 root - INFO - Row and columns in df: (36188, 171)
[ 2022-12-13 23:49:30,841 ] 28 root - INFO - Save data in feature store
[ 2022-12-13 23:49:31,451 ] 34 root - INFO - Create feature store folder if not available
[ 2022-12-13 23:49:31,451 ] 38 root - INFO - Save df to feature store folder
[ 2022-12-13 23:49:34,585 ] 43 root - INFO - split dataset into train and test set
[ 2022-12-13 23:49:35,190 ] 47 root - INFO - create dataset directory folder if not available
[ 2022-12-13 23:49:35,191 ] 52 root - INFO - Save df to feature store folder
[ 2022-12-13 23:49:37,513 ] 64 root - INFO - Data ingestion artifact: DataIngestionArtifact(feature_store_file_path='/config/workspace/artifact/12132022__234731/data_ingestion/feature_store/sensor.csv', train_file_path='/config/workspace/artifact/12132022__234731/data_ingestion/dataset/train.csv', test_file_path='/config/workspace/artifact/12132022__234731/data_ingestion/dataset/test.csv')
[ 2022-12-13 23:49:37,967 ] 22 root - INFO - >>>>>>>>>>>>>>>>>>>>>>>>>>>>>>>>>>>>>>>> Data Validation <<<<<<<<<<<<<<<<<<<<<<<<<<<<<<<<<<<<<<<<
[ 2022-12-13 23:51:02,703 ] 110 root - INFO - Reading base dataframe
[ 2022-12-13 23:51:05,727 ] 113 root - INFO - Replace na value in base df
[ 2022-12-13 23:51:05,728 ] 115 root - INFO - Drop null values colums from base df
[ 2022-12-13 23:51:06,632 ] 44 root - INFO - selecting column name which contains null above to 0.2
[ 2022-12-13 23:51:06,633 ] 47 root - INFO - Columns to drop: ['ab_000', 'ad_000', 'bk_000', 'bl_000', 'bm_000', 'bn_000', 'bo_000', 'bp_000', 'bq_000', 'br_000', 'cf_000', 'cg_000', 'ch_000', 'co_000', 'cr_000', 'ct_000', 'cu_000', 'cv_000', 'cx_000', 'cy_000', 'cz_000', 'da_000', 'db_000', 'dc_000']
[ 2022-12-13 23:51:06,726 ] 118 root - INFO - Reading train dataframe
[ 2022-12-13 23:51:07,184 ] 120 root - INFO - Reading test dataframe
[ 2022-12-13 23:51:07,307 ] 123 root - INFO - Drop null values colums from train df
[ 2022-12-13 23:51:07,321 ] 44 root - INFO - selecting column name which contains null above to 0.2
[ 2022-12-13 23:51:07,322 ] 47 root - INFO - Columns to drop: ['ab_000', 'ad_000', 'bk_000', 'bl_000', 'bm_000', 'bn_000', 'bo_000', 'bp_000', 'bq_000', 'br_000', 'cf_000', 'cg_000', 'ch_000', 'co_000', 'cr_000', 'ct_000', 'cu_000', 'cv_000', 'cx_000', 'cy_000', 'cz_000', 'da_000', 'db_000', 'dc_000']
[ 2022-12-13 23:51:07,332 ] 125 root - INFO - Drop null values colums from test df
[ 2022-12-13 23:51:07,338 ] 44 root - INFO - selecting column name which contains null above to 0.2
[ 2022-12-13 23:51:07,339 ] 47 root - INFO - Columns to drop: ['ab_000', 'ad_000', 'bk_000', 'bl_000', 'bm_000', 'bn_000', 'bo_000', 'bp_000', 'bq_000', 'br_000', 'cf_000', 'cg_000', 'ch_000', 'co_000', 'cr_000', 'ct_000', 'cu_000', 'cv_000', 'cx_000', 'cy_000', 'cz_000', 'da_000', 'db_000', 'dc_000']
[ 2022-12-13 23:51:13,538 ] 134 root - INFO - Is all required columns present in train df
[ 2022-12-13 23:51:13,539 ] 136 root - INFO - Is all required columns present in test df
[ 2022-12-13 23:51:13,540 ] 140 root - INFO - As all column are available in train df hence detecting data drift
[ 2022-12-13 23:51:13,540 ] 88 root - INFO - Hypothesis class: object, object 
[ 2022-12-13 23:51:13,683 ] 88 root - INFO - Hypothesis aa_000: float64, float64 
[ 2022-12-13 23:51:13,733 ] 88 root - INFO - Hypothesis ac_000: float64, float64 
[ 2022-12-13 23:51:13,781 ] 88 root - INFO - Hypothesis ae_000: float64, float64 
[ 2022-12-13 23:51:13,825 ] 88 root - INFO - Hypothesis af_000: float64, float64 
[ 2022-12-13 23:51:13,869 ] 88 root - INFO - Hypothesis ag_000: float64, float64 
[ 2022-12-13 23:51:13,913 ] 88 root - INFO - Hypothesis ag_001: float64, float64 
[ 2022-12-13 23:51:13,956 ] 88 root - INFO - Hypothesis ag_002: float64, float64 
[ 2022-12-13 23:51:14,002 ] 88 root - INFO - Hypothesis ag_003: float64, float64 
[ 2022-12-13 23:51:14,048 ] 88 root - INFO - Hypothesis ag_004: float64, float64 
[ 2022-12-13 23:51:14,061 ] 88 root - INFO - Hypothesis ag_005: float64, float64 
[ 2022-12-13 23:51:14,073 ] 88 root - INFO - Hypothesis ag_006: float64, float64 
[ 2022-12-13 23:51:14,084 ] 88 root - INFO - Hypothesis ag_007: float64, float64 
[ 2022-12-13 23:51:14,094 ] 88 root - INFO - Hypothesis ag_008: float64, float64 
[ 2022-12-13 23:51:14,104 ] 88 root - INFO - Hypothesis ag_009: float64, float64 
[ 2022-12-13 23:51:14,112 ] 88 root - INFO - Hypothesis ah_000: float64, float64 
[ 2022-12-13 23:51:14,123 ] 88 root - INFO - Hypothesis ai_000: float64, float64 
[ 2022-12-13 23:51:14,129 ] 88 root - INFO - Hypothesis aj_000: float64, float64 
[ 2022-12-13 23:51:14,174 ] 88 root - INFO - Hypothesis ak_000: float64, float64 
[ 2022-12-13 23:51:14,219 ] 88 root - INFO - Hypothesis al_000: float64, float64 
[ 2022-12-13 23:51:14,266 ] 88 root - INFO - Hypothesis am_0: float64, float64 
[ 2022-12-13 23:51:14,313 ] 88 root - INFO - Hypothesis an_000: float64, float64 
[ 2022-12-13 23:51:14,325 ] 88 root - INFO - Hypothesis ao_000: float64, float64 
[ 2022-12-13 23:51:14,376 ] 88 root - INFO - Hypothesis ap_000: float64, float64 
[ 2022-12-13 23:51:14,388 ] 88 root - INFO - Hypothesis aq_000: float64, float64 
[ 2022-12-13 23:51:14,400 ] 88 root - INFO - Hypothesis ar_000: float64, float64 
[ 2022-12-13 23:51:14,444 ] 88 root - INFO - Hypothesis as_000: float64, float64 
[ 2022-12-13 23:51:14,449 ] 88 root - INFO - Hypothesis at_000: float64, float64 
[ 2022-12-13 23:51:14,455 ] 88 root - INFO - Hypothesis au_000: float64, float64 
[ 2022-12-13 23:51:14,501 ] 88 root - INFO - Hypothesis av_000: float64, float64 
[ 2022-12-13 23:51:14,549 ] 88 root - INFO - Hypothesis ax_000: float64, float64 
[ 2022-12-13 23:51:14,596 ] 88 root - INFO - Hypothesis ay_000: float64, float64 
[ 2022-12-13 23:51:14,639 ] 88 root - INFO - Hypothesis ay_001: float64, float64 
[ 2022-12-13 23:51:14,682 ] 88 root - INFO - Hypothesis ay_002: float64, float64 
[ 2022-12-13 23:51:14,725 ] 88 root - INFO - Hypothesis ay_003: float64, float64 
[ 2022-12-13 23:51:14,768 ] 88 root - INFO - Hypothesis ay_004: float64, float64 
[ 2022-12-13 23:51:14,812 ] 88 root - INFO - Hypothesis ay_005: float64, float64 
[ 2022-12-13 23:51:14,859 ] 88 root - INFO - Hypothesis ay_006: float64, float64 
[ 2022-12-13 23:51:14,870 ] 88 root - INFO - Hypothesis ay_007: float64, float64 
[ 2022-12-13 23:51:14,920 ] 88 root - INFO - Hypothesis ay_008: float64, float64 
[ 2022-12-13 23:51:14,973 ] 88 root - INFO - Hypothesis ay_009: float64, float64 
[ 2022-12-13 23:51:15,016 ] 88 root - INFO - Hypothesis az_000: float64, float64 
[ 2022-12-13 23:51:15,026 ] 88 root - INFO - Hypothesis az_001: float64, float64 
[ 2022-12-13 23:51:15,036 ] 88 root - INFO - Hypothesis az_002: float64, float64 
[ 2022-12-13 23:51:15,086 ] 88 root - INFO - Hypothesis az_003: float64, float64 
[ 2022-12-13 23:51:15,097 ] 88 root - INFO - Hypothesis az_004: float64, float64 
[ 2022-12-13 23:51:15,108 ] 88 root - INFO - Hypothesis az_005: float64, float64 
[ 2022-12-13 23:51:15,158 ] 88 root - INFO - Hypothesis az_006: float64, float64 
[ 2022-12-13 23:51:15,168 ] 88 root - INFO - Hypothesis az_007: float64, float64 
[ 2022-12-13 23:51:15,175 ] 88 root - INFO - Hypothesis az_008: float64, float64 
[ 2022-12-13 23:51:15,219 ] 88 root - INFO - Hypothesis az_009: float64, float64 
[ 2022-12-13 23:51:15,262 ] 88 root - INFO - Hypothesis ba_000: float64, float64 
[ 2022-12-13 23:51:15,274 ] 88 root - INFO - Hypothesis ba_001: float64, float64 
[ 2022-12-13 23:51:15,285 ] 88 root - INFO - Hypothesis ba_002: float64, float64 
[ 2022-12-13 23:51:15,297 ] 88 root - INFO - Hypothesis ba_003: float64, float64 
[ 2022-12-13 23:51:15,308 ] 88 root - INFO - Hypothesis ba_004: float64, float64 
[ 2022-12-13 23:51:15,319 ] 88 root - INFO - Hypothesis ba_005: float64, float64 
[ 2022-12-13 23:51:15,368 ] 88 root - INFO - Hypothesis ba_006: float64, float64 
[ 2022-12-13 23:51:15,418 ] 88 root - INFO - Hypothesis ba_007: float64, float64 
[ 2022-12-13 23:51:15,428 ] 88 root - INFO - Hypothesis ba_008: float64, float64 
[ 2022-12-13 23:51:15,476 ] 88 root - INFO - Hypothesis ba_009: float64, float64 
[ 2022-12-13 23:51:15,524 ] 88 root - INFO - Hypothesis bb_000: float64, float64 
[ 2022-12-13 23:51:15,535 ] 88 root - INFO - Hypothesis bc_000: float64, float64 
[ 2022-12-13 23:51:15,544 ] 88 root - INFO - Hypothesis bd_000: float64, float64 
[ 2022-12-13 23:51:15,592 ] 88 root - INFO - Hypothesis be_000: float64, float64 
[ 2022-12-13 23:51:15,643 ] 88 root - INFO - Hypothesis bf_000: float64, float64 
[ 2022-12-13 23:51:15,689 ] 88 root - INFO - Hypothesis bg_000: float64, float64 
[ 2022-12-13 23:51:15,700 ] 88 root - INFO - Hypothesis bh_000: float64, float64 
[ 2022-12-13 23:51:15,712 ] 88 root - INFO - Hypothesis bi_000: float64, float64 
[ 2022-12-13 23:51:15,723 ] 88 root - INFO - Hypothesis bj_000: float64, float64 
[ 2022-12-13 23:51:15,735 ] 88 root - INFO - Hypothesis bs_000: float64, float64 
[ 2022-12-13 23:51:15,747 ] 88 root - INFO - Hypothesis bt_000: float64, float64 
[ 2022-12-13 23:51:15,796 ] 88 root - INFO - Hypothesis bu_000: float64, float64 
[ 2022-12-13 23:51:15,808 ] 88 root - INFO - Hypothesis bv_000: float64, float64 
[ 2022-12-13 23:51:15,819 ] 88 root - INFO - Hypothesis bx_000: float64, float64 
[ 2022-12-13 23:51:15,869 ] 88 root - INFO - Hypothesis by_000: float64, float64 
[ 2022-12-13 23:51:15,880 ] 88 root - INFO - Hypothesis bz_000: float64, float64 
[ 2022-12-13 23:51:15,929 ] 88 root - INFO - Hypothesis ca_000: float64, float64 
[ 2022-12-13 23:51:15,944 ] 88 root - INFO - Hypothesis cb_000: float64, float64 
[ 2022-12-13 23:51:15,956 ] 88 root - INFO - Hypothesis cc_000: float64, float64 
[ 2022-12-13 23:51:16,005 ] 88 root - INFO - Hypothesis cd_000: float64, float64 
[ 2022-12-13 23:51:16,051 ] 88 root - INFO - Hypothesis ce_000: float64, float64 
[ 2022-12-13 23:51:16,062 ] 88 root - INFO - Hypothesis ci_000: float64, float64 
[ 2022-12-13 23:51:16,073 ] 88 root - INFO - Hypothesis cj_000: float64, float64 
[ 2022-12-13 23:51:16,080 ] 88 root - INFO - Hypothesis ck_000: float64, float64 
[ 2022-12-13 23:51:16,092 ] 88 root - INFO - Hypothesis cl_000: float64, float64 
[ 2022-12-13 23:51:16,137 ] 88 root - INFO - Hypothesis cm_000: float64, float64 
[ 2022-12-13 23:51:16,145 ] 88 root - INFO - Hypothesis cn_000: float64, float64 
[ 2022-12-13 23:51:16,188 ] 88 root - INFO - Hypothesis cn_001: float64, float64 
[ 2022-12-13 23:51:16,233 ] 88 root - INFO - Hypothesis cn_002: float64, float64 
[ 2022-12-13 23:51:16,242 ] 88 root - INFO - Hypothesis cn_003: float64, float64 
[ 2022-12-13 23:51:16,254 ] 88 root - INFO - Hypothesis cn_004: float64, float64 
[ 2022-12-13 23:51:16,304 ] 88 root - INFO - Hypothesis cn_005: float64, float64 
[ 2022-12-13 23:51:16,316 ] 88 root - INFO - Hypothesis cn_006: float64, float64 
[ 2022-12-13 23:51:16,365 ] 88 root - INFO - Hypothesis cn_007: float64, float64 
[ 2022-12-13 23:51:16,415 ] 88 root - INFO - Hypothesis cn_008: float64, float64 
[ 2022-12-13 23:51:16,464 ] 88 root - INFO - Hypothesis cn_009: float64, float64 
[ 2022-12-13 23:51:16,511 ] 88 root - INFO - Hypothesis cp_000: float64, float64 
[ 2022-12-13 23:51:16,558 ] 88 root - INFO - Hypothesis cq_000: float64, float64 
[ 2022-12-13 23:51:16,569 ] 88 root - INFO - Hypothesis cs_000: float64, float64 
[ 2022-12-13 23:51:16,580 ] 88 root - INFO - Hypothesis cs_001: float64, float64 
[ 2022-12-13 23:51:16,590 ] 88 root - INFO - Hypothesis cs_002: float64, float64 
[ 2022-12-13 23:51:16,601 ] 88 root - INFO - Hypothesis cs_003: float64, float64 
[ 2022-12-13 23:51:16,651 ] 88 root - INFO - Hypothesis cs_004: float64, float64 
[ 2022-12-13 23:51:16,662 ] 88 root - INFO - Hypothesis cs_005: float64, float64 
[ 2022-12-13 23:51:16,674 ] 88 root - INFO - Hypothesis cs_006: float64, float64 
[ 2022-12-13 23:51:16,686 ] 88 root - INFO - Hypothesis cs_007: float64, float64 
[ 2022-12-13 23:51:16,697 ] 88 root - INFO - Hypothesis cs_008: float64, float64 
[ 2022-12-13 23:51:16,744 ] 88 root - INFO - Hypothesis cs_009: float64, float64 
[ 2022-12-13 23:51:16,787 ] 88 root - INFO - Hypothesis dd_000: float64, float64 
[ 2022-12-13 23:51:16,798 ] 88 root - INFO - Hypothesis de_000: float64, float64 
[ 2022-12-13 23:51:16,846 ] 88 root - INFO - Hypothesis df_000: float64, float64 
[ 2022-12-13 23:51:16,889 ] 88 root - INFO - Hypothesis dg_000: float64, float64 
[ 2022-12-13 23:51:16,936 ] 88 root - INFO - Hypothesis dh_000: float64, float64 
[ 2022-12-13 23:51:16,942 ] 88 root - INFO - Hypothesis di_000: float64, float64 
[ 2022-12-13 23:51:16,949 ] 88 root - INFO - Hypothesis dj_000: float64, float64 
[ 2022-12-13 23:51:16,992 ] 88 root - INFO - Hypothesis dk_000: float64, float64 
[ 2022-12-13 23:51:17,036 ] 88 root - INFO - Hypothesis dl_000: float64, float64 
[ 2022-12-13 23:51:17,080 ] 88 root - INFO - Hypothesis dm_000: float64, float64 
[ 2022-12-13 23:51:17,123 ] 88 root - INFO - Hypothesis dn_000: float64, float64 
[ 2022-12-13 23:51:17,134 ] 88 root - INFO - Hypothesis do_000: float64, float64 
[ 2022-12-13 23:51:17,183 ] 88 root - INFO - Hypothesis dp_000: float64, float64 
[ 2022-12-13 23:51:17,193 ] 88 root - INFO - Hypothesis dq_000: float64, float64 
[ 2022-12-13 23:51:17,239 ] 88 root - INFO - Hypothesis dr_000: float64, float64 
[ 2022-12-13 23:51:17,284 ] 88 root - INFO - Hypothesis ds_000: float64, float64 
[ 2022-12-13 23:51:17,295 ] 88 root - INFO - Hypothesis dt_000: float64, float64 
[ 2022-12-13 23:51:17,306 ] 88 root - INFO - Hypothesis du_000: float64, float64 
[ 2022-12-13 23:51:17,317 ] 88 root - INFO - Hypothesis dv_000: float64, float64 
[ 2022-12-13 23:51:17,328 ] 88 root - INFO - Hypothesis dx_000: float64, float64 
[ 2022-12-13 23:51:17,373 ] 88 root - INFO - Hypothesis dy_000: float64, float64 
[ 2022-12-13 23:51:17,419 ] 88 root - INFO - Hypothesis dz_000: float64, float64 
[ 2022-12-13 23:51:17,462 ] 88 root - INFO - Hypothesis ea_000: float64, float64 
[ 2022-12-13 23:51:17,506 ] 88 root - INFO - Hypothesis eb_000: float64, float64 
[ 2022-12-13 23:51:17,554 ] 88 root - INFO - Hypothesis ec_00: float64, float64 
[ 2022-12-13 23:51:17,565 ] 88 root - INFO - Hypothesis ed_000: float64, float64 
[ 2022-12-13 23:51:17,575 ] 88 root - INFO - Hypothesis ee_000: float64, float64 
[ 2022-12-13 23:51:17,586 ] 88 root - INFO - Hypothesis ee_001: float64, float64 
[ 2022-12-13 23:51:17,598 ] 88 root - INFO - Hypothesis ee_002: float64, float64 
[ 2022-12-13 23:51:17,610 ] 88 root - INFO - Hypothesis ee_003: float64, float64 
[ 2022-12-13 23:51:17,621 ] 88 root - INFO - Hypothesis ee_004: float64, float64 
[ 2022-12-13 23:51:17,632 ] 88 root - INFO - Hypothesis ee_005: float64, float64 
[ 2022-12-13 23:51:17,685 ] 88 root - INFO - Hypothesis ee_006: float64, float64 
[ 2022-12-13 23:51:17,697 ] 88 root - INFO - Hypothesis ee_007: float64, float64 
[ 2022-12-13 23:51:17,708 ] 88 root - INFO - Hypothesis ee_008: float64, float64 
[ 2022-12-13 23:51:17,719 ] 88 root - INFO - Hypothesis ee_009: float64, float64 
[ 2022-12-13 23:51:17,767 ] 88 root - INFO - Hypothesis ef_000: float64, float64 
[ 2022-12-13 23:51:17,811 ] 88 root - INFO - Hypothesis eg_000: float64, float64 
[ 2022-12-13 23:51:17,854 ] 143 root - INFO - As all column are available in test df hence detecting data drift
[ 2022-12-13 23:51:17,855 ] 88 root - INFO - Hypothesis class: object, object 
[ 2022-12-13 23:51:17,937 ] 88 root - INFO - Hypothesis aa_000: float64, float64 
[ 2022-12-13 23:51:17,945 ] 88 root - INFO - Hypothesis ac_000: float64, float64 
[ 2022-12-13 23:51:17,951 ] 88 root - INFO - Hypothesis ae_000: float64, float64 
[ 2022-12-13 23:51:17,970 ] 88 root - INFO - Hypothesis af_000: float64, float64 
[ 2022-12-13 23:51:17,995 ] 88 root - INFO - Hypothesis ag_000: float64, float64 
[ 2022-12-13 23:51:18,014 ] 88 root - INFO - Hypothesis ag_001: float64, float64 
[ 2022-12-13 23:51:18,032 ] 88 root - INFO - Hypothesis ag_002: float64, float64 
[ 2022-12-13 23:51:18,051 ] 88 root - INFO - Hypothesis ag_003: float64, float64 
[ 2022-12-13 23:51:18,056 ] 88 root - INFO - Hypothesis ag_004: float64, float64 
[ 2022-12-13 23:51:18,064 ] 88 root - INFO - Hypothesis ag_005: float64, float64 
[ 2022-12-13 23:51:18,072 ] 88 root - INFO - Hypothesis ag_006: float64, float64 
[ 2022-12-13 23:51:18,080 ] 88 root - INFO - Hypothesis ag_007: float64, float64 
[ 2022-12-13 23:51:18,087 ] 88 root - INFO - Hypothesis ag_008: float64, float64 
[ 2022-12-13 23:51:18,093 ] 88 root - INFO - Hypothesis ag_009: float64, float64 
[ 2022-12-13 23:51:18,099 ] 88 root - INFO - Hypothesis ah_000: float64, float64 
[ 2022-12-13 23:51:18,107 ] 88 root - INFO - Hypothesis ai_000: float64, float64 
[ 2022-12-13 23:51:18,111 ] 88 root - INFO - Hypothesis aj_000: float64, float64 
[ 2022-12-13 23:51:18,116 ] 88 root - INFO - Hypothesis ak_000: float64, float64 
[ 2022-12-13 23:51:18,135 ] 88 root - INFO - Hypothesis al_000: float64, float64 
[ 2022-12-13 23:51:18,155 ] 88 root - INFO - Hypothesis am_0: float64, float64 
[ 2022-12-13 23:51:18,175 ] 88 root - INFO - Hypothesis an_000: float64, float64 
[ 2022-12-13 23:51:18,183 ] 88 root - INFO - Hypothesis ao_000: float64, float64 
[ 2022-12-13 23:51:18,191 ] 88 root - INFO - Hypothesis ap_000: float64, float64 
[ 2022-12-13 23:51:18,199 ] 88 root - INFO - Hypothesis aq_000: float64, float64 
[ 2022-12-13 23:51:18,207 ] 88 root - INFO - Hypothesis ar_000: float64, float64 
[ 2022-12-13 23:51:18,226 ] 88 root - INFO - Hypothesis as_000: float64, float64 
[ 2022-12-13 23:51:18,244 ] 88 root - INFO - Hypothesis at_000: float64, float64 
[ 2022-12-13 23:51:18,248 ] 88 root - INFO - Hypothesis au_000: float64, float64 
[ 2022-12-13 23:51:18,267 ] 88 root - INFO - Hypothesis av_000: float64, float64 
[ 2022-12-13 23:51:18,273 ] 88 root - INFO - Hypothesis ax_000: float64, float64 
[ 2022-12-13 23:51:18,279 ] 88 root - INFO - Hypothesis ay_000: float64, float64 
[ 2022-12-13 23:51:18,297 ] 88 root - INFO - Hypothesis ay_001: float64, float64 
[ 2022-12-13 23:51:18,316 ] 88 root - INFO - Hypothesis ay_002: float64, float64 
[ 2022-12-13 23:51:18,334 ] 88 root - INFO - Hypothesis ay_003: float64, float64 
[ 2022-12-13 23:51:18,353 ] 88 root - INFO - Hypothesis ay_004: float64, float64 
[ 2022-12-13 23:51:18,371 ] 88 root - INFO - Hypothesis ay_005: float64, float64 
[ 2022-12-13 23:51:18,377 ] 88 root - INFO - Hypothesis ay_006: float64, float64 
[ 2022-12-13 23:51:18,384 ] 88 root - INFO - Hypothesis ay_007: float64, float64 
[ 2022-12-13 23:51:18,392 ] 88 root - INFO - Hypothesis ay_008: float64, float64 
[ 2022-12-13 23:51:18,399 ] 88 root - INFO - Hypothesis ay_009: float64, float64 
[ 2022-12-13 23:51:18,418 ] 88 root - INFO - Hypothesis az_000: float64, float64 
[ 2022-12-13 23:51:18,426 ] 88 root - INFO - Hypothesis az_001: float64, float64 
[ 2022-12-13 23:51:18,433 ] 88 root - INFO - Hypothesis az_002: float64, float64 
[ 2022-12-13 23:51:18,440 ] 88 root - INFO - Hypothesis az_003: float64, float64 
[ 2022-12-13 23:51:18,448 ] 88 root - INFO - Hypothesis az_004: float64, float64 
[ 2022-12-13 23:51:18,455 ] 88 root - INFO - Hypothesis az_005: float64, float64 
[ 2022-12-13 23:51:18,463 ] 88 root - INFO - Hypothesis az_006: float64, float64 
[ 2022-12-13 23:51:18,470 ] 88 root - INFO - Hypothesis az_007: float64, float64 
[ 2022-12-13 23:51:18,475 ] 88 root - INFO - Hypothesis az_008: float64, float64 
[ 2022-12-13 23:51:18,494 ] 88 root - INFO - Hypothesis az_009: float64, float64 
[ 2022-12-13 23:51:18,513 ] 88 root - INFO - Hypothesis ba_000: float64, float64 
[ 2022-12-13 23:51:18,520 ] 88 root - INFO - Hypothesis ba_001: float64, float64 
[ 2022-12-13 23:51:18,528 ] 88 root - INFO - Hypothesis ba_002: float64, float64 
[ 2022-12-13 23:51:18,536 ] 88 root - INFO - Hypothesis ba_003: float64, float64 
[ 2022-12-13 23:51:18,544 ] 88 root - INFO - Hypothesis ba_004: float64, float64 
[ 2022-12-13 23:51:18,551 ] 88 root - INFO - Hypothesis ba_005: float64, float64 
[ 2022-12-13 23:51:18,559 ] 88 root - INFO - Hypothesis ba_006: float64, float64 
[ 2022-12-13 23:51:18,566 ] 88 root - INFO - Hypothesis ba_007: float64, float64 
[ 2022-12-13 23:51:18,574 ] 88 root - INFO - Hypothesis ba_008: float64, float64 
[ 2022-12-13 23:51:18,580 ] 88 root - INFO - Hypothesis ba_009: float64, float64 
[ 2022-12-13 23:51:18,585 ] 88 root - INFO - Hypothesis bb_000: float64, float64 
[ 2022-12-13 23:51:18,593 ] 88 root - INFO - Hypothesis bc_000: float64, float64 
[ 2022-12-13 23:51:18,599 ] 88 root - INFO - Hypothesis bd_000: float64, float64 
[ 2022-12-13 23:51:18,606 ] 88 root - INFO - Hypothesis be_000: float64, float64 
[ 2022-12-13 23:51:18,613 ] 88 root - INFO - Hypothesis bf_000: float64, float64 
[ 2022-12-13 23:51:18,618 ] 88 root - INFO - Hypothesis bg_000: float64, float64 
[ 2022-12-13 23:51:18,626 ] 88 root - INFO - Hypothesis bh_000: float64, float64 
[ 2022-12-13 23:51:18,634 ] 88 root - INFO - Hypothesis bi_000: float64, float64 
[ 2022-12-13 23:51:18,642 ] 88 root - INFO - Hypothesis bj_000: float64, float64 
[ 2022-12-13 23:51:18,650 ] 88 root - INFO - Hypothesis bs_000: float64, float64 
[ 2022-12-13 23:51:18,657 ] 88 root - INFO - Hypothesis bt_000: float64, float64 
[ 2022-12-13 23:51:18,665 ] 88 root - INFO - Hypothesis bu_000: float64, float64 
[ 2022-12-13 23:51:18,673 ] 88 root - INFO - Hypothesis bv_000: float64, float64 
[ 2022-12-13 23:51:18,681 ] 88 root - INFO - Hypothesis bx_000: float64, float64 
[ 2022-12-13 23:51:18,689 ] 88 root - INFO - Hypothesis by_000: float64, float64 
[ 2022-12-13 23:51:18,697 ] 88 root - INFO - Hypothesis bz_000: float64, float64 
[ 2022-12-13 23:51:18,704 ] 88 root - INFO - Hypothesis ca_000: float64, float64 
[ 2022-12-13 23:51:18,712 ] 88 root - INFO - Hypothesis cb_000: float64, float64 
[ 2022-12-13 23:51:18,720 ] 88 root - INFO - Hypothesis cc_000: float64, float64 
[ 2022-12-13 23:51:18,728 ] 88 root - INFO - Hypothesis cd_000: float64, float64 
[ 2022-12-13 23:51:18,746 ] 88 root - INFO - Hypothesis ce_000: float64, float64 
[ 2022-12-13 23:51:18,753 ] 88 root - INFO - Hypothesis ci_000: float64, float64 
[ 2022-12-13 23:51:18,762 ] 88 root - INFO - Hypothesis cj_000: float64, float64 
[ 2022-12-13 23:51:18,767 ] 88 root - INFO - Hypothesis ck_000: float64, float64 
[ 2022-12-13 23:51:18,775 ] 88 root - INFO - Hypothesis cl_000: float64, float64 
[ 2022-12-13 23:51:18,780 ] 88 root - INFO - Hypothesis cm_000: float64, float64 
[ 2022-12-13 23:51:18,786 ] 88 root - INFO - Hypothesis cn_000: float64, float64 
[ 2022-12-13 23:51:18,804 ] 88 root - INFO - Hypothesis cn_001: float64, float64 
[ 2022-12-13 23:51:18,809 ] 88 root - INFO - Hypothesis cn_002: float64, float64 
[ 2022-12-13 23:51:18,816 ] 88 root - INFO - Hypothesis cn_003: float64, float64 
[ 2022-12-13 23:51:18,824 ] 88 root - INFO - Hypothesis cn_004: float64, float64 
[ 2022-12-13 23:51:18,832 ] 88 root - INFO - Hypothesis cn_005: float64, float64 
[ 2022-12-13 23:51:18,840 ] 88 root - INFO - Hypothesis cn_006: float64, float64 
[ 2022-12-13 23:51:18,847 ] 88 root - INFO - Hypothesis cn_007: float64, float64 
[ 2022-12-13 23:51:18,855 ] 88 root - INFO - Hypothesis cn_008: float64, float64 
[ 2022-12-13 23:51:18,862 ] 88 root - INFO - Hypothesis cn_009: float64, float64 
[ 2022-12-13 23:51:18,868 ] 88 root - INFO - Hypothesis cp_000: float64, float64 
[ 2022-12-13 23:51:18,874 ] 88 root - INFO - Hypothesis cq_000: float64, float64 
[ 2022-12-13 23:51:18,881 ] 88 root - INFO - Hypothesis cs_000: float64, float64 
[ 2022-12-13 23:51:18,889 ] 88 root - INFO - Hypothesis cs_001: float64, float64 
[ 2022-12-13 23:51:18,895 ] 88 root - INFO - Hypothesis cs_002: float64, float64 
[ 2022-12-13 23:51:18,903 ] 88 root - INFO - Hypothesis cs_003: float64, float64 
[ 2022-12-13 23:51:18,911 ] 88 root - INFO - Hypothesis cs_004: float64, float64 
[ 2022-12-13 23:51:18,918 ] 88 root - INFO - Hypothesis cs_005: float64, float64 
[ 2022-12-13 23:51:18,926 ] 88 root - INFO - Hypothesis cs_006: float64, float64 
[ 2022-12-13 23:51:18,934 ] 88 root - INFO - Hypothesis cs_007: float64, float64 
[ 2022-12-13 23:51:18,942 ] 88 root - INFO - Hypothesis cs_008: float64, float64 
[ 2022-12-13 23:51:18,948 ] 88 root - INFO - Hypothesis cs_009: float64, float64 
[ 2022-12-13 23:51:18,969 ] 88 root - INFO - Hypothesis dd_000: float64, float64 
[ 2022-12-13 23:51:18,976 ] 88 root - INFO - Hypothesis de_000: float64, float64 
[ 2022-12-13 23:51:18,983 ] 88 root - INFO - Hypothesis df_000: float64, float64 
[ 2022-12-13 23:51:19,001 ] 88 root - INFO - Hypothesis dg_000: float64, float64 
[ 2022-12-13 23:51:19,020 ] 88 root - INFO - Hypothesis dh_000: float64, float64 
[ 2022-12-13 23:51:19,025 ] 88 root - INFO - Hypothesis di_000: float64, float64 
[ 2022-12-13 23:51:19,030 ] 88 root - INFO - Hypothesis dj_000: float64, float64 
[ 2022-12-13 23:51:19,048 ] 88 root - INFO - Hypothesis dk_000: float64, float64 
[ 2022-12-13 23:51:19,067 ] 88 root - INFO - Hypothesis dl_000: float64, float64 
[ 2022-12-13 23:51:19,086 ] 88 root - INFO - Hypothesis dm_000: float64, float64 
[ 2022-12-13 23:51:19,104 ] 88 root - INFO - Hypothesis dn_000: float64, float64 
[ 2022-12-13 23:51:19,112 ] 88 root - INFO - Hypothesis do_000: float64, float64 
[ 2022-12-13 23:51:19,119 ] 88 root - INFO - Hypothesis dp_000: float64, float64 
[ 2022-12-13 23:51:19,126 ] 88 root - INFO - Hypothesis dq_000: float64, float64 
[ 2022-12-13 23:51:19,146 ] 88 root - INFO - Hypothesis dr_000: float64, float64 
[ 2022-12-13 23:51:19,166 ] 88 root - INFO - Hypothesis ds_000: float64, float64 
[ 2022-12-13 23:51:19,174 ] 88 root - INFO - Hypothesis dt_000: float64, float64 
[ 2022-12-13 23:51:19,181 ] 88 root - INFO - Hypothesis du_000: float64, float64 
[ 2022-12-13 23:51:19,189 ] 88 root - INFO - Hypothesis dv_000: float64, float64 
[ 2022-12-13 23:51:19,197 ] 88 root - INFO - Hypothesis dx_000: float64, float64 
[ 2022-12-13 23:51:19,217 ] 88 root - INFO - Hypothesis dy_000: float64, float64 
[ 2022-12-13 23:51:19,223 ] 88 root - INFO - Hypothesis dz_000: float64, float64 
[ 2022-12-13 23:51:19,241 ] 88 root - INFO - Hypothesis ea_000: float64, float64 
[ 2022-12-13 23:51:19,260 ] 88 root - INFO - Hypothesis eb_000: float64, float64 
[ 2022-12-13 23:51:19,267 ] 88 root - INFO - Hypothesis ec_00: float64, float64 
[ 2022-12-13 23:51:19,274 ] 88 root - INFO - Hypothesis ed_000: float64, float64 
[ 2022-12-13 23:51:19,281 ] 88 root - INFO - Hypothesis ee_000: float64, float64 
[ 2022-12-13 23:51:19,289 ] 88 root - INFO - Hypothesis ee_001: float64, float64 
[ 2022-12-13 23:51:19,297 ] 88 root - INFO - Hypothesis ee_002: float64, float64 
[ 2022-12-13 23:51:19,305 ] 88 root - INFO - Hypothesis ee_003: float64, float64 
[ 2022-12-13 23:51:19,312 ] 88 root - INFO - Hypothesis ee_004: float64, float64 
[ 2022-12-13 23:51:19,320 ] 88 root - INFO - Hypothesis ee_005: float64, float64 
[ 2022-12-13 23:51:19,328 ] 88 root - INFO - Hypothesis ee_006: float64, float64 
[ 2022-12-13 23:51:19,336 ] 88 root - INFO - Hypothesis ee_007: float64, float64 
[ 2022-12-13 23:51:19,343 ] 88 root - INFO - Hypothesis ee_008: float64, float64 
[ 2022-12-13 23:51:19,350 ] 88 root - INFO - Hypothesis ee_009: float64, float64 
[ 2022-12-13 23:51:19,357 ] 88 root - INFO - Hypothesis ef_000: float64, float64 
[ 2022-12-13 23:51:19,377 ] 88 root - INFO - Hypothesis eg_000: float64, float64 
[ 2022-12-13 23:51:19,396 ] 147 root - INFO - Write reprt in yaml file
[ 2022-12-13 23:51:19,662 ] 152 root - INFO - Data validation artifact: DataValidationArtifact(report_file_path='/config/workspace/artifact/12132022__234731/data_validation/report.yaml')
[ 2022-12-13 23:51:19,665 ] 24 root - INFO - >>>>>>>>>>>>>>>>>>>>>>>>>>>>>>>>>>>>>>>> Data Transformation <<<<<<<<<<<<<<<<<<<<<<<<<<<<<<<<<<<<<<<<
[ 2022-12-13 23:51:35,302 ] 75 root - INFO - Before resampling in training set Input: (28950, 170) Target:(28950,)
[ 2022-12-13 23:51:41,246 ] 77 root - INFO - After resampling in training set Input: (56156, 170) Target:(56156,)
[ 2022-12-13 23:51:41,246 ] 79 root - INFO - Before resampling in testing set Input: (7238, 170) Target:(7238,)
[ 2022-12-13 23:51:41,780 ] 81 root - INFO - After resampling in testing set Input: (14066, 170) Target:(14066,)
[ 2022-12-13 23:51:41,895 ] 54 root - INFO - Entered the save_object method of utils
[ 2022-12-13 23:51:41,906 ] 58 root - INFO - Exited the save_object method of utils
[ 2022-12-13 23:51:41,906 ] 54 root - INFO - Entered the save_object method of utils
[ 2022-12-13 23:51:41,908 ] 58 root - INFO - Exited the save_object method of utils
[ 2022-12-13 23:51:41,908 ] 112 root - INFO - Data transformation object DataTransformationArtifact(transform_object_path='/config/workspace/artifact/12132022__234731/data_transformation/transformer/transformer.pkl', transformed_train_path='/config/workspace/artifact/12132022__234731/data_transformation/transformed/train.npz', transformed_test_path='/config/workspace/artifact/12132022__234731/data_transformation/transformed/test.npz', target_encoder_path='/config/workspace/artifact/12132022__234731/data_transformation/target_encoder/target_encoder.pkl')
[ 2022-12-13 23:51:41,910 ] 18 root - INFO - >>>>>>>>>>>>>>>>>>>>>>>>>>>>>>>>>>>>>>>> Model Trainer <<<<<<<<<<<<<<<<<<<<<<<<<<<<<<<<<<<<<<<<
[ 2022-12-13 23:52:35,438 ] 45 root - INFO - Loading train and test array.
[ 2022-12-13 23:52:35,495 ] 49 root - INFO - Splitting input and target feature from both train and test arr.
[ 2022-12-13 23:52:35,495 ] 53 root - INFO - Train the model
[ 2022-12-13 23:52:45,937 ] 56 root - INFO - Calculating f1 train score
[ 2022-12-13 23:52:45,993 ] 60 root - INFO - Calculating f1 test score
[ 2022-12-13 23:52:46,014 ] 64 root - INFO - train score:0.9999821921467367 and tests score 0.9791126476519735
[ 2022-12-13 23:52:46,014 ] 66 root - INFO - Checking if our model is underfitting or not
[ 2022-12-13 23:52:46,014 ] 71 root - INFO - Checking if our model is overfiiting or not
[ 2022-12-13 23:52:46,015 ] 78 root - INFO - Saving mode object
[ 2022-12-13 23:52:46,015 ] 54 root - INFO - Entered the save_object method of utils
[ 2022-12-13 23:52:46,024 ] 58 root - INFO - Exited the save_object method of utils
[ 2022-12-13 23:52:46,024 ] 82 root - INFO - Prepare the artifact
[ 2022-12-13 23:52:46,025 ] 85 root - INFO - Model trainer artifact: ModelTrainerArtifact(model_path='/config/workspace/artifact/12132022__234731/model_trainer/model/model.pkl', f1_train_score=0.9999821921467367, f1_test_score=0.9791126476519735)
[ 2022-12-13 23:52:46,027 ] 19 root - INFO - >>>>>>>>>>>>>>>>>>>>>>>>>>>>>>>>>>>>>>>>  Model Evaluation <<<<<<<<<<<<<<<<<<<<<<<<<<<<<<<<<<<<<<<<
[ 2022-12-13 23:54:13,423 ] 47 root - INFO - Previous trained objects of transformer, model and target encoder
