[ 2022-12-13 20:42:02,503 ] 15 root - INFO - >>>>>>>>>>>>>>>>>>>>>>>>>>>>>>>>>>>>>>>> Data Ingestion <<<<<<<<<<<<<<<<<<<<<<<<<<<<<<<<<<<<<<<<
[ 2022-12-13 20:42:02,503 ] 22 root - INFO - Exporting collection data as pandas dataframe
[ 2022-12-13 20:42:02,504 ] 21 root - INFO - Reading data from database: aps and collection: sensor
[ 2022-12-13 20:42:06,010 ] 23 root - INFO - Found columns: Index(['_id', 'class', 'aa_000', 'ab_000', 'ac_000', 'ad_000', 'ae_000',
       'af_000', 'ag_000', 'ag_001',
       ...
       'ee_002', 'ee_003', 'ee_004', 'ee_005', 'ee_006', 'ee_007', 'ee_008',
       'ee_009', 'ef_000', 'eg_000'],
      dtype='object', length=172)
[ 2022-12-13 20:42:06,011 ] 25 root - INFO - Dropping column: _id 
[ 2022-12-13 20:42:06,207 ] 27 root - INFO - Row and columns in df: (36188, 171)
[ 2022-12-13 20:42:06,207 ] 28 root - INFO - Save data in feature store
[ 2022-12-13 20:42:06,726 ] 34 root - INFO - Create feature store folder if not available
[ 2022-12-13 20:42:06,727 ] 38 root - INFO - Save df to feature store folder
[ 2022-12-13 20:42:09,082 ] 43 root - INFO - split dataset into train and test set
[ 2022-12-13 20:42:09,593 ] 47 root - INFO - create dataset directory folder if not available
[ 2022-12-13 20:42:09,593 ] 52 root - INFO - Save df to feature store folder
[ 2022-12-13 20:42:11,695 ] 64 root - INFO - Data ingestion artifact: DataIngestionArtifact(feature_store_file_path='/config/workspace/artifact/12132022__204202/data_ingestion/feature_store/sensor.csv', train_file_path='/config/workspace/artifact/12132022__204202/data_ingestion/dataset/train.csv', test_file_path='/config/workspace/artifact/12132022__204202/data_ingestion/dataset/test.csv')
[ 2022-12-13 20:42:12,103 ] 22 root - INFO - >>>>>>>>>>>>>>>>>>>>>>>>>>>>>>>>>>>>>>>> Data Validation <<<<<<<<<<<<<<<<<<<<<<<<<<<<<<<<<<<<<<<<
[ 2022-12-13 20:42:12,104 ] 110 root - INFO - Reading base dataframe
[ 2022-12-13 20:42:14,851 ] 113 root - INFO - Replace na value in base df
[ 2022-12-13 20:42:14,852 ] 115 root - INFO - Drop null values colums from base df
[ 2022-12-13 20:42:15,754 ] 44 root - INFO - selecting column name which contains null above to 0.2
[ 2022-12-13 20:42:15,755 ] 47 root - INFO - Columns to drop: ['ab_000', 'ad_000', 'bk_000', 'bl_000', 'bm_000', 'bn_000', 'bo_000', 'bp_000', 'bq_000', 'br_000', 'cf_000', 'cg_000', 'ch_000', 'co_000', 'cr_000', 'ct_000', 'cu_000', 'cv_000', 'cx_000', 'cy_000', 'cz_000', 'da_000', 'db_000', 'dc_000']
[ 2022-12-13 20:42:15,833 ] 118 root - INFO - Reading train dataframe
[ 2022-12-13 20:42:16,226 ] 120 root - INFO - Reading test dataframe
[ 2022-12-13 20:42:16,323 ] 123 root - INFO - Drop null values colums from train df
[ 2022-12-13 20:42:16,335 ] 44 root - INFO - selecting column name which contains null above to 0.2
[ 2022-12-13 20:42:16,335 ] 47 root - INFO - Columns to drop: ['ab_000', 'ad_000', 'bk_000', 'bl_000', 'bm_000', 'bn_000', 'bo_000', 'bp_000', 'bq_000', 'br_000', 'cf_000', 'cg_000', 'ch_000', 'co_000', 'cr_000', 'ct_000', 'cu_000', 'cv_000', 'cx_000', 'cy_000', 'cz_000', 'da_000', 'db_000', 'dc_000']
[ 2022-12-13 20:42:16,341 ] 125 root - INFO - Drop null values colums from test df
[ 2022-12-13 20:42:16,345 ] 44 root - INFO - selecting column name which contains null above to 0.2
[ 2022-12-13 20:42:16,346 ] 47 root - INFO - Columns to drop: ['ab_000', 'ad_000', 'bk_000', 'bl_000', 'bm_000', 'bn_000', 'bo_000', 'bp_000', 'bq_000', 'br_000', 'cf_000', 'cg_000', 'ch_000', 'co_000', 'cr_000', 'ct_000', 'cu_000', 'cv_000', 'cx_000', 'cy_000', 'cz_000', 'da_000', 'db_000', 'dc_000']
[ 2022-12-13 20:42:22,227 ] 134 root - INFO - Is all required columns present in train df
[ 2022-12-13 20:42:22,227 ] 136 root - INFO - Is all required columns present in test df
[ 2022-12-13 20:42:22,227 ] 140 root - INFO - As all column are available in train df hence detecting data drift
[ 2022-12-13 20:42:22,228 ] 88 root - INFO - Hypothesis class: object, object 
[ 2022-12-13 20:42:22,360 ] 88 root - INFO - Hypothesis aa_000: float64, float64 
[ 2022-12-13 20:42:22,371 ] 88 root - INFO - Hypothesis ac_000: float64, float64 
[ 2022-12-13 20:42:22,380 ] 88 root - INFO - Hypothesis ae_000: float64, float64 
[ 2022-12-13 20:42:22,416 ] 88 root - INFO - Hypothesis af_000: float64, float64 
[ 2022-12-13 20:42:22,452 ] 88 root - INFO - Hypothesis ag_000: float64, float64 
[ 2022-12-13 20:42:22,487 ] 88 root - INFO - Hypothesis ag_001: float64, float64 
[ 2022-12-13 20:42:22,522 ] 88 root - INFO - Hypothesis ag_002: float64, float64 
[ 2022-12-13 20:42:22,557 ] 88 root - INFO - Hypothesis ag_003: float64, float64 
[ 2022-12-13 20:42:22,593 ] 88 root - INFO - Hypothesis ag_004: float64, float64 
[ 2022-12-13 20:42:22,635 ] 88 root - INFO - Hypothesis ag_005: float64, float64 
[ 2022-12-13 20:42:22,679 ] 88 root - INFO - Hypothesis ag_006: float64, float64 
[ 2022-12-13 20:42:22,690 ] 88 root - INFO - Hypothesis ag_007: float64, float64 
[ 2022-12-13 20:42:22,699 ] 88 root - INFO - Hypothesis ag_008: float64, float64 
[ 2022-12-13 20:42:22,708 ] 88 root - INFO - Hypothesis ag_009: float64, float64 
[ 2022-12-13 20:42:22,715 ] 88 root - INFO - Hypothesis ah_000: float64, float64 
[ 2022-12-13 20:42:22,757 ] 88 root - INFO - Hypothesis ai_000: float64, float64 
[ 2022-12-13 20:42:22,793 ] 88 root - INFO - Hypothesis aj_000: float64, float64 
[ 2022-12-13 20:42:22,831 ] 88 root - INFO - Hypothesis ak_000: float64, float64 
[ 2022-12-13 20:42:22,867 ] 88 root - INFO - Hypothesis al_000: float64, float64 
[ 2022-12-13 20:42:22,907 ] 88 root - INFO - Hypothesis am_0: float64, float64 
[ 2022-12-13 20:42:22,946 ] 88 root - INFO - Hypothesis an_000: float64, float64 
[ 2022-12-13 20:42:22,957 ] 88 root - INFO - Hypothesis ao_000: float64, float64 
[ 2022-12-13 20:42:22,968 ] 88 root - INFO - Hypothesis ap_000: float64, float64 
[ 2022-12-13 20:42:22,978 ] 88 root - INFO - Hypothesis aq_000: float64, float64 
[ 2022-12-13 20:42:22,989 ] 88 root - INFO - Hypothesis ar_000: float64, float64 
[ 2022-12-13 20:42:23,025 ] 88 root - INFO - Hypothesis as_000: float64, float64 
[ 2022-12-13 20:42:23,059 ] 88 root - INFO - Hypothesis at_000: float64, float64 
[ 2022-12-13 20:42:23,095 ] 88 root - INFO - Hypothesis au_000: float64, float64 
[ 2022-12-13 20:42:23,129 ] 88 root - INFO - Hypothesis av_000: float64, float64 
[ 2022-12-13 20:42:23,137 ] 88 root - INFO - Hypothesis ax_000: float64, float64 
[ 2022-12-13 20:42:23,145 ] 88 root - INFO - Hypothesis ay_000: float64, float64 
[ 2022-12-13 20:42:23,180 ] 88 root - INFO - Hypothesis ay_001: float64, float64 
[ 2022-12-13 20:42:23,216 ] 88 root - INFO - Hypothesis ay_002: float64, float64 
[ 2022-12-13 20:42:23,250 ] 88 root - INFO - Hypothesis ay_003: float64, float64 
[ 2022-12-13 20:42:23,285 ] 88 root - INFO - Hypothesis ay_004: float64, float64 
[ 2022-12-13 20:42:23,321 ] 88 root - INFO - Hypothesis ay_005: float64, float64 
[ 2022-12-13 20:42:23,329 ] 88 root - INFO - Hypothesis ay_006: float64, float64 
[ 2022-12-13 20:42:23,370 ] 88 root - INFO - Hypothesis ay_007: float64, float64 
[ 2022-12-13 20:42:23,380 ] 88 root - INFO - Hypothesis ay_008: float64, float64 
[ 2022-12-13 20:42:23,390 ] 88 root - INFO - Hypothesis ay_009: float64, float64 
[ 2022-12-13 20:42:23,425 ] 88 root - INFO - Hypothesis az_000: float64, float64 
[ 2022-12-13 20:42:23,435 ] 88 root - INFO - Hypothesis az_001: float64, float64 
[ 2022-12-13 20:42:23,444 ] 88 root - INFO - Hypothesis az_002: float64, float64 
[ 2022-12-13 20:42:23,453 ] 88 root - INFO - Hypothesis az_003: float64, float64 
[ 2022-12-13 20:42:23,463 ] 88 root - INFO - Hypothesis az_004: float64, float64 
[ 2022-12-13 20:42:23,474 ] 88 root - INFO - Hypothesis az_005: float64, float64 
[ 2022-12-13 20:42:23,484 ] 88 root - INFO - Hypothesis az_006: float64, float64 
[ 2022-12-13 20:42:23,493 ] 88 root - INFO - Hypothesis az_007: float64, float64 
[ 2022-12-13 20:42:23,530 ] 88 root - INFO - Hypothesis az_008: float64, float64 
[ 2022-12-13 20:42:23,567 ] 88 root - INFO - Hypothesis az_009: float64, float64 
[ 2022-12-13 20:42:23,601 ] 88 root - INFO - Hypothesis ba_000: float64, float64 
[ 2022-12-13 20:42:23,612 ] 88 root - INFO - Hypothesis ba_001: float64, float64 
[ 2022-12-13 20:42:23,622 ] 88 root - INFO - Hypothesis ba_002: float64, float64 
[ 2022-12-13 20:42:23,633 ] 88 root - INFO - Hypothesis ba_003: float64, float64 
[ 2022-12-13 20:42:23,643 ] 88 root - INFO - Hypothesis ba_004: float64, float64 
[ 2022-12-13 20:42:23,653 ] 88 root - INFO - Hypothesis ba_005: float64, float64 
[ 2022-12-13 20:42:23,663 ] 88 root - INFO - Hypothesis ba_006: float64, float64 
[ 2022-12-13 20:42:23,673 ] 88 root - INFO - Hypothesis ba_007: float64, float64 
[ 2022-12-13 20:42:23,683 ] 88 root - INFO - Hypothesis ba_008: float64, float64 
[ 2022-12-13 20:42:23,721 ] 88 root - INFO - Hypothesis ba_009: float64, float64 
[ 2022-12-13 20:42:23,759 ] 88 root - INFO - Hypothesis bb_000: float64, float64 
[ 2022-12-13 20:42:23,801 ] 88 root - INFO - Hypothesis bc_000: float64, float64 
[ 2022-12-13 20:42:23,840 ] 88 root - INFO - Hypothesis bd_000: float64, float64 
[ 2022-12-13 20:42:23,880 ] 88 root - INFO - Hypothesis be_000: float64, float64 
[ 2022-12-13 20:42:23,922 ] 88 root - INFO - Hypothesis bf_000: float64, float64 
[ 2022-12-13 20:42:23,930 ] 88 root - INFO - Hypothesis bg_000: float64, float64 
[ 2022-12-13 20:42:23,976 ] 88 root - INFO - Hypothesis bh_000: float64, float64 
[ 2022-12-13 20:42:23,987 ] 88 root - INFO - Hypothesis bi_000: float64, float64 
[ 2022-12-13 20:42:23,998 ] 88 root - INFO - Hypothesis bj_000: float64, float64 
[ 2022-12-13 20:42:24,010 ] 88 root - INFO - Hypothesis bs_000: float64, float64 
[ 2022-12-13 20:42:24,020 ] 88 root - INFO - Hypothesis bt_000: float64, float64 
[ 2022-12-13 20:42:24,032 ] 88 root - INFO - Hypothesis bu_000: float64, float64 
[ 2022-12-13 20:42:24,074 ] 88 root - INFO - Hypothesis bv_000: float64, float64 
[ 2022-12-13 20:42:24,116 ] 88 root - INFO - Hypothesis bx_000: float64, float64 
[ 2022-12-13 20:42:24,131 ] 88 root - INFO - Hypothesis by_000: float64, float64 
[ 2022-12-13 20:42:24,141 ] 88 root - INFO - Hypothesis bz_000: float64, float64 
[ 2022-12-13 20:42:24,151 ] 88 root - INFO - Hypothesis ca_000: float64, float64 
[ 2022-12-13 20:42:24,161 ] 88 root - INFO - Hypothesis cb_000: float64, float64 
[ 2022-12-13 20:42:24,172 ] 88 root - INFO - Hypothesis cc_000: float64, float64 
[ 2022-12-13 20:42:24,182 ] 88 root - INFO - Hypothesis cd_000: float64, float64 
[ 2022-12-13 20:42:24,187 ] 88 root - INFO - Hypothesis ce_000: float64, float64 
[ 2022-12-13 20:42:24,196 ] 88 root - INFO - Hypothesis ci_000: float64, float64 
[ 2022-12-13 20:42:24,238 ] 88 root - INFO - Hypothesis cj_000: float64, float64 
[ 2022-12-13 20:42:24,244 ] 88 root - INFO - Hypothesis ck_000: float64, float64 
[ 2022-12-13 20:42:24,255 ] 88 root - INFO - Hypothesis cl_000: float64, float64 
[ 2022-12-13 20:42:24,291 ] 88 root - INFO - Hypothesis cm_000: float64, float64 
[ 2022-12-13 20:42:24,329 ] 88 root - INFO - Hypothesis cn_000: float64, float64 
[ 2022-12-13 20:42:24,365 ] 88 root - INFO - Hypothesis cn_001: float64, float64 
[ 2022-12-13 20:42:24,401 ] 88 root - INFO - Hypothesis cn_002: float64, float64 
[ 2022-12-13 20:42:24,441 ] 88 root - INFO - Hypothesis cn_003: float64, float64 
[ 2022-12-13 20:42:24,482 ] 88 root - INFO - Hypothesis cn_004: float64, float64 
[ 2022-12-13 20:42:24,524 ] 88 root - INFO - Hypothesis cn_005: float64, float64 
[ 2022-12-13 20:42:24,535 ] 88 root - INFO - Hypothesis cn_006: float64, float64 
[ 2022-12-13 20:42:24,545 ] 88 root - INFO - Hypothesis cn_007: float64, float64 
[ 2022-12-13 20:42:24,555 ] 88 root - INFO - Hypothesis cn_008: float64, float64 
[ 2022-12-13 20:42:24,564 ] 88 root - INFO - Hypothesis cn_009: float64, float64 
[ 2022-12-13 20:42:24,572 ] 88 root - INFO - Hypothesis cp_000: float64, float64 
[ 2022-12-13 20:42:24,579 ] 88 root - INFO - Hypothesis cq_000: float64, float64 
[ 2022-12-13 20:42:24,621 ] 88 root - INFO - Hypothesis cs_000: float64, float64 
[ 2022-12-13 20:42:24,631 ] 88 root - INFO - Hypothesis cs_001: float64, float64 
[ 2022-12-13 20:42:24,639 ] 88 root - INFO - Hypothesis cs_002: float64, float64 
[ 2022-12-13 20:42:24,649 ] 88 root - INFO - Hypothesis cs_003: float64, float64 
[ 2022-12-13 20:42:24,660 ] 88 root - INFO - Hypothesis cs_004: float64, float64 
[ 2022-12-13 20:42:24,670 ] 88 root - INFO - Hypothesis cs_005: float64, float64 
[ 2022-12-13 20:42:24,681 ] 88 root - INFO - Hypothesis cs_006: float64, float64 
[ 2022-12-13 20:42:24,723 ] 88 root - INFO - Hypothesis cs_007: float64, float64 
[ 2022-12-13 20:42:24,764 ] 88 root - INFO - Hypothesis cs_008: float64, float64 
[ 2022-12-13 20:42:24,772 ] 88 root - INFO - Hypothesis cs_009: float64, float64 
[ 2022-12-13 20:42:24,807 ] 88 root - INFO - Hypothesis dd_000: float64, float64 
[ 2022-12-13 20:42:24,848 ] 88 root - INFO - Hypothesis de_000: float64, float64 
[ 2022-12-13 20:42:24,889 ] 88 root - INFO - Hypothesis df_000: float64, float64 
[ 2022-12-13 20:42:24,895 ] 88 root - INFO - Hypothesis dg_000: float64, float64 
[ 2022-12-13 20:42:24,933 ] 88 root - INFO - Hypothesis dh_000: float64, float64 
[ 2022-12-13 20:42:24,941 ] 88 root - INFO - Hypothesis di_000: float64, float64 
[ 2022-12-13 20:42:24,950 ] 88 root - INFO - Hypothesis dj_000: float64, float64 
[ 2022-12-13 20:42:24,988 ] 88 root - INFO - Hypothesis dk_000: float64, float64 
[ 2022-12-13 20:42:25,026 ] 88 root - INFO - Hypothesis dl_000: float64, float64 
[ 2022-12-13 20:42:25,062 ] 88 root - INFO - Hypothesis dm_000: float64, float64 
[ 2022-12-13 20:42:25,100 ] 88 root - INFO - Hypothesis dn_000: float64, float64 
[ 2022-12-13 20:42:25,110 ] 88 root - INFO - Hypothesis do_000: float64, float64 
[ 2022-12-13 20:42:25,120 ] 88 root - INFO - Hypothesis dp_000: float64, float64 
[ 2022-12-13 20:42:25,160 ] 88 root - INFO - Hypothesis dq_000: float64, float64 
[ 2022-12-13 20:42:25,199 ] 88 root - INFO - Hypothesis dr_000: float64, float64 
[ 2022-12-13 20:42:25,237 ] 88 root - INFO - Hypothesis ds_000: float64, float64 
[ 2022-12-13 20:42:25,278 ] 88 root - INFO - Hypothesis dt_000: float64, float64 
[ 2022-12-13 20:42:25,319 ] 88 root - INFO - Hypothesis du_000: float64, float64 
[ 2022-12-13 20:42:25,329 ] 88 root - INFO - Hypothesis dv_000: float64, float64 
[ 2022-12-13 20:42:25,339 ] 88 root - INFO - Hypothesis dx_000: float64, float64 
[ 2022-12-13 20:42:25,378 ] 88 root - INFO - Hypothesis dy_000: float64, float64 
[ 2022-12-13 20:42:25,415 ] 88 root - INFO - Hypothesis dz_000: float64, float64 
[ 2022-12-13 20:42:25,450 ] 88 root - INFO - Hypothesis ea_000: float64, float64 
[ 2022-12-13 20:42:25,486 ] 88 root - INFO - Hypothesis eb_000: float64, float64 
[ 2022-12-13 20:42:25,495 ] 88 root - INFO - Hypothesis ec_00: float64, float64 
[ 2022-12-13 20:42:25,537 ] 88 root - INFO - Hypothesis ed_000: float64, float64 
[ 2022-12-13 20:42:25,577 ] 88 root - INFO - Hypothesis ee_000: float64, float64 
[ 2022-12-13 20:42:25,588 ] 88 root - INFO - Hypothesis ee_001: float64, float64 
[ 2022-12-13 20:42:25,630 ] 88 root - INFO - Hypothesis ee_002: float64, float64 
[ 2022-12-13 20:42:25,641 ] 88 root - INFO - Hypothesis ee_003: float64, float64 
[ 2022-12-13 20:42:25,682 ] 88 root - INFO - Hypothesis ee_004: float64, float64 
[ 2022-12-13 20:42:25,723 ] 88 root - INFO - Hypothesis ee_005: float64, float64 
[ 2022-12-13 20:42:25,764 ] 88 root - INFO - Hypothesis ee_006: float64, float64 
[ 2022-12-13 20:42:25,805 ] 88 root - INFO - Hypothesis ee_007: float64, float64 
[ 2022-12-13 20:42:25,815 ] 88 root - INFO - Hypothesis ee_008: float64, float64 
[ 2022-12-13 20:42:25,824 ] 88 root - INFO - Hypothesis ee_009: float64, float64 
[ 2022-12-13 20:42:25,832 ] 88 root - INFO - Hypothesis ef_000: float64, float64 
[ 2022-12-13 20:42:25,867 ] 88 root - INFO - Hypothesis eg_000: float64, float64 
[ 2022-12-13 20:42:25,903 ] 143 root - INFO - As all column are available in test df hence detecting data drift
[ 2022-12-13 20:42:25,903 ] 88 root - INFO - Hypothesis class: object, object 
[ 2022-12-13 20:42:25,981 ] 88 root - INFO - Hypothesis aa_000: float64, float64 
[ 2022-12-13 20:42:25,988 ] 88 root - INFO - Hypothesis ac_000: float64, float64 
[ 2022-12-13 20:42:25,993 ] 88 root - INFO - Hypothesis ae_000: float64, float64 
[ 2022-12-13 20:42:25,997 ] 88 root - INFO - Hypothesis af_000: float64, float64 
[ 2022-12-13 20:42:26,000 ] 88 root - INFO - Hypothesis ag_000: float64, float64 
[ 2022-12-13 20:42:26,017 ] 88 root - INFO - Hypothesis ag_001: float64, float64 
[ 2022-12-13 20:42:26,032 ] 88 root - INFO - Hypothesis ag_002: float64, float64 
[ 2022-12-13 20:42:26,047 ] 88 root - INFO - Hypothesis ag_003: float64, float64 
[ 2022-12-13 20:42:26,051 ] 88 root - INFO - Hypothesis ag_004: float64, float64 
[ 2022-12-13 20:42:26,058 ] 88 root - INFO - Hypothesis ag_005: float64, float64 
[ 2022-12-13 20:42:26,065 ] 88 root - INFO - Hypothesis ag_006: float64, float64 
[ 2022-12-13 20:42:26,072 ] 88 root - INFO - Hypothesis ag_007: float64, float64 
[ 2022-12-13 20:42:26,078 ] 88 root - INFO - Hypothesis ag_008: float64, float64 
[ 2022-12-13 20:42:26,084 ] 88 root - INFO - Hypothesis ag_009: float64, float64 
[ 2022-12-13 20:42:26,089 ] 88 root - INFO - Hypothesis ah_000: float64, float64 
[ 2022-12-13 20:42:26,096 ] 88 root - INFO - Hypothesis ai_000: float64, float64 
[ 2022-12-13 20:42:26,100 ] 88 root - INFO - Hypothesis aj_000: float64, float64 
[ 2022-12-13 20:42:26,104 ] 88 root - INFO - Hypothesis ak_000: float64, float64 
[ 2022-12-13 20:42:26,107 ] 88 root - INFO - Hypothesis al_000: float64, float64 
[ 2022-12-13 20:42:26,112 ] 88 root - INFO - Hypothesis am_0: float64, float64 
[ 2022-12-13 20:42:26,129 ] 88 root - INFO - Hypothesis an_000: float64, float64 
[ 2022-12-13 20:42:26,136 ] 88 root - INFO - Hypothesis ao_000: float64, float64 
[ 2022-12-13 20:42:26,143 ] 88 root - INFO - Hypothesis ap_000: float64, float64 
[ 2022-12-13 20:42:26,150 ] 88 root - INFO - Hypothesis aq_000: float64, float64 
[ 2022-12-13 20:42:26,157 ] 88 root - INFO - Hypothesis ar_000: float64, float64 
[ 2022-12-13 20:42:26,161 ] 88 root - INFO - Hypothesis as_000: float64, float64 
[ 2022-12-13 20:42:26,176 ] 88 root - INFO - Hypothesis at_000: float64, float64 
[ 2022-12-13 20:42:26,192 ] 88 root - INFO - Hypothesis au_000: float64, float64 
[ 2022-12-13 20:42:26,207 ] 88 root - INFO - Hypothesis av_000: float64, float64 
[ 2022-12-13 20:42:26,214 ] 88 root - INFO - Hypothesis ax_000: float64, float64 
[ 2022-12-13 20:42:26,220 ] 88 root - INFO - Hypothesis ay_000: float64, float64 
[ 2022-12-13 20:42:26,235 ] 88 root - INFO - Hypothesis ay_001: float64, float64 
[ 2022-12-13 20:42:26,251 ] 88 root - INFO - Hypothesis ay_002: float64, float64 
[ 2022-12-13 20:42:26,267 ] 88 root - INFO - Hypothesis ay_003: float64, float64 
[ 2022-12-13 20:42:26,282 ] 88 root - INFO - Hypothesis ay_004: float64, float64 
[ 2022-12-13 20:42:26,298 ] 88 root - INFO - Hypothesis ay_005: float64, float64 
[ 2022-12-13 20:42:26,304 ] 88 root - INFO - Hypothesis ay_006: float64, float64 
[ 2022-12-13 20:42:26,311 ] 88 root - INFO - Hypothesis ay_007: float64, float64 
[ 2022-12-13 20:42:26,318 ] 88 root - INFO - Hypothesis ay_008: float64, float64 
[ 2022-12-13 20:42:26,325 ] 88 root - INFO - Hypothesis ay_009: float64, float64 
[ 2022-12-13 20:42:26,340 ] 88 root - INFO - Hypothesis az_000: float64, float64 
[ 2022-12-13 20:42:26,348 ] 88 root - INFO - Hypothesis az_001: float64, float64 
[ 2022-12-13 20:42:26,354 ] 88 root - INFO - Hypothesis az_002: float64, float64 
[ 2022-12-13 20:42:26,361 ] 88 root - INFO - Hypothesis az_003: float64, float64 
[ 2022-12-13 20:42:26,368 ] 88 root - INFO - Hypothesis az_004: float64, float64 
[ 2022-12-13 20:42:26,375 ] 88 root - INFO - Hypothesis az_005: float64, float64 
[ 2022-12-13 20:42:26,383 ] 88 root - INFO - Hypothesis az_006: float64, float64 
[ 2022-12-13 20:42:26,389 ] 88 root - INFO - Hypothesis az_007: float64, float64 
[ 2022-12-13 20:42:26,393 ] 88 root - INFO - Hypothesis az_008: float64, float64 
[ 2022-12-13 20:42:26,397 ] 88 root - INFO - Hypothesis az_009: float64, float64 
[ 2022-12-13 20:42:26,412 ] 88 root - INFO - Hypothesis ba_000: float64, float64 
[ 2022-12-13 20:42:26,419 ] 88 root - INFO - Hypothesis ba_001: float64, float64 
[ 2022-12-13 20:42:26,426 ] 88 root - INFO - Hypothesis ba_002: float64, float64 
[ 2022-12-13 20:42:26,433 ] 88 root - INFO - Hypothesis ba_003: float64, float64 
[ 2022-12-13 20:42:26,440 ] 88 root - INFO - Hypothesis ba_004: float64, float64 
[ 2022-12-13 20:42:26,447 ] 88 root - INFO - Hypothesis ba_005: float64, float64 
[ 2022-12-13 20:42:26,454 ] 88 root - INFO - Hypothesis ba_006: float64, float64 
[ 2022-12-13 20:42:26,461 ] 88 root - INFO - Hypothesis ba_007: float64, float64 
[ 2022-12-13 20:42:26,467 ] 88 root - INFO - Hypothesis ba_008: float64, float64 
[ 2022-12-13 20:42:26,472 ] 88 root - INFO - Hypothesis ba_009: float64, float64 
[ 2022-12-13 20:42:26,489 ] 88 root - INFO - Hypothesis bb_000: float64, float64 
[ 2022-12-13 20:42:26,496 ] 88 root - INFO - Hypothesis bc_000: float64, float64 
[ 2022-12-13 20:42:26,501 ] 88 root - INFO - Hypothesis bd_000: float64, float64 
[ 2022-12-13 20:42:26,507 ] 88 root - INFO - Hypothesis be_000: float64, float64 
[ 2022-12-13 20:42:26,513 ] 88 root - INFO - Hypothesis bf_000: float64, float64 
[ 2022-12-13 20:42:26,517 ] 88 root - INFO - Hypothesis bg_000: float64, float64 
[ 2022-12-13 20:42:26,525 ] 88 root - INFO - Hypothesis bh_000: float64, float64 
[ 2022-12-13 20:42:26,532 ] 88 root - INFO - Hypothesis bi_000: float64, float64 
[ 2022-12-13 20:42:26,539 ] 88 root - INFO - Hypothesis bj_000: float64, float64 
[ 2022-12-13 20:42:26,546 ] 88 root - INFO - Hypothesis bs_000: float64, float64 
[ 2022-12-13 20:42:26,553 ] 88 root - INFO - Hypothesis bt_000: float64, float64 
[ 2022-12-13 20:42:26,560 ] 88 root - INFO - Hypothesis bu_000: float64, float64 
[ 2022-12-13 20:42:26,570 ] 88 root - INFO - Hypothesis bv_000: float64, float64 
[ 2022-12-13 20:42:26,577 ] 88 root - INFO - Hypothesis bx_000: float64, float64 
[ 2022-12-13 20:42:26,584 ] 88 root - INFO - Hypothesis by_000: float64, float64 
[ 2022-12-13 20:42:26,591 ] 88 root - INFO - Hypothesis bz_000: float64, float64 
[ 2022-12-13 20:42:26,597 ] 88 root - INFO - Hypothesis ca_000: float64, float64 
[ 2022-12-13 20:42:26,604 ] 88 root - INFO - Hypothesis cb_000: float64, float64 
[ 2022-12-13 20:42:26,611 ] 88 root - INFO - Hypothesis cc_000: float64, float64 
[ 2022-12-13 20:42:26,618 ] 88 root - INFO - Hypothesis cd_000: float64, float64 
[ 2022-12-13 20:42:26,621 ] 88 root - INFO - Hypothesis ce_000: float64, float64 
[ 2022-12-13 20:42:26,627 ] 88 root - INFO - Hypothesis ci_000: float64, float64 
[ 2022-12-13 20:42:26,634 ] 88 root - INFO - Hypothesis cj_000: float64, float64 
[ 2022-12-13 20:42:26,638 ] 88 root - INFO - Hypothesis ck_000: float64, float64 
[ 2022-12-13 20:42:26,645 ] 88 root - INFO - Hypothesis cl_000: float64, float64 
[ 2022-12-13 20:42:26,662 ] 88 root - INFO - Hypothesis cm_000: float64, float64 
[ 2022-12-13 20:42:26,666 ] 88 root - INFO - Hypothesis cn_000: float64, float64 
[ 2022-12-13 20:42:26,681 ] 88 root - INFO - Hypothesis cn_001: float64, float64 
[ 2022-12-13 20:42:26,697 ] 88 root - INFO - Hypothesis cn_002: float64, float64 
[ 2022-12-13 20:42:26,702 ] 88 root - INFO - Hypothesis cn_003: float64, float64 
[ 2022-12-13 20:42:26,709 ] 88 root - INFO - Hypothesis cn_004: float64, float64 
[ 2022-12-13 20:42:26,717 ] 88 root - INFO - Hypothesis cn_005: float64, float64 
[ 2022-12-13 20:42:26,724 ] 88 root - INFO - Hypothesis cn_006: float64, float64 
[ 2022-12-13 20:42:26,730 ] 88 root - INFO - Hypothesis cn_007: float64, float64 
[ 2022-12-13 20:42:26,737 ] 88 root - INFO - Hypothesis cn_008: float64, float64 
[ 2022-12-13 20:42:26,743 ] 88 root - INFO - Hypothesis cn_009: float64, float64 
[ 2022-12-13 20:42:26,748 ] 88 root - INFO - Hypothesis cp_000: float64, float64 
[ 2022-12-13 20:42:26,753 ] 88 root - INFO - Hypothesis cq_000: float64, float64 
[ 2022-12-13 20:42:26,760 ] 88 root - INFO - Hypothesis cs_000: float64, float64 
[ 2022-12-13 20:42:26,767 ] 88 root - INFO - Hypothesis cs_001: float64, float64 
[ 2022-12-13 20:42:26,773 ] 88 root - INFO - Hypothesis cs_002: float64, float64 
[ 2022-12-13 20:42:26,780 ] 88 root - INFO - Hypothesis cs_003: float64, float64 
[ 2022-12-13 20:42:26,787 ] 88 root - INFO - Hypothesis cs_004: float64, float64 
[ 2022-12-13 20:42:26,794 ] 88 root - INFO - Hypothesis cs_005: float64, float64 
[ 2022-12-13 20:42:26,801 ] 88 root - INFO - Hypothesis cs_006: float64, float64 
[ 2022-12-13 20:42:26,808 ] 88 root - INFO - Hypothesis cs_007: float64, float64 
[ 2022-12-13 20:42:26,815 ] 88 root - INFO - Hypothesis cs_008: float64, float64 
[ 2022-12-13 20:42:26,820 ] 88 root - INFO - Hypothesis cs_009: float64, float64 
[ 2022-12-13 20:42:26,836 ] 88 root - INFO - Hypothesis dd_000: float64, float64 
[ 2022-12-13 20:42:26,843 ] 88 root - INFO - Hypothesis de_000: float64, float64 
[ 2022-12-13 20:42:26,848 ] 88 root - INFO - Hypothesis df_000: float64, float64 
[ 2022-12-13 20:42:26,852 ] 88 root - INFO - Hypothesis dg_000: float64, float64 
[ 2022-12-13 20:42:26,855 ] 88 root - INFO - Hypothesis dh_000: float64, float64 
[ 2022-12-13 20:42:26,859 ] 88 root - INFO - Hypothesis di_000: float64, float64 
[ 2022-12-13 20:42:26,863 ] 88 root - INFO - Hypothesis dj_000: float64, float64 
[ 2022-12-13 20:42:26,867 ] 88 root - INFO - Hypothesis dk_000: float64, float64 
[ 2022-12-13 20:42:26,871 ] 88 root - INFO - Hypothesis dl_000: float64, float64 
[ 2022-12-13 20:42:26,877 ] 88 root - INFO - Hypothesis dm_000: float64, float64 
[ 2022-12-13 20:42:26,881 ] 88 root - INFO - Hypothesis dn_000: float64, float64 
[ 2022-12-13 20:42:26,888 ] 88 root - INFO - Hypothesis do_000: float64, float64 
[ 2022-12-13 20:42:26,895 ] 88 root - INFO - Hypothesis dp_000: float64, float64 
[ 2022-12-13 20:42:26,901 ] 88 root - INFO - Hypothesis dq_000: float64, float64 
[ 2022-12-13 20:42:26,906 ] 88 root - INFO - Hypothesis dr_000: float64, float64 
[ 2022-12-13 20:42:26,911 ] 88 root - INFO - Hypothesis ds_000: float64, float64 
[ 2022-12-13 20:42:26,918 ] 88 root - INFO - Hypothesis dt_000: float64, float64 
[ 2022-12-13 20:42:26,926 ] 88 root - INFO - Hypothesis du_000: float64, float64 
[ 2022-12-13 20:42:26,934 ] 88 root - INFO - Hypothesis dv_000: float64, float64 
[ 2022-12-13 20:42:26,941 ] 88 root - INFO - Hypothesis dx_000: float64, float64 
[ 2022-12-13 20:42:26,947 ] 88 root - INFO - Hypothesis dy_000: float64, float64 
[ 2022-12-13 20:42:26,952 ] 88 root - INFO - Hypothesis dz_000: float64, float64 
[ 2022-12-13 20:42:26,955 ] 88 root - INFO - Hypothesis ea_000: float64, float64 
[ 2022-12-13 20:42:26,960 ] 88 root - INFO - Hypothesis eb_000: float64, float64 
[ 2022-12-13 20:42:26,966 ] 88 root - INFO - Hypothesis ec_00: float64, float64 
[ 2022-12-13 20:42:26,974 ] 88 root - INFO - Hypothesis ed_000: float64, float64 
[ 2022-12-13 20:42:26,980 ] 88 root - INFO - Hypothesis ee_000: float64, float64 
[ 2022-12-13 20:42:26,992 ] 88 root - INFO - Hypothesis ee_001: float64, float64 
[ 2022-12-13 20:42:27,000 ] 88 root - INFO - Hypothesis ee_002: float64, float64 
[ 2022-12-13 20:42:27,008 ] 88 root - INFO - Hypothesis ee_003: float64, float64 
[ 2022-12-13 20:42:27,015 ] 88 root - INFO - Hypothesis ee_004: float64, float64 
[ 2022-12-13 20:42:27,023 ] 88 root - INFO - Hypothesis ee_005: float64, float64 
[ 2022-12-13 20:42:27,030 ] 88 root - INFO - Hypothesis ee_006: float64, float64 
[ 2022-12-13 20:42:27,037 ] 88 root - INFO - Hypothesis ee_007: float64, float64 
[ 2022-12-13 20:42:27,044 ] 88 root - INFO - Hypothesis ee_008: float64, float64 
[ 2022-12-13 20:42:27,051 ] 88 root - INFO - Hypothesis ee_009: float64, float64 
[ 2022-12-13 20:42:27,056 ] 88 root - INFO - Hypothesis ef_000: float64, float64 
[ 2022-12-13 20:42:27,059 ] 88 root - INFO - Hypothesis eg_000: float64, float64 
[ 2022-12-13 20:42:27,062 ] 147 root - INFO - Write reprt in yaml file
[ 2022-12-13 20:42:27,130 ] 152 root - INFO - Data validation artifact: DataValidationArtifact(report_file_path='/config/workspace/artifact/12132022__204202/data_validation/report.yaml')
[ 2022-12-13 20:42:27,133 ] 24 root - INFO - >>>>>>>>>>>>>>>>>>>>>>>>>>>>>>>>>>>>>>>> Data Transformation <<<<<<<<<<<<<<<<<<<<<<<<<<<<<<<<<<<<<<<<
[ 2022-12-13 20:42:28,038 ] 75 root - INFO - Before resampling in training set Input: (28950, 170) Target:(28950,)
[ 2022-12-13 20:42:34,809 ] 77 root - INFO - After resampling in training set Input: (56220, 170) Target:(56220,)
[ 2022-12-13 20:42:34,810 ] 79 root - INFO - Before resampling in testing set Input: (7238, 170) Target:(7238,)
[ 2022-12-13 20:42:35,502 ] 81 root - INFO - After resampling in testing set Input: (14002, 170) Target:(14002,)
[ 2022-12-13 20:42:35,605 ] 54 root - INFO - Entered the save_object method of utils
[ 2022-12-13 20:42:35,608 ] 58 root - INFO - Exited the save_object method of utils
[ 2022-12-13 20:42:35,608 ] 54 root - INFO - Entered the save_object method of utils
[ 2022-12-13 20:42:35,609 ] 58 root - INFO - Exited the save_object method of utils
[ 2022-12-13 20:42:35,609 ] 112 root - INFO - Data transformation object DataTransformationArtifact(transform_object_path='/config/workspace/artifact/12132022__204202/data_transformation/transformer/transformer.pkl', transformed_train_path='/config/workspace/artifact/12132022__204202/data_transformation/transformed/train.npz', transformed_test_path='/config/workspace/artifact/12132022__204202/data_transformation/transformed/test.npz', target_encoder_path='/config/workspace/artifact/12132022__204202/data_transformation/target_encoder/target_encoder.pkl')
[ 2022-12-13 20:42:35,610 ] 18 root - INFO - >>>>>>>>>>>>>>>>>>>>>>>>>>>>>>>>>>>>>>>> Model Trainer <<<<<<<<<<<<<<<<<<<<<<<<<<<<<<<<<<<<<<<<
[ 2022-12-13 20:42:35,610 ] 45 root - INFO - Loading train and test array.
[ 2022-12-13 20:42:35,639 ] 49 root - INFO - Splitting input and target feature from both train and test arr.
[ 2022-12-13 20:42:35,640 ] 53 root - INFO - Train the model
[ 2022-12-13 20:42:47,369 ] 56 root - INFO - Calculating f1 train score
[ 2022-12-13 20:42:47,424 ] 60 root - INFO - Calculating f1 test score
[ 2022-12-13 20:42:47,441 ] 64 root - INFO - train score:0.999982212419289 and tests score 0.9773237701948851
[ 2022-12-13 20:42:47,442 ] 66 root - INFO - Checking if our model is underfitting or not
[ 2022-12-13 20:42:47,442 ] 71 root - INFO - Checking if our model is overfiiting or not
[ 2022-12-13 20:42:47,442 ] 78 root - INFO - Saving mode object
[ 2022-12-13 20:42:47,442 ] 54 root - INFO - Entered the save_object method of utils
[ 2022-12-13 20:42:47,447 ] 58 root - INFO - Exited the save_object method of utils
[ 2022-12-13 20:42:47,447 ] 82 root - INFO - Prepare the artifact
[ 2022-12-13 20:42:47,448 ] 85 root - INFO - Model trainer artifact: ModelTrainerArtifact(model_path='/config/workspace/artifact/12132022__204202/model_trainer/model/model.pkl', f1_train_score=0.999982212419289, f1_test_score=0.9773237701948851)
[ 2022-12-13 20:42:47,449 ] 19 root - INFO - >>>>>>>>>>>>>>>>>>>>>>>>>>>>>>>>>>>>>>>>  Model Evaluation <<<<<<<<<<<<<<<<<<<<<<<<<<<<<<<<<<<<<<<<
[ 2022-12-13 20:42:47,449 ] 39 root - INFO - Model evaluation artifact: ModelEvaluationArtifact(is_model_accepted=True, improved_accuracy=None)
