[ 2022-12-13 23:58:39,866 ] 15 root - INFO - >>>>>>>>>>>>>>>>>>>>>>>>>>>>>>>>>>>>>>>> Data Ingestion <<<<<<<<<<<<<<<<<<<<<<<<<<<<<<<<<<<<<<<<
[ 2022-12-13 23:58:39,867 ] 22 root - INFO - Exporting collection data as pandas dataframe
[ 2022-12-13 23:58:39,867 ] 21 root - INFO - Reading data from database: aps and collection: sensor
[ 2022-12-13 23:58:43,764 ] 23 root - INFO - Found columns: Index(['_id', 'class', 'aa_000', 'ab_000', 'ac_000', 'ad_000', 'ae_000',
       'af_000', 'ag_000', 'ag_001',
       ...
       'ee_002', 'ee_003', 'ee_004', 'ee_005', 'ee_006', 'ee_007', 'ee_008',
       'ee_009', 'ef_000', 'eg_000'],
      dtype='object', length=172)
[ 2022-12-13 23:58:43,765 ] 25 root - INFO - Dropping column: _id 
[ 2022-12-13 23:58:43,966 ] 27 root - INFO - Row and columns in df: (36188, 171)
[ 2022-12-13 23:58:43,966 ] 28 root - INFO - Save data in feature store
[ 2022-12-13 23:58:44,576 ] 34 root - INFO - Create feature store folder if not available
[ 2022-12-13 23:58:44,577 ] 38 root - INFO - Save df to feature store folder
[ 2022-12-13 23:58:47,674 ] 43 root - INFO - split dataset into train and test set
[ 2022-12-13 23:58:48,362 ] 47 root - INFO - create dataset directory folder if not available
[ 2022-12-13 23:58:48,363 ] 52 root - INFO - Save df to feature store folder
[ 2022-12-13 23:58:50,637 ] 64 root - INFO - Data ingestion artifact: DataIngestionArtifact(feature_store_file_path='/config/workspace/artifact/12132022__235839/data_ingestion/feature_store/sensor.csv', train_file_path='/config/workspace/artifact/12132022__235839/data_ingestion/dataset/train.csv', test_file_path='/config/workspace/artifact/12132022__235839/data_ingestion/dataset/test.csv')
[ 2022-12-13 23:58:51,018 ] 22 root - INFO - >>>>>>>>>>>>>>>>>>>>>>>>>>>>>>>>>>>>>>>> Data Validation <<<<<<<<<<<<<<<<<<<<<<<<<<<<<<<<<<<<<<<<
[ 2022-12-13 23:58:51,018 ] 110 root - INFO - Reading base dataframe
[ 2022-12-13 23:58:54,102 ] 113 root - INFO - Replace na value in base df
[ 2022-12-13 23:58:54,102 ] 115 root - INFO - Drop null values colums from base df
[ 2022-12-13 23:58:55,039 ] 44 root - INFO - selecting column name which contains null above to 0.2
[ 2022-12-13 23:58:55,040 ] 47 root - INFO - Columns to drop: ['ab_000', 'ad_000', 'bk_000', 'bl_000', 'bm_000', 'bn_000', 'bo_000', 'bp_000', 'bq_000', 'br_000', 'cf_000', 'cg_000', 'ch_000', 'co_000', 'cr_000', 'ct_000', 'cu_000', 'cv_000', 'cx_000', 'cy_000', 'cz_000', 'da_000', 'db_000', 'dc_000']
[ 2022-12-13 23:58:55,131 ] 118 root - INFO - Reading train dataframe
[ 2022-12-13 23:58:55,578 ] 120 root - INFO - Reading test dataframe
[ 2022-12-13 23:58:55,711 ] 123 root - INFO - Drop null values colums from train df
[ 2022-12-13 23:58:55,724 ] 44 root - INFO - selecting column name which contains null above to 0.2
[ 2022-12-13 23:58:55,725 ] 47 root - INFO - Columns to drop: ['ab_000', 'ad_000', 'bk_000', 'bl_000', 'bm_000', 'bn_000', 'bo_000', 'bp_000', 'bq_000', 'br_000', 'cf_000', 'cg_000', 'ch_000', 'co_000', 'cr_000', 'ct_000', 'cu_000', 'cv_000', 'cx_000', 'cy_000', 'cz_000', 'da_000', 'db_000', 'dc_000']
[ 2022-12-13 23:58:55,739 ] 125 root - INFO - Drop null values colums from test df
[ 2022-12-13 23:58:55,746 ] 44 root - INFO - selecting column name which contains null above to 0.2
[ 2022-12-13 23:58:55,747 ] 47 root - INFO - Columns to drop: ['ab_000', 'ad_000', 'bk_000', 'bl_000', 'bm_000', 'bn_000', 'bo_000', 'bp_000', 'bq_000', 'br_000', 'cf_000', 'cg_000', 'ch_000', 'co_000', 'cr_000', 'ct_000', 'cu_000', 'cv_000', 'cx_000', 'cy_000', 'cz_000', 'da_000', 'db_000', 'dc_000']
[ 2022-12-13 23:59:02,309 ] 134 root - INFO - Is all required columns present in train df
[ 2022-12-13 23:59:02,310 ] 136 root - INFO - Is all required columns present in test df
[ 2022-12-13 23:59:02,311 ] 140 root - INFO - As all column are available in train df hence detecting data drift
[ 2022-12-13 23:59:02,311 ] 88 root - INFO - Hypothesis class: object, object 
[ 2022-12-13 23:59:02,458 ] 88 root - INFO - Hypothesis aa_000: float64, float64 
[ 2022-12-13 23:59:02,469 ] 88 root - INFO - Hypothesis ac_000: float64, float64 
[ 2022-12-13 23:59:02,519 ] 88 root - INFO - Hypothesis ae_000: float64, float64 
[ 2022-12-13 23:59:02,569 ] 88 root - INFO - Hypothesis af_000: float64, float64 
[ 2022-12-13 23:59:02,616 ] 88 root - INFO - Hypothesis ag_000: float64, float64 
[ 2022-12-13 23:59:02,663 ] 88 root - INFO - Hypothesis ag_001: float64, float64 
[ 2022-12-13 23:59:02,711 ] 88 root - INFO - Hypothesis ag_002: float64, float64 
[ 2022-12-13 23:59:02,758 ] 88 root - INFO - Hypothesis ag_003: float64, float64 
[ 2022-12-13 23:59:02,805 ] 88 root - INFO - Hypothesis ag_004: float64, float64 
[ 2022-12-13 23:59:02,858 ] 88 root - INFO - Hypothesis ag_005: float64, float64 
[ 2022-12-13 23:59:02,912 ] 88 root - INFO - Hypothesis ag_006: float64, float64 
[ 2022-12-13 23:59:02,924 ] 88 root - INFO - Hypothesis ag_007: float64, float64 
[ 2022-12-13 23:59:02,934 ] 88 root - INFO - Hypothesis ag_008: float64, float64 
[ 2022-12-13 23:59:02,943 ] 88 root - INFO - Hypothesis ag_009: float64, float64 
[ 2022-12-13 23:59:02,992 ] 88 root - INFO - Hypothesis ah_000: float64, float64 
[ 2022-12-13 23:59:03,004 ] 88 root - INFO - Hypothesis ai_000: float64, float64 
[ 2022-12-13 23:59:03,050 ] 88 root - INFO - Hypothesis aj_000: float64, float64 
[ 2022-12-13 23:59:03,096 ] 88 root - INFO - Hypothesis ak_000: float64, float64 
[ 2022-12-13 23:59:03,141 ] 88 root - INFO - Hypothesis al_000: float64, float64 
[ 2022-12-13 23:59:03,153 ] 88 root - INFO - Hypothesis am_0: float64, float64 
[ 2022-12-13 23:59:03,162 ] 88 root - INFO - Hypothesis an_000: float64, float64 
[ 2022-12-13 23:59:03,215 ] 88 root - INFO - Hypothesis ao_000: float64, float64 
[ 2022-12-13 23:59:03,227 ] 88 root - INFO - Hypothesis ap_000: float64, float64 
[ 2022-12-13 23:59:03,240 ] 88 root - INFO - Hypothesis aq_000: float64, float64 
[ 2022-12-13 23:59:03,252 ] 88 root - INFO - Hypothesis ar_000: float64, float64 
[ 2022-12-13 23:59:03,297 ] 88 root - INFO - Hypothesis as_000: float64, float64 
[ 2022-12-13 23:59:03,341 ] 88 root - INFO - Hypothesis at_000: float64, float64 
[ 2022-12-13 23:59:03,388 ] 88 root - INFO - Hypothesis au_000: float64, float64 
[ 2022-12-13 23:59:03,432 ] 88 root - INFO - Hypothesis av_000: float64, float64 
[ 2022-12-13 23:59:03,482 ] 88 root - INFO - Hypothesis ax_000: float64, float64 
[ 2022-12-13 23:59:03,530 ] 88 root - INFO - Hypothesis ay_000: float64, float64 
[ 2022-12-13 23:59:03,574 ] 88 root - INFO - Hypothesis ay_001: float64, float64 
[ 2022-12-13 23:59:03,621 ] 88 root - INFO - Hypothesis ay_002: float64, float64 
[ 2022-12-13 23:59:03,670 ] 88 root - INFO - Hypothesis ay_003: float64, float64 
[ 2022-12-13 23:59:03,718 ] 88 root - INFO - Hypothesis ay_004: float64, float64 
[ 2022-12-13 23:59:03,764 ] 88 root - INFO - Hypothesis ay_005: float64, float64 
[ 2022-12-13 23:59:03,812 ] 88 root - INFO - Hypothesis ay_006: float64, float64 
[ 2022-12-13 23:59:03,822 ] 88 root - INFO - Hypothesis ay_007: float64, float64 
[ 2022-12-13 23:59:03,878 ] 88 root - INFO - Hypothesis ay_008: float64, float64 
[ 2022-12-13 23:59:03,890 ] 88 root - INFO - Hypothesis ay_009: float64, float64 
[ 2022-12-13 23:59:03,936 ] 88 root - INFO - Hypothesis az_000: float64, float64 
[ 2022-12-13 23:59:03,991 ] 88 root - INFO - Hypothesis az_001: float64, float64 
[ 2022-12-13 23:59:04,002 ] 88 root - INFO - Hypothesis az_002: float64, float64 
[ 2022-12-13 23:59:04,055 ] 88 root - INFO - Hypothesis az_003: float64, float64 
[ 2022-12-13 23:59:04,107 ] 88 root - INFO - Hypothesis az_004: float64, float64 
[ 2022-12-13 23:59:04,158 ] 88 root - INFO - Hypothesis az_005: float64, float64 
[ 2022-12-13 23:59:04,170 ] 88 root - INFO - Hypothesis az_006: float64, float64 
[ 2022-12-13 23:59:04,180 ] 88 root - INFO - Hypothesis az_007: float64, float64 
[ 2022-12-13 23:59:04,229 ] 88 root - INFO - Hypothesis az_008: float64, float64 
[ 2022-12-13 23:59:04,275 ] 88 root - INFO - Hypothesis az_009: float64, float64 
[ 2022-12-13 23:59:04,320 ] 88 root - INFO - Hypothesis ba_000: float64, float64 
[ 2022-12-13 23:59:04,370 ] 88 root - INFO - Hypothesis ba_001: float64, float64 
[ 2022-12-13 23:59:04,422 ] 88 root - INFO - Hypothesis ba_002: float64, float64 
[ 2022-12-13 23:59:04,433 ] 88 root - INFO - Hypothesis ba_003: float64, float64 
[ 2022-12-13 23:59:04,485 ] 88 root - INFO - Hypothesis ba_004: float64, float64 
[ 2022-12-13 23:59:04,536 ] 88 root - INFO - Hypothesis ba_005: float64, float64 
[ 2022-12-13 23:59:04,547 ] 88 root - INFO - Hypothesis ba_006: float64, float64 
[ 2022-12-13 23:59:04,558 ] 88 root - INFO - Hypothesis ba_007: float64, float64 
[ 2022-12-13 23:59:04,608 ] 88 root - INFO - Hypothesis ba_008: float64, float64 
[ 2022-12-13 23:59:04,617 ] 88 root - INFO - Hypothesis ba_009: float64, float64 
[ 2022-12-13 23:59:04,624 ] 88 root - INFO - Hypothesis bb_000: float64, float64 
[ 2022-12-13 23:59:04,676 ] 88 root - INFO - Hypothesis bc_000: float64, float64 
[ 2022-12-13 23:59:04,728 ] 88 root - INFO - Hypothesis bd_000: float64, float64 
[ 2022-12-13 23:59:04,738 ] 88 root - INFO - Hypothesis be_000: float64, float64 
[ 2022-12-13 23:59:04,749 ] 88 root - INFO - Hypothesis bf_000: float64, float64 
[ 2022-12-13 23:59:04,757 ] 88 root - INFO - Hypothesis bg_000: float64, float64 
[ 2022-12-13 23:59:04,770 ] 88 root - INFO - Hypothesis bh_000: float64, float64 
[ 2022-12-13 23:59:04,782 ] 88 root - INFO - Hypothesis bi_000: float64, float64 
[ 2022-12-13 23:59:04,794 ] 88 root - INFO - Hypothesis bj_000: float64, float64 
[ 2022-12-13 23:59:04,807 ] 88 root - INFO - Hypothesis bs_000: float64, float64 
[ 2022-12-13 23:59:04,820 ] 88 root - INFO - Hypothesis bt_000: float64, float64 
[ 2022-12-13 23:59:04,832 ] 88 root - INFO - Hypothesis bu_000: float64, float64 
[ 2022-12-13 23:59:04,887 ] 88 root - INFO - Hypothesis bv_000: float64, float64 
[ 2022-12-13 23:59:04,939 ] 88 root - INFO - Hypothesis bx_000: float64, float64 
[ 2022-12-13 23:59:04,992 ] 88 root - INFO - Hypothesis by_000: float64, float64 
[ 2022-12-13 23:59:05,004 ] 88 root - INFO - Hypothesis bz_000: float64, float64 
[ 2022-12-13 23:59:05,014 ] 88 root - INFO - Hypothesis ca_000: float64, float64 
[ 2022-12-13 23:59:05,027 ] 88 root - INFO - Hypothesis cb_000: float64, float64 
[ 2022-12-13 23:59:05,039 ] 88 root - INFO - Hypothesis cc_000: float64, float64 
[ 2022-12-13 23:59:05,093 ] 88 root - INFO - Hypothesis cd_000: float64, float64 
[ 2022-12-13 23:59:05,140 ] 88 root - INFO - Hypothesis ce_000: float64, float64 
[ 2022-12-13 23:59:05,190 ] 88 root - INFO - Hypothesis ci_000: float64, float64 
[ 2022-12-13 23:59:05,244 ] 88 root - INFO - Hypothesis cj_000: float64, float64 
[ 2022-12-13 23:59:05,291 ] 88 root - INFO - Hypothesis ck_000: float64, float64 
[ 2022-12-13 23:59:05,303 ] 88 root - INFO - Hypothesis cl_000: float64, float64 
[ 2022-12-13 23:59:05,310 ] 88 root - INFO - Hypothesis cm_000: float64, float64 
[ 2022-12-13 23:59:05,318 ] 88 root - INFO - Hypothesis cn_000: float64, float64 
[ 2022-12-13 23:59:05,362 ] 88 root - INFO - Hypothesis cn_001: float64, float64 
[ 2022-12-13 23:59:05,412 ] 88 root - INFO - Hypothesis cn_002: float64, float64 
[ 2022-12-13 23:59:05,421 ] 88 root - INFO - Hypothesis cn_003: float64, float64 
[ 2022-12-13 23:59:05,473 ] 88 root - INFO - Hypothesis cn_004: float64, float64 
[ 2022-12-13 23:59:05,485 ] 88 root - INFO - Hypothesis cn_005: float64, float64 
[ 2022-12-13 23:59:05,496 ] 88 root - INFO - Hypothesis cn_006: float64, float64 
[ 2022-12-13 23:59:05,508 ] 88 root - INFO - Hypothesis cn_007: float64, float64 
[ 2022-12-13 23:59:05,558 ] 88 root - INFO - Hypothesis cn_008: float64, float64 
[ 2022-12-13 23:59:05,568 ] 88 root - INFO - Hypothesis cn_009: float64, float64 
[ 2022-12-13 23:59:05,616 ] 88 root - INFO - Hypothesis cp_000: float64, float64 
[ 2022-12-13 23:59:05,667 ] 88 root - INFO - Hypothesis cq_000: float64, float64 
[ 2022-12-13 23:59:05,719 ] 88 root - INFO - Hypothesis cs_000: float64, float64 
[ 2022-12-13 23:59:05,770 ] 88 root - INFO - Hypothesis cs_001: float64, float64 
[ 2022-12-13 23:59:05,780 ] 88 root - INFO - Hypothesis cs_002: float64, float64 
[ 2022-12-13 23:59:05,793 ] 88 root - INFO - Hypothesis cs_003: float64, float64 
[ 2022-12-13 23:59:05,806 ] 88 root - INFO - Hypothesis cs_004: float64, float64 
[ 2022-12-13 23:59:05,859 ] 88 root - INFO - Hypothesis cs_005: float64, float64 
[ 2022-12-13 23:59:05,913 ] 88 root - INFO - Hypothesis cs_006: float64, float64 
[ 2022-12-13 23:59:05,925 ] 88 root - INFO - Hypothesis cs_007: float64, float64 
[ 2022-12-13 23:59:05,936 ] 88 root - INFO - Hypothesis cs_008: float64, float64 
[ 2022-12-13 23:59:05,986 ] 88 root - INFO - Hypothesis cs_009: float64, float64 
[ 2022-12-13 23:59:06,033 ] 88 root - INFO - Hypothesis dd_000: float64, float64 
[ 2022-12-13 23:59:06,045 ] 88 root - INFO - Hypothesis de_000: float64, float64 
[ 2022-12-13 23:59:06,094 ] 88 root - INFO - Hypothesis df_000: float64, float64 
[ 2022-12-13 23:59:06,141 ] 88 root - INFO - Hypothesis dg_000: float64, float64 
[ 2022-12-13 23:59:06,186 ] 88 root - INFO - Hypothesis dh_000: float64, float64 
[ 2022-12-13 23:59:06,235 ] 88 root - INFO - Hypothesis di_000: float64, float64 
[ 2022-12-13 23:59:06,282 ] 88 root - INFO - Hypothesis dj_000: float64, float64 
[ 2022-12-13 23:59:06,327 ] 88 root - INFO - Hypothesis dk_000: float64, float64 
[ 2022-12-13 23:59:06,371 ] 88 root - INFO - Hypothesis dl_000: float64, float64 
[ 2022-12-13 23:59:06,418 ] 88 root - INFO - Hypothesis dm_000: float64, float64 
[ 2022-12-13 23:59:06,463 ] 88 root - INFO - Hypothesis dn_000: float64, float64 
[ 2022-12-13 23:59:06,474 ] 88 root - INFO - Hypothesis do_000: float64, float64 
[ 2022-12-13 23:59:06,485 ] 88 root - INFO - Hypothesis dp_000: float64, float64 
[ 2022-12-13 23:59:06,495 ] 88 root - INFO - Hypothesis dq_000: float64, float64 
[ 2022-12-13 23:59:06,502 ] 88 root - INFO - Hypothesis dr_000: float64, float64 
[ 2022-12-13 23:59:06,509 ] 88 root - INFO - Hypothesis ds_000: float64, float64 
[ 2022-12-13 23:59:06,521 ] 88 root - INFO - Hypothesis dt_000: float64, float64 
[ 2022-12-13 23:59:06,533 ] 88 root - INFO - Hypothesis du_000: float64, float64 
[ 2022-12-13 23:59:06,544 ] 88 root - INFO - Hypothesis dv_000: float64, float64 
[ 2022-12-13 23:59:06,555 ] 88 root - INFO - Hypothesis dx_000: float64, float64 
[ 2022-12-13 23:59:06,603 ] 88 root - INFO - Hypothesis dy_000: float64, float64 
[ 2022-12-13 23:59:06,611 ] 88 root - INFO - Hypothesis dz_000: float64, float64 
[ 2022-12-13 23:59:06,657 ] 88 root - INFO - Hypothesis ea_000: float64, float64 
[ 2022-12-13 23:59:06,701 ] 88 root - INFO - Hypothesis eb_000: float64, float64 
[ 2022-12-13 23:59:06,711 ] 88 root - INFO - Hypothesis ec_00: float64, float64 
[ 2022-12-13 23:59:06,764 ] 88 root - INFO - Hypothesis ed_000: float64, float64 
[ 2022-12-13 23:59:06,774 ] 88 root - INFO - Hypothesis ee_000: float64, float64 
[ 2022-12-13 23:59:06,827 ] 88 root - INFO - Hypothesis ee_001: float64, float64 
[ 2022-12-13 23:59:06,840 ] 88 root - INFO - Hypothesis ee_002: float64, float64 
[ 2022-12-13 23:59:06,853 ] 88 root - INFO - Hypothesis ee_003: float64, float64 
[ 2022-12-13 23:59:06,908 ] 88 root - INFO - Hypothesis ee_004: float64, float64 
[ 2022-12-13 23:59:06,966 ] 88 root - INFO - Hypothesis ee_005: float64, float64 
[ 2022-12-13 23:59:06,978 ] 88 root - INFO - Hypothesis ee_006: float64, float64 
[ 2022-12-13 23:59:07,033 ] 88 root - INFO - Hypothesis ee_007: float64, float64 
[ 2022-12-13 23:59:07,084 ] 88 root - INFO - Hypothesis ee_008: float64, float64 
[ 2022-12-13 23:59:07,134 ] 88 root - INFO - Hypothesis ee_009: float64, float64 
[ 2022-12-13 23:59:07,184 ] 88 root - INFO - Hypothesis ef_000: float64, float64 
[ 2022-12-13 23:59:07,231 ] 88 root - INFO - Hypothesis eg_000: float64, float64 
[ 2022-12-13 23:59:07,277 ] 143 root - INFO - As all column are available in test df hence detecting data drift
[ 2022-12-13 23:59:07,278 ] 88 root - INFO - Hypothesis class: object, object 
[ 2022-12-13 23:59:07,362 ] 88 root - INFO - Hypothesis aa_000: float64, float64 
[ 2022-12-13 23:59:07,370 ] 88 root - INFO - Hypothesis ac_000: float64, float64 
[ 2022-12-13 23:59:07,376 ] 88 root - INFO - Hypothesis ae_000: float64, float64 
[ 2022-12-13 23:59:07,397 ] 88 root - INFO - Hypothesis af_000: float64, float64 
[ 2022-12-13 23:59:07,418 ] 88 root - INFO - Hypothesis ag_000: float64, float64 
[ 2022-12-13 23:59:07,438 ] 88 root - INFO - Hypothesis ag_001: float64, float64 
[ 2022-12-13 23:59:07,458 ] 88 root - INFO - Hypothesis ag_002: float64, float64 
[ 2022-12-13 23:59:07,478 ] 88 root - INFO - Hypothesis ag_003: float64, float64 
[ 2022-12-13 23:59:07,484 ] 88 root - INFO - Hypothesis ag_004: float64, float64 
[ 2022-12-13 23:59:07,493 ] 88 root - INFO - Hypothesis ag_005: float64, float64 
[ 2022-12-13 23:59:07,502 ] 88 root - INFO - Hypothesis ag_006: float64, float64 
[ 2022-12-13 23:59:07,510 ] 88 root - INFO - Hypothesis ag_007: float64, float64 
[ 2022-12-13 23:59:07,518 ] 88 root - INFO - Hypothesis ag_008: float64, float64 
[ 2022-12-13 23:59:07,525 ] 88 root - INFO - Hypothesis ag_009: float64, float64 
[ 2022-12-13 23:59:07,531 ] 88 root - INFO - Hypothesis ah_000: float64, float64 
[ 2022-12-13 23:59:07,540 ] 88 root - INFO - Hypothesis ai_000: float64, float64 
[ 2022-12-13 23:59:07,561 ] 88 root - INFO - Hypothesis aj_000: float64, float64 
[ 2022-12-13 23:59:07,582 ] 88 root - INFO - Hypothesis ak_000: float64, float64 
[ 2022-12-13 23:59:07,604 ] 88 root - INFO - Hypothesis al_000: float64, float64 
[ 2022-12-13 23:59:07,611 ] 88 root - INFO - Hypothesis am_0: float64, float64 
[ 2022-12-13 23:59:07,617 ] 88 root - INFO - Hypothesis an_000: float64, float64 
[ 2022-12-13 23:59:07,626 ] 88 root - INFO - Hypothesis ao_000: float64, float64 
[ 2022-12-13 23:59:07,635 ] 88 root - INFO - Hypothesis ap_000: float64, float64 
[ 2022-12-13 23:59:07,644 ] 88 root - INFO - Hypothesis aq_000: float64, float64 
[ 2022-12-13 23:59:07,653 ] 88 root - INFO - Hypothesis ar_000: float64, float64 
[ 2022-12-13 23:59:07,677 ] 88 root - INFO - Hypothesis as_000: float64, float64 
[ 2022-12-13 23:59:07,697 ] 88 root - INFO - Hypothesis at_000: float64, float64 
[ 2022-12-13 23:59:07,702 ] 88 root - INFO - Hypothesis au_000: float64, float64 
[ 2022-12-13 23:59:07,721 ] 88 root - INFO - Hypothesis av_000: float64, float64 
[ 2022-12-13 23:59:07,728 ] 88 root - INFO - Hypothesis ax_000: float64, float64 
[ 2022-12-13 23:59:07,734 ] 88 root - INFO - Hypothesis ay_000: float64, float64 
[ 2022-12-13 23:59:07,753 ] 88 root - INFO - Hypothesis ay_001: float64, float64 
[ 2022-12-13 23:59:07,772 ] 88 root - INFO - Hypothesis ay_002: float64, float64 
[ 2022-12-13 23:59:07,792 ] 88 root - INFO - Hypothesis ay_003: float64, float64 
[ 2022-12-13 23:59:07,811 ] 88 root - INFO - Hypothesis ay_004: float64, float64 
[ 2022-12-13 23:59:07,831 ] 88 root - INFO - Hypothesis ay_005: float64, float64 
[ 2022-12-13 23:59:07,838 ] 88 root - INFO - Hypothesis ay_006: float64, float64 
[ 2022-12-13 23:59:07,845 ] 88 root - INFO - Hypothesis ay_007: float64, float64 
[ 2022-12-13 23:59:07,853 ] 88 root - INFO - Hypothesis ay_008: float64, float64 
[ 2022-12-13 23:59:07,862 ] 88 root - INFO - Hypothesis ay_009: float64, float64 
[ 2022-12-13 23:59:07,882 ] 88 root - INFO - Hypothesis az_000: float64, float64 
[ 2022-12-13 23:59:07,890 ] 88 root - INFO - Hypothesis az_001: float64, float64 
[ 2022-12-13 23:59:07,898 ] 88 root - INFO - Hypothesis az_002: float64, float64 
[ 2022-12-13 23:59:07,906 ] 88 root - INFO - Hypothesis az_003: float64, float64 
[ 2022-12-13 23:59:07,914 ] 88 root - INFO - Hypothesis az_004: float64, float64 
[ 2022-12-13 23:59:07,922 ] 88 root - INFO - Hypothesis az_005: float64, float64 
[ 2022-12-13 23:59:07,932 ] 88 root - INFO - Hypothesis az_006: float64, float64 
[ 2022-12-13 23:59:07,939 ] 88 root - INFO - Hypothesis az_007: float64, float64 
[ 2022-12-13 23:59:07,945 ] 88 root - INFO - Hypothesis az_008: float64, float64 
[ 2022-12-13 23:59:07,949 ] 88 root - INFO - Hypothesis az_009: float64, float64 
[ 2022-12-13 23:59:07,968 ] 88 root - INFO - Hypothesis ba_000: float64, float64 
[ 2022-12-13 23:59:07,977 ] 88 root - INFO - Hypothesis ba_001: float64, float64 
[ 2022-12-13 23:59:07,986 ] 88 root - INFO - Hypothesis ba_002: float64, float64 
[ 2022-12-13 23:59:07,995 ] 88 root - INFO - Hypothesis ba_003: float64, float64 
[ 2022-12-13 23:59:08,004 ] 88 root - INFO - Hypothesis ba_004: float64, float64 
[ 2022-12-13 23:59:08,013 ] 88 root - INFO - Hypothesis ba_005: float64, float64 
[ 2022-12-13 23:59:08,021 ] 88 root - INFO - Hypothesis ba_006: float64, float64 
[ 2022-12-13 23:59:08,031 ] 88 root - INFO - Hypothesis ba_007: float64, float64 
[ 2022-12-13 23:59:08,038 ] 88 root - INFO - Hypothesis ba_008: float64, float64 
[ 2022-12-13 23:59:08,046 ] 88 root - INFO - Hypothesis ba_009: float64, float64 
[ 2022-12-13 23:59:08,053 ] 88 root - INFO - Hypothesis bb_000: float64, float64 
[ 2022-12-13 23:59:08,061 ] 88 root - INFO - Hypothesis bc_000: float64, float64 
[ 2022-12-13 23:59:08,068 ] 88 root - INFO - Hypothesis bd_000: float64, float64 
[ 2022-12-13 23:59:08,076 ] 88 root - INFO - Hypothesis be_000: float64, float64 
[ 2022-12-13 23:59:08,083 ] 88 root - INFO - Hypothesis bf_000: float64, float64 
[ 2022-12-13 23:59:08,089 ] 88 root - INFO - Hypothesis bg_000: float64, float64 
[ 2022-12-13 23:59:08,097 ] 88 root - INFO - Hypothesis bh_000: float64, float64 
[ 2022-12-13 23:59:08,105 ] 88 root - INFO - Hypothesis bi_000: float64, float64 
[ 2022-12-13 23:59:08,113 ] 88 root - INFO - Hypothesis bj_000: float64, float64 
[ 2022-12-13 23:59:08,121 ] 88 root - INFO - Hypothesis bs_000: float64, float64 
[ 2022-12-13 23:59:08,129 ] 88 root - INFO - Hypothesis bt_000: float64, float64 
[ 2022-12-13 23:59:08,137 ] 88 root - INFO - Hypothesis bu_000: float64, float64 
[ 2022-12-13 23:59:08,145 ] 88 root - INFO - Hypothesis bv_000: float64, float64 
[ 2022-12-13 23:59:08,153 ] 88 root - INFO - Hypothesis bx_000: float64, float64 
[ 2022-12-13 23:59:08,161 ] 88 root - INFO - Hypothesis by_000: float64, float64 
[ 2022-12-13 23:59:08,169 ] 88 root - INFO - Hypothesis bz_000: float64, float64 
[ 2022-12-13 23:59:08,176 ] 88 root - INFO - Hypothesis ca_000: float64, float64 
[ 2022-12-13 23:59:08,183 ] 88 root - INFO - Hypothesis cb_000: float64, float64 
[ 2022-12-13 23:59:08,192 ] 88 root - INFO - Hypothesis cc_000: float64, float64 
[ 2022-12-13 23:59:08,201 ] 88 root - INFO - Hypothesis cd_000: float64, float64 
[ 2022-12-13 23:59:08,220 ] 88 root - INFO - Hypothesis ce_000: float64, float64 
[ 2022-12-13 23:59:08,228 ] 88 root - INFO - Hypothesis ci_000: float64, float64 
[ 2022-12-13 23:59:08,236 ] 88 root - INFO - Hypothesis cj_000: float64, float64 
[ 2022-12-13 23:59:08,241 ] 88 root - INFO - Hypothesis ck_000: float64, float64 
[ 2022-12-13 23:59:08,249 ] 88 root - INFO - Hypothesis cl_000: float64, float64 
[ 2022-12-13 23:59:08,254 ] 88 root - INFO - Hypothesis cm_000: float64, float64 
[ 2022-12-13 23:59:08,260 ] 88 root - INFO - Hypothesis cn_000: float64, float64 
[ 2022-12-13 23:59:08,279 ] 88 root - INFO - Hypothesis cn_001: float64, float64 
[ 2022-12-13 23:59:08,284 ] 88 root - INFO - Hypothesis cn_002: float64, float64 
[ 2022-12-13 23:59:08,290 ] 88 root - INFO - Hypothesis cn_003: float64, float64 
[ 2022-12-13 23:59:08,298 ] 88 root - INFO - Hypothesis cn_004: float64, float64 
[ 2022-12-13 23:59:08,306 ] 88 root - INFO - Hypothesis cn_005: float64, float64 
[ 2022-12-13 23:59:08,314 ] 88 root - INFO - Hypothesis cn_006: float64, float64 
[ 2022-12-13 23:59:08,321 ] 88 root - INFO - Hypothesis cn_007: float64, float64 
[ 2022-12-13 23:59:08,329 ] 88 root - INFO - Hypothesis cn_008: float64, float64 
[ 2022-12-13 23:59:08,335 ] 88 root - INFO - Hypothesis cn_009: float64, float64 
[ 2022-12-13 23:59:08,341 ] 88 root - INFO - Hypothesis cp_000: float64, float64 
[ 2022-12-13 23:59:08,347 ] 88 root - INFO - Hypothesis cq_000: float64, float64 
[ 2022-12-13 23:59:08,355 ] 88 root - INFO - Hypothesis cs_000: float64, float64 
[ 2022-12-13 23:59:08,363 ] 88 root - INFO - Hypothesis cs_001: float64, float64 
[ 2022-12-13 23:59:08,369 ] 88 root - INFO - Hypothesis cs_002: float64, float64 
[ 2022-12-13 23:59:08,377 ] 88 root - INFO - Hypothesis cs_003: float64, float64 
[ 2022-12-13 23:59:08,385 ] 88 root - INFO - Hypothesis cs_004: float64, float64 
[ 2022-12-13 23:59:08,393 ] 88 root - INFO - Hypothesis cs_005: float64, float64 
[ 2022-12-13 23:59:08,400 ] 88 root - INFO - Hypothesis cs_006: float64, float64 
[ 2022-12-13 23:59:08,409 ] 88 root - INFO - Hypothesis cs_007: float64, float64 
[ 2022-12-13 23:59:08,416 ] 88 root - INFO - Hypothesis cs_008: float64, float64 
[ 2022-12-13 23:59:08,422 ] 88 root - INFO - Hypothesis cs_009: float64, float64 
[ 2022-12-13 23:59:08,442 ] 88 root - INFO - Hypothesis dd_000: float64, float64 
[ 2022-12-13 23:59:08,449 ] 88 root - INFO - Hypothesis de_000: float64, float64 
[ 2022-12-13 23:59:08,456 ] 88 root - INFO - Hypothesis df_000: float64, float64 
[ 2022-12-13 23:59:08,475 ] 88 root - INFO - Hypothesis dg_000: float64, float64 
[ 2022-12-13 23:59:08,494 ] 88 root - INFO - Hypothesis dh_000: float64, float64 
[ 2022-12-13 23:59:08,514 ] 88 root - INFO - Hypothesis di_000: float64, float64 
[ 2022-12-13 23:59:08,535 ] 88 root - INFO - Hypothesis dj_000: float64, float64 
[ 2022-12-13 23:59:08,554 ] 88 root - INFO - Hypothesis dk_000: float64, float64 
[ 2022-12-13 23:59:08,573 ] 88 root - INFO - Hypothesis dl_000: float64, float64 
[ 2022-12-13 23:59:08,592 ] 88 root - INFO - Hypothesis dm_000: float64, float64 
[ 2022-12-13 23:59:08,612 ] 88 root - INFO - Hypothesis dn_000: float64, float64 
[ 2022-12-13 23:59:08,619 ] 88 root - INFO - Hypothesis do_000: float64, float64 
[ 2022-12-13 23:59:08,626 ] 88 root - INFO - Hypothesis dp_000: float64, float64 
[ 2022-12-13 23:59:08,633 ] 88 root - INFO - Hypothesis dq_000: float64, float64 
[ 2022-12-13 23:59:08,638 ] 88 root - INFO - Hypothesis dr_000: float64, float64 
[ 2022-12-13 23:59:08,643 ] 88 root - INFO - Hypothesis ds_000: float64, float64 
[ 2022-12-13 23:59:08,651 ] 88 root - INFO - Hypothesis dt_000: float64, float64 
[ 2022-12-13 23:59:08,658 ] 88 root - INFO - Hypothesis du_000: float64, float64 
[ 2022-12-13 23:59:08,666 ] 88 root - INFO - Hypothesis dv_000: float64, float64 
[ 2022-12-13 23:59:08,674 ] 88 root - INFO - Hypothesis dx_000: float64, float64 
[ 2022-12-13 23:59:08,679 ] 88 root - INFO - Hypothesis dy_000: float64, float64 
[ 2022-12-13 23:59:08,685 ] 88 root - INFO - Hypothesis dz_000: float64, float64 
[ 2022-12-13 23:59:08,704 ] 88 root - INFO - Hypothesis ea_000: float64, float64 
[ 2022-12-13 23:59:08,724 ] 88 root - INFO - Hypothesis eb_000: float64, float64 
[ 2022-12-13 23:59:08,731 ] 88 root - INFO - Hypothesis ec_00: float64, float64 
[ 2022-12-13 23:59:08,739 ] 88 root - INFO - Hypothesis ed_000: float64, float64 
[ 2022-12-13 23:59:08,746 ] 88 root - INFO - Hypothesis ee_000: float64, float64 
[ 2022-12-13 23:59:08,755 ] 88 root - INFO - Hypothesis ee_001: float64, float64 
[ 2022-12-13 23:59:08,763 ] 88 root - INFO - Hypothesis ee_002: float64, float64 
[ 2022-12-13 23:59:08,771 ] 88 root - INFO - Hypothesis ee_003: float64, float64 
[ 2022-12-13 23:59:08,779 ] 88 root - INFO - Hypothesis ee_004: float64, float64 
[ 2022-12-13 23:59:08,787 ] 88 root - INFO - Hypothesis ee_005: float64, float64 
[ 2022-12-13 23:59:08,794 ] 88 root - INFO - Hypothesis ee_006: float64, float64 
[ 2022-12-13 23:59:08,802 ] 88 root - INFO - Hypothesis ee_007: float64, float64 
[ 2022-12-13 23:59:08,809 ] 88 root - INFO - Hypothesis ee_008: float64, float64 
[ 2022-12-13 23:59:08,816 ] 88 root - INFO - Hypothesis ee_009: float64, float64 
[ 2022-12-13 23:59:08,823 ] 88 root - INFO - Hypothesis ef_000: float64, float64 
[ 2022-12-13 23:59:08,844 ] 88 root - INFO - Hypothesis eg_000: float64, float64 
[ 2022-12-13 23:59:08,864 ] 147 root - INFO - Write reprt in yaml file
[ 2022-12-13 23:59:09,148 ] 152 root - INFO - Data validation artifact: DataValidationArtifact(report_file_path='/config/workspace/artifact/12132022__235839/data_validation/report.yaml')
[ 2022-12-13 23:59:09,153 ] 24 root - INFO - >>>>>>>>>>>>>>>>>>>>>>>>>>>>>>>>>>>>>>>> Data Transformation <<<<<<<<<<<<<<<<<<<<<<<<<<<<<<<<<<<<<<<<
[ 2022-12-13 23:59:10,219 ] 75 root - INFO - Before resampling in training set Input: (28950, 170) Target:(28950,)
[ 2022-12-13 23:59:16,123 ] 77 root - INFO - After resampling in training set Input: (56134, 170) Target:(56134,)
[ 2022-12-13 23:59:16,124 ] 79 root - INFO - Before resampling in testing set Input: (7238, 170) Target:(7238,)
[ 2022-12-13 23:59:16,715 ] 81 root - INFO - After resampling in testing set Input: (14082, 170) Target:(14082,)
[ 2022-12-13 23:59:16,829 ] 54 root - INFO - Entered the save_object method of utils
[ 2022-12-13 23:59:16,839 ] 58 root - INFO - Exited the save_object method of utils
[ 2022-12-13 23:59:16,839 ] 54 root - INFO - Entered the save_object method of utils
[ 2022-12-13 23:59:16,841 ] 58 root - INFO - Exited the save_object method of utils
[ 2022-12-13 23:59:16,841 ] 112 root - INFO - Data transformation object DataTransformationArtifact(transform_object_path='/config/workspace/artifact/12132022__235839/data_transformation/transformer/transformer.pkl', transformed_train_path='/config/workspace/artifact/12132022__235839/data_transformation/transformed/train.npz', transformed_test_path='/config/workspace/artifact/12132022__235839/data_transformation/transformed/test.npz', target_encoder_path='/config/workspace/artifact/12132022__235839/data_transformation/target_encoder/target_encoder.pkl')
[ 2022-12-13 23:59:16,843 ] 18 root - INFO - >>>>>>>>>>>>>>>>>>>>>>>>>>>>>>>>>>>>>>>> Model Trainer <<<<<<<<<<<<<<<<<<<<<<<<<<<<<<<<<<<<<<<<
[ 2022-12-13 23:59:16,843 ] 45 root - INFO - Loading train and test array.
[ 2022-12-13 23:59:16,892 ] 49 root - INFO - Splitting input and target feature from both train and test arr.
[ 2022-12-13 23:59:16,892 ] 53 root - INFO - Train the model
[ 2022-12-13 23:59:28,042 ] 56 root - INFO - Calculating f1 train score
[ 2022-12-13 23:59:28,102 ] 60 root - INFO - Calculating f1 test score
[ 2022-12-13 23:59:28,123 ] 64 root - INFO - train score:1.0 and tests score 0.9796094819511493
[ 2022-12-13 23:59:28,123 ] 66 root - INFO - Checking if our model is underfitting or not
[ 2022-12-13 23:59:28,123 ] 71 root - INFO - Checking if our model is overfiiting or not
[ 2022-12-13 23:59:28,124 ] 78 root - INFO - Saving mode object
[ 2022-12-13 23:59:28,124 ] 54 root - INFO - Entered the save_object method of utils
[ 2022-12-13 23:59:28,133 ] 58 root - INFO - Exited the save_object method of utils
[ 2022-12-13 23:59:28,133 ] 82 root - INFO - Prepare the artifact
[ 2022-12-13 23:59:28,134 ] 85 root - INFO - Model trainer artifact: ModelTrainerArtifact(model_path='/config/workspace/artifact/12132022__235839/model_trainer/model/model.pkl', f1_train_score=1.0, f1_test_score=0.9796094819511493)
[ 2022-12-13 23:59:28,136 ] 19 root - INFO - >>>>>>>>>>>>>>>>>>>>>>>>>>>>>>>>>>>>>>>>  Model Evaluation <<<<<<<<<<<<<<<<<<<<<<<<<<<<<<<<<<<<<<<<
[ 2022-12-13 23:59:28,136 ] 47 root - INFO - Previous trained objects of transformer, model and target encoder
