[ 2022-12-14 12:53:37,014 ] 15 root - INFO - >>>>>>>>>>>>>>>>>>>>>>>>>>>>>>>>>>>>>>>> Data Ingestion <<<<<<<<<<<<<<<<<<<<<<<<<<<<<<<<<<<<<<<<
[ 2022-12-14 12:53:37,014 ] 22 root - INFO - Exporting collection data as pandas dataframe
[ 2022-12-14 12:53:37,015 ] 21 root - INFO - Reading data from database: aps and collection: sensor
[ 2022-12-14 12:53:41,801 ] 23 root - INFO - Found columns: Index(['_id', 'class', 'aa_000', 'ab_000', 'ac_000', 'ad_000', 'ae_000',
       'af_000', 'ag_000', 'ag_001',
       ...
       'ee_002', 'ee_003', 'ee_004', 'ee_005', 'ee_006', 'ee_007', 'ee_008',
       'ee_009', 'ef_000', 'eg_000'],
      dtype='object', length=172)
[ 2022-12-14 12:53:41,802 ] 25 root - INFO - Dropping column: _id 
[ 2022-12-14 12:53:42,000 ] 27 root - INFO - Row and columns in df: (36188, 171)
[ 2022-12-14 12:53:42,000 ] 28 root - INFO - Save data in feature store
[ 2022-12-14 12:53:42,683 ] 34 root - INFO - Create feature store folder if not available
[ 2022-12-14 12:53:42,683 ] 38 root - INFO - Save df to feature store folder
[ 2022-12-14 12:53:45,922 ] 43 root - INFO - split dataset into train and test set
[ 2022-12-14 12:53:46,693 ] 47 root - INFO - create dataset directory folder if not available
[ 2022-12-14 12:53:46,693 ] 52 root - INFO - Save df to feature store folder
[ 2022-12-14 12:53:49,239 ] 64 root - INFO - Data ingestion artifact: DataIngestionArtifact(feature_store_file_path='/config/workspace/artifact/12142022__125337/data_ingestion/feature_store/sensor.csv', train_file_path='/config/workspace/artifact/12142022__125337/data_ingestion/dataset/train.csv', test_file_path='/config/workspace/artifact/12142022__125337/data_ingestion/dataset/test.csv')
[ 2022-12-14 12:53:49,736 ] 22 root - INFO - >>>>>>>>>>>>>>>>>>>>>>>>>>>>>>>>>>>>>>>> Data Validation <<<<<<<<<<<<<<<<<<<<<<<<<<<<<<<<<<<<<<<<
[ 2022-12-14 12:53:49,737 ] 110 root - INFO - Reading base dataframe
[ 2022-12-14 12:53:52,942 ] 113 root - INFO - Replace na value in base df
[ 2022-12-14 12:53:52,942 ] 115 root - INFO - Drop null values colums from base df
[ 2022-12-14 12:53:53,868 ] 44 root - INFO - selecting column name which contains null above to 0.2
[ 2022-12-14 12:53:53,870 ] 47 root - INFO - Columns to drop: ['ab_000', 'ad_000', 'bk_000', 'bl_000', 'bm_000', 'bn_000', 'bo_000', 'bp_000', 'bq_000', 'br_000', 'cf_000', 'cg_000', 'ch_000', 'co_000', 'cr_000', 'ct_000', 'cu_000', 'cv_000', 'cx_000', 'cy_000', 'cz_000', 'da_000', 'db_000', 'dc_000']
[ 2022-12-14 12:53:53,959 ] 118 root - INFO - Reading train dataframe
[ 2022-12-14 12:53:54,398 ] 120 root - INFO - Reading test dataframe
[ 2022-12-14 12:53:54,524 ] 123 root - INFO - Drop null values colums from train df
[ 2022-12-14 12:53:54,537 ] 44 root - INFO - selecting column name which contains null above to 0.2
[ 2022-12-14 12:53:54,538 ] 47 root - INFO - Columns to drop: ['ab_000', 'ad_000', 'bk_000', 'bl_000', 'bm_000', 'bn_000', 'bo_000', 'bp_000', 'bq_000', 'br_000', 'cf_000', 'cg_000', 'ch_000', 'co_000', 'cr_000', 'ct_000', 'cu_000', 'cv_000', 'cx_000', 'cy_000', 'cz_000', 'da_000', 'db_000', 'dc_000']
[ 2022-12-14 12:53:54,552 ] 125 root - INFO - Drop null values colums from test df
[ 2022-12-14 12:53:54,558 ] 44 root - INFO - selecting column name which contains null above to 0.2
[ 2022-12-14 12:53:54,559 ] 47 root - INFO - Columns to drop: ['ab_000', 'ad_000', 'bk_000', 'bl_000', 'bm_000', 'bn_000', 'bo_000', 'bp_000', 'bq_000', 'br_000', 'cf_000', 'cg_000', 'ch_000', 'co_000', 'cr_000', 'ct_000', 'cu_000', 'cv_000', 'cx_000', 'cy_000', 'cz_000', 'da_000', 'db_000', 'dc_000']
[ 2022-12-14 12:54:01,144 ] 134 root - INFO - Is all required columns present in train df
[ 2022-12-14 12:54:01,145 ] 136 root - INFO - Is all required columns present in test df
[ 2022-12-14 12:54:01,146 ] 140 root - INFO - As all column are available in train df hence detecting data drift
[ 2022-12-14 12:54:01,146 ] 88 root - INFO - Hypothesis class: object, object 
[ 2022-12-14 12:54:01,299 ] 88 root - INFO - Hypothesis aa_000: float64, float64 
[ 2022-12-14 12:54:01,349 ] 88 root - INFO - Hypothesis ac_000: float64, float64 
[ 2022-12-14 12:54:01,360 ] 88 root - INFO - Hypothesis ae_000: float64, float64 
[ 2022-12-14 12:54:01,407 ] 88 root - INFO - Hypothesis af_000: float64, float64 
[ 2022-12-14 12:54:01,454 ] 88 root - INFO - Hypothesis ag_000: float64, float64 
[ 2022-12-14 12:54:01,499 ] 88 root - INFO - Hypothesis ag_001: float64, float64 
[ 2022-12-14 12:54:01,544 ] 88 root - INFO - Hypothesis ag_002: float64, float64 
[ 2022-12-14 12:54:01,589 ] 88 root - INFO - Hypothesis ag_003: float64, float64 
[ 2022-12-14 12:54:01,637 ] 88 root - INFO - Hypothesis ag_004: float64, float64 
[ 2022-12-14 12:54:01,648 ] 88 root - INFO - Hypothesis ag_005: float64, float64 
[ 2022-12-14 12:54:01,660 ] 88 root - INFO - Hypothesis ag_006: float64, float64 
[ 2022-12-14 12:54:01,672 ] 88 root - INFO - Hypothesis ag_007: float64, float64 
[ 2022-12-14 12:54:01,682 ] 88 root - INFO - Hypothesis ag_008: float64, float64 
[ 2022-12-14 12:54:01,691 ] 88 root - INFO - Hypothesis ag_009: float64, float64 
[ 2022-12-14 12:54:01,699 ] 88 root - INFO - Hypothesis ah_000: float64, float64 
[ 2022-12-14 12:54:01,751 ] 88 root - INFO - Hypothesis ai_000: float64, float64 
[ 2022-12-14 12:54:01,797 ] 88 root - INFO - Hypothesis aj_000: float64, float64 
[ 2022-12-14 12:54:01,842 ] 88 root - INFO - Hypothesis ak_000: float64, float64 
[ 2022-12-14 12:54:01,887 ] 88 root - INFO - Hypothesis al_000: float64, float64 
[ 2022-12-14 12:54:01,935 ] 88 root - INFO - Hypothesis am_0: float64, float64 
[ 2022-12-14 12:54:01,981 ] 88 root - INFO - Hypothesis an_000: float64, float64 
[ 2022-12-14 12:54:02,033 ] 88 root - INFO - Hypothesis ao_000: float64, float64 
[ 2022-12-14 12:54:02,084 ] 88 root - INFO - Hypothesis ap_000: float64, float64 
[ 2022-12-14 12:54:02,096 ] 88 root - INFO - Hypothesis aq_000: float64, float64 
[ 2022-12-14 12:54:02,108 ] 88 root - INFO - Hypothesis ar_000: float64, float64 
[ 2022-12-14 12:54:02,153 ] 88 root - INFO - Hypothesis as_000: float64, float64 
[ 2022-12-14 12:54:02,198 ] 88 root - INFO - Hypothesis at_000: float64, float64 
[ 2022-12-14 12:54:02,245 ] 88 root - INFO - Hypothesis au_000: float64, float64 
[ 2022-12-14 12:54:02,289 ] 88 root - INFO - Hypothesis av_000: float64, float64 
[ 2022-12-14 12:54:02,299 ] 88 root - INFO - Hypothesis ax_000: float64, float64 
[ 2022-12-14 12:54:02,308 ] 88 root - INFO - Hypothesis ay_000: float64, float64 
[ 2022-12-14 12:54:02,353 ] 88 root - INFO - Hypothesis ay_001: float64, float64 
[ 2022-12-14 12:54:02,396 ] 88 root - INFO - Hypothesis ay_002: float64, float64 
[ 2022-12-14 12:54:02,441 ] 88 root - INFO - Hypothesis ay_003: float64, float64 
[ 2022-12-14 12:54:02,484 ] 88 root - INFO - Hypothesis ay_004: float64, float64 
[ 2022-12-14 12:54:02,532 ] 88 root - INFO - Hypothesis ay_005: float64, float64 
[ 2022-12-14 12:54:02,541 ] 88 root - INFO - Hypothesis ay_006: float64, float64 
[ 2022-12-14 12:54:02,552 ] 88 root - INFO - Hypothesis ay_007: float64, float64 
[ 2022-12-14 12:54:02,606 ] 88 root - INFO - Hypothesis ay_008: float64, float64 
[ 2022-12-14 12:54:02,618 ] 88 root - INFO - Hypothesis ay_009: float64, float64 
[ 2022-12-14 12:54:02,663 ] 88 root - INFO - Hypothesis az_000: float64, float64 
[ 2022-12-14 12:54:02,675 ] 88 root - INFO - Hypothesis az_001: float64, float64 
[ 2022-12-14 12:54:02,686 ] 88 root - INFO - Hypothesis az_002: float64, float64 
[ 2022-12-14 12:54:02,697 ] 88 root - INFO - Hypothesis az_003: float64, float64 
[ 2022-12-14 12:54:02,708 ] 88 root - INFO - Hypothesis az_004: float64, float64 
[ 2022-12-14 12:54:02,720 ] 88 root - INFO - Hypothesis az_005: float64, float64 
[ 2022-12-14 12:54:02,732 ] 88 root - INFO - Hypothesis az_006: float64, float64 
[ 2022-12-14 12:54:02,742 ] 88 root - INFO - Hypothesis az_007: float64, float64 
[ 2022-12-14 12:54:02,790 ] 88 root - INFO - Hypothesis az_008: float64, float64 
[ 2022-12-14 12:54:02,836 ] 88 root - INFO - Hypothesis az_009: float64, float64 
[ 2022-12-14 12:54:02,881 ] 88 root - INFO - Hypothesis ba_000: float64, float64 
[ 2022-12-14 12:54:02,893 ] 88 root - INFO - Hypothesis ba_001: float64, float64 
[ 2022-12-14 12:54:02,905 ] 88 root - INFO - Hypothesis ba_002: float64, float64 
[ 2022-12-14 12:54:02,917 ] 88 root - INFO - Hypothesis ba_003: float64, float64 
[ 2022-12-14 12:54:02,928 ] 88 root - INFO - Hypothesis ba_004: float64, float64 
[ 2022-12-14 12:54:02,939 ] 88 root - INFO - Hypothesis ba_005: float64, float64 
[ 2022-12-14 12:54:02,950 ] 88 root - INFO - Hypothesis ba_006: float64, float64 
[ 2022-12-14 12:54:02,961 ] 88 root - INFO - Hypothesis ba_007: float64, float64 
[ 2022-12-14 12:54:02,972 ] 88 root - INFO - Hypothesis ba_008: float64, float64 
[ 2022-12-14 12:54:02,981 ] 88 root - INFO - Hypothesis ba_009: float64, float64 
[ 2022-12-14 12:54:03,031 ] 88 root - INFO - Hypothesis bb_000: float64, float64 
[ 2022-12-14 12:54:03,043 ] 88 root - INFO - Hypothesis bc_000: float64, float64 
[ 2022-12-14 12:54:03,052 ] 88 root - INFO - Hypothesis bd_000: float64, float64 
[ 2022-12-14 12:54:03,101 ] 88 root - INFO - Hypothesis be_000: float64, float64 
[ 2022-12-14 12:54:03,112 ] 88 root - INFO - Hypothesis bf_000: float64, float64 
[ 2022-12-14 12:54:03,161 ] 88 root - INFO - Hypothesis bg_000: float64, float64 
[ 2022-12-14 12:54:03,214 ] 88 root - INFO - Hypothesis bh_000: float64, float64 
[ 2022-12-14 12:54:03,229 ] 88 root - INFO - Hypothesis bi_000: float64, float64 
[ 2022-12-14 12:54:03,242 ] 88 root - INFO - Hypothesis bj_000: float64, float64 
[ 2022-12-14 12:54:03,253 ] 88 root - INFO - Hypothesis bs_000: float64, float64 
[ 2022-12-14 12:54:03,266 ] 88 root - INFO - Hypothesis bt_000: float64, float64 
[ 2022-12-14 12:54:03,317 ] 88 root - INFO - Hypothesis bu_000: float64, float64 
[ 2022-12-14 12:54:03,329 ] 88 root - INFO - Hypothesis bv_000: float64, float64 
[ 2022-12-14 12:54:03,340 ] 88 root - INFO - Hypothesis bx_000: float64, float64 
[ 2022-12-14 12:54:03,352 ] 88 root - INFO - Hypothesis by_000: float64, float64 
[ 2022-12-14 12:54:03,363 ] 88 root - INFO - Hypothesis bz_000: float64, float64 
[ 2022-12-14 12:54:03,373 ] 88 root - INFO - Hypothesis ca_000: float64, float64 
[ 2022-12-14 12:54:03,423 ] 88 root - INFO - Hypothesis cb_000: float64, float64 
[ 2022-12-14 12:54:03,436 ] 88 root - INFO - Hypothesis cc_000: float64, float64 
[ 2022-12-14 12:54:03,447 ] 88 root - INFO - Hypothesis cd_000: float64, float64 
[ 2022-12-14 12:54:03,492 ] 88 root - INFO - Hypothesis ce_000: float64, float64 
[ 2022-12-14 12:54:03,502 ] 88 root - INFO - Hypothesis ci_000: float64, float64 
[ 2022-12-14 12:54:03,554 ] 88 root - INFO - Hypothesis cj_000: float64, float64 
[ 2022-12-14 12:54:03,601 ] 88 root - INFO - Hypothesis ck_000: float64, float64 
[ 2022-12-14 12:54:03,654 ] 88 root - INFO - Hypothesis cl_000: float64, float64 
[ 2022-12-14 12:54:03,662 ] 88 root - INFO - Hypothesis cm_000: float64, float64 
[ 2022-12-14 12:54:03,670 ] 88 root - INFO - Hypothesis cn_000: float64, float64 
[ 2022-12-14 12:54:03,716 ] 88 root - INFO - Hypothesis cn_001: float64, float64 
[ 2022-12-14 12:54:03,762 ] 88 root - INFO - Hypothesis cn_002: float64, float64 
[ 2022-12-14 12:54:03,810 ] 88 root - INFO - Hypothesis cn_003: float64, float64 
[ 2022-12-14 12:54:03,822 ] 88 root - INFO - Hypothesis cn_004: float64, float64 
[ 2022-12-14 12:54:03,834 ] 88 root - INFO - Hypothesis cn_005: float64, float64 
[ 2022-12-14 12:54:03,845 ] 88 root - INFO - Hypothesis cn_006: float64, float64 
[ 2022-12-14 12:54:03,856 ] 88 root - INFO - Hypothesis cn_007: float64, float64 
[ 2022-12-14 12:54:03,867 ] 88 root - INFO - Hypothesis cn_008: float64, float64 
[ 2022-12-14 12:54:03,877 ] 88 root - INFO - Hypothesis cn_009: float64, float64 
[ 2022-12-14 12:54:03,886 ] 88 root - INFO - Hypothesis cp_000: float64, float64 
[ 2022-12-14 12:54:03,934 ] 88 root - INFO - Hypothesis cq_000: float64, float64 
[ 2022-12-14 12:54:03,946 ] 88 root - INFO - Hypothesis cs_000: float64, float64 
[ 2022-12-14 12:54:03,957 ] 88 root - INFO - Hypothesis cs_001: float64, float64 
[ 2022-12-14 12:54:03,967 ] 88 root - INFO - Hypothesis cs_002: float64, float64 
[ 2022-12-14 12:54:03,978 ] 88 root - INFO - Hypothesis cs_003: float64, float64 
[ 2022-12-14 12:54:03,989 ] 88 root - INFO - Hypothesis cs_004: float64, float64 
[ 2022-12-14 12:54:04,001 ] 88 root - INFO - Hypothesis cs_005: float64, float64 
[ 2022-12-14 12:54:04,013 ] 88 root - INFO - Hypothesis cs_006: float64, float64 
[ 2022-12-14 12:54:04,025 ] 88 root - INFO - Hypothesis cs_007: float64, float64 
[ 2022-12-14 12:54:04,036 ] 88 root - INFO - Hypothesis cs_008: float64, float64 
[ 2022-12-14 12:54:04,045 ] 88 root - INFO - Hypothesis cs_009: float64, float64 
[ 2022-12-14 12:54:04,089 ] 88 root - INFO - Hypothesis dd_000: float64, float64 
[ 2022-12-14 12:54:04,141 ] 88 root - INFO - Hypothesis de_000: float64, float64 
[ 2022-12-14 12:54:04,150 ] 88 root - INFO - Hypothesis df_000: float64, float64 
[ 2022-12-14 12:54:04,198 ] 88 root - INFO - Hypothesis dg_000: float64, float64 
[ 2022-12-14 12:54:04,244 ] 88 root - INFO - Hypothesis dh_000: float64, float64 
[ 2022-12-14 12:54:04,290 ] 88 root - INFO - Hypothesis di_000: float64, float64 
[ 2022-12-14 12:54:04,338 ] 88 root - INFO - Hypothesis dj_000: float64, float64 
[ 2022-12-14 12:54:04,386 ] 88 root - INFO - Hypothesis dk_000: float64, float64 
[ 2022-12-14 12:54:04,430 ] 88 root - INFO - Hypothesis dl_000: float64, float64 
[ 2022-12-14 12:54:04,475 ] 88 root - INFO - Hypothesis dm_000: float64, float64 
[ 2022-12-14 12:54:04,520 ] 88 root - INFO - Hypothesis dn_000: float64, float64 
[ 2022-12-14 12:54:04,531 ] 88 root - INFO - Hypothesis do_000: float64, float64 
[ 2022-12-14 12:54:04,542 ] 88 root - INFO - Hypothesis dp_000: float64, float64 
[ 2022-12-14 12:54:04,553 ] 88 root - INFO - Hypothesis dq_000: float64, float64 
[ 2022-12-14 12:54:04,601 ] 88 root - INFO - Hypothesis dr_000: float64, float64 
[ 2022-12-14 12:54:04,648 ] 88 root - INFO - Hypothesis ds_000: float64, float64 
[ 2022-12-14 12:54:04,659 ] 88 root - INFO - Hypothesis dt_000: float64, float64 
[ 2022-12-14 12:54:04,671 ] 88 root - INFO - Hypothesis du_000: float64, float64 
[ 2022-12-14 12:54:04,683 ] 88 root - INFO - Hypothesis dv_000: float64, float64 
[ 2022-12-14 12:54:04,695 ] 88 root - INFO - Hypothesis dx_000: float64, float64 
[ 2022-12-14 12:54:04,744 ] 88 root - INFO - Hypothesis dy_000: float64, float64 
[ 2022-12-14 12:54:04,792 ] 88 root - INFO - Hypothesis dz_000: float64, float64 
[ 2022-12-14 12:54:04,836 ] 88 root - INFO - Hypothesis ea_000: float64, float64 
[ 2022-12-14 12:54:04,881 ] 88 root - INFO - Hypothesis eb_000: float64, float64 
[ 2022-12-14 12:54:04,891 ] 88 root - INFO - Hypothesis ec_00: float64, float64 
[ 2022-12-14 12:54:04,902 ] 88 root - INFO - Hypothesis ed_000: float64, float64 
[ 2022-12-14 12:54:04,951 ] 88 root - INFO - Hypothesis ee_000: float64, float64 
[ 2022-12-14 12:54:04,963 ] 88 root - INFO - Hypothesis ee_001: float64, float64 
[ 2022-12-14 12:54:04,975 ] 88 root - INFO - Hypothesis ee_002: float64, float64 
[ 2022-12-14 12:54:04,986 ] 88 root - INFO - Hypothesis ee_003: float64, float64 
[ 2022-12-14 12:54:04,997 ] 88 root - INFO - Hypothesis ee_004: float64, float64 
[ 2022-12-14 12:54:05,009 ] 88 root - INFO - Hypothesis ee_005: float64, float64 
[ 2022-12-14 12:54:05,020 ] 88 root - INFO - Hypothesis ee_006: float64, float64 
[ 2022-12-14 12:54:05,031 ] 88 root - INFO - Hypothesis ee_007: float64, float64 
[ 2022-12-14 12:54:05,081 ] 88 root - INFO - Hypothesis ee_008: float64, float64 
[ 2022-12-14 12:54:05,133 ] 88 root - INFO - Hypothesis ee_009: float64, float64 
[ 2022-12-14 12:54:05,142 ] 88 root - INFO - Hypothesis ef_000: float64, float64 
[ 2022-12-14 12:54:05,187 ] 88 root - INFO - Hypothesis eg_000: float64, float64 
[ 2022-12-14 12:54:05,233 ] 143 root - INFO - As all column are available in test df hence detecting data drift
[ 2022-12-14 12:54:05,234 ] 88 root - INFO - Hypothesis class: object, object 
[ 2022-12-14 12:54:05,320 ] 88 root - INFO - Hypothesis aa_000: float64, float64 
[ 2022-12-14 12:54:05,328 ] 88 root - INFO - Hypothesis ac_000: float64, float64 
[ 2022-12-14 12:54:05,334 ] 88 root - INFO - Hypothesis ae_000: float64, float64 
[ 2022-12-14 12:54:05,338 ] 88 root - INFO - Hypothesis af_000: float64, float64 
[ 2022-12-14 12:54:05,342 ] 88 root - INFO - Hypothesis ag_000: float64, float64 
[ 2022-12-14 12:54:05,362 ] 88 root - INFO - Hypothesis ag_001: float64, float64 
[ 2022-12-14 12:54:05,381 ] 88 root - INFO - Hypothesis ag_002: float64, float64 
[ 2022-12-14 12:54:05,401 ] 88 root - INFO - Hypothesis ag_003: float64, float64 
[ 2022-12-14 12:54:05,421 ] 88 root - INFO - Hypothesis ag_004: float64, float64 
[ 2022-12-14 12:54:05,429 ] 88 root - INFO - Hypothesis ag_005: float64, float64 
[ 2022-12-14 12:54:05,437 ] 88 root - INFO - Hypothesis ag_006: float64, float64 
[ 2022-12-14 12:54:05,445 ] 88 root - INFO - Hypothesis ag_007: float64, float64 
[ 2022-12-14 12:54:05,452 ] 88 root - INFO - Hypothesis ag_008: float64, float64 
[ 2022-12-14 12:54:05,459 ] 88 root - INFO - Hypothesis ag_009: float64, float64 
[ 2022-12-14 12:54:05,464 ] 88 root - INFO - Hypothesis ah_000: float64, float64 
[ 2022-12-14 12:54:05,472 ] 88 root - INFO - Hypothesis ai_000: float64, float64 
[ 2022-12-14 12:54:05,491 ] 88 root - INFO - Hypothesis aj_000: float64, float64 
[ 2022-12-14 12:54:05,511 ] 88 root - INFO - Hypothesis ak_000: float64, float64 
[ 2022-12-14 12:54:05,529 ] 88 root - INFO - Hypothesis al_000: float64, float64 
[ 2022-12-14 12:54:05,535 ] 88 root - INFO - Hypothesis am_0: float64, float64 
[ 2022-12-14 12:54:05,542 ] 88 root - INFO - Hypothesis an_000: float64, float64 
[ 2022-12-14 12:54:05,550 ] 88 root - INFO - Hypothesis ao_000: float64, float64 
[ 2022-12-14 12:54:05,558 ] 88 root - INFO - Hypothesis ap_000: float64, float64 
[ 2022-12-14 12:54:05,567 ] 88 root - INFO - Hypothesis aq_000: float64, float64 
[ 2022-12-14 12:54:05,575 ] 88 root - INFO - Hypothesis ar_000: float64, float64 
[ 2022-12-14 12:54:05,595 ] 88 root - INFO - Hypothesis as_000: float64, float64 
[ 2022-12-14 12:54:05,614 ] 88 root - INFO - Hypothesis at_000: float64, float64 
[ 2022-12-14 12:54:05,634 ] 88 root - INFO - Hypothesis au_000: float64, float64 
[ 2022-12-14 12:54:05,653 ] 88 root - INFO - Hypothesis av_000: float64, float64 
[ 2022-12-14 12:54:05,659 ] 88 root - INFO - Hypothesis ax_000: float64, float64 
[ 2022-12-14 12:54:05,666 ] 88 root - INFO - Hypothesis ay_000: float64, float64 
[ 2022-12-14 12:54:05,684 ] 88 root - INFO - Hypothesis ay_001: float64, float64 
[ 2022-12-14 12:54:05,703 ] 88 root - INFO - Hypothesis ay_002: float64, float64 
[ 2022-12-14 12:54:05,721 ] 88 root - INFO - Hypothesis ay_003: float64, float64 
[ 2022-12-14 12:54:05,740 ] 88 root - INFO - Hypothesis ay_004: float64, float64 
[ 2022-12-14 12:54:05,761 ] 88 root - INFO - Hypothesis ay_005: float64, float64 
[ 2022-12-14 12:54:05,768 ] 88 root - INFO - Hypothesis ay_006: float64, float64 
[ 2022-12-14 12:54:05,776 ] 88 root - INFO - Hypothesis ay_007: float64, float64 
[ 2022-12-14 12:54:05,784 ] 88 root - INFO - Hypothesis ay_008: float64, float64 
[ 2022-12-14 12:54:05,793 ] 88 root - INFO - Hypothesis ay_009: float64, float64 
[ 2022-12-14 12:54:05,812 ] 88 root - INFO - Hypothesis az_000: float64, float64 
[ 2022-12-14 12:54:05,820 ] 88 root - INFO - Hypothesis az_001: float64, float64 
[ 2022-12-14 12:54:05,828 ] 88 root - INFO - Hypothesis az_002: float64, float64 
[ 2022-12-14 12:54:05,837 ] 88 root - INFO - Hypothesis az_003: float64, float64 
[ 2022-12-14 12:54:05,845 ] 88 root - INFO - Hypothesis az_004: float64, float64 
[ 2022-12-14 12:54:05,854 ] 88 root - INFO - Hypothesis az_005: float64, float64 
[ 2022-12-14 12:54:05,862 ] 88 root - INFO - Hypothesis az_006: float64, float64 
[ 2022-12-14 12:54:05,870 ] 88 root - INFO - Hypothesis az_007: float64, float64 
[ 2022-12-14 12:54:05,875 ] 88 root - INFO - Hypothesis az_008: float64, float64 
[ 2022-12-14 12:54:05,895 ] 88 root - INFO - Hypothesis az_009: float64, float64 
[ 2022-12-14 12:54:05,914 ] 88 root - INFO - Hypothesis ba_000: float64, float64 
[ 2022-12-14 12:54:05,922 ] 88 root - INFO - Hypothesis ba_001: float64, float64 
[ 2022-12-14 12:54:05,930 ] 88 root - INFO - Hypothesis ba_002: float64, float64 
[ 2022-12-14 12:54:05,938 ] 88 root - INFO - Hypothesis ba_003: float64, float64 
[ 2022-12-14 12:54:05,946 ] 88 root - INFO - Hypothesis ba_004: float64, float64 
[ 2022-12-14 12:54:05,953 ] 88 root - INFO - Hypothesis ba_005: float64, float64 
[ 2022-12-14 12:54:05,961 ] 88 root - INFO - Hypothesis ba_006: float64, float64 
[ 2022-12-14 12:54:05,969 ] 88 root - INFO - Hypothesis ba_007: float64, float64 
[ 2022-12-14 12:54:05,977 ] 88 root - INFO - Hypothesis ba_008: float64, float64 
[ 2022-12-14 12:54:05,983 ] 88 root - INFO - Hypothesis ba_009: float64, float64 
[ 2022-12-14 12:54:05,988 ] 88 root - INFO - Hypothesis bb_000: float64, float64 
[ 2022-12-14 12:54:05,996 ] 88 root - INFO - Hypothesis bc_000: float64, float64 
[ 2022-12-14 12:54:06,002 ] 88 root - INFO - Hypothesis bd_000: float64, float64 
[ 2022-12-14 12:54:06,010 ] 88 root - INFO - Hypothesis be_000: float64, float64 
[ 2022-12-14 12:54:06,017 ] 88 root - INFO - Hypothesis bf_000: float64, float64 
[ 2022-12-14 12:54:06,023 ] 88 root - INFO - Hypothesis bg_000: float64, float64 
[ 2022-12-14 12:54:06,031 ] 88 root - INFO - Hypothesis bh_000: float64, float64 
[ 2022-12-14 12:54:06,039 ] 88 root - INFO - Hypothesis bi_000: float64, float64 
[ 2022-12-14 12:54:06,047 ] 88 root - INFO - Hypothesis bj_000: float64, float64 
[ 2022-12-14 12:54:06,056 ] 88 root - INFO - Hypothesis bs_000: float64, float64 
[ 2022-12-14 12:54:06,064 ] 88 root - INFO - Hypothesis bt_000: float64, float64 
[ 2022-12-14 12:54:06,072 ] 88 root - INFO - Hypothesis bu_000: float64, float64 
[ 2022-12-14 12:54:06,080 ] 88 root - INFO - Hypothesis bv_000: float64, float64 
[ 2022-12-14 12:54:06,088 ] 88 root - INFO - Hypothesis bx_000: float64, float64 
[ 2022-12-14 12:54:06,096 ] 88 root - INFO - Hypothesis by_000: float64, float64 
[ 2022-12-14 12:54:06,105 ] 88 root - INFO - Hypothesis bz_000: float64, float64 
[ 2022-12-14 12:54:06,112 ] 88 root - INFO - Hypothesis ca_000: float64, float64 
[ 2022-12-14 12:54:06,120 ] 88 root - INFO - Hypothesis cb_000: float64, float64 
[ 2022-12-14 12:54:06,128 ] 88 root - INFO - Hypothesis cc_000: float64, float64 
[ 2022-12-14 12:54:06,137 ] 88 root - INFO - Hypothesis cd_000: float64, float64 
[ 2022-12-14 12:54:06,156 ] 88 root - INFO - Hypothesis ce_000: float64, float64 
[ 2022-12-14 12:54:06,164 ] 88 root - INFO - Hypothesis ci_000: float64, float64 
[ 2022-12-14 12:54:06,172 ] 88 root - INFO - Hypothesis cj_000: float64, float64 
[ 2022-12-14 12:54:06,177 ] 88 root - INFO - Hypothesis ck_000: float64, float64 
[ 2022-12-14 12:54:06,185 ] 88 root - INFO - Hypothesis cl_000: float64, float64 
[ 2022-12-14 12:54:06,190 ] 88 root - INFO - Hypothesis cm_000: float64, float64 
[ 2022-12-14 12:54:06,196 ] 88 root - INFO - Hypothesis cn_000: float64, float64 
[ 2022-12-14 12:54:06,214 ] 88 root - INFO - Hypothesis cn_001: float64, float64 
[ 2022-12-14 12:54:06,237 ] 88 root - INFO - Hypothesis cn_002: float64, float64 
[ 2022-12-14 12:54:06,244 ] 88 root - INFO - Hypothesis cn_003: float64, float64 
[ 2022-12-14 12:54:06,252 ] 88 root - INFO - Hypothesis cn_004: float64, float64 
[ 2022-12-14 12:54:06,260 ] 88 root - INFO - Hypothesis cn_005: float64, float64 
[ 2022-12-14 12:54:06,269 ] 88 root - INFO - Hypothesis cn_006: float64, float64 
[ 2022-12-14 12:54:06,277 ] 88 root - INFO - Hypothesis cn_007: float64, float64 
[ 2022-12-14 12:54:06,284 ] 88 root - INFO - Hypothesis cn_008: float64, float64 
[ 2022-12-14 12:54:06,291 ] 88 root - INFO - Hypothesis cn_009: float64, float64 
[ 2022-12-14 12:54:06,297 ] 88 root - INFO - Hypothesis cp_000: float64, float64 
[ 2022-12-14 12:54:06,303 ] 88 root - INFO - Hypothesis cq_000: float64, float64 
[ 2022-12-14 12:54:06,311 ] 88 root - INFO - Hypothesis cs_000: float64, float64 
[ 2022-12-14 12:54:06,319 ] 88 root - INFO - Hypothesis cs_001: float64, float64 
[ 2022-12-14 12:54:06,326 ] 88 root - INFO - Hypothesis cs_002: float64, float64 
[ 2022-12-14 12:54:06,334 ] 88 root - INFO - Hypothesis cs_003: float64, float64 
[ 2022-12-14 12:54:06,342 ] 88 root - INFO - Hypothesis cs_004: float64, float64 
[ 2022-12-14 12:54:06,350 ] 88 root - INFO - Hypothesis cs_005: float64, float64 
[ 2022-12-14 12:54:06,358 ] 88 root - INFO - Hypothesis cs_006: float64, float64 
[ 2022-12-14 12:54:06,366 ] 88 root - INFO - Hypothesis cs_007: float64, float64 
[ 2022-12-14 12:54:06,374 ] 88 root - INFO - Hypothesis cs_008: float64, float64 
[ 2022-12-14 12:54:06,380 ] 88 root - INFO - Hypothesis cs_009: float64, float64 
[ 2022-12-14 12:54:06,398 ] 88 root - INFO - Hypothesis dd_000: float64, float64 
[ 2022-12-14 12:54:06,406 ] 88 root - INFO - Hypothesis de_000: float64, float64 
[ 2022-12-14 12:54:06,413 ] 88 root - INFO - Hypothesis df_000: float64, float64 
[ 2022-12-14 12:54:06,432 ] 88 root - INFO - Hypothesis dg_000: float64, float64 
[ 2022-12-14 12:54:06,452 ] 88 root - INFO - Hypothesis dh_000: float64, float64 
[ 2022-12-14 12:54:06,456 ] 88 root - INFO - Hypothesis di_000: float64, float64 
[ 2022-12-14 12:54:06,462 ] 88 root - INFO - Hypothesis dj_000: float64, float64 
[ 2022-12-14 12:54:06,480 ] 88 root - INFO - Hypothesis dk_000: float64, float64 
[ 2022-12-14 12:54:06,500 ] 88 root - INFO - Hypothesis dl_000: float64, float64 
[ 2022-12-14 12:54:06,520 ] 88 root - INFO - Hypothesis dm_000: float64, float64 
[ 2022-12-14 12:54:06,538 ] 88 root - INFO - Hypothesis dn_000: float64, float64 
[ 2022-12-14 12:54:06,546 ] 88 root - INFO - Hypothesis do_000: float64, float64 
[ 2022-12-14 12:54:06,554 ] 88 root - INFO - Hypothesis dp_000: float64, float64 
[ 2022-12-14 12:54:06,561 ] 88 root - INFO - Hypothesis dq_000: float64, float64 
[ 2022-12-14 12:54:06,567 ] 88 root - INFO - Hypothesis dr_000: float64, float64 
[ 2022-12-14 12:54:06,572 ] 88 root - INFO - Hypothesis ds_000: float64, float64 
[ 2022-12-14 12:54:06,580 ] 88 root - INFO - Hypothesis dt_000: float64, float64 
[ 2022-12-14 12:54:06,588 ] 88 root - INFO - Hypothesis du_000: float64, float64 
[ 2022-12-14 12:54:06,596 ] 88 root - INFO - Hypothesis dv_000: float64, float64 
[ 2022-12-14 12:54:06,605 ] 88 root - INFO - Hypothesis dx_000: float64, float64 
[ 2022-12-14 12:54:06,610 ] 88 root - INFO - Hypothesis dy_000: float64, float64 
[ 2022-12-14 12:54:06,616 ] 88 root - INFO - Hypothesis dz_000: float64, float64 
[ 2022-12-14 12:54:06,634 ] 88 root - INFO - Hypothesis ea_000: float64, float64 
[ 2022-12-14 12:54:06,653 ] 88 root - INFO - Hypothesis eb_000: float64, float64 
[ 2022-12-14 12:54:06,660 ] 88 root - INFO - Hypothesis ec_00: float64, float64 
[ 2022-12-14 12:54:06,668 ] 88 root - INFO - Hypothesis ed_000: float64, float64 
[ 2022-12-14 12:54:06,675 ] 88 root - INFO - Hypothesis ee_000: float64, float64 
[ 2022-12-14 12:54:06,683 ] 88 root - INFO - Hypothesis ee_001: float64, float64 
[ 2022-12-14 12:54:06,691 ] 88 root - INFO - Hypothesis ee_002: float64, float64 
[ 2022-12-14 12:54:06,699 ] 88 root - INFO - Hypothesis ee_003: float64, float64 
[ 2022-12-14 12:54:06,706 ] 88 root - INFO - Hypothesis ee_004: float64, float64 
[ 2022-12-14 12:54:06,714 ] 88 root - INFO - Hypothesis ee_005: float64, float64 
[ 2022-12-14 12:54:06,722 ] 88 root - INFO - Hypothesis ee_006: float64, float64 
[ 2022-12-14 12:54:06,730 ] 88 root - INFO - Hypothesis ee_007: float64, float64 
[ 2022-12-14 12:54:06,737 ] 88 root - INFO - Hypothesis ee_008: float64, float64 
[ 2022-12-14 12:54:06,744 ] 88 root - INFO - Hypothesis ee_009: float64, float64 
[ 2022-12-14 12:54:06,750 ] 88 root - INFO - Hypothesis ef_000: float64, float64 
[ 2022-12-14 12:54:06,770 ] 88 root - INFO - Hypothesis eg_000: float64, float64 
[ 2022-12-14 12:54:06,788 ] 147 root - INFO - Write reprt in yaml file
[ 2022-12-14 12:54:07,071 ] 152 root - INFO - Data validation artifact: DataValidationArtifact(report_file_path='/config/workspace/artifact/12142022__125337/data_validation/report.yaml')
[ 2022-12-14 12:54:07,075 ] 24 root - INFO - >>>>>>>>>>>>>>>>>>>>>>>>>>>>>>>>>>>>>>>> Data Transformation <<<<<<<<<<<<<<<<<<<<<<<<<<<<<<<<<<<<<<<<
[ 2022-12-14 12:54:08,163 ] 75 root - INFO - Before resampling in training set Input: (28950, 170) Target:(28950,)
[ 2022-12-14 12:54:14,089 ] 77 root - INFO - After resampling in training set Input: (56102, 170) Target:(56102,)
[ 2022-12-14 12:54:14,089 ] 79 root - INFO - Before resampling in testing set Input: (7238, 170) Target:(7238,)
[ 2022-12-14 12:54:14,716 ] 81 root - INFO - After resampling in testing set Input: (14076, 170) Target:(14076,)
[ 2022-12-14 12:54:14,828 ] 54 root - INFO - Entered the save_object method of utils
[ 2022-12-14 12:54:14,838 ] 58 root - INFO - Exited the save_object method of utils
[ 2022-12-14 12:54:14,838 ] 54 root - INFO - Entered the save_object method of utils
[ 2022-12-14 12:54:14,840 ] 58 root - INFO - Exited the save_object method of utils
[ 2022-12-14 12:54:14,840 ] 112 root - INFO - Data transformation object DataTransformationArtifact(transform_object_path='/config/workspace/artifact/12142022__125337/data_transformation/transformer/transformer.pkl', transformed_train_path='/config/workspace/artifact/12142022__125337/data_transformation/transformed/train.npz', transformed_test_path='/config/workspace/artifact/12142022__125337/data_transformation/transformed/test.npz', target_encoder_path='/config/workspace/artifact/12142022__125337/data_transformation/target_encoder/target_encoder.pkl')
[ 2022-12-14 12:54:14,842 ] 18 root - INFO - >>>>>>>>>>>>>>>>>>>>>>>>>>>>>>>>>>>>>>>> Model Trainer <<<<<<<<<<<<<<<<<<<<<<<<<<<<<<<<<<<<<<<<
[ 2022-12-14 12:54:14,842 ] 45 root - INFO - Loading train and test array.
[ 2022-12-14 12:54:14,890 ] 49 root - INFO - Splitting input and target feature from both train and test arr.
[ 2022-12-14 12:54:14,890 ] 53 root - INFO - Train the model
[ 2022-12-14 12:54:25,003 ] 56 root - INFO - Calculating f1 train score
[ 2022-12-14 12:54:25,051 ] 60 root - INFO - Calculating f1 test score
[ 2022-12-14 12:54:25,072 ] 64 root - INFO - train score:0.9999821750057931 and tests score 0.9864013741769253
[ 2022-12-14 12:54:25,072 ] 66 root - INFO - Checking if our model is underfitting or not
[ 2022-12-14 12:54:25,072 ] 71 root - INFO - Checking if our model is overfiiting or not
[ 2022-12-14 12:54:25,073 ] 78 root - INFO - Saving mode object
[ 2022-12-14 12:54:25,073 ] 54 root - INFO - Entered the save_object method of utils
[ 2022-12-14 12:54:25,082 ] 58 root - INFO - Exited the save_object method of utils
[ 2022-12-14 12:54:25,082 ] 82 root - INFO - Prepare the artifact
[ 2022-12-14 12:54:25,083 ] 85 root - INFO - Model trainer artifact: ModelTrainerArtifact(model_path='/config/workspace/artifact/12142022__125337/model_trainer/model/model.pkl', f1_train_score=0.9999821750057931, f1_test_score=0.9864013741769253)
[ 2022-12-14 12:54:25,084 ] 19 root - INFO - >>>>>>>>>>>>>>>>>>>>>>>>>>>>>>>>>>>>>>>>  Model Evaluation <<<<<<<<<<<<<<<<<<<<<<<<<<<<<<<<<<<<<<<<
[ 2022-12-14 12:54:25,085 ] 47 root - INFO - Previous trained objects of transformer, model and target encoder
