[ 2022-12-14 13:31:50,338 ] 15 root - INFO - >>>>>>>>>>>>>>>>>>>>>>>>>>>>>>>>>>>>>>>> Data Ingestion <<<<<<<<<<<<<<<<<<<<<<<<<<<<<<<<<<<<<<<<
[ 2022-12-14 13:31:50,338 ] 22 root - INFO - Exporting collection data as pandas dataframe
[ 2022-12-14 13:31:50,339 ] 21 root - INFO - Reading data from database: aps and collection: sensor
[ 2022-12-14 13:31:54,246 ] 23 root - INFO - Found columns: Index(['_id', 'class', 'aa_000', 'ab_000', 'ac_000', 'ad_000', 'ae_000',
       'af_000', 'ag_000', 'ag_001',
       ...
       'ee_002', 'ee_003', 'ee_004', 'ee_005', 'ee_006', 'ee_007', 'ee_008',
       'ee_009', 'ef_000', 'eg_000'],
      dtype='object', length=172)
[ 2022-12-14 13:31:54,247 ] 25 root - INFO - Dropping column: _id 
[ 2022-12-14 13:31:54,443 ] 27 root - INFO - Row and columns in df: (36188, 171)
[ 2022-12-14 13:31:54,443 ] 28 root - INFO - Save data in feature store
[ 2022-12-14 13:31:55,059 ] 34 root - INFO - Create feature store folder if not available
[ 2022-12-14 13:31:55,059 ] 38 root - INFO - Save df to feature store folder
[ 2022-12-14 13:31:58,163 ] 43 root - INFO - split dataset into train and test set
[ 2022-12-14 13:31:58,858 ] 47 root - INFO - create dataset directory folder if not available
[ 2022-12-14 13:31:58,859 ] 52 root - INFO - Save df to feature store folder
[ 2022-12-14 13:32:01,086 ] 64 root - INFO - Data ingestion artifact: DataIngestionArtifact(feature_store_file_path='/config/workspace/artifact/12142022__133150/data_ingestion/feature_store/sensor.csv', train_file_path='/config/workspace/artifact/12142022__133150/data_ingestion/dataset/train.csv', test_file_path='/config/workspace/artifact/12142022__133150/data_ingestion/dataset/test.csv')
[ 2022-12-14 13:32:01,463 ] 22 root - INFO - >>>>>>>>>>>>>>>>>>>>>>>>>>>>>>>>>>>>>>>> Data Validation <<<<<<<<<<<<<<<<<<<<<<<<<<<<<<<<<<<<<<<<
[ 2022-12-14 13:32:01,463 ] 110 root - INFO - Reading base dataframe
[ 2022-12-14 13:32:04,549 ] 113 root - INFO - Replace na value in base df
[ 2022-12-14 13:32:04,549 ] 115 root - INFO - Drop null values colums from base df
[ 2022-12-14 13:32:05,482 ] 44 root - INFO - selecting column name which contains null above to 0.2
[ 2022-12-14 13:32:05,484 ] 47 root - INFO - Columns to drop: ['ab_000', 'ad_000', 'bk_000', 'bl_000', 'bm_000', 'bn_000', 'bo_000', 'bp_000', 'bq_000', 'br_000', 'cf_000', 'cg_000', 'ch_000', 'co_000', 'cr_000', 'ct_000', 'cu_000', 'cv_000', 'cx_000', 'cy_000', 'cz_000', 'da_000', 'db_000', 'dc_000']
[ 2022-12-14 13:32:05,584 ] 118 root - INFO - Reading train dataframe
[ 2022-12-14 13:32:06,020 ] 120 root - INFO - Reading test dataframe
[ 2022-12-14 13:32:06,147 ] 123 root - INFO - Drop null values colums from train df
[ 2022-12-14 13:32:06,161 ] 44 root - INFO - selecting column name which contains null above to 0.2
[ 2022-12-14 13:32:06,162 ] 47 root - INFO - Columns to drop: ['ab_000', 'ad_000', 'bk_000', 'bl_000', 'bm_000', 'bn_000', 'bo_000', 'bp_000', 'bq_000', 'br_000', 'cf_000', 'cg_000', 'ch_000', 'co_000', 'cr_000', 'ct_000', 'cu_000', 'cv_000', 'cx_000', 'cy_000', 'cz_000', 'da_000', 'db_000', 'dc_000']
[ 2022-12-14 13:32:06,178 ] 125 root - INFO - Drop null values colums from test df
[ 2022-12-14 13:32:06,185 ] 44 root - INFO - selecting column name which contains null above to 0.2
[ 2022-12-14 13:32:06,186 ] 47 root - INFO - Columns to drop: ['ab_000', 'ad_000', 'bk_000', 'bl_000', 'bm_000', 'bn_000', 'bo_000', 'bp_000', 'bq_000', 'br_000', 'cf_000', 'cg_000', 'ch_000', 'co_000', 'cr_000', 'ct_000', 'cu_000', 'cv_000', 'cx_000', 'cy_000', 'cz_000', 'da_000', 'db_000', 'dc_000']
[ 2022-12-14 13:32:12,678 ] 134 root - INFO - Is all required columns present in train df
[ 2022-12-14 13:32:12,679 ] 136 root - INFO - Is all required columns present in test df
[ 2022-12-14 13:32:12,680 ] 140 root - INFO - As all column are available in train df hence detecting data drift
[ 2022-12-14 13:32:12,681 ] 88 root - INFO - Hypothesis class: object, object 
[ 2022-12-14 13:32:12,832 ] 88 root - INFO - Hypothesis aa_000: float64, float64 
[ 2022-12-14 13:32:12,882 ] 88 root - INFO - Hypothesis ac_000: float64, float64 
[ 2022-12-14 13:32:12,930 ] 88 root - INFO - Hypothesis ae_000: float64, float64 
[ 2022-12-14 13:32:12,973 ] 88 root - INFO - Hypothesis af_000: float64, float64 
[ 2022-12-14 13:32:13,018 ] 88 root - INFO - Hypothesis ag_000: float64, float64 
[ 2022-12-14 13:32:13,061 ] 88 root - INFO - Hypothesis ag_001: float64, float64 
[ 2022-12-14 13:32:13,105 ] 88 root - INFO - Hypothesis ag_002: float64, float64 
[ 2022-12-14 13:32:13,149 ] 88 root - INFO - Hypothesis ag_003: float64, float64 
[ 2022-12-14 13:32:13,193 ] 88 root - INFO - Hypothesis ag_004: float64, float64 
[ 2022-12-14 13:32:13,206 ] 88 root - INFO - Hypothesis ag_005: float64, float64 
[ 2022-12-14 13:32:13,218 ] 88 root - INFO - Hypothesis ag_006: float64, float64 
[ 2022-12-14 13:32:13,232 ] 88 root - INFO - Hypothesis ag_007: float64, float64 
[ 2022-12-14 13:32:13,243 ] 88 root - INFO - Hypothesis ag_008: float64, float64 
[ 2022-12-14 13:32:13,290 ] 88 root - INFO - Hypothesis ag_009: float64, float64 
[ 2022-12-14 13:32:13,336 ] 88 root - INFO - Hypothesis ah_000: float64, float64 
[ 2022-12-14 13:32:13,385 ] 88 root - INFO - Hypothesis ai_000: float64, float64 
[ 2022-12-14 13:32:13,430 ] 88 root - INFO - Hypothesis aj_000: float64, float64 
[ 2022-12-14 13:32:13,475 ] 88 root - INFO - Hypothesis ak_000: float64, float64 
[ 2022-12-14 13:32:13,518 ] 88 root - INFO - Hypothesis al_000: float64, float64 
[ 2022-12-14 13:32:13,566 ] 88 root - INFO - Hypothesis am_0: float64, float64 
[ 2022-12-14 13:32:13,616 ] 88 root - INFO - Hypothesis an_000: float64, float64 
[ 2022-12-14 13:32:13,666 ] 88 root - INFO - Hypothesis ao_000: float64, float64 
[ 2022-12-14 13:32:13,716 ] 88 root - INFO - Hypothesis ap_000: float64, float64 
[ 2022-12-14 13:32:13,766 ] 88 root - INFO - Hypothesis aq_000: float64, float64 
[ 2022-12-14 13:32:13,815 ] 88 root - INFO - Hypothesis ar_000: float64, float64 
[ 2022-12-14 13:32:13,861 ] 88 root - INFO - Hypothesis as_000: float64, float64 
[ 2022-12-14 13:32:13,904 ] 88 root - INFO - Hypothesis at_000: float64, float64 
[ 2022-12-14 13:32:13,948 ] 88 root - INFO - Hypothesis au_000: float64, float64 
[ 2022-12-14 13:32:13,991 ] 88 root - INFO - Hypothesis av_000: float64, float64 
[ 2022-12-14 13:32:14,000 ] 88 root - INFO - Hypothesis ax_000: float64, float64 
[ 2022-12-14 13:32:14,048 ] 88 root - INFO - Hypothesis ay_000: float64, float64 
[ 2022-12-14 13:32:14,091 ] 88 root - INFO - Hypothesis ay_001: float64, float64 
[ 2022-12-14 13:32:14,134 ] 88 root - INFO - Hypothesis ay_002: float64, float64 
[ 2022-12-14 13:32:14,178 ] 88 root - INFO - Hypothesis ay_003: float64, float64 
[ 2022-12-14 13:32:14,221 ] 88 root - INFO - Hypothesis ay_004: float64, float64 
[ 2022-12-14 13:32:14,266 ] 88 root - INFO - Hypothesis ay_005: float64, float64 
[ 2022-12-14 13:32:14,275 ] 88 root - INFO - Hypothesis ay_006: float64, float64 
[ 2022-12-14 13:32:14,324 ] 88 root - INFO - Hypothesis ay_007: float64, float64 
[ 2022-12-14 13:32:14,374 ] 88 root - INFO - Hypothesis ay_008: float64, float64 
[ 2022-12-14 13:32:14,386 ] 88 root - INFO - Hypothesis ay_009: float64, float64 
[ 2022-12-14 13:32:14,430 ] 88 root - INFO - Hypothesis az_000: float64, float64 
[ 2022-12-14 13:32:14,440 ] 88 root - INFO - Hypothesis az_001: float64, float64 
[ 2022-12-14 13:32:14,450 ] 88 root - INFO - Hypothesis az_002: float64, float64 
[ 2022-12-14 13:32:14,461 ] 88 root - INFO - Hypothesis az_003: float64, float64 
[ 2022-12-14 13:32:14,510 ] 88 root - INFO - Hypothesis az_004: float64, float64 
[ 2022-12-14 13:32:14,522 ] 88 root - INFO - Hypothesis az_005: float64, float64 
[ 2022-12-14 13:32:14,533 ] 88 root - INFO - Hypothesis az_006: float64, float64 
[ 2022-12-14 13:32:14,543 ] 88 root - INFO - Hypothesis az_007: float64, float64 
[ 2022-12-14 13:32:14,551 ] 88 root - INFO - Hypothesis az_008: float64, float64 
[ 2022-12-14 13:32:14,597 ] 88 root - INFO - Hypothesis az_009: float64, float64 
[ 2022-12-14 13:32:14,640 ] 88 root - INFO - Hypothesis ba_000: float64, float64 
[ 2022-12-14 13:32:14,652 ] 88 root - INFO - Hypothesis ba_001: float64, float64 
[ 2022-12-14 13:32:14,702 ] 88 root - INFO - Hypothesis ba_002: float64, float64 
[ 2022-12-14 13:32:14,713 ] 88 root - INFO - Hypothesis ba_003: float64, float64 
[ 2022-12-14 13:32:14,724 ] 88 root - INFO - Hypothesis ba_004: float64, float64 
[ 2022-12-14 13:32:14,735 ] 88 root - INFO - Hypothesis ba_005: float64, float64 
[ 2022-12-14 13:32:14,746 ] 88 root - INFO - Hypothesis ba_006: float64, float64 
[ 2022-12-14 13:32:14,757 ] 88 root - INFO - Hypothesis ba_007: float64, float64 
[ 2022-12-14 13:32:14,768 ] 88 root - INFO - Hypothesis ba_008: float64, float64 
[ 2022-12-14 13:32:14,777 ] 88 root - INFO - Hypothesis ba_009: float64, float64 
[ 2022-12-14 13:32:14,822 ] 88 root - INFO - Hypothesis bb_000: float64, float64 
[ 2022-12-14 13:32:14,872 ] 88 root - INFO - Hypothesis bc_000: float64, float64 
[ 2022-12-14 13:32:14,919 ] 88 root - INFO - Hypothesis bd_000: float64, float64 
[ 2022-12-14 13:32:14,967 ] 88 root - INFO - Hypothesis be_000: float64, float64 
[ 2022-12-14 13:32:14,977 ] 88 root - INFO - Hypothesis bf_000: float64, float64 
[ 2022-12-14 13:32:14,984 ] 88 root - INFO - Hypothesis bg_000: float64, float64 
[ 2022-12-14 13:32:15,034 ] 88 root - INFO - Hypothesis bh_000: float64, float64 
[ 2022-12-14 13:32:15,084 ] 88 root - INFO - Hypothesis bi_000: float64, float64 
[ 2022-12-14 13:32:15,133 ] 88 root - INFO - Hypothesis bj_000: float64, float64 
[ 2022-12-14 13:32:15,183 ] 88 root - INFO - Hypothesis bs_000: float64, float64 
[ 2022-12-14 13:32:15,198 ] 88 root - INFO - Hypothesis bt_000: float64, float64 
[ 2022-12-14 13:32:15,249 ] 88 root - INFO - Hypothesis bu_000: float64, float64 
[ 2022-12-14 13:32:15,299 ] 88 root - INFO - Hypothesis bv_000: float64, float64 
[ 2022-12-14 13:32:15,349 ] 88 root - INFO - Hypothesis bx_000: float64, float64 
[ 2022-12-14 13:32:15,360 ] 88 root - INFO - Hypothesis by_000: float64, float64 
[ 2022-12-14 13:32:15,410 ] 88 root - INFO - Hypothesis bz_000: float64, float64 
[ 2022-12-14 13:32:15,458 ] 88 root - INFO - Hypothesis ca_000: float64, float64 
[ 2022-12-14 13:32:15,470 ] 88 root - INFO - Hypothesis cb_000: float64, float64 
[ 2022-12-14 13:32:15,482 ] 88 root - INFO - Hypothesis cc_000: float64, float64 
[ 2022-12-14 13:32:15,494 ] 88 root - INFO - Hypothesis cd_000: float64, float64 
[ 2022-12-14 13:32:15,500 ] 88 root - INFO - Hypothesis ce_000: float64, float64 
[ 2022-12-14 13:32:15,552 ] 88 root - INFO - Hypothesis ci_000: float64, float64 
[ 2022-12-14 13:32:15,602 ] 88 root - INFO - Hypothesis cj_000: float64, float64 
[ 2022-12-14 13:32:15,648 ] 88 root - INFO - Hypothesis ck_000: float64, float64 
[ 2022-12-14 13:32:15,697 ] 88 root - INFO - Hypothesis cl_000: float64, float64 
[ 2022-12-14 13:32:15,704 ] 88 root - INFO - Hypothesis cm_000: float64, float64 
[ 2022-12-14 13:32:15,712 ] 88 root - INFO - Hypothesis cn_000: float64, float64 
[ 2022-12-14 13:32:15,756 ] 88 root - INFO - Hypothesis cn_001: float64, float64 
[ 2022-12-14 13:32:15,800 ] 88 root - INFO - Hypothesis cn_002: float64, float64 
[ 2022-12-14 13:32:15,809 ] 88 root - INFO - Hypothesis cn_003: float64, float64 
[ 2022-12-14 13:32:15,821 ] 88 root - INFO - Hypothesis cn_004: float64, float64 
[ 2022-12-14 13:32:15,833 ] 88 root - INFO - Hypothesis cn_005: float64, float64 
[ 2022-12-14 13:32:15,844 ] 88 root - INFO - Hypothesis cn_006: float64, float64 
[ 2022-12-14 13:32:15,855 ] 88 root - INFO - Hypothesis cn_007: float64, float64 
[ 2022-12-14 13:32:15,866 ] 88 root - INFO - Hypothesis cn_008: float64, float64 
[ 2022-12-14 13:32:15,919 ] 88 root - INFO - Hypothesis cn_009: float64, float64 
[ 2022-12-14 13:32:15,966 ] 88 root - INFO - Hypothesis cp_000: float64, float64 
[ 2022-12-14 13:32:16,013 ] 88 root - INFO - Hypothesis cq_000: float64, float64 
[ 2022-12-14 13:32:16,064 ] 88 root - INFO - Hypothesis cs_000: float64, float64 
[ 2022-12-14 13:32:16,075 ] 88 root - INFO - Hypothesis cs_001: float64, float64 
[ 2022-12-14 13:32:16,084 ] 88 root - INFO - Hypothesis cs_002: float64, float64 
[ 2022-12-14 13:32:16,095 ] 88 root - INFO - Hypothesis cs_003: float64, float64 
[ 2022-12-14 13:32:16,106 ] 88 root - INFO - Hypothesis cs_004: float64, float64 
[ 2022-12-14 13:32:16,118 ] 88 root - INFO - Hypothesis cs_005: float64, float64 
[ 2022-12-14 13:32:16,168 ] 88 root - INFO - Hypothesis cs_006: float64, float64 
[ 2022-12-14 13:32:16,220 ] 88 root - INFO - Hypothesis cs_007: float64, float64 
[ 2022-12-14 13:32:16,270 ] 88 root - INFO - Hypothesis cs_008: float64, float64 
[ 2022-12-14 13:32:16,317 ] 88 root - INFO - Hypothesis cs_009: float64, float64 
[ 2022-12-14 13:32:16,361 ] 88 root - INFO - Hypothesis dd_000: float64, float64 
[ 2022-12-14 13:32:16,409 ] 88 root - INFO - Hypothesis de_000: float64, float64 
[ 2022-12-14 13:32:16,418 ] 88 root - INFO - Hypothesis df_000: float64, float64 
[ 2022-12-14 13:32:16,462 ] 88 root - INFO - Hypothesis dg_000: float64, float64 
[ 2022-12-14 13:32:16,504 ] 88 root - INFO - Hypothesis dh_000: float64, float64 
[ 2022-12-14 13:32:16,549 ] 88 root - INFO - Hypothesis di_000: float64, float64 
[ 2022-12-14 13:32:16,556 ] 88 root - INFO - Hypothesis dj_000: float64, float64 
[ 2022-12-14 13:32:16,600 ] 88 root - INFO - Hypothesis dk_000: float64, float64 
[ 2022-12-14 13:32:16,644 ] 88 root - INFO - Hypothesis dl_000: float64, float64 
[ 2022-12-14 13:32:16,688 ] 88 root - INFO - Hypothesis dm_000: float64, float64 
[ 2022-12-14 13:32:16,732 ] 88 root - INFO - Hypothesis dn_000: float64, float64 
[ 2022-12-14 13:32:16,783 ] 88 root - INFO - Hypothesis do_000: float64, float64 
[ 2022-12-14 13:32:16,794 ] 88 root - INFO - Hypothesis dp_000: float64, float64 
[ 2022-12-14 13:32:16,804 ] 88 root - INFO - Hypothesis dq_000: float64, float64 
[ 2022-12-14 13:32:16,848 ] 88 root - INFO - Hypothesis dr_000: float64, float64 
[ 2022-12-14 13:32:16,893 ] 88 root - INFO - Hypothesis ds_000: float64, float64 
[ 2022-12-14 13:32:16,904 ] 88 root - INFO - Hypothesis dt_000: float64, float64 
[ 2022-12-14 13:32:16,953 ] 88 root - INFO - Hypothesis du_000: float64, float64 
[ 2022-12-14 13:32:16,965 ] 88 root - INFO - Hypothesis dv_000: float64, float64 
[ 2022-12-14 13:32:16,976 ] 88 root - INFO - Hypothesis dx_000: float64, float64 
[ 2022-12-14 13:32:17,021 ] 88 root - INFO - Hypothesis dy_000: float64, float64 
[ 2022-12-14 13:32:17,067 ] 88 root - INFO - Hypothesis dz_000: float64, float64 
[ 2022-12-14 13:32:17,110 ] 88 root - INFO - Hypothesis ea_000: float64, float64 
[ 2022-12-14 13:32:17,154 ] 88 root - INFO - Hypothesis eb_000: float64, float64 
[ 2022-12-14 13:32:17,164 ] 88 root - INFO - Hypothesis ec_00: float64, float64 
[ 2022-12-14 13:32:17,175 ] 88 root - INFO - Hypothesis ed_000: float64, float64 
[ 2022-12-14 13:32:17,185 ] 88 root - INFO - Hypothesis ee_000: float64, float64 
[ 2022-12-14 13:32:17,196 ] 88 root - INFO - Hypothesis ee_001: float64, float64 
[ 2022-12-14 13:32:17,208 ] 88 root - INFO - Hypothesis ee_002: float64, float64 
[ 2022-12-14 13:32:17,220 ] 88 root - INFO - Hypothesis ee_003: float64, float64 
[ 2022-12-14 13:32:17,231 ] 88 root - INFO - Hypothesis ee_004: float64, float64 
[ 2022-12-14 13:32:17,242 ] 88 root - INFO - Hypothesis ee_005: float64, float64 
[ 2022-12-14 13:32:17,256 ] 88 root - INFO - Hypothesis ee_006: float64, float64 
[ 2022-12-14 13:32:17,267 ] 88 root - INFO - Hypothesis ee_007: float64, float64 
[ 2022-12-14 13:32:17,278 ] 88 root - INFO - Hypothesis ee_008: float64, float64 
[ 2022-12-14 13:32:17,287 ] 88 root - INFO - Hypothesis ee_009: float64, float64 
[ 2022-12-14 13:32:17,296 ] 88 root - INFO - Hypothesis ef_000: float64, float64 
[ 2022-12-14 13:32:17,339 ] 88 root - INFO - Hypothesis eg_000: float64, float64 
[ 2022-12-14 13:32:17,383 ] 143 root - INFO - As all column are available in test df hence detecting data drift
[ 2022-12-14 13:32:17,383 ] 88 root - INFO - Hypothesis class: object, object 
[ 2022-12-14 13:32:17,459 ] 88 root - INFO - Hypothesis aa_000: float64, float64 
[ 2022-12-14 13:32:17,467 ] 88 root - INFO - Hypothesis ac_000: float64, float64 
[ 2022-12-14 13:32:17,473 ] 88 root - INFO - Hypothesis ae_000: float64, float64 
[ 2022-12-14 13:32:17,492 ] 88 root - INFO - Hypothesis af_000: float64, float64 
[ 2022-12-14 13:32:17,511 ] 88 root - INFO - Hypothesis ag_000: float64, float64 
[ 2022-12-14 13:32:17,530 ] 88 root - INFO - Hypothesis ag_001: float64, float64 
[ 2022-12-14 13:32:17,548 ] 88 root - INFO - Hypothesis ag_002: float64, float64 
[ 2022-12-14 13:32:17,567 ] 88 root - INFO - Hypothesis ag_003: float64, float64 
[ 2022-12-14 13:32:17,587 ] 88 root - INFO - Hypothesis ag_004: float64, float64 
[ 2022-12-14 13:32:17,595 ] 88 root - INFO - Hypothesis ag_005: float64, float64 
[ 2022-12-14 13:32:17,603 ] 88 root - INFO - Hypothesis ag_006: float64, float64 
[ 2022-12-14 13:32:17,611 ] 88 root - INFO - Hypothesis ag_007: float64, float64 
[ 2022-12-14 13:32:17,618 ] 88 root - INFO - Hypothesis ag_008: float64, float64 
[ 2022-12-14 13:32:17,625 ] 88 root - INFO - Hypothesis ag_009: float64, float64 
[ 2022-12-14 13:32:17,630 ] 88 root - INFO - Hypothesis ah_000: float64, float64 
[ 2022-12-14 13:32:17,638 ] 88 root - INFO - Hypothesis ai_000: float64, float64 
[ 2022-12-14 13:32:17,642 ] 88 root - INFO - Hypothesis aj_000: float64, float64 
[ 2022-12-14 13:32:17,647 ] 88 root - INFO - Hypothesis ak_000: float64, float64 
[ 2022-12-14 13:32:17,666 ] 88 root - INFO - Hypothesis al_000: float64, float64 
[ 2022-12-14 13:32:17,672 ] 88 root - INFO - Hypothesis am_0: float64, float64 
[ 2022-12-14 13:32:17,677 ] 88 root - INFO - Hypothesis an_000: float64, float64 
[ 2022-12-14 13:32:17,685 ] 88 root - INFO - Hypothesis ao_000: float64, float64 
[ 2022-12-14 13:32:17,693 ] 88 root - INFO - Hypothesis ap_000: float64, float64 
[ 2022-12-14 13:32:17,701 ] 88 root - INFO - Hypothesis aq_000: float64, float64 
[ 2022-12-14 13:32:17,709 ] 88 root - INFO - Hypothesis ar_000: float64, float64 
[ 2022-12-14 13:32:17,727 ] 88 root - INFO - Hypothesis as_000: float64, float64 
[ 2022-12-14 13:32:17,745 ] 88 root - INFO - Hypothesis at_000: float64, float64 
[ 2022-12-14 13:32:17,764 ] 88 root - INFO - Hypothesis au_000: float64, float64 
[ 2022-12-14 13:32:17,782 ] 88 root - INFO - Hypothesis av_000: float64, float64 
[ 2022-12-14 13:32:17,788 ] 88 root - INFO - Hypothesis ax_000: float64, float64 
[ 2022-12-14 13:32:17,795 ] 88 root - INFO - Hypothesis ay_000: float64, float64 
[ 2022-12-14 13:32:17,813 ] 88 root - INFO - Hypothesis ay_001: float64, float64 
[ 2022-12-14 13:32:17,817 ] 88 root - INFO - Hypothesis ay_002: float64, float64 
[ 2022-12-14 13:32:17,835 ] 88 root - INFO - Hypothesis ay_003: float64, float64 
[ 2022-12-14 13:32:17,839 ] 88 root - INFO - Hypothesis ay_004: float64, float64 
[ 2022-12-14 13:32:17,843 ] 88 root - INFO - Hypothesis ay_005: float64, float64 
[ 2022-12-14 13:32:17,850 ] 88 root - INFO - Hypothesis ay_006: float64, float64 
[ 2022-12-14 13:32:17,857 ] 88 root - INFO - Hypothesis ay_007: float64, float64 
[ 2022-12-14 13:32:17,864 ] 88 root - INFO - Hypothesis ay_008: float64, float64 
[ 2022-12-14 13:32:17,872 ] 88 root - INFO - Hypothesis ay_009: float64, float64 
[ 2022-12-14 13:32:17,890 ] 88 root - INFO - Hypothesis az_000: float64, float64 
[ 2022-12-14 13:32:17,898 ] 88 root - INFO - Hypothesis az_001: float64, float64 
[ 2022-12-14 13:32:17,905 ] 88 root - INFO - Hypothesis az_002: float64, float64 
[ 2022-12-14 13:32:17,912 ] 88 root - INFO - Hypothesis az_003: float64, float64 
[ 2022-12-14 13:32:17,919 ] 88 root - INFO - Hypothesis az_004: float64, float64 
[ 2022-12-14 13:32:17,927 ] 88 root - INFO - Hypothesis az_005: float64, float64 
[ 2022-12-14 13:32:17,935 ] 88 root - INFO - Hypothesis az_006: float64, float64 
[ 2022-12-14 13:32:17,942 ] 88 root - INFO - Hypothesis az_007: float64, float64 
[ 2022-12-14 13:32:17,947 ] 88 root - INFO - Hypothesis az_008: float64, float64 
[ 2022-12-14 13:32:17,951 ] 88 root - INFO - Hypothesis az_009: float64, float64 
[ 2022-12-14 13:32:17,970 ] 88 root - INFO - Hypothesis ba_000: float64, float64 
[ 2022-12-14 13:32:17,978 ] 88 root - INFO - Hypothesis ba_001: float64, float64 
[ 2022-12-14 13:32:17,986 ] 88 root - INFO - Hypothesis ba_002: float64, float64 
[ 2022-12-14 13:32:17,996 ] 88 root - INFO - Hypothesis ba_003: float64, float64 
[ 2022-12-14 13:32:18,004 ] 88 root - INFO - Hypothesis ba_004: float64, float64 
[ 2022-12-14 13:32:18,012 ] 88 root - INFO - Hypothesis ba_005: float64, float64 
[ 2022-12-14 13:32:18,020 ] 88 root - INFO - Hypothesis ba_006: float64, float64 
[ 2022-12-14 13:32:18,028 ] 88 root - INFO - Hypothesis ba_007: float64, float64 
[ 2022-12-14 13:32:18,036 ] 88 root - INFO - Hypothesis ba_008: float64, float64 
[ 2022-12-14 13:32:18,043 ] 88 root - INFO - Hypothesis ba_009: float64, float64 
[ 2022-12-14 13:32:18,050 ] 88 root - INFO - Hypothesis bb_000: float64, float64 
[ 2022-12-14 13:32:18,058 ] 88 root - INFO - Hypothesis bc_000: float64, float64 
[ 2022-12-14 13:32:18,065 ] 88 root - INFO - Hypothesis bd_000: float64, float64 
[ 2022-12-14 13:32:18,071 ] 88 root - INFO - Hypothesis be_000: float64, float64 
[ 2022-12-14 13:32:18,078 ] 88 root - INFO - Hypothesis bf_000: float64, float64 
[ 2022-12-14 13:32:18,084 ] 88 root - INFO - Hypothesis bg_000: float64, float64 
[ 2022-12-14 13:32:18,092 ] 88 root - INFO - Hypothesis bh_000: float64, float64 
[ 2022-12-14 13:32:18,101 ] 88 root - INFO - Hypothesis bi_000: float64, float64 
[ 2022-12-14 13:32:18,109 ] 88 root - INFO - Hypothesis bj_000: float64, float64 
[ 2022-12-14 13:32:18,117 ] 88 root - INFO - Hypothesis bs_000: float64, float64 
[ 2022-12-14 13:32:18,125 ] 88 root - INFO - Hypothesis bt_000: float64, float64 
[ 2022-12-14 13:32:18,134 ] 88 root - INFO - Hypothesis bu_000: float64, float64 
[ 2022-12-14 13:32:18,142 ] 88 root - INFO - Hypothesis bv_000: float64, float64 
[ 2022-12-14 13:32:18,150 ] 88 root - INFO - Hypothesis bx_000: float64, float64 
[ 2022-12-14 13:32:18,158 ] 88 root - INFO - Hypothesis by_000: float64, float64 
[ 2022-12-14 13:32:18,166 ] 88 root - INFO - Hypothesis bz_000: float64, float64 
[ 2022-12-14 13:32:18,173 ] 88 root - INFO - Hypothesis ca_000: float64, float64 
[ 2022-12-14 13:32:18,181 ] 88 root - INFO - Hypothesis cb_000: float64, float64 
[ 2022-12-14 13:32:18,189 ] 88 root - INFO - Hypothesis cc_000: float64, float64 
[ 2022-12-14 13:32:18,197 ] 88 root - INFO - Hypothesis cd_000: float64, float64 
[ 2022-12-14 13:32:18,218 ] 88 root - INFO - Hypothesis ce_000: float64, float64 
[ 2022-12-14 13:32:18,225 ] 88 root - INFO - Hypothesis ci_000: float64, float64 
[ 2022-12-14 13:32:18,233 ] 88 root - INFO - Hypothesis cj_000: float64, float64 
[ 2022-12-14 13:32:18,238 ] 88 root - INFO - Hypothesis ck_000: float64, float64 
[ 2022-12-14 13:32:18,246 ] 88 root - INFO - Hypothesis cl_000: float64, float64 
[ 2022-12-14 13:32:18,251 ] 88 root - INFO - Hypothesis cm_000: float64, float64 
[ 2022-12-14 13:32:18,257 ] 88 root - INFO - Hypothesis cn_000: float64, float64 
[ 2022-12-14 13:32:18,276 ] 88 root - INFO - Hypothesis cn_001: float64, float64 
[ 2022-12-14 13:32:18,295 ] 88 root - INFO - Hypothesis cn_002: float64, float64 
[ 2022-12-14 13:32:18,301 ] 88 root - INFO - Hypothesis cn_003: float64, float64 
[ 2022-12-14 13:32:18,309 ] 88 root - INFO - Hypothesis cn_004: float64, float64 
[ 2022-12-14 13:32:18,317 ] 88 root - INFO - Hypothesis cn_005: float64, float64 
[ 2022-12-14 13:32:18,325 ] 88 root - INFO - Hypothesis cn_006: float64, float64 
[ 2022-12-14 13:32:18,333 ] 88 root - INFO - Hypothesis cn_007: float64, float64 
[ 2022-12-14 13:32:18,340 ] 88 root - INFO - Hypothesis cn_008: float64, float64 
[ 2022-12-14 13:32:18,347 ] 88 root - INFO - Hypothesis cn_009: float64, float64 
[ 2022-12-14 13:32:18,353 ] 88 root - INFO - Hypothesis cp_000: float64, float64 
[ 2022-12-14 13:32:18,359 ] 88 root - INFO - Hypothesis cq_000: float64, float64 
[ 2022-12-14 13:32:18,366 ] 88 root - INFO - Hypothesis cs_000: float64, float64 
[ 2022-12-14 13:32:18,374 ] 88 root - INFO - Hypothesis cs_001: float64, float64 
[ 2022-12-14 13:32:18,381 ] 88 root - INFO - Hypothesis cs_002: float64, float64 
[ 2022-12-14 13:32:18,388 ] 88 root - INFO - Hypothesis cs_003: float64, float64 
[ 2022-12-14 13:32:18,396 ] 88 root - INFO - Hypothesis cs_004: float64, float64 
[ 2022-12-14 13:32:18,404 ] 88 root - INFO - Hypothesis cs_005: float64, float64 
[ 2022-12-14 13:32:18,412 ] 88 root - INFO - Hypothesis cs_006: float64, float64 
[ 2022-12-14 13:32:18,420 ] 88 root - INFO - Hypothesis cs_007: float64, float64 
[ 2022-12-14 13:32:18,427 ] 88 root - INFO - Hypothesis cs_008: float64, float64 
[ 2022-12-14 13:32:18,433 ] 88 root - INFO - Hypothesis cs_009: float64, float64 
[ 2022-12-14 13:32:18,437 ] 88 root - INFO - Hypothesis dd_000: float64, float64 
[ 2022-12-14 13:32:18,445 ] 88 root - INFO - Hypothesis de_000: float64, float64 
[ 2022-12-14 13:32:18,451 ] 88 root - INFO - Hypothesis df_000: float64, float64 
[ 2022-12-14 13:32:18,455 ] 88 root - INFO - Hypothesis dg_000: float64, float64 
[ 2022-12-14 13:32:18,459 ] 88 root - INFO - Hypothesis dh_000: float64, float64 
[ 2022-12-14 13:32:18,463 ] 88 root - INFO - Hypothesis di_000: float64, float64 
[ 2022-12-14 13:32:18,468 ] 88 root - INFO - Hypothesis dj_000: float64, float64 
[ 2022-12-14 13:32:18,487 ] 88 root - INFO - Hypothesis dk_000: float64, float64 
[ 2022-12-14 13:32:18,491 ] 88 root - INFO - Hypothesis dl_000: float64, float64 
[ 2022-12-14 13:32:18,511 ] 88 root - INFO - Hypothesis dm_000: float64, float64 
[ 2022-12-14 13:32:18,533 ] 88 root - INFO - Hypothesis dn_000: float64, float64 
[ 2022-12-14 13:32:18,541 ] 88 root - INFO - Hypothesis do_000: float64, float64 
[ 2022-12-14 13:32:18,549 ] 88 root - INFO - Hypothesis dp_000: float64, float64 
[ 2022-12-14 13:32:18,557 ] 88 root - INFO - Hypothesis dq_000: float64, float64 
[ 2022-12-14 13:32:18,562 ] 88 root - INFO - Hypothesis dr_000: float64, float64 
[ 2022-12-14 13:32:18,567 ] 88 root - INFO - Hypothesis ds_000: float64, float64 
[ 2022-12-14 13:32:18,575 ] 88 root - INFO - Hypothesis dt_000: float64, float64 
[ 2022-12-14 13:32:18,583 ] 88 root - INFO - Hypothesis du_000: float64, float64 
[ 2022-12-14 13:32:18,591 ] 88 root - INFO - Hypothesis dv_000: float64, float64 
[ 2022-12-14 13:32:18,599 ] 88 root - INFO - Hypothesis dx_000: float64, float64 
[ 2022-12-14 13:32:18,605 ] 88 root - INFO - Hypothesis dy_000: float64, float64 
[ 2022-12-14 13:32:18,610 ] 88 root - INFO - Hypothesis dz_000: float64, float64 
[ 2022-12-14 13:32:18,629 ] 88 root - INFO - Hypothesis ea_000: float64, float64 
[ 2022-12-14 13:32:18,648 ] 88 root - INFO - Hypothesis eb_000: float64, float64 
[ 2022-12-14 13:32:18,655 ] 88 root - INFO - Hypothesis ec_00: float64, float64 
[ 2022-12-14 13:32:18,662 ] 88 root - INFO - Hypothesis ed_000: float64, float64 
[ 2022-12-14 13:32:18,669 ] 88 root - INFO - Hypothesis ee_000: float64, float64 
[ 2022-12-14 13:32:18,677 ] 88 root - INFO - Hypothesis ee_001: float64, float64 
[ 2022-12-14 13:32:18,685 ] 88 root - INFO - Hypothesis ee_002: float64, float64 
[ 2022-12-14 13:32:18,693 ] 88 root - INFO - Hypothesis ee_003: float64, float64 
[ 2022-12-14 13:32:18,701 ] 88 root - INFO - Hypothesis ee_004: float64, float64 
[ 2022-12-14 13:32:18,709 ] 88 root - INFO - Hypothesis ee_005: float64, float64 
[ 2022-12-14 13:32:18,716 ] 88 root - INFO - Hypothesis ee_006: float64, float64 
[ 2022-12-14 13:32:18,724 ] 88 root - INFO - Hypothesis ee_007: float64, float64 
[ 2022-12-14 13:32:18,731 ] 88 root - INFO - Hypothesis ee_008: float64, float64 
[ 2022-12-14 13:32:18,738 ] 88 root - INFO - Hypothesis ee_009: float64, float64 
[ 2022-12-14 13:32:18,744 ] 88 root - INFO - Hypothesis ef_000: float64, float64 
[ 2022-12-14 13:32:18,763 ] 88 root - INFO - Hypothesis eg_000: float64, float64 
[ 2022-12-14 13:32:18,781 ] 147 root - INFO - Write reprt in yaml file
[ 2022-12-14 13:32:19,051 ] 152 root - INFO - Data validation artifact: DataValidationArtifact(report_file_path='/config/workspace/artifact/12142022__133150/data_validation/report.yaml')
[ 2022-12-14 13:32:19,056 ] 24 root - INFO - >>>>>>>>>>>>>>>>>>>>>>>>>>>>>>>>>>>>>>>> Data Transformation <<<<<<<<<<<<<<<<<<<<<<<<<<<<<<<<<<<<<<<<
[ 2022-12-14 13:32:20,125 ] 75 root - INFO - Before resampling in training set Input: (28950, 170) Target:(28950,)
[ 2022-12-14 13:32:26,138 ] 77 root - INFO - After resampling in training set Input: (56196, 170) Target:(56196,)
[ 2022-12-14 13:32:26,138 ] 79 root - INFO - Before resampling in testing set Input: (7238, 170) Target:(7238,)
[ 2022-12-14 13:32:26,703 ] 81 root - INFO - After resampling in testing set Input: (14046, 170) Target:(14046,)
[ 2022-12-14 13:32:26,816 ] 54 root - INFO - Entered the save_object method of utils
[ 2022-12-14 13:32:26,826 ] 58 root - INFO - Exited the save_object method of utils
[ 2022-12-14 13:32:26,826 ] 54 root - INFO - Entered the save_object method of utils
[ 2022-12-14 13:32:26,828 ] 58 root - INFO - Exited the save_object method of utils
[ 2022-12-14 13:32:26,828 ] 112 root - INFO - Data transformation object DataTransformationArtifact(transform_object_path='/config/workspace/artifact/12142022__133150/data_transformation/transformer/transformer.pkl', transformed_train_path='/config/workspace/artifact/12142022__133150/data_transformation/transformed/train.npz', transformed_test_path='/config/workspace/artifact/12142022__133150/data_transformation/transformed/test.npz', target_encoder_path='/config/workspace/artifact/12142022__133150/data_transformation/target_encoder/target_encoder.pkl')
[ 2022-12-14 13:32:26,830 ] 18 root - INFO - >>>>>>>>>>>>>>>>>>>>>>>>>>>>>>>>>>>>>>>> Model Trainer <<<<<<<<<<<<<<<<<<<<<<<<<<<<<<<<<<<<<<<<
[ 2022-12-14 13:32:26,830 ] 45 root - INFO - Loading train and test array.
[ 2022-12-14 13:32:26,877 ] 49 root - INFO - Splitting input and target feature from both train and test arr.
[ 2022-12-14 13:32:26,878 ] 53 root - INFO - Train the model
[ 2022-12-14 13:32:36,820 ] 56 root - INFO - Calculating f1 train score
[ 2022-12-14 13:32:36,875 ] 60 root - INFO - Calculating f1 test score
[ 2022-12-14 13:32:36,896 ] 64 root - INFO - train score:0.9999822048224931 and tests score 0.9827412627642743
[ 2022-12-14 13:32:36,896 ] 66 root - INFO - Checking if our model is underfitting or not
[ 2022-12-14 13:32:36,897 ] 71 root - INFO - Checking if our model is overfiiting or not
[ 2022-12-14 13:32:36,897 ] 78 root - INFO - Saving mode object
[ 2022-12-14 13:32:36,897 ] 54 root - INFO - Entered the save_object method of utils
[ 2022-12-14 13:32:36,905 ] 58 root - INFO - Exited the save_object method of utils
[ 2022-12-14 13:32:36,905 ] 82 root - INFO - Prepare the artifact
[ 2022-12-14 13:32:36,905 ] 85 root - INFO - Model trainer artifact: ModelTrainerArtifact(model_path='/config/workspace/artifact/12142022__133150/model_trainer/model/model.pkl', f1_train_score=0.9999822048224931, f1_test_score=0.9827412627642743)
[ 2022-12-14 13:32:36,908 ] 19 root - INFO - >>>>>>>>>>>>>>>>>>>>>>>>>>>>>>>>>>>>>>>>  Model Evaluation <<<<<<<<<<<<<<<<<<<<<<<<<<<<<<<<<<<<<<<<
[ 2022-12-14 13:34:19,131 ] 35 root - INFO - if saved model folder has model the we will compare which model is best trained or the model from saved model folder
[ 2022-12-14 13:34:19,132 ] 46 root - INFO - Finding location of transformer model and target encoder
[ 2022-12-14 13:34:19,132 ] 51 root - INFO - Previous trained objects of transformer, model and target encoder
[ 2022-12-14 13:34:19,138 ] 58 root - INFO - Currently trained model objects
[ 2022-12-14 13:34:19,363 ] 76 root - INFO - Accuracy using previous trained model: 0.9617224880382774
[ 2022-12-14 13:34:19,425 ] 85 root - INFO - Accuracy using current trained model: 0.8137931034482757
[ 2022-12-14 13:34:19,425 ] 87 root - INFO - Current trained model is not better than previous model
