[ 2022-12-14 12:56:29,285 ] 15 root - INFO - >>>>>>>>>>>>>>>>>>>>>>>>>>>>>>>>>>>>>>>> Data Ingestion <<<<<<<<<<<<<<<<<<<<<<<<<<<<<<<<<<<<<<<<
[ 2022-12-14 12:56:29,286 ] 22 root - INFO - Exporting collection data as pandas dataframe
[ 2022-12-14 12:56:29,286 ] 21 root - INFO - Reading data from database: aps and collection: sensor
[ 2022-12-14 12:56:33,192 ] 23 root - INFO - Found columns: Index(['_id', 'class', 'aa_000', 'ab_000', 'ac_000', 'ad_000', 'ae_000',
       'af_000', 'ag_000', 'ag_001',
       ...
       'ee_002', 'ee_003', 'ee_004', 'ee_005', 'ee_006', 'ee_007', 'ee_008',
       'ee_009', 'ef_000', 'eg_000'],
      dtype='object', length=172)
[ 2022-12-14 12:56:33,193 ] 25 root - INFO - Dropping column: _id 
[ 2022-12-14 12:56:33,390 ] 27 root - INFO - Row and columns in df: (36188, 171)
[ 2022-12-14 12:56:33,391 ] 28 root - INFO - Save data in feature store
[ 2022-12-14 12:56:34,028 ] 34 root - INFO - Create feature store folder if not available
[ 2022-12-14 12:56:34,028 ] 38 root - INFO - Save df to feature store folder
[ 2022-12-14 12:56:37,244 ] 43 root - INFO - split dataset into train and test set
[ 2022-12-14 12:56:37,963 ] 47 root - INFO - create dataset directory folder if not available
[ 2022-12-14 12:56:37,963 ] 52 root - INFO - Save df to feature store folder
[ 2022-12-14 12:56:40,219 ] 64 root - INFO - Data ingestion artifact: DataIngestionArtifact(feature_store_file_path='/config/workspace/artifact/12142022__125629/data_ingestion/feature_store/sensor.csv', train_file_path='/config/workspace/artifact/12142022__125629/data_ingestion/dataset/train.csv', test_file_path='/config/workspace/artifact/12142022__125629/data_ingestion/dataset/test.csv')
[ 2022-12-14 12:56:40,600 ] 22 root - INFO - >>>>>>>>>>>>>>>>>>>>>>>>>>>>>>>>>>>>>>>> Data Validation <<<<<<<<<<<<<<<<<<<<<<<<<<<<<<<<<<<<<<<<
[ 2022-12-14 12:56:40,601 ] 110 root - INFO - Reading base dataframe
[ 2022-12-14 12:56:43,620 ] 113 root - INFO - Replace na value in base df
[ 2022-12-14 12:56:43,620 ] 115 root - INFO - Drop null values colums from base df
[ 2022-12-14 12:56:44,514 ] 44 root - INFO - selecting column name which contains null above to 0.2
[ 2022-12-14 12:56:44,516 ] 47 root - INFO - Columns to drop: ['ab_000', 'ad_000', 'bk_000', 'bl_000', 'bm_000', 'bn_000', 'bo_000', 'bp_000', 'bq_000', 'br_000', 'cf_000', 'cg_000', 'ch_000', 'co_000', 'cr_000', 'ct_000', 'cu_000', 'cv_000', 'cx_000', 'cy_000', 'cz_000', 'da_000', 'db_000', 'dc_000']
[ 2022-12-14 12:56:44,606 ] 118 root - INFO - Reading train dataframe
[ 2022-12-14 12:56:45,035 ] 120 root - INFO - Reading test dataframe
[ 2022-12-14 12:56:45,162 ] 123 root - INFO - Drop null values colums from train df
[ 2022-12-14 12:56:45,175 ] 44 root - INFO - selecting column name which contains null above to 0.2
[ 2022-12-14 12:56:45,176 ] 47 root - INFO - Columns to drop: ['ab_000', 'ad_000', 'bk_000', 'bl_000', 'bm_000', 'bn_000', 'bo_000', 'bp_000', 'bq_000', 'br_000', 'cf_000', 'cg_000', 'ch_000', 'co_000', 'cr_000', 'ct_000', 'cu_000', 'cv_000', 'cx_000', 'cy_000', 'cz_000', 'da_000', 'db_000', 'dc_000']
[ 2022-12-14 12:56:45,190 ] 125 root - INFO - Drop null values colums from test df
[ 2022-12-14 12:56:45,196 ] 44 root - INFO - selecting column name which contains null above to 0.2
[ 2022-12-14 12:56:45,197 ] 47 root - INFO - Columns to drop: ['ab_000', 'ad_000', 'bk_000', 'bl_000', 'bm_000', 'bn_000', 'bo_000', 'bp_000', 'bq_000', 'br_000', 'cf_000', 'cg_000', 'ch_000', 'co_000', 'cr_000', 'ct_000', 'cu_000', 'cv_000', 'cx_000', 'cy_000', 'cz_000', 'da_000', 'db_000', 'dc_000']
[ 2022-12-14 12:56:51,717 ] 134 root - INFO - Is all required columns present in train df
[ 2022-12-14 12:56:51,718 ] 136 root - INFO - Is all required columns present in test df
[ 2022-12-14 12:56:51,719 ] 140 root - INFO - As all column are available in train df hence detecting data drift
[ 2022-12-14 12:56:51,719 ] 88 root - INFO - Hypothesis class: object, object 
[ 2022-12-14 12:56:51,865 ] 88 root - INFO - Hypothesis aa_000: float64, float64 
[ 2022-12-14 12:56:51,916 ] 88 root - INFO - Hypothesis ac_000: float64, float64 
[ 2022-12-14 12:56:51,964 ] 88 root - INFO - Hypothesis ae_000: float64, float64 
[ 2022-12-14 12:56:52,009 ] 88 root - INFO - Hypothesis af_000: float64, float64 
[ 2022-12-14 12:56:52,054 ] 88 root - INFO - Hypothesis ag_000: float64, float64 
[ 2022-12-14 12:56:52,097 ] 88 root - INFO - Hypothesis ag_001: float64, float64 
[ 2022-12-14 12:56:52,141 ] 88 root - INFO - Hypothesis ag_002: float64, float64 
[ 2022-12-14 12:56:52,186 ] 88 root - INFO - Hypothesis ag_003: float64, float64 
[ 2022-12-14 12:56:52,232 ] 88 root - INFO - Hypothesis ag_004: float64, float64 
[ 2022-12-14 12:56:52,287 ] 88 root - INFO - Hypothesis ag_005: float64, float64 
[ 2022-12-14 12:56:52,343 ] 88 root - INFO - Hypothesis ag_006: float64, float64 
[ 2022-12-14 12:56:52,401 ] 88 root - INFO - Hypothesis ag_007: float64, float64 
[ 2022-12-14 12:56:52,454 ] 88 root - INFO - Hypothesis ag_008: float64, float64 
[ 2022-12-14 12:56:52,504 ] 88 root - INFO - Hypothesis ag_009: float64, float64 
[ 2022-12-14 12:56:52,552 ] 88 root - INFO - Hypothesis ah_000: float64, float64 
[ 2022-12-14 12:56:52,602 ] 88 root - INFO - Hypothesis ai_000: float64, float64 
[ 2022-12-14 12:56:52,647 ] 88 root - INFO - Hypothesis aj_000: float64, float64 
[ 2022-12-14 12:56:52,694 ] 88 root - INFO - Hypothesis ak_000: float64, float64 
[ 2022-12-14 12:56:52,740 ] 88 root - INFO - Hypothesis al_000: float64, float64 
[ 2022-12-14 12:56:52,787 ] 88 root - INFO - Hypothesis am_0: float64, float64 
[ 2022-12-14 12:56:52,838 ] 88 root - INFO - Hypothesis an_000: float64, float64 
[ 2022-12-14 12:56:52,893 ] 88 root - INFO - Hypothesis ao_000: float64, float64 
[ 2022-12-14 12:56:52,945 ] 88 root - INFO - Hypothesis ap_000: float64, float64 
[ 2022-12-14 12:56:52,997 ] 88 root - INFO - Hypothesis aq_000: float64, float64 
[ 2022-12-14 12:56:53,048 ] 88 root - INFO - Hypothesis ar_000: float64, float64 
[ 2022-12-14 12:56:53,092 ] 88 root - INFO - Hypothesis as_000: float64, float64 
[ 2022-12-14 12:56:53,098 ] 88 root - INFO - Hypothesis at_000: float64, float64 
[ 2022-12-14 12:56:53,144 ] 88 root - INFO - Hypothesis au_000: float64, float64 
[ 2022-12-14 12:56:53,190 ] 88 root - INFO - Hypothesis av_000: float64, float64 
[ 2022-12-14 12:56:53,241 ] 88 root - INFO - Hypothesis ax_000: float64, float64 
[ 2022-12-14 12:56:53,290 ] 88 root - INFO - Hypothesis ay_000: float64, float64 
[ 2022-12-14 12:56:53,334 ] 88 root - INFO - Hypothesis ay_001: float64, float64 
[ 2022-12-14 12:56:53,381 ] 88 root - INFO - Hypothesis ay_002: float64, float64 
[ 2022-12-14 12:56:53,425 ] 88 root - INFO - Hypothesis ay_003: float64, float64 
[ 2022-12-14 12:56:53,471 ] 88 root - INFO - Hypothesis ay_004: float64, float64 
[ 2022-12-14 12:56:53,516 ] 88 root - INFO - Hypothesis ay_005: float64, float64 
[ 2022-12-14 12:56:53,564 ] 88 root - INFO - Hypothesis ay_006: float64, float64 
[ 2022-12-14 12:56:53,574 ] 88 root - INFO - Hypothesis ay_007: float64, float64 
[ 2022-12-14 12:56:53,624 ] 88 root - INFO - Hypothesis ay_008: float64, float64 
[ 2022-12-14 12:56:53,635 ] 88 root - INFO - Hypothesis ay_009: float64, float64 
[ 2022-12-14 12:56:53,680 ] 88 root - INFO - Hypothesis az_000: float64, float64 
[ 2022-12-14 12:56:53,734 ] 88 root - INFO - Hypothesis az_001: float64, float64 
[ 2022-12-14 12:56:53,784 ] 88 root - INFO - Hypothesis az_002: float64, float64 
[ 2022-12-14 12:56:53,833 ] 88 root - INFO - Hypothesis az_003: float64, float64 
[ 2022-12-14 12:56:53,844 ] 88 root - INFO - Hypothesis az_004: float64, float64 
[ 2022-12-14 12:56:53,899 ] 88 root - INFO - Hypothesis az_005: float64, float64 
[ 2022-12-14 12:56:53,911 ] 88 root - INFO - Hypothesis az_006: float64, float64 
[ 2022-12-14 12:56:53,960 ] 88 root - INFO - Hypothesis az_007: float64, float64 
[ 2022-12-14 12:56:54,006 ] 88 root - INFO - Hypothesis az_008: float64, float64 
[ 2022-12-14 12:56:54,051 ] 88 root - INFO - Hypothesis az_009: float64, float64 
[ 2022-12-14 12:56:54,097 ] 88 root - INFO - Hypothesis ba_000: float64, float64 
[ 2022-12-14 12:56:54,148 ] 88 root - INFO - Hypothesis ba_001: float64, float64 
[ 2022-12-14 12:56:54,199 ] 88 root - INFO - Hypothesis ba_002: float64, float64 
[ 2022-12-14 12:56:54,251 ] 88 root - INFO - Hypothesis ba_003: float64, float64 
[ 2022-12-14 12:56:54,301 ] 88 root - INFO - Hypothesis ba_004: float64, float64 
[ 2022-12-14 12:56:54,352 ] 88 root - INFO - Hypothesis ba_005: float64, float64 
[ 2022-12-14 12:56:54,404 ] 88 root - INFO - Hypothesis ba_006: float64, float64 
[ 2022-12-14 12:56:54,455 ] 88 root - INFO - Hypothesis ba_007: float64, float64 
[ 2022-12-14 12:56:54,505 ] 88 root - INFO - Hypothesis ba_008: float64, float64 
[ 2022-12-14 12:56:54,514 ] 88 root - INFO - Hypothesis ba_009: float64, float64 
[ 2022-12-14 12:56:54,562 ] 88 root - INFO - Hypothesis bb_000: float64, float64 
[ 2022-12-14 12:56:54,617 ] 88 root - INFO - Hypothesis bc_000: float64, float64 
[ 2022-12-14 12:56:54,666 ] 88 root - INFO - Hypothesis bd_000: float64, float64 
[ 2022-12-14 12:56:54,676 ] 88 root - INFO - Hypothesis be_000: float64, float64 
[ 2022-12-14 12:56:54,686 ] 88 root - INFO - Hypothesis bf_000: float64, float64 
[ 2022-12-14 12:56:54,732 ] 88 root - INFO - Hypothesis bg_000: float64, float64 
[ 2022-12-14 12:56:54,782 ] 88 root - INFO - Hypothesis bh_000: float64, float64 
[ 2022-12-14 12:56:54,833 ] 88 root - INFO - Hypothesis bi_000: float64, float64 
[ 2022-12-14 12:56:54,885 ] 88 root - INFO - Hypothesis bj_000: float64, float64 
[ 2022-12-14 12:56:54,936 ] 88 root - INFO - Hypothesis bs_000: float64, float64 
[ 2022-12-14 12:56:54,986 ] 88 root - INFO - Hypothesis bt_000: float64, float64 
[ 2022-12-14 12:56:55,037 ] 88 root - INFO - Hypothesis bu_000: float64, float64 
[ 2022-12-14 12:56:55,089 ] 88 root - INFO - Hypothesis bv_000: float64, float64 
[ 2022-12-14 12:56:55,140 ] 88 root - INFO - Hypothesis bx_000: float64, float64 
[ 2022-12-14 12:56:55,191 ] 88 root - INFO - Hypothesis by_000: float64, float64 
[ 2022-12-14 12:56:55,241 ] 88 root - INFO - Hypothesis bz_000: float64, float64 
[ 2022-12-14 12:56:55,251 ] 88 root - INFO - Hypothesis ca_000: float64, float64 
[ 2022-12-14 12:56:55,303 ] 88 root - INFO - Hypothesis cb_000: float64, float64 
[ 2022-12-14 12:56:55,354 ] 88 root - INFO - Hypothesis cc_000: float64, float64 
[ 2022-12-14 12:56:55,405 ] 88 root - INFO - Hypothesis cd_000: float64, float64 
[ 2022-12-14 12:56:55,451 ] 88 root - INFO - Hypothesis ce_000: float64, float64 
[ 2022-12-14 12:56:55,501 ] 88 root - INFO - Hypothesis ci_000: float64, float64 
[ 2022-12-14 12:56:55,552 ] 88 root - INFO - Hypothesis cj_000: float64, float64 
[ 2022-12-14 12:56:55,599 ] 88 root - INFO - Hypothesis ck_000: float64, float64 
[ 2022-12-14 12:56:55,653 ] 88 root - INFO - Hypothesis cl_000: float64, float64 
[ 2022-12-14 12:56:55,698 ] 88 root - INFO - Hypothesis cm_000: float64, float64 
[ 2022-12-14 12:56:55,745 ] 88 root - INFO - Hypothesis cn_000: float64, float64 
[ 2022-12-14 12:56:55,793 ] 88 root - INFO - Hypothesis cn_001: float64, float64 
[ 2022-12-14 12:56:55,839 ] 88 root - INFO - Hypothesis cn_002: float64, float64 
[ 2022-12-14 12:56:55,887 ] 88 root - INFO - Hypothesis cn_003: float64, float64 
[ 2022-12-14 12:56:55,939 ] 88 root - INFO - Hypothesis cn_004: float64, float64 
[ 2022-12-14 12:56:55,991 ] 88 root - INFO - Hypothesis cn_005: float64, float64 
[ 2022-12-14 12:56:56,045 ] 88 root - INFO - Hypothesis cn_006: float64, float64 
[ 2022-12-14 12:56:56,095 ] 88 root - INFO - Hypothesis cn_007: float64, float64 
[ 2022-12-14 12:56:56,146 ] 88 root - INFO - Hypothesis cn_008: float64, float64 
[ 2022-12-14 12:56:56,196 ] 88 root - INFO - Hypothesis cn_009: float64, float64 
[ 2022-12-14 12:56:56,244 ] 88 root - INFO - Hypothesis cp_000: float64, float64 
[ 2022-12-14 12:56:56,292 ] 88 root - INFO - Hypothesis cq_000: float64, float64 
[ 2022-12-14 12:56:56,344 ] 88 root - INFO - Hypothesis cs_000: float64, float64 
[ 2022-12-14 12:56:56,394 ] 88 root - INFO - Hypothesis cs_001: float64, float64 
[ 2022-12-14 12:56:56,444 ] 88 root - INFO - Hypothesis cs_002: float64, float64 
[ 2022-12-14 12:56:56,494 ] 88 root - INFO - Hypothesis cs_003: float64, float64 
[ 2022-12-14 12:56:56,545 ] 88 root - INFO - Hypothesis cs_004: float64, float64 
[ 2022-12-14 12:56:56,596 ] 88 root - INFO - Hypothesis cs_005: float64, float64 
[ 2022-12-14 12:56:56,646 ] 88 root - INFO - Hypothesis cs_006: float64, float64 
[ 2022-12-14 12:56:56,697 ] 88 root - INFO - Hypothesis cs_007: float64, float64 
[ 2022-12-14 12:56:56,748 ] 88 root - INFO - Hypothesis cs_008: float64, float64 
[ 2022-12-14 12:56:56,797 ] 88 root - INFO - Hypothesis cs_009: float64, float64 
[ 2022-12-14 12:56:56,842 ] 88 root - INFO - Hypothesis dd_000: float64, float64 
[ 2022-12-14 12:56:56,892 ] 88 root - INFO - Hypothesis de_000: float64, float64 
[ 2022-12-14 12:56:56,941 ] 88 root - INFO - Hypothesis df_000: float64, float64 
[ 2022-12-14 12:56:56,990 ] 88 root - INFO - Hypothesis dg_000: float64, float64 
[ 2022-12-14 12:56:57,035 ] 88 root - INFO - Hypothesis dh_000: float64, float64 
[ 2022-12-14 12:56:57,080 ] 88 root - INFO - Hypothesis di_000: float64, float64 
[ 2022-12-14 12:56:57,125 ] 88 root - INFO - Hypothesis dj_000: float64, float64 
[ 2022-12-14 12:56:57,170 ] 88 root - INFO - Hypothesis dk_000: float64, float64 
[ 2022-12-14 12:56:57,214 ] 88 root - INFO - Hypothesis dl_000: float64, float64 
[ 2022-12-14 12:56:57,260 ] 88 root - INFO - Hypothesis dm_000: float64, float64 
[ 2022-12-14 12:56:57,304 ] 88 root - INFO - Hypothesis dn_000: float64, float64 
[ 2022-12-14 12:56:57,354 ] 88 root - INFO - Hypothesis do_000: float64, float64 
[ 2022-12-14 12:56:57,405 ] 88 root - INFO - Hypothesis dp_000: float64, float64 
[ 2022-12-14 12:56:57,415 ] 88 root - INFO - Hypothesis dq_000: float64, float64 
[ 2022-12-14 12:56:57,462 ] 88 root - INFO - Hypothesis dr_000: float64, float64 
[ 2022-12-14 12:56:57,509 ] 88 root - INFO - Hypothesis ds_000: float64, float64 
[ 2022-12-14 12:56:57,565 ] 88 root - INFO - Hypothesis dt_000: float64, float64 
[ 2022-12-14 12:56:57,619 ] 88 root - INFO - Hypothesis du_000: float64, float64 
[ 2022-12-14 12:56:57,631 ] 88 root - INFO - Hypothesis dv_000: float64, float64 
[ 2022-12-14 12:56:57,681 ] 88 root - INFO - Hypothesis dx_000: float64, float64 
[ 2022-12-14 12:56:57,729 ] 88 root - INFO - Hypothesis dy_000: float64, float64 
[ 2022-12-14 12:56:57,776 ] 88 root - INFO - Hypothesis dz_000: float64, float64 
[ 2022-12-14 12:56:57,820 ] 88 root - INFO - Hypothesis ea_000: float64, float64 
[ 2022-12-14 12:56:57,865 ] 88 root - INFO - Hypothesis eb_000: float64, float64 
[ 2022-12-14 12:56:57,875 ] 88 root - INFO - Hypothesis ec_00: float64, float64 
[ 2022-12-14 12:56:57,924 ] 88 root - INFO - Hypothesis ed_000: float64, float64 
[ 2022-12-14 12:56:57,973 ] 88 root - INFO - Hypothesis ee_000: float64, float64 
[ 2022-12-14 12:56:58,024 ] 88 root - INFO - Hypothesis ee_001: float64, float64 
[ 2022-12-14 12:56:58,073 ] 88 root - INFO - Hypothesis ee_002: float64, float64 
[ 2022-12-14 12:56:58,124 ] 88 root - INFO - Hypothesis ee_003: float64, float64 
[ 2022-12-14 12:56:58,175 ] 88 root - INFO - Hypothesis ee_004: float64, float64 
[ 2022-12-14 12:56:58,226 ] 88 root - INFO - Hypothesis ee_005: float64, float64 
[ 2022-12-14 12:56:58,281 ] 88 root - INFO - Hypothesis ee_006: float64, float64 
[ 2022-12-14 12:56:58,333 ] 88 root - INFO - Hypothesis ee_007: float64, float64 
[ 2022-12-14 12:56:58,344 ] 88 root - INFO - Hypothesis ee_008: float64, float64 
[ 2022-12-14 12:56:58,394 ] 88 root - INFO - Hypothesis ee_009: float64, float64 
[ 2022-12-14 12:56:58,403 ] 88 root - INFO - Hypothesis ef_000: float64, float64 
[ 2022-12-14 12:56:58,447 ] 88 root - INFO - Hypothesis eg_000: float64, float64 
[ 2022-12-14 12:56:58,491 ] 143 root - INFO - As all column are available in test df hence detecting data drift
[ 2022-12-14 12:56:58,492 ] 88 root - INFO - Hypothesis class: object, object 
[ 2022-12-14 12:56:58,569 ] 88 root - INFO - Hypothesis aa_000: float64, float64 
[ 2022-12-14 12:56:58,577 ] 88 root - INFO - Hypothesis ac_000: float64, float64 
[ 2022-12-14 12:56:58,583 ] 88 root - INFO - Hypothesis ae_000: float64, float64 
[ 2022-12-14 12:56:58,604 ] 88 root - INFO - Hypothesis af_000: float64, float64 
[ 2022-12-14 12:56:58,608 ] 88 root - INFO - Hypothesis ag_000: float64, float64 
[ 2022-12-14 12:56:58,626 ] 88 root - INFO - Hypothesis ag_001: float64, float64 
[ 2022-12-14 12:56:58,645 ] 88 root - INFO - Hypothesis ag_002: float64, float64 
[ 2022-12-14 12:56:58,664 ] 88 root - INFO - Hypothesis ag_003: float64, float64 
[ 2022-12-14 12:56:58,669 ] 88 root - INFO - Hypothesis ag_004: float64, float64 
[ 2022-12-14 12:56:58,677 ] 88 root - INFO - Hypothesis ag_005: float64, float64 
[ 2022-12-14 12:56:58,685 ] 88 root - INFO - Hypothesis ag_006: float64, float64 
[ 2022-12-14 12:56:58,693 ] 88 root - INFO - Hypothesis ag_007: float64, float64 
[ 2022-12-14 12:56:58,700 ] 88 root - INFO - Hypothesis ag_008: float64, float64 
[ 2022-12-14 12:56:58,706 ] 88 root - INFO - Hypothesis ag_009: float64, float64 
[ 2022-12-14 12:56:58,712 ] 88 root - INFO - Hypothesis ah_000: float64, float64 
[ 2022-12-14 12:56:58,720 ] 88 root - INFO - Hypothesis ai_000: float64, float64 
[ 2022-12-14 12:56:58,740 ] 88 root - INFO - Hypothesis aj_000: float64, float64 
[ 2022-12-14 12:56:58,745 ] 88 root - INFO - Hypothesis ak_000: float64, float64 
[ 2022-12-14 12:56:58,765 ] 88 root - INFO - Hypothesis al_000: float64, float64 
[ 2022-12-14 12:56:58,771 ] 88 root - INFO - Hypothesis am_0: float64, float64 
[ 2022-12-14 12:56:58,777 ] 88 root - INFO - Hypothesis an_000: float64, float64 
[ 2022-12-14 12:56:58,786 ] 88 root - INFO - Hypothesis ao_000: float64, float64 
[ 2022-12-14 12:56:58,794 ] 88 root - INFO - Hypothesis ap_000: float64, float64 
[ 2022-12-14 12:56:58,803 ] 88 root - INFO - Hypothesis aq_000: float64, float64 
[ 2022-12-14 12:56:58,811 ] 88 root - INFO - Hypothesis ar_000: float64, float64 
[ 2022-12-14 12:56:58,830 ] 88 root - INFO - Hypothesis as_000: float64, float64 
[ 2022-12-14 12:56:58,849 ] 88 root - INFO - Hypothesis at_000: float64, float64 
[ 2022-12-14 12:56:58,853 ] 88 root - INFO - Hypothesis au_000: float64, float64 
[ 2022-12-14 12:56:58,872 ] 88 root - INFO - Hypothesis av_000: float64, float64 
[ 2022-12-14 12:56:58,879 ] 88 root - INFO - Hypothesis ax_000: float64, float64 
[ 2022-12-14 12:56:58,885 ] 88 root - INFO - Hypothesis ay_000: float64, float64 
[ 2022-12-14 12:56:58,903 ] 88 root - INFO - Hypothesis ay_001: float64, float64 
[ 2022-12-14 12:56:58,922 ] 88 root - INFO - Hypothesis ay_002: float64, float64 
[ 2022-12-14 12:56:58,941 ] 88 root - INFO - Hypothesis ay_003: float64, float64 
[ 2022-12-14 12:56:58,959 ] 88 root - INFO - Hypothesis ay_004: float64, float64 
[ 2022-12-14 12:56:58,978 ] 88 root - INFO - Hypothesis ay_005: float64, float64 
[ 2022-12-14 12:56:58,999 ] 88 root - INFO - Hypothesis ay_006: float64, float64 
[ 2022-12-14 12:56:59,006 ] 88 root - INFO - Hypothesis ay_007: float64, float64 
[ 2022-12-14 12:56:59,029 ] 88 root - INFO - Hypothesis ay_008: float64, float64 
[ 2022-12-14 12:56:59,037 ] 88 root - INFO - Hypothesis ay_009: float64, float64 
[ 2022-12-14 12:56:59,055 ] 88 root - INFO - Hypothesis az_000: float64, float64 
[ 2022-12-14 12:56:59,062 ] 88 root - INFO - Hypothesis az_001: float64, float64 
[ 2022-12-14 12:56:59,069 ] 88 root - INFO - Hypothesis az_002: float64, float64 
[ 2022-12-14 12:56:59,076 ] 88 root - INFO - Hypothesis az_003: float64, float64 
[ 2022-12-14 12:56:59,084 ] 88 root - INFO - Hypothesis az_004: float64, float64 
[ 2022-12-14 12:56:59,092 ] 88 root - INFO - Hypothesis az_005: float64, float64 
[ 2022-12-14 12:56:59,100 ] 88 root - INFO - Hypothesis az_006: float64, float64 
[ 2022-12-14 12:56:59,107 ] 88 root - INFO - Hypothesis az_007: float64, float64 
[ 2022-12-14 12:56:59,112 ] 88 root - INFO - Hypothesis az_008: float64, float64 
[ 2022-12-14 12:56:59,117 ] 88 root - INFO - Hypothesis az_009: float64, float64 
[ 2022-12-14 12:56:59,135 ] 88 root - INFO - Hypothesis ba_000: float64, float64 
[ 2022-12-14 12:56:59,143 ] 88 root - INFO - Hypothesis ba_001: float64, float64 
[ 2022-12-14 12:56:59,151 ] 88 root - INFO - Hypothesis ba_002: float64, float64 
[ 2022-12-14 12:56:59,159 ] 88 root - INFO - Hypothesis ba_003: float64, float64 
[ 2022-12-14 12:56:59,167 ] 88 root - INFO - Hypothesis ba_004: float64, float64 
[ 2022-12-14 12:56:59,175 ] 88 root - INFO - Hypothesis ba_005: float64, float64 
[ 2022-12-14 12:56:59,182 ] 88 root - INFO - Hypothesis ba_006: float64, float64 
[ 2022-12-14 12:56:59,190 ] 88 root - INFO - Hypothesis ba_007: float64, float64 
[ 2022-12-14 12:56:59,198 ] 88 root - INFO - Hypothesis ba_008: float64, float64 
[ 2022-12-14 12:56:59,204 ] 88 root - INFO - Hypothesis ba_009: float64, float64 
[ 2022-12-14 12:56:59,210 ] 88 root - INFO - Hypothesis bb_000: float64, float64 
[ 2022-12-14 12:56:59,218 ] 88 root - INFO - Hypothesis bc_000: float64, float64 
[ 2022-12-14 12:56:59,224 ] 88 root - INFO - Hypothesis bd_000: float64, float64 
[ 2022-12-14 12:56:59,230 ] 88 root - INFO - Hypothesis be_000: float64, float64 
[ 2022-12-14 12:56:59,237 ] 88 root - INFO - Hypothesis bf_000: float64, float64 
[ 2022-12-14 12:56:59,243 ] 88 root - INFO - Hypothesis bg_000: float64, float64 
[ 2022-12-14 12:56:59,251 ] 88 root - INFO - Hypothesis bh_000: float64, float64 
[ 2022-12-14 12:56:59,259 ] 88 root - INFO - Hypothesis bi_000: float64, float64 
[ 2022-12-14 12:56:59,267 ] 88 root - INFO - Hypothesis bj_000: float64, float64 
[ 2022-12-14 12:56:59,275 ] 88 root - INFO - Hypothesis bs_000: float64, float64 
[ 2022-12-14 12:56:59,284 ] 88 root - INFO - Hypothesis bt_000: float64, float64 
[ 2022-12-14 12:56:59,292 ] 88 root - INFO - Hypothesis bu_000: float64, float64 
[ 2022-12-14 12:56:59,300 ] 88 root - INFO - Hypothesis bv_000: float64, float64 
[ 2022-12-14 12:56:59,308 ] 88 root - INFO - Hypothesis bx_000: float64, float64 
[ 2022-12-14 12:56:59,316 ] 88 root - INFO - Hypothesis by_000: float64, float64 
[ 2022-12-14 12:56:59,324 ] 88 root - INFO - Hypothesis bz_000: float64, float64 
[ 2022-12-14 12:56:59,331 ] 88 root - INFO - Hypothesis ca_000: float64, float64 
[ 2022-12-14 12:56:59,339 ] 88 root - INFO - Hypothesis cb_000: float64, float64 
[ 2022-12-14 12:56:59,348 ] 88 root - INFO - Hypothesis cc_000: float64, float64 
[ 2022-12-14 12:56:59,357 ] 88 root - INFO - Hypothesis cd_000: float64, float64 
[ 2022-12-14 12:56:59,376 ] 88 root - INFO - Hypothesis ce_000: float64, float64 
[ 2022-12-14 12:56:59,383 ] 88 root - INFO - Hypothesis ci_000: float64, float64 
[ 2022-12-14 12:56:59,391 ] 88 root - INFO - Hypothesis cj_000: float64, float64 
[ 2022-12-14 12:56:59,397 ] 88 root - INFO - Hypothesis ck_000: float64, float64 
[ 2022-12-14 12:56:59,405 ] 88 root - INFO - Hypothesis cl_000: float64, float64 
[ 2022-12-14 12:56:59,427 ] 88 root - INFO - Hypothesis cm_000: float64, float64 
[ 2022-12-14 12:56:59,433 ] 88 root - INFO - Hypothesis cn_000: float64, float64 
[ 2022-12-14 12:56:59,452 ] 88 root - INFO - Hypothesis cn_001: float64, float64 
[ 2022-12-14 12:56:59,457 ] 88 root - INFO - Hypothesis cn_002: float64, float64 
[ 2022-12-14 12:56:59,464 ] 88 root - INFO - Hypothesis cn_003: float64, float64 
[ 2022-12-14 12:56:59,472 ] 88 root - INFO - Hypothesis cn_004: float64, float64 
[ 2022-12-14 12:56:59,480 ] 88 root - INFO - Hypothesis cn_005: float64, float64 
[ 2022-12-14 12:56:59,489 ] 88 root - INFO - Hypothesis cn_006: float64, float64 
[ 2022-12-14 12:56:59,497 ] 88 root - INFO - Hypothesis cn_007: float64, float64 
[ 2022-12-14 12:56:59,504 ] 88 root - INFO - Hypothesis cn_008: float64, float64 
[ 2022-12-14 12:56:59,512 ] 88 root - INFO - Hypothesis cn_009: float64, float64 
[ 2022-12-14 12:56:59,518 ] 88 root - INFO - Hypothesis cp_000: float64, float64 
[ 2022-12-14 12:56:59,525 ] 88 root - INFO - Hypothesis cq_000: float64, float64 
[ 2022-12-14 12:56:59,533 ] 88 root - INFO - Hypothesis cs_000: float64, float64 
[ 2022-12-14 12:56:59,541 ] 88 root - INFO - Hypothesis cs_001: float64, float64 
[ 2022-12-14 12:56:59,548 ] 88 root - INFO - Hypothesis cs_002: float64, float64 
[ 2022-12-14 12:56:59,556 ] 88 root - INFO - Hypothesis cs_003: float64, float64 
[ 2022-12-14 12:56:59,565 ] 88 root - INFO - Hypothesis cs_004: float64, float64 
[ 2022-12-14 12:56:59,573 ] 88 root - INFO - Hypothesis cs_005: float64, float64 
[ 2022-12-14 12:56:59,581 ] 88 root - INFO - Hypothesis cs_006: float64, float64 
[ 2022-12-14 12:56:59,589 ] 88 root - INFO - Hypothesis cs_007: float64, float64 
[ 2022-12-14 12:56:59,598 ] 88 root - INFO - Hypothesis cs_008: float64, float64 
[ 2022-12-14 12:56:59,604 ] 88 root - INFO - Hypothesis cs_009: float64, float64 
[ 2022-12-14 12:56:59,623 ] 88 root - INFO - Hypothesis dd_000: float64, float64 
[ 2022-12-14 12:56:59,630 ] 88 root - INFO - Hypothesis de_000: float64, float64 
[ 2022-12-14 12:56:59,636 ] 88 root - INFO - Hypothesis df_000: float64, float64 
[ 2022-12-14 12:56:59,656 ] 88 root - INFO - Hypothesis dg_000: float64, float64 
[ 2022-12-14 12:56:59,675 ] 88 root - INFO - Hypothesis dh_000: float64, float64 
[ 2022-12-14 12:56:59,695 ] 88 root - INFO - Hypothesis di_000: float64, float64 
[ 2022-12-14 12:56:59,700 ] 88 root - INFO - Hypothesis dj_000: float64, float64 
[ 2022-12-14 12:56:59,720 ] 88 root - INFO - Hypothesis dk_000: float64, float64 
[ 2022-12-14 12:56:59,738 ] 88 root - INFO - Hypothesis dl_000: float64, float64 
[ 2022-12-14 12:56:59,757 ] 88 root - INFO - Hypothesis dm_000: float64, float64 
[ 2022-12-14 12:56:59,776 ] 88 root - INFO - Hypothesis dn_000: float64, float64 
[ 2022-12-14 12:56:59,783 ] 88 root - INFO - Hypothesis do_000: float64, float64 
[ 2022-12-14 12:56:59,791 ] 88 root - INFO - Hypothesis dp_000: float64, float64 
[ 2022-12-14 12:56:59,798 ] 88 root - INFO - Hypothesis dq_000: float64, float64 
[ 2022-12-14 12:56:59,803 ] 88 root - INFO - Hypothesis dr_000: float64, float64 
[ 2022-12-14 12:56:59,808 ] 88 root - INFO - Hypothesis ds_000: float64, float64 
[ 2022-12-14 12:56:59,816 ] 88 root - INFO - Hypothesis dt_000: float64, float64 
[ 2022-12-14 12:56:59,824 ] 88 root - INFO - Hypothesis du_000: float64, float64 
[ 2022-12-14 12:56:59,832 ] 88 root - INFO - Hypothesis dv_000: float64, float64 
[ 2022-12-14 12:56:59,840 ] 88 root - INFO - Hypothesis dx_000: float64, float64 
[ 2022-12-14 12:56:59,846 ] 88 root - INFO - Hypothesis dy_000: float64, float64 
[ 2022-12-14 12:56:59,852 ] 88 root - INFO - Hypothesis dz_000: float64, float64 
[ 2022-12-14 12:56:59,872 ] 88 root - INFO - Hypothesis ea_000: float64, float64 
[ 2022-12-14 12:56:59,891 ] 88 root - INFO - Hypothesis eb_000: float64, float64 
[ 2022-12-14 12:56:59,898 ] 88 root - INFO - Hypothesis ec_00: float64, float64 
[ 2022-12-14 12:56:59,906 ] 88 root - INFO - Hypothesis ed_000: float64, float64 
[ 2022-12-14 12:56:59,912 ] 88 root - INFO - Hypothesis ee_000: float64, float64 
[ 2022-12-14 12:56:59,920 ] 88 root - INFO - Hypothesis ee_001: float64, float64 
[ 2022-12-14 12:56:59,928 ] 88 root - INFO - Hypothesis ee_002: float64, float64 
[ 2022-12-14 12:56:59,936 ] 88 root - INFO - Hypothesis ee_003: float64, float64 
[ 2022-12-14 12:56:59,944 ] 88 root - INFO - Hypothesis ee_004: float64, float64 
[ 2022-12-14 12:56:59,952 ] 88 root - INFO - Hypothesis ee_005: float64, float64 
[ 2022-12-14 12:56:59,960 ] 88 root - INFO - Hypothesis ee_006: float64, float64 
[ 2022-12-14 12:56:59,967 ] 88 root - INFO - Hypothesis ee_007: float64, float64 
[ 2022-12-14 12:56:59,975 ] 88 root - INFO - Hypothesis ee_008: float64, float64 
[ 2022-12-14 12:56:59,982 ] 88 root - INFO - Hypothesis ee_009: float64, float64 
[ 2022-12-14 12:56:59,988 ] 88 root - INFO - Hypothesis ef_000: float64, float64 
[ 2022-12-14 12:57:00,007 ] 88 root - INFO - Hypothesis eg_000: float64, float64 
[ 2022-12-14 12:57:00,026 ] 147 root - INFO - Write reprt in yaml file
[ 2022-12-14 12:57:00,297 ] 152 root - INFO - Data validation artifact: DataValidationArtifact(report_file_path='/config/workspace/artifact/12142022__125629/data_validation/report.yaml')
[ 2022-12-14 12:57:00,301 ] 24 root - INFO - >>>>>>>>>>>>>>>>>>>>>>>>>>>>>>>>>>>>>>>> Data Transformation <<<<<<<<<<<<<<<<<<<<<<<<<<<<<<<<<<<<<<<<
[ 2022-12-14 12:57:01,382 ] 75 root - INFO - Before resampling in training set Input: (28950, 170) Target:(28950,)
[ 2022-12-14 12:57:07,106 ] 77 root - INFO - After resampling in training set Input: (56132, 170) Target:(56132,)
[ 2022-12-14 12:57:07,106 ] 79 root - INFO - Before resampling in testing set Input: (7238, 170) Target:(7238,)
[ 2022-12-14 12:57:07,721 ] 81 root - INFO - After resampling in testing set Input: (14060, 170) Target:(14060,)
[ 2022-12-14 12:57:07,833 ] 54 root - INFO - Entered the save_object method of utils
[ 2022-12-14 12:57:07,844 ] 58 root - INFO - Exited the save_object method of utils
[ 2022-12-14 12:57:07,844 ] 54 root - INFO - Entered the save_object method of utils
[ 2022-12-14 12:57:07,846 ] 58 root - INFO - Exited the save_object method of utils
[ 2022-12-14 12:57:07,846 ] 112 root - INFO - Data transformation object DataTransformationArtifact(transform_object_path='/config/workspace/artifact/12142022__125629/data_transformation/transformer/transformer.pkl', transformed_train_path='/config/workspace/artifact/12142022__125629/data_transformation/transformed/train.npz', transformed_test_path='/config/workspace/artifact/12142022__125629/data_transformation/transformed/test.npz', target_encoder_path='/config/workspace/artifact/12142022__125629/data_transformation/target_encoder/target_encoder.pkl')
[ 2022-12-14 12:57:07,848 ] 18 root - INFO - >>>>>>>>>>>>>>>>>>>>>>>>>>>>>>>>>>>>>>>> Model Trainer <<<<<<<<<<<<<<<<<<<<<<<<<<<<<<<<<<<<<<<<
[ 2022-12-14 12:57:07,848 ] 45 root - INFO - Loading train and test array.
[ 2022-12-14 12:57:07,897 ] 49 root - INFO - Splitting input and target feature from both train and test arr.
[ 2022-12-14 12:57:07,897 ] 53 root - INFO - Train the model
[ 2022-12-14 12:57:18,558 ] 56 root - INFO - Calculating f1 train score
[ 2022-12-14 12:57:18,614 ] 60 root - INFO - Calculating f1 test score
[ 2022-12-14 12:57:18,636 ] 64 root - INFO - train score:1.0 and tests score 0.9854365449458354
[ 2022-12-14 12:57:18,636 ] 66 root - INFO - Checking if our model is underfitting or not
[ 2022-12-14 12:57:18,636 ] 71 root - INFO - Checking if our model is overfiiting or not
[ 2022-12-14 12:57:18,636 ] 78 root - INFO - Saving mode object
[ 2022-12-14 12:57:18,637 ] 54 root - INFO - Entered the save_object method of utils
[ 2022-12-14 12:57:18,645 ] 58 root - INFO - Exited the save_object method of utils
[ 2022-12-14 12:57:18,645 ] 82 root - INFO - Prepare the artifact
[ 2022-12-14 12:57:18,646 ] 85 root - INFO - Model trainer artifact: ModelTrainerArtifact(model_path='/config/workspace/artifact/12142022__125629/model_trainer/model/model.pkl', f1_train_score=1.0, f1_test_score=0.9854365449458354)
[ 2022-12-14 12:57:48,638 ] 19 root - INFO - >>>>>>>>>>>>>>>>>>>>>>>>>>>>>>>>>>>>>>>>  Model Evaluation <<<<<<<<<<<<<<<<<<<<<<<<<<<<<<<<<<<<<<<<
[ 2022-12-14 13:02:59,524 ] 47 root - INFO - Previous trained objects of transformer, model and target encoder
