[ 2022-12-14 13:12:23,027 ] 15 root - INFO - >>>>>>>>>>>>>>>>>>>>>>>>>>>>>>>>>>>>>>>> Data Ingestion <<<<<<<<<<<<<<<<<<<<<<<<<<<<<<<<<<<<<<<<
[ 2022-12-14 13:12:23,027 ] 22 root - INFO - Exporting collection data as pandas dataframe
[ 2022-12-14 13:12:23,028 ] 21 root - INFO - Reading data from database: aps and collection: sensor
[ 2022-12-14 13:12:26,809 ] 23 root - INFO - Found columns: Index(['_id', 'class', 'aa_000', 'ab_000', 'ac_000', 'ad_000', 'ae_000',
       'af_000', 'ag_000', 'ag_001',
       ...
       'ee_002', 'ee_003', 'ee_004', 'ee_005', 'ee_006', 'ee_007', 'ee_008',
       'ee_009', 'ef_000', 'eg_000'],
      dtype='object', length=172)
[ 2022-12-14 13:12:26,810 ] 25 root - INFO - Dropping column: _id 
[ 2022-12-14 13:12:27,009 ] 27 root - INFO - Row and columns in df: (36188, 171)
[ 2022-12-14 13:12:27,009 ] 28 root - INFO - Save data in feature store
[ 2022-12-14 13:12:27,556 ] 34 root - INFO - Create feature store folder if not available
[ 2022-12-14 13:12:27,556 ] 38 root - INFO - Save df to feature store folder
[ 2022-12-14 13:12:30,684 ] 43 root - INFO - split dataset into train and test set
[ 2022-12-14 13:12:31,290 ] 47 root - INFO - create dataset directory folder if not available
[ 2022-12-14 13:12:31,291 ] 52 root - INFO - Save df to feature store folder
[ 2022-12-14 13:12:33,560 ] 64 root - INFO - Data ingestion artifact: DataIngestionArtifact(feature_store_file_path='/config/workspace/artifact/12142022__131223/data_ingestion/feature_store/sensor.csv', train_file_path='/config/workspace/artifact/12142022__131223/data_ingestion/dataset/train.csv', test_file_path='/config/workspace/artifact/12142022__131223/data_ingestion/dataset/test.csv')
[ 2022-12-14 13:12:33,922 ] 22 root - INFO - >>>>>>>>>>>>>>>>>>>>>>>>>>>>>>>>>>>>>>>> Data Validation <<<<<<<<<<<<<<<<<<<<<<<<<<<<<<<<<<<<<<<<
[ 2022-12-14 13:12:33,923 ] 110 root - INFO - Reading base dataframe
[ 2022-12-14 13:12:36,988 ] 113 root - INFO - Replace na value in base df
[ 2022-12-14 13:12:36,988 ] 115 root - INFO - Drop null values colums from base df
[ 2022-12-14 13:12:37,898 ] 44 root - INFO - selecting column name which contains null above to 0.2
[ 2022-12-14 13:12:37,899 ] 47 root - INFO - Columns to drop: ['ab_000', 'ad_000', 'bk_000', 'bl_000', 'bm_000', 'bn_000', 'bo_000', 'bp_000', 'bq_000', 'br_000', 'cf_000', 'cg_000', 'ch_000', 'co_000', 'cr_000', 'ct_000', 'cu_000', 'cv_000', 'cx_000', 'cy_000', 'cz_000', 'da_000', 'db_000', 'dc_000']
[ 2022-12-14 13:12:37,993 ] 118 root - INFO - Reading train dataframe
[ 2022-12-14 13:12:38,445 ] 120 root - INFO - Reading test dataframe
[ 2022-12-14 13:12:38,570 ] 123 root - INFO - Drop null values colums from train df
[ 2022-12-14 13:12:38,583 ] 44 root - INFO - selecting column name which contains null above to 0.2
[ 2022-12-14 13:12:38,584 ] 47 root - INFO - Columns to drop: ['ab_000', 'ad_000', 'bk_000', 'bl_000', 'bm_000', 'bn_000', 'bo_000', 'bp_000', 'bq_000', 'br_000', 'cf_000', 'cg_000', 'ch_000', 'co_000', 'cr_000', 'ct_000', 'cu_000', 'cv_000', 'cx_000', 'cy_000', 'cz_000', 'da_000', 'db_000', 'dc_000']
[ 2022-12-14 13:12:38,598 ] 125 root - INFO - Drop null values colums from test df
[ 2022-12-14 13:12:38,604 ] 44 root - INFO - selecting column name which contains null above to 0.2
[ 2022-12-14 13:12:38,605 ] 47 root - INFO - Columns to drop: ['ab_000', 'ad_000', 'bk_000', 'bl_000', 'bm_000', 'bn_000', 'bo_000', 'bp_000', 'bq_000', 'br_000', 'cf_000', 'cg_000', 'ch_000', 'co_000', 'cr_000', 'ct_000', 'cu_000', 'cv_000', 'cx_000', 'cy_000', 'cz_000', 'da_000', 'db_000', 'dc_000']
[ 2022-12-14 13:12:45,143 ] 134 root - INFO - Is all required columns present in train df
[ 2022-12-14 13:12:45,144 ] 136 root - INFO - Is all required columns present in test df
[ 2022-12-14 13:12:45,144 ] 140 root - INFO - As all column are available in train df hence detecting data drift
[ 2022-12-14 13:12:45,145 ] 88 root - INFO - Hypothesis class: object, object 
[ 2022-12-14 13:12:45,294 ] 88 root - INFO - Hypothesis aa_000: float64, float64 
[ 2022-12-14 13:12:45,306 ] 88 root - INFO - Hypothesis ac_000: float64, float64 
[ 2022-12-14 13:12:45,315 ] 88 root - INFO - Hypothesis ae_000: float64, float64 
[ 2022-12-14 13:12:45,358 ] 88 root - INFO - Hypothesis af_000: float64, float64 
[ 2022-12-14 13:12:45,402 ] 88 root - INFO - Hypothesis ag_000: float64, float64 
[ 2022-12-14 13:12:45,445 ] 88 root - INFO - Hypothesis ag_001: float64, float64 
[ 2022-12-14 13:12:45,489 ] 88 root - INFO - Hypothesis ag_002: float64, float64 
[ 2022-12-14 13:12:45,534 ] 88 root - INFO - Hypothesis ag_003: float64, float64 
[ 2022-12-14 13:12:45,579 ] 88 root - INFO - Hypothesis ag_004: float64, float64 
[ 2022-12-14 13:12:45,590 ] 88 root - INFO - Hypothesis ag_005: float64, float64 
[ 2022-12-14 13:12:45,602 ] 88 root - INFO - Hypothesis ag_006: float64, float64 
[ 2022-12-14 13:12:45,613 ] 88 root - INFO - Hypothesis ag_007: float64, float64 
[ 2022-12-14 13:12:45,624 ] 88 root - INFO - Hypothesis ag_008: float64, float64 
[ 2022-12-14 13:12:45,633 ] 88 root - INFO - Hypothesis ag_009: float64, float64 
[ 2022-12-14 13:12:45,641 ] 88 root - INFO - Hypothesis ah_000: float64, float64 
[ 2022-12-14 13:12:45,653 ] 88 root - INFO - Hypothesis ai_000: float64, float64 
[ 2022-12-14 13:12:45,698 ] 88 root - INFO - Hypothesis aj_000: float64, float64 
[ 2022-12-14 13:12:45,705 ] 88 root - INFO - Hypothesis ak_000: float64, float64 
[ 2022-12-14 13:12:45,751 ] 88 root - INFO - Hypothesis al_000: float64, float64 
[ 2022-12-14 13:12:45,798 ] 88 root - INFO - Hypothesis am_0: float64, float64 
[ 2022-12-14 13:12:45,848 ] 88 root - INFO - Hypothesis an_000: float64, float64 
[ 2022-12-14 13:12:45,860 ] 88 root - INFO - Hypothesis ao_000: float64, float64 
[ 2022-12-14 13:12:45,872 ] 88 root - INFO - Hypothesis ap_000: float64, float64 
[ 2022-12-14 13:12:45,883 ] 88 root - INFO - Hypothesis aq_000: float64, float64 
[ 2022-12-14 13:12:45,895 ] 88 root - INFO - Hypothesis ar_000: float64, float64 
[ 2022-12-14 13:12:45,939 ] 88 root - INFO - Hypothesis as_000: float64, float64 
[ 2022-12-14 13:12:45,983 ] 88 root - INFO - Hypothesis at_000: float64, float64 
[ 2022-12-14 13:12:45,989 ] 88 root - INFO - Hypothesis au_000: float64, float64 
[ 2022-12-14 13:12:46,035 ] 88 root - INFO - Hypothesis av_000: float64, float64 
[ 2022-12-14 13:12:46,045 ] 88 root - INFO - Hypothesis ax_000: float64, float64 
[ 2022-12-14 13:12:46,054 ] 88 root - INFO - Hypothesis ay_000: float64, float64 
[ 2022-12-14 13:12:46,098 ] 88 root - INFO - Hypothesis ay_001: float64, float64 
[ 2022-12-14 13:12:46,150 ] 88 root - INFO - Hypothesis ay_002: float64, float64 
[ 2022-12-14 13:12:46,193 ] 88 root - INFO - Hypothesis ay_003: float64, float64 
[ 2022-12-14 13:12:46,241 ] 88 root - INFO - Hypothesis ay_004: float64, float64 
[ 2022-12-14 13:12:46,286 ] 88 root - INFO - Hypothesis ay_005: float64, float64 
[ 2022-12-14 13:12:46,333 ] 88 root - INFO - Hypothesis ay_006: float64, float64 
[ 2022-12-14 13:12:46,381 ] 88 root - INFO - Hypothesis ay_007: float64, float64 
[ 2022-12-14 13:12:46,394 ] 88 root - INFO - Hypothesis ay_008: float64, float64 
[ 2022-12-14 13:12:46,406 ] 88 root - INFO - Hypothesis ay_009: float64, float64 
[ 2022-12-14 13:12:46,452 ] 88 root - INFO - Hypothesis az_000: float64, float64 
[ 2022-12-14 13:12:46,463 ] 88 root - INFO - Hypothesis az_001: float64, float64 
[ 2022-12-14 13:12:46,473 ] 88 root - INFO - Hypothesis az_002: float64, float64 
[ 2022-12-14 13:12:46,483 ] 88 root - INFO - Hypothesis az_003: float64, float64 
[ 2022-12-14 13:12:46,494 ] 88 root - INFO - Hypothesis az_004: float64, float64 
[ 2022-12-14 13:12:46,545 ] 88 root - INFO - Hypothesis az_005: float64, float64 
[ 2022-12-14 13:12:46,557 ] 88 root - INFO - Hypothesis az_006: float64, float64 
[ 2022-12-14 13:12:46,567 ] 88 root - INFO - Hypothesis az_007: float64, float64 
[ 2022-12-14 13:12:46,612 ] 88 root - INFO - Hypothesis az_008: float64, float64 
[ 2022-12-14 13:12:46,656 ] 88 root - INFO - Hypothesis az_009: float64, float64 
[ 2022-12-14 13:12:46,700 ] 88 root - INFO - Hypothesis ba_000: float64, float64 
[ 2022-12-14 13:12:46,712 ] 88 root - INFO - Hypothesis ba_001: float64, float64 
[ 2022-12-14 13:12:46,724 ] 88 root - INFO - Hypothesis ba_002: float64, float64 
[ 2022-12-14 13:12:46,735 ] 88 root - INFO - Hypothesis ba_003: float64, float64 
[ 2022-12-14 13:12:46,746 ] 88 root - INFO - Hypothesis ba_004: float64, float64 
[ 2022-12-14 13:12:46,757 ] 88 root - INFO - Hypothesis ba_005: float64, float64 
[ 2022-12-14 13:12:46,768 ] 88 root - INFO - Hypothesis ba_006: float64, float64 
[ 2022-12-14 13:12:46,779 ] 88 root - INFO - Hypothesis ba_007: float64, float64 
[ 2022-12-14 13:12:46,790 ] 88 root - INFO - Hypothesis ba_008: float64, float64 
[ 2022-12-14 13:12:46,800 ] 88 root - INFO - Hypothesis ba_009: float64, float64 
[ 2022-12-14 13:12:46,848 ] 88 root - INFO - Hypothesis bb_000: float64, float64 
[ 2022-12-14 13:12:46,860 ] 88 root - INFO - Hypothesis bc_000: float64, float64 
[ 2022-12-14 13:12:46,908 ] 88 root - INFO - Hypothesis bd_000: float64, float64 
[ 2022-12-14 13:12:46,956 ] 88 root - INFO - Hypothesis be_000: float64, float64 
[ 2022-12-14 13:12:47,006 ] 88 root - INFO - Hypothesis bf_000: float64, float64 
[ 2022-12-14 13:12:47,013 ] 88 root - INFO - Hypothesis bg_000: float64, float64 
[ 2022-12-14 13:12:47,025 ] 88 root - INFO - Hypothesis bh_000: float64, float64 
[ 2022-12-14 13:12:47,036 ] 88 root - INFO - Hypothesis bi_000: float64, float64 
[ 2022-12-14 13:12:47,048 ] 88 root - INFO - Hypothesis bj_000: float64, float64 
[ 2022-12-14 13:12:47,059 ] 88 root - INFO - Hypothesis bs_000: float64, float64 
[ 2022-12-14 13:12:47,071 ] 88 root - INFO - Hypothesis bt_000: float64, float64 
[ 2022-12-14 13:12:47,082 ] 88 root - INFO - Hypothesis bu_000: float64, float64 
[ 2022-12-14 13:12:47,094 ] 88 root - INFO - Hypothesis bv_000: float64, float64 
[ 2022-12-14 13:12:47,105 ] 88 root - INFO - Hypothesis bx_000: float64, float64 
[ 2022-12-14 13:12:47,116 ] 88 root - INFO - Hypothesis by_000: float64, float64 
[ 2022-12-14 13:12:47,127 ] 88 root - INFO - Hypothesis bz_000: float64, float64 
[ 2022-12-14 13:12:47,137 ] 88 root - INFO - Hypothesis ca_000: float64, float64 
[ 2022-12-14 13:12:47,148 ] 88 root - INFO - Hypothesis cb_000: float64, float64 
[ 2022-12-14 13:12:47,160 ] 88 root - INFO - Hypothesis cc_000: float64, float64 
[ 2022-12-14 13:12:47,171 ] 88 root - INFO - Hypothesis cd_000: float64, float64 
[ 2022-12-14 13:12:47,218 ] 88 root - INFO - Hypothesis ce_000: float64, float64 
[ 2022-12-14 13:12:47,228 ] 88 root - INFO - Hypothesis ci_000: float64, float64 
[ 2022-12-14 13:12:47,240 ] 88 root - INFO - Hypothesis cj_000: float64, float64 
[ 2022-12-14 13:12:47,285 ] 88 root - INFO - Hypothesis ck_000: float64, float64 
[ 2022-12-14 13:12:47,297 ] 88 root - INFO - Hypothesis cl_000: float64, float64 
[ 2022-12-14 13:12:47,342 ] 88 root - INFO - Hypothesis cm_000: float64, float64 
[ 2022-12-14 13:12:47,390 ] 88 root - INFO - Hypothesis cn_000: float64, float64 
[ 2022-12-14 13:12:47,436 ] 88 root - INFO - Hypothesis cn_001: float64, float64 
[ 2022-12-14 13:12:47,480 ] 88 root - INFO - Hypothesis cn_002: float64, float64 
[ 2022-12-14 13:12:47,489 ] 88 root - INFO - Hypothesis cn_003: float64, float64 
[ 2022-12-14 13:12:47,501 ] 88 root - INFO - Hypothesis cn_004: float64, float64 
[ 2022-12-14 13:12:47,512 ] 88 root - INFO - Hypothesis cn_005: float64, float64 
[ 2022-12-14 13:12:47,524 ] 88 root - INFO - Hypothesis cn_006: float64, float64 
[ 2022-12-14 13:12:47,535 ] 88 root - INFO - Hypothesis cn_007: float64, float64 
[ 2022-12-14 13:12:47,545 ] 88 root - INFO - Hypothesis cn_008: float64, float64 
[ 2022-12-14 13:12:47,555 ] 88 root - INFO - Hypothesis cn_009: float64, float64 
[ 2022-12-14 13:12:47,564 ] 88 root - INFO - Hypothesis cp_000: float64, float64 
[ 2022-12-14 13:12:47,572 ] 88 root - INFO - Hypothesis cq_000: float64, float64 
[ 2022-12-14 13:12:47,583 ] 88 root - INFO - Hypothesis cs_000: float64, float64 
[ 2022-12-14 13:12:47,594 ] 88 root - INFO - Hypothesis cs_001: float64, float64 
[ 2022-12-14 13:12:47,604 ] 88 root - INFO - Hypothesis cs_002: float64, float64 
[ 2022-12-14 13:12:47,615 ] 88 root - INFO - Hypothesis cs_003: float64, float64 
[ 2022-12-14 13:12:47,626 ] 88 root - INFO - Hypothesis cs_004: float64, float64 
[ 2022-12-14 13:12:47,638 ] 88 root - INFO - Hypothesis cs_005: float64, float64 
[ 2022-12-14 13:12:47,688 ] 88 root - INFO - Hypothesis cs_006: float64, float64 
[ 2022-12-14 13:12:47,700 ] 88 root - INFO - Hypothesis cs_007: float64, float64 
[ 2022-12-14 13:12:47,711 ] 88 root - INFO - Hypothesis cs_008: float64, float64 
[ 2022-12-14 13:12:47,720 ] 88 root - INFO - Hypothesis cs_009: float64, float64 
[ 2022-12-14 13:12:47,763 ] 88 root - INFO - Hypothesis dd_000: float64, float64 
[ 2022-12-14 13:12:47,773 ] 88 root - INFO - Hypothesis de_000: float64, float64 
[ 2022-12-14 13:12:47,782 ] 88 root - INFO - Hypothesis df_000: float64, float64 
[ 2022-12-14 13:12:47,825 ] 88 root - INFO - Hypothesis dg_000: float64, float64 
[ 2022-12-14 13:12:47,871 ] 88 root - INFO - Hypothesis dh_000: float64, float64 
[ 2022-12-14 13:12:47,917 ] 88 root - INFO - Hypothesis di_000: float64, float64 
[ 2022-12-14 13:12:47,963 ] 88 root - INFO - Hypothesis dj_000: float64, float64 
[ 2022-12-14 13:12:48,011 ] 88 root - INFO - Hypothesis dk_000: float64, float64 
[ 2022-12-14 13:12:48,056 ] 88 root - INFO - Hypothesis dl_000: float64, float64 
[ 2022-12-14 13:12:48,102 ] 88 root - INFO - Hypothesis dm_000: float64, float64 
[ 2022-12-14 13:12:48,147 ] 88 root - INFO - Hypothesis dn_000: float64, float64 
[ 2022-12-14 13:12:48,158 ] 88 root - INFO - Hypothesis do_000: float64, float64 
[ 2022-12-14 13:12:48,207 ] 88 root - INFO - Hypothesis dp_000: float64, float64 
[ 2022-12-14 13:12:48,218 ] 88 root - INFO - Hypothesis dq_000: float64, float64 
[ 2022-12-14 13:12:48,267 ] 88 root - INFO - Hypothesis dr_000: float64, float64 
[ 2022-12-14 13:12:48,319 ] 88 root - INFO - Hypothesis ds_000: float64, float64 
[ 2022-12-14 13:12:48,331 ] 88 root - INFO - Hypothesis dt_000: float64, float64 
[ 2022-12-14 13:12:48,386 ] 88 root - INFO - Hypothesis du_000: float64, float64 
[ 2022-12-14 13:12:48,397 ] 88 root - INFO - Hypothesis dv_000: float64, float64 
[ 2022-12-14 13:12:48,448 ] 88 root - INFO - Hypothesis dx_000: float64, float64 
[ 2022-12-14 13:12:48,456 ] 88 root - INFO - Hypothesis dy_000: float64, float64 
[ 2022-12-14 13:12:48,502 ] 88 root - INFO - Hypothesis dz_000: float64, float64 
[ 2022-12-14 13:12:48,545 ] 88 root - INFO - Hypothesis ea_000: float64, float64 
[ 2022-12-14 13:12:48,590 ] 88 root - INFO - Hypothesis eb_000: float64, float64 
[ 2022-12-14 13:12:48,599 ] 88 root - INFO - Hypothesis ec_00: float64, float64 
[ 2022-12-14 13:12:48,610 ] 88 root - INFO - Hypothesis ed_000: float64, float64 
[ 2022-12-14 13:12:48,620 ] 88 root - INFO - Hypothesis ee_000: float64, float64 
[ 2022-12-14 13:12:48,632 ] 88 root - INFO - Hypothesis ee_001: float64, float64 
[ 2022-12-14 13:12:48,644 ] 88 root - INFO - Hypothesis ee_002: float64, float64 
[ 2022-12-14 13:12:48,655 ] 88 root - INFO - Hypothesis ee_003: float64, float64 
[ 2022-12-14 13:12:48,706 ] 88 root - INFO - Hypothesis ee_004: float64, float64 
[ 2022-12-14 13:12:48,717 ] 88 root - INFO - Hypothesis ee_005: float64, float64 
[ 2022-12-14 13:12:48,767 ] 88 root - INFO - Hypothesis ee_006: float64, float64 
[ 2022-12-14 13:12:48,778 ] 88 root - INFO - Hypothesis ee_007: float64, float64 
[ 2022-12-14 13:12:48,789 ] 88 root - INFO - Hypothesis ee_008: float64, float64 
[ 2022-12-14 13:12:48,799 ] 88 root - INFO - Hypothesis ee_009: float64, float64 
[ 2022-12-14 13:12:48,848 ] 88 root - INFO - Hypothesis ef_000: float64, float64 
[ 2022-12-14 13:12:48,892 ] 88 root - INFO - Hypothesis eg_000: float64, float64 
[ 2022-12-14 13:12:48,935 ] 143 root - INFO - As all column are available in test df hence detecting data drift
[ 2022-12-14 13:12:48,935 ] 88 root - INFO - Hypothesis class: object, object 
[ 2022-12-14 13:12:49,016 ] 88 root - INFO - Hypothesis aa_000: float64, float64 
[ 2022-12-14 13:12:49,024 ] 88 root - INFO - Hypothesis ac_000: float64, float64 
[ 2022-12-14 13:12:49,031 ] 88 root - INFO - Hypothesis ae_000: float64, float64 
[ 2022-12-14 13:12:49,051 ] 88 root - INFO - Hypothesis af_000: float64, float64 
[ 2022-12-14 13:12:49,071 ] 88 root - INFO - Hypothesis ag_000: float64, float64 
[ 2022-12-14 13:12:49,091 ] 88 root - INFO - Hypothesis ag_001: float64, float64 
[ 2022-12-14 13:12:49,109 ] 88 root - INFO - Hypothesis ag_002: float64, float64 
[ 2022-12-14 13:12:49,129 ] 88 root - INFO - Hypothesis ag_003: float64, float64 
[ 2022-12-14 13:12:49,134 ] 88 root - INFO - Hypothesis ag_004: float64, float64 
[ 2022-12-14 13:12:49,142 ] 88 root - INFO - Hypothesis ag_005: float64, float64 
[ 2022-12-14 13:12:49,150 ] 88 root - INFO - Hypothesis ag_006: float64, float64 
[ 2022-12-14 13:12:49,159 ] 88 root - INFO - Hypothesis ag_007: float64, float64 
[ 2022-12-14 13:12:49,166 ] 88 root - INFO - Hypothesis ag_008: float64, float64 
[ 2022-12-14 13:12:49,173 ] 88 root - INFO - Hypothesis ag_009: float64, float64 
[ 2022-12-14 13:12:49,180 ] 88 root - INFO - Hypothesis ah_000: float64, float64 
[ 2022-12-14 13:12:49,188 ] 88 root - INFO - Hypothesis ai_000: float64, float64 
[ 2022-12-14 13:12:49,193 ] 88 root - INFO - Hypothesis aj_000: float64, float64 
[ 2022-12-14 13:12:49,198 ] 88 root - INFO - Hypothesis ak_000: float64, float64 
[ 2022-12-14 13:12:49,202 ] 88 root - INFO - Hypothesis al_000: float64, float64 
[ 2022-12-14 13:12:49,208 ] 88 root - INFO - Hypothesis am_0: float64, float64 
[ 2022-12-14 13:12:49,214 ] 88 root - INFO - Hypothesis an_000: float64, float64 
[ 2022-12-14 13:12:49,222 ] 88 root - INFO - Hypothesis ao_000: float64, float64 
[ 2022-12-14 13:12:49,230 ] 88 root - INFO - Hypothesis ap_000: float64, float64 
[ 2022-12-14 13:12:49,238 ] 88 root - INFO - Hypothesis aq_000: float64, float64 
[ 2022-12-14 13:12:49,247 ] 88 root - INFO - Hypothesis ar_000: float64, float64 
[ 2022-12-14 13:12:49,266 ] 88 root - INFO - Hypothesis as_000: float64, float64 
[ 2022-12-14 13:12:49,284 ] 88 root - INFO - Hypothesis at_000: float64, float64 
[ 2022-12-14 13:12:49,289 ] 88 root - INFO - Hypothesis au_000: float64, float64 
[ 2022-12-14 13:12:49,307 ] 88 root - INFO - Hypothesis av_000: float64, float64 
[ 2022-12-14 13:12:49,314 ] 88 root - INFO - Hypothesis ax_000: float64, float64 
[ 2022-12-14 13:12:49,320 ] 88 root - INFO - Hypothesis ay_000: float64, float64 
[ 2022-12-14 13:12:49,338 ] 88 root - INFO - Hypothesis ay_001: float64, float64 
[ 2022-12-14 13:12:49,356 ] 88 root - INFO - Hypothesis ay_002: float64, float64 
[ 2022-12-14 13:12:49,375 ] 88 root - INFO - Hypothesis ay_003: float64, float64 
[ 2022-12-14 13:12:49,394 ] 88 root - INFO - Hypothesis ay_004: float64, float64 
[ 2022-12-14 13:12:49,414 ] 88 root - INFO - Hypothesis ay_005: float64, float64 
[ 2022-12-14 13:12:49,420 ] 88 root - INFO - Hypothesis ay_006: float64, float64 
[ 2022-12-14 13:12:49,427 ] 88 root - INFO - Hypothesis ay_007: float64, float64 
[ 2022-12-14 13:12:49,435 ] 88 root - INFO - Hypothesis ay_008: float64, float64 
[ 2022-12-14 13:12:49,443 ] 88 root - INFO - Hypothesis ay_009: float64, float64 
[ 2022-12-14 13:12:49,461 ] 88 root - INFO - Hypothesis az_000: float64, float64 
[ 2022-12-14 13:12:49,469 ] 88 root - INFO - Hypothesis az_001: float64, float64 
[ 2022-12-14 13:12:49,476 ] 88 root - INFO - Hypothesis az_002: float64, float64 
[ 2022-12-14 13:12:49,483 ] 88 root - INFO - Hypothesis az_003: float64, float64 
[ 2022-12-14 13:12:49,491 ] 88 root - INFO - Hypothesis az_004: float64, float64 
[ 2022-12-14 13:12:49,498 ] 88 root - INFO - Hypothesis az_005: float64, float64 
[ 2022-12-14 13:12:49,506 ] 88 root - INFO - Hypothesis az_006: float64, float64 
[ 2022-12-14 13:12:49,513 ] 88 root - INFO - Hypothesis az_007: float64, float64 
[ 2022-12-14 13:12:49,518 ] 88 root - INFO - Hypothesis az_008: float64, float64 
[ 2022-12-14 13:12:49,537 ] 88 root - INFO - Hypothesis az_009: float64, float64 
[ 2022-12-14 13:12:49,556 ] 88 root - INFO - Hypothesis ba_000: float64, float64 
[ 2022-12-14 13:12:49,564 ] 88 root - INFO - Hypothesis ba_001: float64, float64 
[ 2022-12-14 13:12:49,572 ] 88 root - INFO - Hypothesis ba_002: float64, float64 
[ 2022-12-14 13:12:49,580 ] 88 root - INFO - Hypothesis ba_003: float64, float64 
[ 2022-12-14 13:12:49,588 ] 88 root - INFO - Hypothesis ba_004: float64, float64 
[ 2022-12-14 13:12:49,596 ] 88 root - INFO - Hypothesis ba_005: float64, float64 
[ 2022-12-14 13:12:49,604 ] 88 root - INFO - Hypothesis ba_006: float64, float64 
[ 2022-12-14 13:12:49,611 ] 88 root - INFO - Hypothesis ba_007: float64, float64 
[ 2022-12-14 13:12:49,619 ] 88 root - INFO - Hypothesis ba_008: float64, float64 
[ 2022-12-14 13:12:49,625 ] 88 root - INFO - Hypothesis ba_009: float64, float64 
[ 2022-12-14 13:12:49,631 ] 88 root - INFO - Hypothesis bb_000: float64, float64 
[ 2022-12-14 13:12:49,639 ] 88 root - INFO - Hypothesis bc_000: float64, float64 
[ 2022-12-14 13:12:49,645 ] 88 root - INFO - Hypothesis bd_000: float64, float64 
[ 2022-12-14 13:12:49,651 ] 88 root - INFO - Hypothesis be_000: float64, float64 
[ 2022-12-14 13:12:49,658 ] 88 root - INFO - Hypothesis bf_000: float64, float64 
[ 2022-12-14 13:12:49,663 ] 88 root - INFO - Hypothesis bg_000: float64, float64 
[ 2022-12-14 13:12:49,671 ] 88 root - INFO - Hypothesis bh_000: float64, float64 
[ 2022-12-14 13:12:49,679 ] 88 root - INFO - Hypothesis bi_000: float64, float64 
[ 2022-12-14 13:12:49,687 ] 88 root - INFO - Hypothesis bj_000: float64, float64 
[ 2022-12-14 13:12:49,695 ] 88 root - INFO - Hypothesis bs_000: float64, float64 
[ 2022-12-14 13:12:49,703 ] 88 root - INFO - Hypothesis bt_000: float64, float64 
[ 2022-12-14 13:12:49,711 ] 88 root - INFO - Hypothesis bu_000: float64, float64 
[ 2022-12-14 13:12:49,719 ] 88 root - INFO - Hypothesis bv_000: float64, float64 
[ 2022-12-14 13:12:49,727 ] 88 root - INFO - Hypothesis bx_000: float64, float64 
[ 2022-12-14 13:12:49,735 ] 88 root - INFO - Hypothesis by_000: float64, float64 
[ 2022-12-14 13:12:49,742 ] 88 root - INFO - Hypothesis bz_000: float64, float64 
[ 2022-12-14 13:12:49,749 ] 88 root - INFO - Hypothesis ca_000: float64, float64 
[ 2022-12-14 13:12:49,757 ] 88 root - INFO - Hypothesis cb_000: float64, float64 
[ 2022-12-14 13:12:49,765 ] 88 root - INFO - Hypothesis cc_000: float64, float64 
[ 2022-12-14 13:12:49,773 ] 88 root - INFO - Hypothesis cd_000: float64, float64 
[ 2022-12-14 13:12:49,791 ] 88 root - INFO - Hypothesis ce_000: float64, float64 
[ 2022-12-14 13:12:49,798 ] 88 root - INFO - Hypothesis ci_000: float64, float64 
[ 2022-12-14 13:12:49,806 ] 88 root - INFO - Hypothesis cj_000: float64, float64 
[ 2022-12-14 13:12:49,811 ] 88 root - INFO - Hypothesis ck_000: float64, float64 
[ 2022-12-14 13:12:49,819 ] 88 root - INFO - Hypothesis cl_000: float64, float64 
[ 2022-12-14 13:12:49,824 ] 88 root - INFO - Hypothesis cm_000: float64, float64 
[ 2022-12-14 13:12:49,830 ] 88 root - INFO - Hypothesis cn_000: float64, float64 
[ 2022-12-14 13:12:49,849 ] 88 root - INFO - Hypothesis cn_001: float64, float64 
[ 2022-12-14 13:12:49,870 ] 88 root - INFO - Hypothesis cn_002: float64, float64 
[ 2022-12-14 13:12:49,876 ] 88 root - INFO - Hypothesis cn_003: float64, float64 
[ 2022-12-14 13:12:49,884 ] 88 root - INFO - Hypothesis cn_004: float64, float64 
[ 2022-12-14 13:12:49,892 ] 88 root - INFO - Hypothesis cn_005: float64, float64 
[ 2022-12-14 13:12:49,900 ] 88 root - INFO - Hypothesis cn_006: float64, float64 
[ 2022-12-14 13:12:49,907 ] 88 root - INFO - Hypothesis cn_007: float64, float64 
[ 2022-12-14 13:12:49,915 ] 88 root - INFO - Hypothesis cn_008: float64, float64 
[ 2022-12-14 13:12:49,922 ] 88 root - INFO - Hypothesis cn_009: float64, float64 
[ 2022-12-14 13:12:49,928 ] 88 root - INFO - Hypothesis cp_000: float64, float64 
[ 2022-12-14 13:12:49,934 ] 88 root - INFO - Hypothesis cq_000: float64, float64 
[ 2022-12-14 13:12:49,942 ] 88 root - INFO - Hypothesis cs_000: float64, float64 
[ 2022-12-14 13:12:49,949 ] 88 root - INFO - Hypothesis cs_001: float64, float64 
[ 2022-12-14 13:12:49,956 ] 88 root - INFO - Hypothesis cs_002: float64, float64 
[ 2022-12-14 13:12:49,963 ] 88 root - INFO - Hypothesis cs_003: float64, float64 
[ 2022-12-14 13:12:49,971 ] 88 root - INFO - Hypothesis cs_004: float64, float64 
[ 2022-12-14 13:12:49,979 ] 88 root - INFO - Hypothesis cs_005: float64, float64 
[ 2022-12-14 13:12:49,987 ] 88 root - INFO - Hypothesis cs_006: float64, float64 
[ 2022-12-14 13:12:49,995 ] 88 root - INFO - Hypothesis cs_007: float64, float64 
[ 2022-12-14 13:12:50,003 ] 88 root - INFO - Hypothesis cs_008: float64, float64 
[ 2022-12-14 13:12:50,010 ] 88 root - INFO - Hypothesis cs_009: float64, float64 
[ 2022-12-14 13:12:50,030 ] 88 root - INFO - Hypothesis dd_000: float64, float64 
[ 2022-12-14 13:12:50,038 ] 88 root - INFO - Hypothesis de_000: float64, float64 
[ 2022-12-14 13:12:50,045 ] 88 root - INFO - Hypothesis df_000: float64, float64 
[ 2022-12-14 13:12:50,049 ] 88 root - INFO - Hypothesis dg_000: float64, float64 
[ 2022-12-14 13:12:50,053 ] 88 root - INFO - Hypothesis dh_000: float64, float64 
[ 2022-12-14 13:12:50,058 ] 88 root - INFO - Hypothesis di_000: float64, float64 
[ 2022-12-14 13:12:50,063 ] 88 root - INFO - Hypothesis dj_000: float64, float64 
[ 2022-12-14 13:12:50,082 ] 88 root - INFO - Hypothesis dk_000: float64, float64 
[ 2022-12-14 13:12:50,103 ] 88 root - INFO - Hypothesis dl_000: float64, float64 
[ 2022-12-14 13:12:50,108 ] 88 root - INFO - Hypothesis dm_000: float64, float64 
[ 2022-12-14 13:12:50,113 ] 88 root - INFO - Hypothesis dn_000: float64, float64 
[ 2022-12-14 13:12:50,121 ] 88 root - INFO - Hypothesis do_000: float64, float64 
[ 2022-12-14 13:12:50,130 ] 88 root - INFO - Hypothesis dp_000: float64, float64 
[ 2022-12-14 13:12:50,138 ] 88 root - INFO - Hypothesis dq_000: float64, float64 
[ 2022-12-14 13:12:50,144 ] 88 root - INFO - Hypothesis dr_000: float64, float64 
[ 2022-12-14 13:12:50,151 ] 88 root - INFO - Hypothesis ds_000: float64, float64 
[ 2022-12-14 13:12:50,159 ] 88 root - INFO - Hypothesis dt_000: float64, float64 
[ 2022-12-14 13:12:50,167 ] 88 root - INFO - Hypothesis du_000: float64, float64 
[ 2022-12-14 13:12:50,175 ] 88 root - INFO - Hypothesis dv_000: float64, float64 
[ 2022-12-14 13:12:50,183 ] 88 root - INFO - Hypothesis dx_000: float64, float64 
[ 2022-12-14 13:12:50,189 ] 88 root - INFO - Hypothesis dy_000: float64, float64 
[ 2022-12-14 13:12:50,194 ] 88 root - INFO - Hypothesis dz_000: float64, float64 
[ 2022-12-14 13:12:50,213 ] 88 root - INFO - Hypothesis ea_000: float64, float64 
[ 2022-12-14 13:12:50,233 ] 88 root - INFO - Hypothesis eb_000: float64, float64 
[ 2022-12-14 13:12:50,243 ] 88 root - INFO - Hypothesis ec_00: float64, float64 
[ 2022-12-14 13:12:50,251 ] 88 root - INFO - Hypothesis ed_000: float64, float64 
[ 2022-12-14 13:12:50,258 ] 88 root - INFO - Hypothesis ee_000: float64, float64 
[ 2022-12-14 13:12:50,266 ] 88 root - INFO - Hypothesis ee_001: float64, float64 
[ 2022-12-14 13:12:50,274 ] 88 root - INFO - Hypothesis ee_002: float64, float64 
[ 2022-12-14 13:12:50,282 ] 88 root - INFO - Hypothesis ee_003: float64, float64 
[ 2022-12-14 13:12:50,290 ] 88 root - INFO - Hypothesis ee_004: float64, float64 
[ 2022-12-14 13:12:50,297 ] 88 root - INFO - Hypothesis ee_005: float64, float64 
[ 2022-12-14 13:12:50,305 ] 88 root - INFO - Hypothesis ee_006: float64, float64 
[ 2022-12-14 13:12:50,313 ] 88 root - INFO - Hypothesis ee_007: float64, float64 
[ 2022-12-14 13:12:50,320 ] 88 root - INFO - Hypothesis ee_008: float64, float64 
[ 2022-12-14 13:12:50,327 ] 88 root - INFO - Hypothesis ee_009: float64, float64 
[ 2022-12-14 13:12:50,333 ] 88 root - INFO - Hypothesis ef_000: float64, float64 
[ 2022-12-14 13:12:50,352 ] 88 root - INFO - Hypothesis eg_000: float64, float64 
[ 2022-12-14 13:12:50,370 ] 147 root - INFO - Write reprt in yaml file
[ 2022-12-14 13:12:50,644 ] 152 root - INFO - Data validation artifact: DataValidationArtifact(report_file_path='/config/workspace/artifact/12142022__131223/data_validation/report.yaml')
[ 2022-12-14 13:12:50,648 ] 24 root - INFO - >>>>>>>>>>>>>>>>>>>>>>>>>>>>>>>>>>>>>>>> Data Transformation <<<<<<<<<<<<<<<<<<<<<<<<<<<<<<<<<<<<<<<<
[ 2022-12-14 13:12:51,724 ] 75 root - INFO - Before resampling in training set Input: (28950, 170) Target:(28950,)
[ 2022-12-14 13:12:57,510 ] 77 root - INFO - After resampling in training set Input: (56174, 170) Target:(56174,)
[ 2022-12-14 13:12:57,510 ] 79 root - INFO - Before resampling in testing set Input: (7238, 170) Target:(7238,)
[ 2022-12-14 13:12:58,052 ] 81 root - INFO - After resampling in testing set Input: (14046, 170) Target:(14046,)
[ 2022-12-14 13:12:58,177 ] 54 root - INFO - Entered the save_object method of utils
[ 2022-12-14 13:12:58,189 ] 58 root - INFO - Exited the save_object method of utils
[ 2022-12-14 13:12:58,189 ] 54 root - INFO - Entered the save_object method of utils
[ 2022-12-14 13:12:58,191 ] 58 root - INFO - Exited the save_object method of utils
[ 2022-12-14 13:12:58,191 ] 112 root - INFO - Data transformation object DataTransformationArtifact(transform_object_path='/config/workspace/artifact/12142022__131223/data_transformation/transformer/transformer.pkl', transformed_train_path='/config/workspace/artifact/12142022__131223/data_transformation/transformed/train.npz', transformed_test_path='/config/workspace/artifact/12142022__131223/data_transformation/transformed/test.npz', target_encoder_path='/config/workspace/artifact/12142022__131223/data_transformation/target_encoder/target_encoder.pkl')
[ 2022-12-14 13:12:58,193 ] 18 root - INFO - >>>>>>>>>>>>>>>>>>>>>>>>>>>>>>>>>>>>>>>> Model Trainer <<<<<<<<<<<<<<<<<<<<<<<<<<<<<<<<<<<<<<<<
[ 2022-12-14 13:12:58,193 ] 45 root - INFO - Loading train and test array.
[ 2022-12-14 13:12:58,249 ] 49 root - INFO - Splitting input and target feature from both train and test arr.
[ 2022-12-14 13:12:58,250 ] 53 root - INFO - Train the model
[ 2022-12-14 13:13:10,014 ] 56 root - INFO - Calculating f1 train score
[ 2022-12-14 13:13:10,071 ] 60 root - INFO - Calculating f1 test score
[ 2022-12-14 13:13:10,092 ] 64 root - INFO - train score:0.999982197853061 and tests score 0.987098623853211
[ 2022-12-14 13:13:10,092 ] 66 root - INFO - Checking if our model is underfitting or not
[ 2022-12-14 13:13:10,092 ] 71 root - INFO - Checking if our model is overfiiting or not
[ 2022-12-14 13:13:10,092 ] 78 root - INFO - Saving mode object
[ 2022-12-14 13:13:10,093 ] 54 root - INFO - Entered the save_object method of utils
[ 2022-12-14 13:13:10,101 ] 58 root - INFO - Exited the save_object method of utils
[ 2022-12-14 13:13:10,101 ] 82 root - INFO - Prepare the artifact
[ 2022-12-14 13:13:10,102 ] 85 root - INFO - Model trainer artifact: ModelTrainerArtifact(model_path='/config/workspace/artifact/12142022__131223/model_trainer/model/model.pkl', f1_train_score=0.999982197853061, f1_test_score=0.987098623853211)
[ 2022-12-14 13:14:53,760 ] 19 root - INFO - >>>>>>>>>>>>>>>>>>>>>>>>>>>>>>>>>>>>>>>>  Model Evaluation <<<<<<<<<<<<<<<<<<<<<<<<<<<<<<<<<<<<<<<<
[ 2022-12-14 13:15:11,772 ] 47 root - INFO - Previous trained objects of transformer, model and target encoder
