[ 2022-12-14 00:01:33,774 ] 15 root - INFO - >>>>>>>>>>>>>>>>>>>>>>>>>>>>>>>>>>>>>>>> Data Ingestion <<<<<<<<<<<<<<<<<<<<<<<<<<<<<<<<<<<<<<<<
[ 2022-12-14 00:01:33,775 ] 22 root - INFO - Exporting collection data as pandas dataframe
[ 2022-12-14 00:01:33,775 ] 21 root - INFO - Reading data from database: aps and collection: sensor
[ 2022-12-14 00:01:38,399 ] 23 root - INFO - Found columns: Index(['_id', 'class', 'aa_000', 'ab_000', 'ac_000', 'ad_000', 'ae_000',
       'af_000', 'ag_000', 'ag_001',
       ...
       'ee_002', 'ee_003', 'ee_004', 'ee_005', 'ee_006', 'ee_007', 'ee_008',
       'ee_009', 'ef_000', 'eg_000'],
      dtype='object', length=172)
[ 2022-12-14 00:01:38,400 ] 25 root - INFO - Dropping column: _id 
[ 2022-12-14 00:01:38,655 ] 27 root - INFO - Row and columns in df: (36188, 171)
[ 2022-12-14 00:01:38,655 ] 28 root - INFO - Save data in feature store
[ 2022-12-14 00:01:39,348 ] 34 root - INFO - Create feature store folder if not available
[ 2022-12-14 00:01:39,349 ] 38 root - INFO - Save df to feature store folder
[ 2022-12-14 00:01:42,492 ] 43 root - INFO - split dataset into train and test set
[ 2022-12-14 00:01:43,217 ] 47 root - INFO - create dataset directory folder if not available
[ 2022-12-14 00:01:43,217 ] 52 root - INFO - Save df to feature store folder
[ 2022-12-14 00:01:45,525 ] 64 root - INFO - Data ingestion artifact: DataIngestionArtifact(feature_store_file_path='/config/workspace/artifact/12142022__000133/data_ingestion/feature_store/sensor.csv', train_file_path='/config/workspace/artifact/12142022__000133/data_ingestion/dataset/train.csv', test_file_path='/config/workspace/artifact/12142022__000133/data_ingestion/dataset/test.csv')
[ 2022-12-14 00:01:45,982 ] 22 root - INFO - >>>>>>>>>>>>>>>>>>>>>>>>>>>>>>>>>>>>>>>> Data Validation <<<<<<<<<<<<<<<<<<<<<<<<<<<<<<<<<<<<<<<<
[ 2022-12-14 00:01:45,982 ] 110 root - INFO - Reading base dataframe
[ 2022-12-14 00:01:49,108 ] 113 root - INFO - Replace na value in base df
[ 2022-12-14 00:01:49,108 ] 115 root - INFO - Drop null values colums from base df
[ 2022-12-14 00:01:50,030 ] 44 root - INFO - selecting column name which contains null above to 0.2
[ 2022-12-14 00:01:50,032 ] 47 root - INFO - Columns to drop: ['ab_000', 'ad_000', 'bk_000', 'bl_000', 'bm_000', 'bn_000', 'bo_000', 'bp_000', 'bq_000', 'br_000', 'cf_000', 'cg_000', 'ch_000', 'co_000', 'cr_000', 'ct_000', 'cu_000', 'cv_000', 'cx_000', 'cy_000', 'cz_000', 'da_000', 'db_000', 'dc_000']
[ 2022-12-14 00:01:50,147 ] 118 root - INFO - Reading train dataframe
[ 2022-12-14 00:01:50,582 ] 120 root - INFO - Reading test dataframe
[ 2022-12-14 00:01:50,708 ] 123 root - INFO - Drop null values colums from train df
[ 2022-12-14 00:01:50,722 ] 44 root - INFO - selecting column name which contains null above to 0.2
[ 2022-12-14 00:01:50,723 ] 47 root - INFO - Columns to drop: ['ab_000', 'ad_000', 'bk_000', 'bl_000', 'bm_000', 'bn_000', 'bo_000', 'bp_000', 'bq_000', 'br_000', 'cf_000', 'cg_000', 'ch_000', 'co_000', 'cr_000', 'ct_000', 'cu_000', 'cv_000', 'cx_000', 'cy_000', 'cz_000', 'da_000', 'db_000', 'dc_000']
[ 2022-12-14 00:01:50,745 ] 125 root - INFO - Drop null values colums from test df
[ 2022-12-14 00:01:50,752 ] 44 root - INFO - selecting column name which contains null above to 0.2
[ 2022-12-14 00:01:50,753 ] 47 root - INFO - Columns to drop: ['ab_000', 'ad_000', 'bk_000', 'bl_000', 'bm_000', 'bn_000', 'bo_000', 'bp_000', 'bq_000', 'br_000', 'cf_000', 'cg_000', 'ch_000', 'co_000', 'cr_000', 'ct_000', 'cu_000', 'cv_000', 'cx_000', 'cy_000', 'cz_000', 'da_000', 'db_000', 'dc_000']
[ 2022-12-14 00:01:57,364 ] 134 root - INFO - Is all required columns present in train df
[ 2022-12-14 00:01:57,365 ] 136 root - INFO - Is all required columns present in test df
[ 2022-12-14 00:01:57,365 ] 140 root - INFO - As all column are available in train df hence detecting data drift
[ 2022-12-14 00:01:57,366 ] 88 root - INFO - Hypothesis class: object, object 
[ 2022-12-14 00:01:57,510 ] 88 root - INFO - Hypothesis aa_000: float64, float64 
[ 2022-12-14 00:01:57,521 ] 88 root - INFO - Hypothesis ac_000: float64, float64 
[ 2022-12-14 00:01:57,530 ] 88 root - INFO - Hypothesis ae_000: float64, float64 
[ 2022-12-14 00:01:57,574 ] 88 root - INFO - Hypothesis af_000: float64, float64 
[ 2022-12-14 00:01:57,617 ] 88 root - INFO - Hypothesis ag_000: float64, float64 
[ 2022-12-14 00:01:57,660 ] 88 root - INFO - Hypothesis ag_001: float64, float64 
[ 2022-12-14 00:01:57,705 ] 88 root - INFO - Hypothesis ag_002: float64, float64 
[ 2022-12-14 00:01:57,749 ] 88 root - INFO - Hypothesis ag_003: float64, float64 
[ 2022-12-14 00:01:57,793 ] 88 root - INFO - Hypothesis ag_004: float64, float64 
[ 2022-12-14 00:01:57,844 ] 88 root - INFO - Hypothesis ag_005: float64, float64 
[ 2022-12-14 00:01:57,855 ] 88 root - INFO - Hypothesis ag_006: float64, float64 
[ 2022-12-14 00:01:57,867 ] 88 root - INFO - Hypothesis ag_007: float64, float64 
[ 2022-12-14 00:01:57,878 ] 88 root - INFO - Hypothesis ag_008: float64, float64 
[ 2022-12-14 00:01:57,888 ] 88 root - INFO - Hypothesis ag_009: float64, float64 
[ 2022-12-14 00:01:57,933 ] 88 root - INFO - Hypothesis ah_000: float64, float64 
[ 2022-12-14 00:01:57,945 ] 88 root - INFO - Hypothesis ai_000: float64, float64 
[ 2022-12-14 00:01:57,991 ] 88 root - INFO - Hypothesis aj_000: float64, float64 
[ 2022-12-14 00:01:58,038 ] 88 root - INFO - Hypothesis ak_000: float64, float64 
[ 2022-12-14 00:01:58,080 ] 88 root - INFO - Hypothesis al_000: float64, float64 
[ 2022-12-14 00:01:58,089 ] 88 root - INFO - Hypothesis am_0: float64, float64 
[ 2022-12-14 00:01:58,099 ] 88 root - INFO - Hypothesis an_000: float64, float64 
[ 2022-12-14 00:01:58,110 ] 88 root - INFO - Hypothesis ao_000: float64, float64 
[ 2022-12-14 00:01:58,122 ] 88 root - INFO - Hypothesis ap_000: float64, float64 
[ 2022-12-14 00:01:58,133 ] 88 root - INFO - Hypothesis aq_000: float64, float64 
[ 2022-12-14 00:01:58,144 ] 88 root - INFO - Hypothesis ar_000: float64, float64 
[ 2022-12-14 00:01:58,187 ] 88 root - INFO - Hypothesis as_000: float64, float64 
[ 2022-12-14 00:01:58,230 ] 88 root - INFO - Hypothesis at_000: float64, float64 
[ 2022-12-14 00:01:58,275 ] 88 root - INFO - Hypothesis au_000: float64, float64 
[ 2022-12-14 00:01:58,321 ] 88 root - INFO - Hypothesis av_000: float64, float64 
[ 2022-12-14 00:01:58,330 ] 88 root - INFO - Hypothesis ax_000: float64, float64 
[ 2022-12-14 00:01:58,339 ] 88 root - INFO - Hypothesis ay_000: float64, float64 
[ 2022-12-14 00:01:58,386 ] 88 root - INFO - Hypothesis ay_001: float64, float64 
[ 2022-12-14 00:01:58,431 ] 88 root - INFO - Hypothesis ay_002: float64, float64 
[ 2022-12-14 00:01:58,476 ] 88 root - INFO - Hypothesis ay_003: float64, float64 
[ 2022-12-14 00:01:58,521 ] 88 root - INFO - Hypothesis ay_004: float64, float64 
[ 2022-12-14 00:01:58,564 ] 88 root - INFO - Hypothesis ay_005: float64, float64 
[ 2022-12-14 00:01:58,573 ] 88 root - INFO - Hypothesis ay_006: float64, float64 
[ 2022-12-14 00:01:58,583 ] 88 root - INFO - Hypothesis ay_007: float64, float64 
[ 2022-12-14 00:01:58,594 ] 88 root - INFO - Hypothesis ay_008: float64, float64 
[ 2022-12-14 00:01:58,642 ] 88 root - INFO - Hypothesis ay_009: float64, float64 
[ 2022-12-14 00:01:58,688 ] 88 root - INFO - Hypothesis az_000: float64, float64 
[ 2022-12-14 00:01:58,699 ] 88 root - INFO - Hypothesis az_001: float64, float64 
[ 2022-12-14 00:01:58,710 ] 88 root - INFO - Hypothesis az_002: float64, float64 
[ 2022-12-14 00:01:58,720 ] 88 root - INFO - Hypothesis az_003: float64, float64 
[ 2022-12-14 00:01:58,731 ] 88 root - INFO - Hypothesis az_004: float64, float64 
[ 2022-12-14 00:01:58,743 ] 88 root - INFO - Hypothesis az_005: float64, float64 
[ 2022-12-14 00:01:58,754 ] 88 root - INFO - Hypothesis az_006: float64, float64 
[ 2022-12-14 00:01:58,764 ] 88 root - INFO - Hypothesis az_007: float64, float64 
[ 2022-12-14 00:01:58,808 ] 88 root - INFO - Hypothesis az_008: float64, float64 
[ 2022-12-14 00:01:58,852 ] 88 root - INFO - Hypothesis az_009: float64, float64 
[ 2022-12-14 00:01:58,896 ] 88 root - INFO - Hypothesis ba_000: float64, float64 
[ 2022-12-14 00:01:58,908 ] 88 root - INFO - Hypothesis ba_001: float64, float64 
[ 2022-12-14 00:01:58,919 ] 88 root - INFO - Hypothesis ba_002: float64, float64 
[ 2022-12-14 00:01:58,931 ] 88 root - INFO - Hypothesis ba_003: float64, float64 
[ 2022-12-14 00:01:58,942 ] 88 root - INFO - Hypothesis ba_004: float64, float64 
[ 2022-12-14 00:01:58,954 ] 88 root - INFO - Hypothesis ba_005: float64, float64 
[ 2022-12-14 00:01:58,965 ] 88 root - INFO - Hypothesis ba_006: float64, float64 
[ 2022-12-14 00:01:58,976 ] 88 root - INFO - Hypothesis ba_007: float64, float64 
[ 2022-12-14 00:01:58,986 ] 88 root - INFO - Hypothesis ba_008: float64, float64 
[ 2022-12-14 00:01:59,033 ] 88 root - INFO - Hypothesis ba_009: float64, float64 
[ 2022-12-14 00:01:59,079 ] 88 root - INFO - Hypothesis bb_000: float64, float64 
[ 2022-12-14 00:01:59,090 ] 88 root - INFO - Hypothesis bc_000: float64, float64 
[ 2022-12-14 00:01:59,140 ] 88 root - INFO - Hypothesis bd_000: float64, float64 
[ 2022-12-14 00:01:59,187 ] 88 root - INFO - Hypothesis be_000: float64, float64 
[ 2022-12-14 00:01:59,196 ] 88 root - INFO - Hypothesis bf_000: float64, float64 
[ 2022-12-14 00:01:59,204 ] 88 root - INFO - Hypothesis bg_000: float64, float64 
[ 2022-12-14 00:01:59,216 ] 88 root - INFO - Hypothesis bh_000: float64, float64 
[ 2022-12-14 00:01:59,227 ] 88 root - INFO - Hypothesis bi_000: float64, float64 
[ 2022-12-14 00:01:59,239 ] 88 root - INFO - Hypothesis bj_000: float64, float64 
[ 2022-12-14 00:01:59,250 ] 88 root - INFO - Hypothesis bs_000: float64, float64 
[ 2022-12-14 00:01:59,262 ] 88 root - INFO - Hypothesis bt_000: float64, float64 
[ 2022-12-14 00:01:59,274 ] 88 root - INFO - Hypothesis bu_000: float64, float64 
[ 2022-12-14 00:01:59,285 ] 88 root - INFO - Hypothesis bv_000: float64, float64 
[ 2022-12-14 00:01:59,297 ] 88 root - INFO - Hypothesis bx_000: float64, float64 
[ 2022-12-14 00:01:59,308 ] 88 root - INFO - Hypothesis by_000: float64, float64 
[ 2022-12-14 00:01:59,320 ] 88 root - INFO - Hypothesis bz_000: float64, float64 
[ 2022-12-14 00:01:59,330 ] 88 root - INFO - Hypothesis ca_000: float64, float64 
[ 2022-12-14 00:01:59,341 ] 88 root - INFO - Hypothesis cb_000: float64, float64 
[ 2022-12-14 00:01:59,353 ] 88 root - INFO - Hypothesis cc_000: float64, float64 
[ 2022-12-14 00:01:59,364 ] 88 root - INFO - Hypothesis cd_000: float64, float64 
[ 2022-12-14 00:01:59,408 ] 88 root - INFO - Hypothesis ce_000: float64, float64 
[ 2022-12-14 00:01:59,418 ] 88 root - INFO - Hypothesis ci_000: float64, float64 
[ 2022-12-14 00:01:59,430 ] 88 root - INFO - Hypothesis cj_000: float64, float64 
[ 2022-12-14 00:01:59,437 ] 88 root - INFO - Hypothesis ck_000: float64, float64 
[ 2022-12-14 00:01:59,449 ] 88 root - INFO - Hypothesis cl_000: float64, float64 
[ 2022-12-14 00:01:59,494 ] 88 root - INFO - Hypothesis cm_000: float64, float64 
[ 2022-12-14 00:01:59,502 ] 88 root - INFO - Hypothesis cn_000: float64, float64 
[ 2022-12-14 00:01:59,544 ] 88 root - INFO - Hypothesis cn_001: float64, float64 
[ 2022-12-14 00:01:59,588 ] 88 root - INFO - Hypothesis cn_002: float64, float64 
[ 2022-12-14 00:01:59,598 ] 88 root - INFO - Hypothesis cn_003: float64, float64 
[ 2022-12-14 00:01:59,648 ] 88 root - INFO - Hypothesis cn_004: float64, float64 
[ 2022-12-14 00:01:59,659 ] 88 root - INFO - Hypothesis cn_005: float64, float64 
[ 2022-12-14 00:01:59,670 ] 88 root - INFO - Hypothesis cn_006: float64, float64 
[ 2022-12-14 00:01:59,682 ] 88 root - INFO - Hypothesis cn_007: float64, float64 
[ 2022-12-14 00:01:59,692 ] 88 root - INFO - Hypothesis cn_008: float64, float64 
[ 2022-12-14 00:01:59,702 ] 88 root - INFO - Hypothesis cn_009: float64, float64 
[ 2022-12-14 00:01:59,711 ] 88 root - INFO - Hypothesis cp_000: float64, float64 
[ 2022-12-14 00:01:59,757 ] 88 root - INFO - Hypothesis cq_000: float64, float64 
[ 2022-12-14 00:01:59,768 ] 88 root - INFO - Hypothesis cs_000: float64, float64 
[ 2022-12-14 00:01:59,779 ] 88 root - INFO - Hypothesis cs_001: float64, float64 
[ 2022-12-14 00:01:59,789 ] 88 root - INFO - Hypothesis cs_002: float64, float64 
[ 2022-12-14 00:01:59,800 ] 88 root - INFO - Hypothesis cs_003: float64, float64 
[ 2022-12-14 00:01:59,811 ] 88 root - INFO - Hypothesis cs_004: float64, float64 
[ 2022-12-14 00:01:59,823 ] 88 root - INFO - Hypothesis cs_005: float64, float64 
[ 2022-12-14 00:01:59,837 ] 88 root - INFO - Hypothesis cs_006: float64, float64 
[ 2022-12-14 00:01:59,849 ] 88 root - INFO - Hypothesis cs_007: float64, float64 
[ 2022-12-14 00:01:59,860 ] 88 root - INFO - Hypothesis cs_008: float64, float64 
[ 2022-12-14 00:01:59,906 ] 88 root - INFO - Hypothesis cs_009: float64, float64 
[ 2022-12-14 00:01:59,951 ] 88 root - INFO - Hypothesis dd_000: float64, float64 
[ 2022-12-14 00:01:59,961 ] 88 root - INFO - Hypothesis de_000: float64, float64 
[ 2022-12-14 00:01:59,970 ] 88 root - INFO - Hypothesis df_000: float64, float64 
[ 2022-12-14 00:02:00,014 ] 88 root - INFO - Hypothesis dg_000: float64, float64 
[ 2022-12-14 00:02:00,057 ] 88 root - INFO - Hypothesis dh_000: float64, float64 
[ 2022-12-14 00:02:00,103 ] 88 root - INFO - Hypothesis di_000: float64, float64 
[ 2022-12-14 00:02:00,149 ] 88 root - INFO - Hypothesis dj_000: float64, float64 
[ 2022-12-14 00:02:00,191 ] 88 root - INFO - Hypothesis dk_000: float64, float64 
[ 2022-12-14 00:02:00,234 ] 88 root - INFO - Hypothesis dl_000: float64, float64 
[ 2022-12-14 00:02:00,278 ] 88 root - INFO - Hypothesis dm_000: float64, float64 
[ 2022-12-14 00:02:00,322 ] 88 root - INFO - Hypothesis dn_000: float64, float64 
[ 2022-12-14 00:02:00,333 ] 88 root - INFO - Hypothesis do_000: float64, float64 
[ 2022-12-14 00:02:00,343 ] 88 root - INFO - Hypothesis dp_000: float64, float64 
[ 2022-12-14 00:02:00,354 ] 88 root - INFO - Hypothesis dq_000: float64, float64 
[ 2022-12-14 00:02:00,402 ] 88 root - INFO - Hypothesis dr_000: float64, float64 
[ 2022-12-14 00:02:00,450 ] 88 root - INFO - Hypothesis ds_000: float64, float64 
[ 2022-12-14 00:02:00,461 ] 88 root - INFO - Hypothesis dt_000: float64, float64 
[ 2022-12-14 00:02:00,472 ] 88 root - INFO - Hypothesis du_000: float64, float64 
[ 2022-12-14 00:02:00,483 ] 88 root - INFO - Hypothesis dv_000: float64, float64 
[ 2022-12-14 00:02:00,494 ] 88 root - INFO - Hypothesis dx_000: float64, float64 
[ 2022-12-14 00:02:00,539 ] 88 root - INFO - Hypothesis dy_000: float64, float64 
[ 2022-12-14 00:02:00,585 ] 88 root - INFO - Hypothesis dz_000: float64, float64 
[ 2022-12-14 00:02:00,628 ] 88 root - INFO - Hypothesis ea_000: float64, float64 
[ 2022-12-14 00:02:00,670 ] 88 root - INFO - Hypothesis eb_000: float64, float64 
[ 2022-12-14 00:02:00,718 ] 88 root - INFO - Hypothesis ec_00: float64, float64 
[ 2022-12-14 00:02:00,729 ] 88 root - INFO - Hypothesis ed_000: float64, float64 
[ 2022-12-14 00:02:00,739 ] 88 root - INFO - Hypothesis ee_000: float64, float64 
[ 2022-12-14 00:02:00,750 ] 88 root - INFO - Hypothesis ee_001: float64, float64 
[ 2022-12-14 00:02:00,762 ] 88 root - INFO - Hypothesis ee_002: float64, float64 
[ 2022-12-14 00:02:00,774 ] 88 root - INFO - Hypothesis ee_003: float64, float64 
[ 2022-12-14 00:02:00,786 ] 88 root - INFO - Hypothesis ee_004: float64, float64 
[ 2022-12-14 00:02:00,797 ] 88 root - INFO - Hypothesis ee_005: float64, float64 
[ 2022-12-14 00:02:00,809 ] 88 root - INFO - Hypothesis ee_006: float64, float64 
[ 2022-12-14 00:02:00,820 ] 88 root - INFO - Hypothesis ee_007: float64, float64 
[ 2022-12-14 00:02:00,831 ] 88 root - INFO - Hypothesis ee_008: float64, float64 
[ 2022-12-14 00:02:00,842 ] 88 root - INFO - Hypothesis ee_009: float64, float64 
[ 2022-12-14 00:02:00,850 ] 88 root - INFO - Hypothesis ef_000: float64, float64 
[ 2022-12-14 00:02:00,895 ] 88 root - INFO - Hypothesis eg_000: float64, float64 
[ 2022-12-14 00:02:00,938 ] 143 root - INFO - As all column are available in test df hence detecting data drift
[ 2022-12-14 00:02:00,939 ] 88 root - INFO - Hypothesis class: object, object 
[ 2022-12-14 00:02:01,018 ] 88 root - INFO - Hypothesis aa_000: float64, float64 
[ 2022-12-14 00:02:01,026 ] 88 root - INFO - Hypothesis ac_000: float64, float64 
[ 2022-12-14 00:02:01,032 ] 88 root - INFO - Hypothesis ae_000: float64, float64 
[ 2022-12-14 00:02:01,051 ] 88 root - INFO - Hypothesis af_000: float64, float64 
[ 2022-12-14 00:02:01,070 ] 88 root - INFO - Hypothesis ag_000: float64, float64 
[ 2022-12-14 00:02:01,088 ] 88 root - INFO - Hypothesis ag_001: float64, float64 
[ 2022-12-14 00:02:01,108 ] 88 root - INFO - Hypothesis ag_002: float64, float64 
[ 2022-12-14 00:02:01,113 ] 88 root - INFO - Hypothesis ag_003: float64, float64 
[ 2022-12-14 00:02:01,132 ] 88 root - INFO - Hypothesis ag_004: float64, float64 
[ 2022-12-14 00:02:01,140 ] 88 root - INFO - Hypothesis ag_005: float64, float64 
[ 2022-12-14 00:02:01,148 ] 88 root - INFO - Hypothesis ag_006: float64, float64 
[ 2022-12-14 00:02:01,157 ] 88 root - INFO - Hypothesis ag_007: float64, float64 
[ 2022-12-14 00:02:01,164 ] 88 root - INFO - Hypothesis ag_008: float64, float64 
[ 2022-12-14 00:02:01,171 ] 88 root - INFO - Hypothesis ag_009: float64, float64 
[ 2022-12-14 00:02:01,177 ] 88 root - INFO - Hypothesis ah_000: float64, float64 
[ 2022-12-14 00:02:01,186 ] 88 root - INFO - Hypothesis ai_000: float64, float64 
[ 2022-12-14 00:02:01,206 ] 88 root - INFO - Hypothesis aj_000: float64, float64 
[ 2022-12-14 00:02:01,211 ] 88 root - INFO - Hypothesis ak_000: float64, float64 
[ 2022-12-14 00:02:01,229 ] 88 root - INFO - Hypothesis al_000: float64, float64 
[ 2022-12-14 00:02:01,235 ] 88 root - INFO - Hypothesis am_0: float64, float64 
[ 2022-12-14 00:02:01,241 ] 88 root - INFO - Hypothesis an_000: float64, float64 
[ 2022-12-14 00:02:01,249 ] 88 root - INFO - Hypothesis ao_000: float64, float64 
[ 2022-12-14 00:02:01,257 ] 88 root - INFO - Hypothesis ap_000: float64, float64 
[ 2022-12-14 00:02:01,265 ] 88 root - INFO - Hypothesis aq_000: float64, float64 
[ 2022-12-14 00:02:01,274 ] 88 root - INFO - Hypothesis ar_000: float64, float64 
[ 2022-12-14 00:02:01,293 ] 88 root - INFO - Hypothesis as_000: float64, float64 
[ 2022-12-14 00:02:01,313 ] 88 root - INFO - Hypothesis at_000: float64, float64 
[ 2022-12-14 00:02:01,318 ] 88 root - INFO - Hypothesis au_000: float64, float64 
[ 2022-12-14 00:02:01,337 ] 88 root - INFO - Hypothesis av_000: float64, float64 
[ 2022-12-14 00:02:01,344 ] 88 root - INFO - Hypothesis ax_000: float64, float64 
[ 2022-12-14 00:02:01,350 ] 88 root - INFO - Hypothesis ay_000: float64, float64 
[ 2022-12-14 00:02:01,354 ] 88 root - INFO - Hypothesis ay_001: float64, float64 
[ 2022-12-14 00:02:01,358 ] 88 root - INFO - Hypothesis ay_002: float64, float64 
[ 2022-12-14 00:02:01,362 ] 88 root - INFO - Hypothesis ay_003: float64, float64 
[ 2022-12-14 00:02:01,366 ] 88 root - INFO - Hypothesis ay_004: float64, float64 
[ 2022-12-14 00:02:01,385 ] 88 root - INFO - Hypothesis ay_005: float64, float64 
[ 2022-12-14 00:02:01,392 ] 88 root - INFO - Hypothesis ay_006: float64, float64 
[ 2022-12-14 00:02:01,399 ] 88 root - INFO - Hypothesis ay_007: float64, float64 
[ 2022-12-14 00:02:01,407 ] 88 root - INFO - Hypothesis ay_008: float64, float64 
[ 2022-12-14 00:02:01,414 ] 88 root - INFO - Hypothesis ay_009: float64, float64 
[ 2022-12-14 00:02:01,433 ] 88 root - INFO - Hypothesis az_000: float64, float64 
[ 2022-12-14 00:02:01,441 ] 88 root - INFO - Hypothesis az_001: float64, float64 
[ 2022-12-14 00:02:01,448 ] 88 root - INFO - Hypothesis az_002: float64, float64 
[ 2022-12-14 00:02:01,455 ] 88 root - INFO - Hypothesis az_003: float64, float64 
[ 2022-12-14 00:02:01,463 ] 88 root - INFO - Hypothesis az_004: float64, float64 
[ 2022-12-14 00:02:01,470 ] 88 root - INFO - Hypothesis az_005: float64, float64 
[ 2022-12-14 00:02:01,478 ] 88 root - INFO - Hypothesis az_006: float64, float64 
[ 2022-12-14 00:02:01,485 ] 88 root - INFO - Hypothesis az_007: float64, float64 
[ 2022-12-14 00:02:01,505 ] 88 root - INFO - Hypothesis az_008: float64, float64 
[ 2022-12-14 00:02:01,524 ] 88 root - INFO - Hypothesis az_009: float64, float64 
[ 2022-12-14 00:02:01,542 ] 88 root - INFO - Hypothesis ba_000: float64, float64 
[ 2022-12-14 00:02:01,550 ] 88 root - INFO - Hypothesis ba_001: float64, float64 
[ 2022-12-14 00:02:01,558 ] 88 root - INFO - Hypothesis ba_002: float64, float64 
[ 2022-12-14 00:02:01,566 ] 88 root - INFO - Hypothesis ba_003: float64, float64 
[ 2022-12-14 00:02:01,574 ] 88 root - INFO - Hypothesis ba_004: float64, float64 
[ 2022-12-14 00:02:01,581 ] 88 root - INFO - Hypothesis ba_005: float64, float64 
[ 2022-12-14 00:02:01,589 ] 88 root - INFO - Hypothesis ba_006: float64, float64 
[ 2022-12-14 00:02:01,596 ] 88 root - INFO - Hypothesis ba_007: float64, float64 
[ 2022-12-14 00:02:01,604 ] 88 root - INFO - Hypothesis ba_008: float64, float64 
[ 2022-12-14 00:02:01,610 ] 88 root - INFO - Hypothesis ba_009: float64, float64 
[ 2022-12-14 00:02:01,615 ] 88 root - INFO - Hypothesis bb_000: float64, float64 
[ 2022-12-14 00:02:01,624 ] 88 root - INFO - Hypothesis bc_000: float64, float64 
[ 2022-12-14 00:02:01,630 ] 88 root - INFO - Hypothesis bd_000: float64, float64 
[ 2022-12-14 00:02:01,637 ] 88 root - INFO - Hypothesis be_000: float64, float64 
[ 2022-12-14 00:02:01,644 ] 88 root - INFO - Hypothesis bf_000: float64, float64 
[ 2022-12-14 00:02:01,649 ] 88 root - INFO - Hypothesis bg_000: float64, float64 
[ 2022-12-14 00:02:01,657 ] 88 root - INFO - Hypothesis bh_000: float64, float64 
[ 2022-12-14 00:02:01,665 ] 88 root - INFO - Hypothesis bi_000: float64, float64 
[ 2022-12-14 00:02:01,673 ] 88 root - INFO - Hypothesis bj_000: float64, float64 
[ 2022-12-14 00:02:01,682 ] 88 root - INFO - Hypothesis bs_000: float64, float64 
[ 2022-12-14 00:02:01,690 ] 88 root - INFO - Hypothesis bt_000: float64, float64 
[ 2022-12-14 00:02:01,698 ] 88 root - INFO - Hypothesis bu_000: float64, float64 
[ 2022-12-14 00:02:01,706 ] 88 root - INFO - Hypothesis bv_000: float64, float64 
[ 2022-12-14 00:02:01,713 ] 88 root - INFO - Hypothesis bx_000: float64, float64 
[ 2022-12-14 00:02:01,721 ] 88 root - INFO - Hypothesis by_000: float64, float64 
[ 2022-12-14 00:02:01,729 ] 88 root - INFO - Hypothesis bz_000: float64, float64 
[ 2022-12-14 00:02:01,736 ] 88 root - INFO - Hypothesis ca_000: float64, float64 
[ 2022-12-14 00:02:01,744 ] 88 root - INFO - Hypothesis cb_000: float64, float64 
[ 2022-12-14 00:02:01,752 ] 88 root - INFO - Hypothesis cc_000: float64, float64 
[ 2022-12-14 00:02:01,759 ] 88 root - INFO - Hypothesis cd_000: float64, float64 
[ 2022-12-14 00:02:01,778 ] 88 root - INFO - Hypothesis ce_000: float64, float64 
[ 2022-12-14 00:02:01,786 ] 88 root - INFO - Hypothesis ci_000: float64, float64 
[ 2022-12-14 00:02:01,794 ] 88 root - INFO - Hypothesis cj_000: float64, float64 
[ 2022-12-14 00:02:01,799 ] 88 root - INFO - Hypothesis ck_000: float64, float64 
[ 2022-12-14 00:02:01,807 ] 88 root - INFO - Hypothesis cl_000: float64, float64 
[ 2022-12-14 00:02:01,812 ] 88 root - INFO - Hypothesis cm_000: float64, float64 
[ 2022-12-14 00:02:01,818 ] 88 root - INFO - Hypothesis cn_000: float64, float64 
[ 2022-12-14 00:02:01,837 ] 88 root - INFO - Hypothesis cn_001: float64, float64 
[ 2022-12-14 00:02:01,842 ] 88 root - INFO - Hypothesis cn_002: float64, float64 
[ 2022-12-14 00:02:01,849 ] 88 root - INFO - Hypothesis cn_003: float64, float64 
[ 2022-12-14 00:02:01,857 ] 88 root - INFO - Hypothesis cn_004: float64, float64 
[ 2022-12-14 00:02:01,865 ] 88 root - INFO - Hypothesis cn_005: float64, float64 
[ 2022-12-14 00:02:01,873 ] 88 root - INFO - Hypothesis cn_006: float64, float64 
[ 2022-12-14 00:02:01,881 ] 88 root - INFO - Hypothesis cn_007: float64, float64 
[ 2022-12-14 00:02:01,888 ] 88 root - INFO - Hypothesis cn_008: float64, float64 
[ 2022-12-14 00:02:01,896 ] 88 root - INFO - Hypothesis cn_009: float64, float64 
[ 2022-12-14 00:02:01,902 ] 88 root - INFO - Hypothesis cp_000: float64, float64 
[ 2022-12-14 00:02:01,908 ] 88 root - INFO - Hypothesis cq_000: float64, float64 
[ 2022-12-14 00:02:01,916 ] 88 root - INFO - Hypothesis cs_000: float64, float64 
[ 2022-12-14 00:02:01,925 ] 88 root - INFO - Hypothesis cs_001: float64, float64 
[ 2022-12-14 00:02:01,931 ] 88 root - INFO - Hypothesis cs_002: float64, float64 
[ 2022-12-14 00:02:01,939 ] 88 root - INFO - Hypothesis cs_003: float64, float64 
[ 2022-12-14 00:02:01,947 ] 88 root - INFO - Hypothesis cs_004: float64, float64 
[ 2022-12-14 00:02:01,956 ] 88 root - INFO - Hypothesis cs_005: float64, float64 
[ 2022-12-14 00:02:01,965 ] 88 root - INFO - Hypothesis cs_006: float64, float64 
[ 2022-12-14 00:02:01,974 ] 88 root - INFO - Hypothesis cs_007: float64, float64 
[ 2022-12-14 00:02:01,982 ] 88 root - INFO - Hypothesis cs_008: float64, float64 
[ 2022-12-14 00:02:01,988 ] 88 root - INFO - Hypothesis cs_009: float64, float64 
[ 2022-12-14 00:02:02,009 ] 88 root - INFO - Hypothesis dd_000: float64, float64 
[ 2022-12-14 00:02:02,017 ] 88 root - INFO - Hypothesis de_000: float64, float64 
[ 2022-12-14 00:02:02,024 ] 88 root - INFO - Hypothesis df_000: float64, float64 
[ 2022-12-14 00:02:02,044 ] 88 root - INFO - Hypothesis dg_000: float64, float64 
[ 2022-12-14 00:02:02,062 ] 88 root - INFO - Hypothesis dh_000: float64, float64 
[ 2022-12-14 00:02:02,067 ] 88 root - INFO - Hypothesis di_000: float64, float64 
[ 2022-12-14 00:02:02,072 ] 88 root - INFO - Hypothesis dj_000: float64, float64 
[ 2022-12-14 00:02:02,090 ] 88 root - INFO - Hypothesis dk_000: float64, float64 
[ 2022-12-14 00:02:02,108 ] 88 root - INFO - Hypothesis dl_000: float64, float64 
[ 2022-12-14 00:02:02,127 ] 88 root - INFO - Hypothesis dm_000: float64, float64 
[ 2022-12-14 00:02:02,145 ] 88 root - INFO - Hypothesis dn_000: float64, float64 
[ 2022-12-14 00:02:02,153 ] 88 root - INFO - Hypothesis do_000: float64, float64 
[ 2022-12-14 00:02:02,161 ] 88 root - INFO - Hypothesis dp_000: float64, float64 
[ 2022-12-14 00:02:02,169 ] 88 root - INFO - Hypothesis dq_000: float64, float64 
[ 2022-12-14 00:02:02,174 ] 88 root - INFO - Hypothesis dr_000: float64, float64 
[ 2022-12-14 00:02:02,193 ] 88 root - INFO - Hypothesis ds_000: float64, float64 
[ 2022-12-14 00:02:02,201 ] 88 root - INFO - Hypothesis dt_000: float64, float64 
[ 2022-12-14 00:02:02,209 ] 88 root - INFO - Hypothesis du_000: float64, float64 
[ 2022-12-14 00:02:02,217 ] 88 root - INFO - Hypothesis dv_000: float64, float64 
[ 2022-12-14 00:02:02,225 ] 88 root - INFO - Hypothesis dx_000: float64, float64 
[ 2022-12-14 00:02:02,244 ] 88 root - INFO - Hypothesis dy_000: float64, float64 
[ 2022-12-14 00:02:02,250 ] 88 root - INFO - Hypothesis dz_000: float64, float64 
[ 2022-12-14 00:02:02,269 ] 88 root - INFO - Hypothesis ea_000: float64, float64 
[ 2022-12-14 00:02:02,287 ] 88 root - INFO - Hypothesis eb_000: float64, float64 
[ 2022-12-14 00:02:02,294 ] 88 root - INFO - Hypothesis ec_00: float64, float64 
[ 2022-12-14 00:02:02,302 ] 88 root - INFO - Hypothesis ed_000: float64, float64 
[ 2022-12-14 00:02:02,309 ] 88 root - INFO - Hypothesis ee_000: float64, float64 
[ 2022-12-14 00:02:02,317 ] 88 root - INFO - Hypothesis ee_001: float64, float64 
[ 2022-12-14 00:02:02,325 ] 88 root - INFO - Hypothesis ee_002: float64, float64 
[ 2022-12-14 00:02:02,332 ] 88 root - INFO - Hypothesis ee_003: float64, float64 
[ 2022-12-14 00:02:02,340 ] 88 root - INFO - Hypothesis ee_004: float64, float64 
[ 2022-12-14 00:02:02,348 ] 88 root - INFO - Hypothesis ee_005: float64, float64 
[ 2022-12-14 00:02:02,356 ] 88 root - INFO - Hypothesis ee_006: float64, float64 
[ 2022-12-14 00:02:02,363 ] 88 root - INFO - Hypothesis ee_007: float64, float64 
[ 2022-12-14 00:02:02,371 ] 88 root - INFO - Hypothesis ee_008: float64, float64 
[ 2022-12-14 00:02:02,377 ] 88 root - INFO - Hypothesis ee_009: float64, float64 
[ 2022-12-14 00:02:02,383 ] 88 root - INFO - Hypothesis ef_000: float64, float64 
[ 2022-12-14 00:02:02,401 ] 88 root - INFO - Hypothesis eg_000: float64, float64 
[ 2022-12-14 00:02:02,419 ] 147 root - INFO - Write reprt in yaml file
[ 2022-12-14 00:02:02,688 ] 152 root - INFO - Data validation artifact: DataValidationArtifact(report_file_path='/config/workspace/artifact/12142022__000133/data_validation/report.yaml')
[ 2022-12-14 00:02:02,693 ] 24 root - INFO - >>>>>>>>>>>>>>>>>>>>>>>>>>>>>>>>>>>>>>>> Data Transformation <<<<<<<<<<<<<<<<<<<<<<<<<<<<<<<<<<<<<<<<
[ 2022-12-14 00:02:03,776 ] 75 root - INFO - Before resampling in training set Input: (28950, 170) Target:(28950,)
[ 2022-12-14 00:02:09,417 ] 77 root - INFO - After resampling in training set Input: (56152, 170) Target:(56152,)
[ 2022-12-14 00:02:09,417 ] 79 root - INFO - Before resampling in testing set Input: (7238, 170) Target:(7238,)
[ 2022-12-14 00:02:10,025 ] 81 root - INFO - After resampling in testing set Input: (14054, 170) Target:(14054,)
[ 2022-12-14 00:02:10,136 ] 54 root - INFO - Entered the save_object method of utils
[ 2022-12-14 00:02:10,147 ] 58 root - INFO - Exited the save_object method of utils
[ 2022-12-14 00:02:10,147 ] 54 root - INFO - Entered the save_object method of utils
[ 2022-12-14 00:02:10,149 ] 58 root - INFO - Exited the save_object method of utils
[ 2022-12-14 00:02:10,149 ] 112 root - INFO - Data transformation object DataTransformationArtifact(transform_object_path='/config/workspace/artifact/12142022__000133/data_transformation/transformer/transformer.pkl', transformed_train_path='/config/workspace/artifact/12142022__000133/data_transformation/transformed/train.npz', transformed_test_path='/config/workspace/artifact/12142022__000133/data_transformation/transformed/test.npz', target_encoder_path='/config/workspace/artifact/12142022__000133/data_transformation/target_encoder/target_encoder.pkl')
[ 2022-12-14 00:02:10,151 ] 18 root - INFO - >>>>>>>>>>>>>>>>>>>>>>>>>>>>>>>>>>>>>>>> Model Trainer <<<<<<<<<<<<<<<<<<<<<<<<<<<<<<<<<<<<<<<<
[ 2022-12-14 00:02:10,151 ] 45 root - INFO - Loading train and test array.
[ 2022-12-14 00:02:10,199 ] 49 root - INFO - Splitting input and target feature from both train and test arr.
[ 2022-12-14 00:02:10,200 ] 53 root - INFO - Train the model
[ 2022-12-14 00:02:20,362 ] 56 root - INFO - Calculating f1 train score
[ 2022-12-14 00:02:20,418 ] 60 root - INFO - Calculating f1 test score
[ 2022-12-14 00:02:20,439 ] 64 root - INFO - train score:0.9999821908781678 and tests score 0.9766432858485791
[ 2022-12-14 00:02:20,439 ] 66 root - INFO - Checking if our model is underfitting or not
[ 2022-12-14 00:02:20,439 ] 71 root - INFO - Checking if our model is overfiiting or not
[ 2022-12-14 00:02:20,439 ] 78 root - INFO - Saving mode object
[ 2022-12-14 00:02:20,440 ] 54 root - INFO - Entered the save_object method of utils
[ 2022-12-14 00:02:20,447 ] 58 root - INFO - Exited the save_object method of utils
[ 2022-12-14 00:02:20,447 ] 82 root - INFO - Prepare the artifact
[ 2022-12-14 00:02:20,448 ] 85 root - INFO - Model trainer artifact: ModelTrainerArtifact(model_path='/config/workspace/artifact/12142022__000133/model_trainer/model/model.pkl', f1_train_score=0.9999821908781678, f1_test_score=0.9766432858485791)
[ 2022-12-14 00:02:20,449 ] 19 root - INFO - >>>>>>>>>>>>>>>>>>>>>>>>>>>>>>>>>>>>>>>>  Model Evaluation <<<<<<<<<<<<<<<<<<<<<<<<<<<<<<<<<<<<<<<<
[ 2022-12-14 00:02:20,450 ] 47 root - INFO - Previous trained objects of transformer, model and target encoder
